#
# A fatal error has been detected by the Java Runtime Environment:
#
#  EXCEPTION_ACCESS_VIOLATION (0xc0000005) at pc=0x0000000000000000, pid=60, tid=7084
#
# JRE version: OpenJDK Runtime Environment (18.0.2.1+1) (build 18.0.2.1+1-1)
# Java VM: OpenJDK 64-Bit Server VM (18.0.2.1+1-1, mixed mode, sharing, tiered, compressed oops, compressed class ptrs, g1 gc, windows-amd64)
# Problematic frame:
# C  0x0000000000000000
#
# No core dump will be written. Minidumps are not enabled by default on client versions of Windows
#
# If you would like to submit a bug report, please visit:
#   https://bugreport.java.com/bugreport/crash.jsp
# The crash happened outside the Java Virtual Machine in native code.
# See problematic frame for where to report the bug.
#

---------------  S U M M A R Y ------------

Command Line: -javaagent:W:\IntelliJ IDEA Community Edition 2023.1.1\lib\idea_rt.jar=55238:W:\IntelliJ IDEA Community Edition 2023.1.1\bin -Dfile.encoding=UTF-8 -Dsun.stdout.encoding=UTF-8 -Dsun.stderr.encoding=UTF-8 org.pixelgame.Game

Host: Intel(R) Core(TM) i5-7600 CPU @ 3.50GHz, 4 cores, 15G,  Windows 10 , 64 bit Build 19041 (10.0.19041.2913)
Time: Sun May 14 19:44:57 2023 RTZ 2 (s 10 , 64 bit Build 19041 (10.0.19041.2913) elapsed time: 27.943264 seconds (0d 0h 0m 27s)

---------------  T H R E A D  ---------------

Current thread (0x00000201602bef40):  JavaThread "AWT-Windows" daemon [_thread_in_native, id=7084, stack(0x00000053b7400000,0x00000053b7500000)]

Stack: [0x00000053b7400000,0x00000053b7500000],  sp=0x00000053b74fec88,  free space=1019k
Native frames: (J=compiled Java code, j=interpreted, Vv=VM code, C=native code)

Java frames: (J=compiled Java code, j=interpreted, Vv=VM code)
j  sun.awt.windows.WToolkit.eventLoop()V+0 java.desktop@18.0.2.1
j  sun.awt.windows.WToolkit.run()V+50 java.desktop@18.0.2.1
j  java.lang.Thread.run()V+11 java.base@18.0.2.1
v  ~StubRoutines::call_stub

siginfo: EXCEPTION_ACCESS_VIOLATION (0xc0000005), data execution prevention violation at address 0x0000000000000000


Register to memory mapping:

RIP=0x0 is NULL
RAX=0x0 is NULL
RBX=0x00000201654ba930 points into unknown readable memory: 0x00000201655a51e0 | e0 51 5a 65 01 02 00 00
RCX=0x0 is NULL
RDX=0x00000201655a51e0 points into unknown readable memory: 0x0000000873655243 | 43 52 65 73 08 00 00 00
RSP=0x00000053b74fec88 is pointing into the stack for thread: 0x00000201602bef40
RBP=0x00007ffbe1f9a7e0 awt.dll
RSI=0x0 is NULL
RDI=0x000002016486a390 points into unknown readable memory: 0x000002016df510d0 | d0 10 f5 6d 01 02 00 00
R8 =0x00000201654ba930 points into unknown readable memory: 0x00000201655a51e0 | e0 51 5a 65 01 02 00 00
R9 =0x0000000000000001 is an unknown value
R10=0x0000000000008000 is an unknown value
R11=0x00000053b74fee50 is pointing into the stack for thread: 0x00000201602bef40
R12=0x0 is NULL
R13={method} {0x00000201605c3240} 'eventLoop' '()V' in 'sun/awt/windows/WToolkit'
R14=0x00000053b74ff138 is pointing into the stack for thread: 0x00000201602bef40
R15=0x00000201602bef40 is a thread


Registers:
RAX=0x0000000000000000, RBX=0x00000201654ba930, RCX=0x0000000000000000, RDX=0x00000201655a51e0
RSP=0x00000053b74fec88, RBP=0x00007ffbe1f9a7e0, RSI=0x0000000000000000, RDI=0x000002016486a390
R8 =0x00000201654ba930, R9 =0x0000000000000001, R10=0x0000000000008000, R11=0x00000053b74fee50
R12=0x0000000000000000, R13=0x00000201605c3238, R14=0x00000053b74ff138, R15=0x00000201602bef40
RIP=0x0000000000000000, EFLAGS=0x0000000000010202

Top of Stack: (sp=0x00000053b74fec88)
0x00000053b74fec88:   00007ffbe7422b18 00000201607b3900
0x00000053b74fec98:   0000000000000000 0000591c51d7f33e
0x00000053b74feca8:   00007ffc0000000e 000002016486a390
0x00000053b74fecb8:   00007ffbe7422a47 00000201654ba930
0x00000053b74fecc8:   0000020165556f00 00000053b74fee48
0x00000053b74fecd8:   00007ffbcf3ab4cb 00000201655513a0
0x00000053b74fece8:   00007ffbe740041e 000002016564f7a0
0x00000053b74fecf8:   00000201602bef40 00000201655505f8
0x00000053b74fed08:   00000053b74fed50 000002016486a390
0x00000053b74fed18:   00000201654ba930 000002010000000e
0x00000053b74fed28:   00007ffc18375ba1 0000000000000000
0x00000053b74fed38:   00007ffbe740033b 00000201646ea6c0
0x00000053b74fed48:   00007ffbcf3a803f fffffffffffffffe
0x00000053b74fed58:   fffffffffffffffe 00000053b74ff138
0x00000053b74fed68:   00007ffbe74002a0 0000000000000001
0x00000053b74fed78:   0000000000000001 000002016564f7a0 

Instructions: (pc=0x0000000000000000)
0xffffffffffffff00:   


Stack slot to memory mapping:
stack at sp + 0 slots: 0x00007ffbe7422b18 d3d9.dll
stack at sp + 1 slots: 0x00000201607b3900 is pointing into metadata
stack at sp + 2 slots: 0x0 is NULL
stack at sp + 3 slots: 0x0000591c51d7f33e is an unknown value
stack at sp + 4 slots: 0x00007ffc0000000e is an unknown value
stack at sp + 5 slots: 0x000002016486a390 points into unknown readable memory: 0x000002016df510d0 | d0 10 f5 6d 01 02 00 00
stack at sp + 6 slots: 0x00007ffbe7422a47 d3d9.dll
stack at sp + 7 slots: 0x00000201654ba930 points into unknown readable memory: 0x00000201655a51e0 | e0 51 5a 65 01 02 00 00


---------------  P R O C E S S  ---------------

Threads class SMR info:
_java_thread_list=0x000002016e0f1930, length=19, elements={
0x000002016029bfb0, 0x00000201602a43e0, 0x00000201602bc3f0, 0x00000201602bba50,
0x00000201602bb580, 0x00000201602bcd90, 0x00000201602c0bf0, 0x000002016030e2f0,
0x00000201603401b0, 0x00000201602bd260, 0x00000201602be5a0, 0x00000201602bd730,
0x00000201602bea70, 0x00000201602bc8c0, 0x00000201602bef40, 0x000002016519f210,
0x0000020165199b70, 0x000002016519b850, 0x000002016519ded0
}

Java Threads: ( => current thread )
  0x000002016029bfb0 JavaThread "Reference Handler" daemon [_thread_blocked, id=16688, stack(0x00000053b6500000,0x00000053b6600000)]
  0x00000201602a43e0 JavaThread "Finalizer" daemon [_thread_blocked, id=18272, stack(0x00000053b6600000,0x00000053b6700000)]
  0x00000201602bc3f0 JavaThread "Signal Dispatcher" daemon [_thread_blocked, id=19472, stack(0x00000053b6700000,0x00000053b6800000)]
  0x00000201602bba50 JavaThread "Attach Listener" daemon [_thread_blocked, id=17924, stack(0x00000053b6800000,0x00000053b6900000)]
  0x00000201602bb580 JavaThread "Service Thread" daemon [_thread_blocked, id=19932, stack(0x00000053b6900000,0x00000053b6a00000)]
  0x00000201602bcd90 JavaThread "Monitor Deflation Thread" daemon [_thread_blocked, id=16348, stack(0x00000053b6a00000,0x00000053b6b00000)]
  0x00000201602c0bf0 JavaThread "C2 CompilerThread0" daemon [_thread_blocked, id=20052, stack(0x00000053b6b00000,0x00000053b6c00000)]
  0x000002016030e2f0 JavaThread "C1 CompilerThread0" daemon [_thread_blocked, id=13392, stack(0x00000053b6c00000,0x00000053b6d00000)]
  0x00000201603401b0 JavaThread "Sweeper thread" daemon [_thread_blocked, id=19596, stack(0x00000053b6d00000,0x00000053b6e00000)]
  0x00000201602bd260 JavaThread "Common-Cleaner" daemon [_thread_blocked, id=17972, stack(0x00000053b6e00000,0x00000053b6f00000)]
  0x00000201602be5a0 JavaThread "Monitor Ctrl-Break" daemon [_thread_in_native, id=20108, stack(0x00000053b6f00000,0x00000053b7000000)]
  0x00000201602bd730 JavaThread "Notification Thread" daemon [_thread_blocked, id=19128, stack(0x00000053b7000000,0x00000053b7100000)]
  0x00000201602bea70 JavaThread "Java2D Disposer" daemon [_thread_blocked, id=16340, stack(0x00000053b7200000,0x00000053b7300000)]
  0x00000201602bc8c0 JavaThread "AWT-Shutdown" [_thread_blocked, id=16864, stack(0x00000053b7300000,0x00000053b7400000)]
=>0x00000201602bef40 JavaThread "AWT-Windows" daemon [_thread_in_native, id=7084, stack(0x00000053b7400000,0x00000053b7500000)]
  0x000002016519f210 JavaThread "AWT-EventQueue-0" [_thread_blocked, id=15072, stack(0x00000053b7700000,0x00000053b7800000)]
  0x0000020165199b70 JavaThread "Rendering Thread" [_thread_in_native, id=17748, stack(0x00000053b7900000,0x00000053b7a00000)]
  0x000002016519b850 JavaThread "DestroyJavaVM" [_thread_blocked, id=17352, stack(0x00000053b5e00000,0x00000053b5f00000)]
  0x000002016519ded0 JavaThread "ToolkitShutdown" daemon [_thread_in_native, id=14820, stack(0x00000053b7f00000,0x00000053b8000000)]

Other Threads:
  0x0000020160299820 VMThread "VM Thread" [stack: 0x00000053b6400000,0x00000053b6500000] [id=4036]
  0x0000020164662830 WatcherThread "VM Periodic Task Thread" [stack: 0x00000053b7100000,0x00000053b7200000] [id=4168]
  0x000002013dde3b10 WorkerThread "GC Thread#0" [stack: 0x00000053b5f00000,0x00000053b6000000] [id=17112]
  0x000002016543e930 WorkerThread "GC Thread#1" [stack: 0x00000053b7a00000,0x00000053b7b00000] [id=20360]
  0x000002016543fb90 WorkerThread "GC Thread#2" [stack: 0x00000053b7b00000,0x00000053b7c00000] [id=17800]
  0x000002016543fe30 WorkerThread "GC Thread#3" [stack: 0x00000053b7c00000,0x00000053b7d00000] [id=10896]
  0x000002013ddf4910 ConcurrentGCThread "G1 Main Marker" [stack: 0x00000053b6000000,0x00000053b6100000] [id=17588]
  0x000002013ddf5aa0 WorkerThread "G1 Conc#0" [stack: 0x00000053b6100000,0x00000053b6200000] [id=8816]
  0x000002013de34200 ConcurrentGCThread "G1 Refine#0" [stack: 0x00000053b6200000,0x00000053b6300000] [id=19368]
  0x000002013de34b10 ConcurrentGCThread "G1 Service" [stack: 0x00000053b6300000,0x00000053b6400000] [id=12392]

Threads with active compile tasks:

VM state: not at safepoint (normal execution)

VM Mutex/Monitor currently owned by a thread: None

Heap address: 0x0000000701200000, size: 4078 MB, Compressed Oops mode: Zero based, Oop shift amount: 3

CDS archive(s) mapped at: [0x0000000800000000-0x0000000800ba0000-0x0000000800ba0000), size 12189696, SharedBaseAddress: 0x0000000800000000, ArchiveRelocationMode: 0.
Compressed class space mapped at: 0x0000000800c00000-0x0000000840c00000, reserved size: 1073741824
Narrow klass base: 0x0000000800000000, Narrow klass shift: 0, Narrow klass range: 0x100000000

GC Precious Log:
 CardTable entry size: 512
 Card Set container configuration: InlinePtr #cards 4 size 8 Array Of Cards #cards 16 size 48 Howl #buckets 8 coarsen threshold 3686 Howl Bitmap #cards 512 size 80 coarsen threshold 460 Card regions per heap region 1 cards per card region 4096
 CPUs: 4 total, 4 available
 Memory: 16307M
 Large Page Support: Disabled
 NUMA Support: Disabled
 Compressed Oops: Enabled (Zero based)
 Heap Region Size: 2M
 Heap Min Capacity: 8M
 Heap Initial Capacity: 256M
 Heap Max Capacity: 4078M
 Pre-touch: Disabled
 Parallel Workers: 4
 Concurrent Workers: 1
 Concurrent Refinement Workers: 4
 Periodic GC: Disabled

Heap:
 garbage-first heap   total 262144K, used 49943K [0x0000000701200000, 0x0000000800000000)
  region size 2048K, 17 young (34816K), 3 survivors (6144K)
 Metaspace       used 8371K, committed 8576K, reserved 1114112K
  class space    used 741K, committed 832K, reserved 1048576K

Heap Regions: E=young(eden), S=young(survivor), O=old, HS=humongous(starts), HC=humongous(continues), CS=collection set, F=free, OA=open archive, CA=closed archive, TAMS=top-at-mark-start (previous, next)
|   0|0x0000000701200000, 0x0000000701400000, 0x0000000701400000|100%| O|  |TAMS 0x0000000701200000, 0x0000000701200000| Untracked 
|   1|0x0000000701400000, 0x0000000701600000, 0x0000000701600000|100%| O|  |TAMS 0x0000000701400000, 0x0000000701400000| Untracked 
|   2|0x0000000701600000, 0x0000000701800000, 0x0000000701800000|100%| O|  |TAMS 0x0000000701600000, 0x0000000701600000| Untracked 
|   3|0x0000000701800000, 0x0000000701a00000, 0x0000000701a00000|100%| O|  |TAMS 0x0000000701800000, 0x0000000701800000| Untracked 
|   4|0x0000000701a00000, 0x0000000701c00000, 0x0000000701c00000|100%| O|  |TAMS 0x0000000701a00000, 0x0000000701a00000| Untracked 
|   5|0x0000000701c00000, 0x0000000701e00000, 0x0000000701e00000|100%| O|  |TAMS 0x0000000701c00000, 0x0000000701c00000| Untracked 
|   6|0x0000000701e00000, 0x0000000702000000, 0x0000000702000000|100%| O|  |TAMS 0x0000000701e00000, 0x0000000701e00000| Untracked 
|   7|0x0000000702000000, 0x0000000702200000, 0x0000000702200000|100%| O|  |TAMS 0x0000000702000000, 0x0000000702000000| Untracked 
|   8|0x0000000702200000, 0x00000007022c5c00, 0x0000000702400000| 38%| O|  |TAMS 0x0000000702200000, 0x0000000702200000| Untracked 
|   9|0x0000000702400000, 0x0000000702400000, 0x0000000702600000|  0%| F|  |TAMS 0x0000000702400000, 0x0000000702400000| Untracked 
|  10|0x0000000702600000, 0x0000000702600000, 0x0000000702800000|  0%| F|  |TAMS 0x0000000702600000, 0x0000000702600000| Untracked 
|  11|0x0000000702800000, 0x0000000702800000, 0x0000000702a00000|  0%| F|  |TAMS 0x0000000702800000, 0x0000000702800000| Untracked 
|  12|0x0000000702a00000, 0x0000000702a00000, 0x0000000702c00000|  0%| F|  |TAMS 0x0000000702a00000, 0x0000000702a00000| Untracked 
|  13|0x0000000702c00000, 0x0000000702c00000, 0x0000000702e00000|  0%| F|  |TAMS 0x0000000702c00000, 0x0000000702c00000| Untracked 
|  14|0x0000000702e00000, 0x0000000702e00000, 0x0000000703000000|  0%| F|  |TAMS 0x0000000702e00000, 0x0000000702e00000| Untracked 
|  15|0x0000000703000000, 0x0000000703000000, 0x0000000703200000|  0%| F|  |TAMS 0x0000000703000000, 0x0000000703000000| Untracked 
|  16|0x0000000703200000, 0x0000000703200000, 0x0000000703400000|  0%| F|  |TAMS 0x0000000703200000, 0x0000000703200000| Untracked 
|  17|0x0000000703400000, 0x0000000703400000, 0x0000000703600000|  0%| F|  |TAMS 0x0000000703400000, 0x0000000703400000| Untracked 
|  18|0x0000000703600000, 0x0000000703600000, 0x0000000703800000|  0%| F|  |TAMS 0x0000000703600000, 0x0000000703600000| Untracked 
|  19|0x0000000703800000, 0x0000000703800000, 0x0000000703a00000|  0%| F|  |TAMS 0x0000000703800000, 0x0000000703800000| Untracked 
|  20|0x0000000703a00000, 0x0000000703a00000, 0x0000000703c00000|  0%| F|  |TAMS 0x0000000703a00000, 0x0000000703a00000| Untracked 
|  21|0x0000000703c00000, 0x0000000703c00000, 0x0000000703e00000|  0%| F|  |TAMS 0x0000000703c00000, 0x0000000703c00000| Untracked 
|  22|0x0000000703e00000, 0x0000000703e00000, 0x0000000704000000|  0%| F|  |TAMS 0x0000000703e00000, 0x0000000703e00000| Untracked 
|  23|0x0000000704000000, 0x0000000704000000, 0x0000000704200000|  0%| F|  |TAMS 0x0000000704000000, 0x0000000704000000| Untracked 
|  24|0x0000000704200000, 0x0000000704200000, 0x0000000704400000|  0%| F|  |TAMS 0x0000000704200000, 0x0000000704200000| Untracked 
|  25|0x0000000704400000, 0x0000000704400000, 0x0000000704600000|  0%| F|  |TAMS 0x0000000704400000, 0x0000000704400000| Untracked 
|  26|0x0000000704600000, 0x0000000704600000, 0x0000000704800000|  0%| F|  |TAMS 0x0000000704600000, 0x0000000704600000| Untracked 
|  27|0x0000000704800000, 0x0000000704800000, 0x0000000704a00000|  0%| F|  |TAMS 0x0000000704800000, 0x0000000704800000| Untracked 
|  28|0x0000000704a00000, 0x0000000704a00000, 0x0000000704c00000|  0%| F|  |TAMS 0x0000000704a00000, 0x0000000704a00000| Untracked 
|  29|0x0000000704c00000, 0x0000000704c00000, 0x0000000704e00000|  0%| F|  |TAMS 0x0000000704c00000, 0x0000000704c00000| Untracked 
|  30|0x0000000704e00000, 0x0000000704e00000, 0x0000000705000000|  0%| F|  |TAMS 0x0000000704e00000, 0x0000000704e00000| Untracked 
|  31|0x0000000705000000, 0x0000000705000000, 0x0000000705200000|  0%| F|  |TAMS 0x0000000705000000, 0x0000000705000000| Untracked 
|  32|0x0000000705200000, 0x0000000705200000, 0x0000000705400000|  0%| F|  |TAMS 0x0000000705200000, 0x0000000705200000| Untracked 
|  33|0x0000000705400000, 0x0000000705400000, 0x0000000705600000|  0%| F|  |TAMS 0x0000000705400000, 0x0000000705400000| Untracked 
|  34|0x0000000705600000, 0x0000000705600000, 0x0000000705800000|  0%| F|  |TAMS 0x0000000705600000, 0x0000000705600000| Untracked 
|  35|0x0000000705800000, 0x0000000705800000, 0x0000000705a00000|  0%| F|  |TAMS 0x0000000705800000, 0x0000000705800000| Untracked 
|  36|0x0000000705a00000, 0x0000000705a00000, 0x0000000705c00000|  0%| F|  |TAMS 0x0000000705a00000, 0x0000000705a00000| Untracked 
|  37|0x0000000705c00000, 0x0000000705c00000, 0x0000000705e00000|  0%| F|  |TAMS 0x0000000705c00000, 0x0000000705c00000| Untracked 
|  38|0x0000000705e00000, 0x0000000705e00000, 0x0000000706000000|  0%| F|  |TAMS 0x0000000705e00000, 0x0000000705e00000| Untracked 
|  39|0x0000000706000000, 0x0000000706000000, 0x0000000706200000|  0%| F|  |TAMS 0x0000000706000000, 0x0000000706000000| Untracked 
|  40|0x0000000706200000, 0x0000000706200000, 0x0000000706400000|  0%| F|  |TAMS 0x0000000706200000, 0x0000000706200000| Untracked 
|  41|0x0000000706400000, 0x0000000706400000, 0x0000000706600000|  0%| F|  |TAMS 0x0000000706400000, 0x0000000706400000| Untracked 
|  42|0x0000000706600000, 0x0000000706600000, 0x0000000706800000|  0%| F|  |TAMS 0x0000000706600000, 0x0000000706600000| Untracked 
|  43|0x0000000706800000, 0x0000000706800000, 0x0000000706a00000|  0%| F|  |TAMS 0x0000000706800000, 0x0000000706800000| Untracked 
|  44|0x0000000706a00000, 0x0000000706a00000, 0x0000000706c00000|  0%| F|  |TAMS 0x0000000706a00000, 0x0000000706a00000| Untracked 
|  45|0x0000000706c00000, 0x0000000706c00000, 0x0000000706e00000|  0%| F|  |TAMS 0x0000000706c00000, 0x0000000706c00000| Untracked 
|  46|0x0000000706e00000, 0x0000000706e00000, 0x0000000707000000|  0%| F|  |TAMS 0x0000000706e00000, 0x0000000706e00000| Untracked 
|  47|0x0000000707000000, 0x0000000707000000, 0x0000000707200000|  0%| F|  |TAMS 0x0000000707000000, 0x0000000707000000| Untracked 
|  48|0x0000000707200000, 0x0000000707200000, 0x0000000707400000|  0%| F|  |TAMS 0x0000000707200000, 0x0000000707200000| Untracked 
|  49|0x0000000707400000, 0x0000000707400000, 0x0000000707600000|  0%| F|  |TAMS 0x0000000707400000, 0x0000000707400000| Untracked 
|  50|0x0000000707600000, 0x0000000707600000, 0x0000000707800000|  0%| F|  |TAMS 0x0000000707600000, 0x0000000707600000| Untracked 
|  51|0x0000000707800000, 0x0000000707800000, 0x0000000707a00000|  0%| F|  |TAMS 0x0000000707800000, 0x0000000707800000| Untracked 
|  52|0x0000000707a00000, 0x0000000707c00000, 0x0000000707c00000|100%| S|CS|TAMS 0x0000000707a00000, 0x0000000707a00000| Complete 
|  53|0x0000000707c00000, 0x0000000707e00000, 0x0000000707e00000|100%| S|CS|TAMS 0x0000000707c00000, 0x0000000707c00000| Complete 
|  54|0x0000000707e00000, 0x0000000708000000, 0x0000000708000000|100%| S|CS|TAMS 0x0000000707e00000, 0x0000000707e00000| Complete 
|  55|0x0000000708000000, 0x0000000708000000, 0x0000000708200000|  0%| F|  |TAMS 0x0000000708000000, 0x0000000708000000| Untracked 
|  56|0x0000000708200000, 0x0000000708200000, 0x0000000708400000|  0%| F|  |TAMS 0x0000000708200000, 0x0000000708200000| Untracked 
|  57|0x0000000708400000, 0x0000000708400000, 0x0000000708600000|  0%| F|  |TAMS 0x0000000708400000, 0x0000000708400000| Untracked 
|  58|0x0000000708600000, 0x0000000708600000, 0x0000000708800000|  0%| F|  |TAMS 0x0000000708600000, 0x0000000708600000| Untracked 
|  59|0x0000000708800000, 0x0000000708800000, 0x0000000708a00000|  0%| F|  |TAMS 0x0000000708800000, 0x0000000708800000| Untracked 
|  60|0x0000000708a00000, 0x0000000708a00000, 0x0000000708c00000|  0%| F|  |TAMS 0x0000000708a00000, 0x0000000708a00000| Untracked 
|  61|0x0000000708c00000, 0x0000000708c00000, 0x0000000708e00000|  0%| F|  |TAMS 0x0000000708c00000, 0x0000000708c00000| Untracked 
|  62|0x0000000708e00000, 0x0000000708e00000, 0x0000000709000000|  0%| F|  |TAMS 0x0000000708e00000, 0x0000000708e00000| Untracked 
|  63|0x0000000709000000, 0x0000000709000000, 0x0000000709200000|  0%| F|  |TAMS 0x0000000709000000, 0x0000000709000000| Untracked 
|  64|0x0000000709200000, 0x0000000709200000, 0x0000000709400000|  0%| F|  |TAMS 0x0000000709200000, 0x0000000709200000| Untracked 
|  65|0x0000000709400000, 0x0000000709400000, 0x0000000709600000|  0%| F|  |TAMS 0x0000000709400000, 0x0000000709400000| Untracked 
|  66|0x0000000709600000, 0x0000000709600000, 0x0000000709800000|  0%| F|  |TAMS 0x0000000709600000, 0x0000000709600000| Untracked 
|  67|0x0000000709800000, 0x0000000709800000, 0x0000000709a00000|  0%| F|  |TAMS 0x0000000709800000, 0x0000000709800000| Untracked 
|  68|0x0000000709a00000, 0x0000000709a00000, 0x0000000709c00000|  0%| F|  |TAMS 0x0000000709a00000, 0x0000000709a00000| Untracked 
|  69|0x0000000709c00000, 0x0000000709c00000, 0x0000000709e00000|  0%| F|  |TAMS 0x0000000709c00000, 0x0000000709c00000| Untracked 
|  70|0x0000000709e00000, 0x0000000709e00000, 0x000000070a000000|  0%| F|  |TAMS 0x0000000709e00000, 0x0000000709e00000| Untracked 
|  71|0x000000070a000000, 0x000000070a000000, 0x000000070a200000|  0%| F|  |TAMS 0x000000070a000000, 0x000000070a000000| Untracked 
|  72|0x000000070a200000, 0x000000070a200000, 0x000000070a400000|  0%| F|  |TAMS 0x000000070a200000, 0x000000070a200000| Untracked 
|  73|0x000000070a400000, 0x000000070a400000, 0x000000070a600000|  0%| F|  |TAMS 0x000000070a400000, 0x000000070a400000| Untracked 
|  74|0x000000070a600000, 0x000000070a600000, 0x000000070a800000|  0%| F|  |TAMS 0x000000070a600000, 0x000000070a600000| Untracked 
|  75|0x000000070a800000, 0x000000070a800000, 0x000000070aa00000|  0%| F|  |TAMS 0x000000070a800000, 0x000000070a800000| Untracked 
|  76|0x000000070aa00000, 0x000000070aa00000, 0x000000070ac00000|  0%| F|  |TAMS 0x000000070aa00000, 0x000000070aa00000| Untracked 
|  77|0x000000070ac00000, 0x000000070ac00000, 0x000000070ae00000|  0%| F|  |TAMS 0x000000070ac00000, 0x000000070ac00000| Untracked 
|  78|0x000000070ae00000, 0x000000070ae00000, 0x000000070b000000|  0%| F|  |TAMS 0x000000070ae00000, 0x000000070ae00000| Untracked 
|  79|0x000000070b000000, 0x000000070b000000, 0x000000070b200000|  0%| F|  |TAMS 0x000000070b000000, 0x000000070b000000| Untracked 
|  80|0x000000070b200000, 0x000000070b200000, 0x000000070b400000|  0%| F|  |TAMS 0x000000070b200000, 0x000000070b200000| Untracked 
|  81|0x000000070b400000, 0x000000070b400000, 0x000000070b600000|  0%| F|  |TAMS 0x000000070b400000, 0x000000070b400000| Untracked 
|  82|0x000000070b600000, 0x000000070b600000, 0x000000070b800000|  0%| F|  |TAMS 0x000000070b600000, 0x000000070b600000| Untracked 
|  83|0x000000070b800000, 0x000000070b800000, 0x000000070ba00000|  0%| F|  |TAMS 0x000000070b800000, 0x000000070b800000| Untracked 
|  84|0x000000070ba00000, 0x000000070ba00000, 0x000000070bc00000|  0%| F|  |TAMS 0x000000070ba00000, 0x000000070ba00000| Untracked 
|  85|0x000000070bc00000, 0x000000070bc00000, 0x000000070be00000|  0%| F|  |TAMS 0x000000070bc00000, 0x000000070bc00000| Untracked 
|  86|0x000000070be00000, 0x000000070be00000, 0x000000070c000000|  0%| F|  |TAMS 0x000000070be00000, 0x000000070be00000| Untracked 
|  87|0x000000070c000000, 0x000000070c000000, 0x000000070c200000|  0%| F|  |TAMS 0x000000070c000000, 0x000000070c000000| Untracked 
|  88|0x000000070c200000, 0x000000070c200000, 0x000000070c400000|  0%| F|  |TAMS 0x000000070c200000, 0x000000070c200000| Untracked 
|  89|0x000000070c400000, 0x000000070c400000, 0x000000070c600000|  0%| F|  |TAMS 0x000000070c400000, 0x000000070c400000| Untracked 
|  90|0x000000070c600000, 0x000000070c600000, 0x000000070c800000|  0%| F|  |TAMS 0x000000070c600000, 0x000000070c600000| Untracked 
|  91|0x000000070c800000, 0x000000070c800000, 0x000000070ca00000|  0%| F|  |TAMS 0x000000070c800000, 0x000000070c800000| Untracked 
|  92|0x000000070ca00000, 0x000000070ca00000, 0x000000070cc00000|  0%| F|  |TAMS 0x000000070ca00000, 0x000000070ca00000| Untracked 
|  93|0x000000070cc00000, 0x000000070cc00000, 0x000000070ce00000|  0%| F|  |TAMS 0x000000070cc00000, 0x000000070cc00000| Untracked 
|  94|0x000000070ce00000, 0x000000070ce00000, 0x000000070d000000|  0%| F|  |TAMS 0x000000070ce00000, 0x000000070ce00000| Untracked 
|  95|0x000000070d000000, 0x000000070d000000, 0x000000070d200000|  0%| F|  |TAMS 0x000000070d000000, 0x000000070d000000| Untracked 
|  96|0x000000070d200000, 0x000000070d200000, 0x000000070d400000|  0%| F|  |TAMS 0x000000070d200000, 0x000000070d200000| Untracked 
|  97|0x000000070d400000, 0x000000070d400000, 0x000000070d600000|  0%| F|  |TAMS 0x000000070d400000, 0x000000070d400000| Untracked 
|  98|0x000000070d600000, 0x000000070d600000, 0x000000070d800000|  0%| F|  |TAMS 0x000000070d600000, 0x000000070d600000| Untracked 
|  99|0x000000070d800000, 0x000000070d800000, 0x000000070da00000|  0%| F|  |TAMS 0x000000070d800000, 0x000000070d800000| Untracked 
| 100|0x000000070da00000, 0x000000070da00000, 0x000000070dc00000|  0%| F|  |TAMS 0x000000070da00000, 0x000000070da00000| Untracked 
| 101|0x000000070dc00000, 0x000000070dc00000, 0x000000070de00000|  0%| F|  |TAMS 0x000000070dc00000, 0x000000070dc00000| Untracked 
| 102|0x000000070de00000, 0x000000070de00000, 0x000000070e000000|  0%| F|  |TAMS 0x000000070de00000, 0x000000070de00000| Untracked 
| 103|0x000000070e000000, 0x000000070e000000, 0x000000070e200000|  0%| F|  |TAMS 0x000000070e000000, 0x000000070e000000| Untracked 
| 104|0x000000070e200000, 0x000000070e200000, 0x000000070e400000|  0%| F|  |TAMS 0x000000070e200000, 0x000000070e200000| Untracked 
| 105|0x000000070e400000, 0x000000070e400000, 0x000000070e600000|  0%| F|  |TAMS 0x000000070e400000, 0x000000070e400000| Untracked 
| 106|0x000000070e600000, 0x000000070e600000, 0x000000070e800000|  0%| F|  |TAMS 0x000000070e600000, 0x000000070e600000| Untracked 
| 107|0x000000070e800000, 0x000000070e800000, 0x000000070ea00000|  0%| F|  |TAMS 0x000000070e800000, 0x000000070e800000| Untracked 
| 108|0x000000070ea00000, 0x000000070ea00000, 0x000000070ec00000|  0%| F|  |TAMS 0x000000070ea00000, 0x000000070ea00000| Untracked 
| 109|0x000000070ec00000, 0x000000070ec00000, 0x000000070ee00000|  0%| F|  |TAMS 0x000000070ec00000, 0x000000070ec00000| Untracked 
| 110|0x000000070ee00000, 0x000000070ee00000, 0x000000070f000000|  0%| F|  |TAMS 0x000000070ee00000, 0x000000070ee00000| Untracked 
| 111|0x000000070f000000, 0x000000070f000000, 0x000000070f200000|  0%| F|  |TAMS 0x000000070f000000, 0x000000070f000000| Untracked 
| 112|0x000000070f200000, 0x000000070f200000, 0x000000070f400000|  0%| F|  |TAMS 0x000000070f200000, 0x000000070f200000| Untracked 
| 113|0x000000070f400000, 0x000000070f400000, 0x000000070f600000|  0%| F|  |TAMS 0x000000070f400000, 0x000000070f400000| Untracked 
| 114|0x000000070f600000, 0x000000070f6bb628, 0x000000070f800000| 36%| E|  |TAMS 0x000000070f600000, 0x000000070f600000| Complete 
| 115|0x000000070f800000, 0x000000070fa00000, 0x000000070fa00000|100%| E|CS|TAMS 0x000000070f800000, 0x000000070f800000| Complete 
| 116|0x000000070fa00000, 0x000000070fc00000, 0x000000070fc00000|100%| E|CS|TAMS 0x000000070fa00000, 0x000000070fa00000| Complete 
| 117|0x000000070fc00000, 0x000000070fe00000, 0x000000070fe00000|100%| E|CS|TAMS 0x000000070fc00000, 0x000000070fc00000| Complete 
| 118|0x000000070fe00000, 0x0000000710000000, 0x0000000710000000|100%| E|CS|TAMS 0x000000070fe00000, 0x000000070fe00000| Complete 
| 119|0x0000000710000000, 0x0000000710200000, 0x0000000710200000|100%| E|CS|TAMS 0x0000000710000000, 0x0000000710000000| Complete 
| 120|0x0000000710200000, 0x0000000710400000, 0x0000000710400000|100%| E|CS|TAMS 0x0000000710200000, 0x0000000710200000| Complete 
| 121|0x0000000710400000, 0x0000000710600000, 0x0000000710600000|100%| E|CS|TAMS 0x0000000710400000, 0x0000000710400000| Complete 
| 122|0x0000000710600000, 0x0000000710800000, 0x0000000710800000|100%| E|CS|TAMS 0x0000000710600000, 0x0000000710600000| Complete 
| 123|0x0000000710800000, 0x0000000710a00000, 0x0000000710a00000|100%| E|CS|TAMS 0x0000000710800000, 0x0000000710800000| Complete 
| 124|0x0000000710a00000, 0x0000000710c00000, 0x0000000710c00000|100%| E|CS|TAMS 0x0000000710a00000, 0x0000000710a00000| Complete 
| 125|0x0000000710c00000, 0x0000000710e00000, 0x0000000710e00000|100%| E|CS|TAMS 0x0000000710c00000, 0x0000000710c00000| Complete 
| 126|0x0000000710e00000, 0x0000000711000000, 0x0000000711000000|100%| E|CS|TAMS 0x0000000710e00000, 0x0000000710e00000| Complete 
| 127|0x0000000711000000, 0x0000000711200000, 0x0000000711200000|100%| E|CS|TAMS 0x0000000711000000, 0x0000000711000000| Complete 

Card table byte_map: [0x0000020154eb0000,0x00000201556b0000] _byte_map_base: 0x00000201516a7000

Marking Bits (Prev, Next): (CMBitMap*) 0x000002013dde4110, (CMBitMap*) 0x000002013dde4150
 Prev Bits: [0x0000020155eb0000, 0x0000020159e68000)
 Next Bits: [0x0000020159e70000, 0x000002015de28000)

Polling page: 0x000002013d540000

Metaspace:

Usage:
  Non-class:      7.45 MB used.
      Class:    741.82 KB used.
       Both:      8.18 MB used.

Virtual space:
  Non-class space:       64.00 MB reserved,       7.56 MB ( 12%) committed,  1 nodes.
      Class space:        1.00 GB reserved,     832.00 KB ( <1%) committed,  1 nodes.
             Both:        1.06 GB reserved,       8.38 MB ( <1%) committed. 

Chunk freelists:
   Non-Class:  432.00 KB
       Class:  3.22 MB
        Both:  3.65 MB

MaxMetaspaceSize: unlimited
CompressedClassSpaceSize: 1.00 GB
Initial GC threshold: 21.00 MB
Current GC threshold: 21.00 MB
CDS: on
MetaspaceReclaimPolicy: balanced
 - commit_granule_bytes: 65536.
 - commit_granule_words: 8192.
 - virtual_space_node_default_size: 8388608.
 - enlarge_chunks_in_place: 1.
 - new_chunks_are_fully_committed: 0.
 - uncommit_free_chunks: 1.
 - use_allocation_guard: 0.


Internal statistics:

num_allocs_failed_limit: 0.
num_arena_births: 132.
num_arena_deaths: 0.
num_vsnodes_births: 2.
num_vsnodes_deaths: 0.
num_space_committed: 134.
num_space_uncommitted: 0.
num_chunks_returned_to_freelist: 0.
num_chunks_taken_from_freelist: 180.
num_chunk_merges: 0.
num_chunk_splits: 108.
num_chunks_enlarged: 49.
num_inconsistent_stats: 0.

CodeHeap 'non-profiled nmethods': size=120000Kb used=1996Kb max_used=1996Kb free=118003Kb
 bounds [0x000002014d180000, 0x000002014d3f0000, 0x00000201546b0000]
CodeHeap 'profiled nmethods': size=120000Kb used=4917Kb max_used=4917Kb free=115082Kb
 bounds [0x0000020145c50000, 0x0000020146120000, 0x000002014d180000]
CodeHeap 'non-nmethods': size=5760Kb used=1282Kb max_used=1367Kb free=4477Kb
 bounds [0x00000201456b0000, 0x0000020145920000, 0x0000020145c50000]
 total_blobs=3128 nmethods=2532 adapters=509
 compilation: enabled
              stopped_count=0, restarted_count=0
 full_count=0

Compilation events (20 events):
Event: 24.147 Thread 0x00000201602c0bf0 2525   !   4       java.awt.EventQueue::setCurrentEventAndMostRecentTimeImpl (191 bytes)
Event: 24.155 Thread 0x00000201602c0bf0 nmethod 2525 0x000002014d364810 code [0x000002014d364a00, 0x000002014d365368]
Event: 24.473 Thread 0x00000201602c0bf0 2526       4       java.awt.EventQueue::eventToCacheIndex (80 bytes)
Event: 24.474 Thread 0x00000201602c0bf0 nmethod 2526 0x000002014d365890 code [0x000002014d365a20, 0x000002014d365b38]
Event: 25.187 Thread 0x00000201602c0bf0 2527       4       java.awt.event.ComponentAdapter::componentMoved (1 bytes)
Event: 25.188 Thread 0x00000201602c0bf0 nmethod 2527 0x000002014d365c10 code [0x000002014d365d80, 0x000002014d365df8]
Event: 25.319 Thread 0x00000201602c0bf0 2528       4       java.awt.event.ComponentEvent::<init> (7 bytes)
Event: 25.325 Thread 0x00000201602c0bf0 nmethod 2528 0x000002014d365f10 code [0x000002014d3660e0, 0x000002014d366810]
Event: 25.325 Thread 0x00000201602c0bf0 2529       4       sun.awt.windows.WComponentPeer::postEvent (17 bytes)
Event: 25.335 Thread 0x00000201602c0bf0 nmethod 2529 0x000002014d366d10 code [0x000002014d366f20, 0x000002014d367b00]
Event: 26.496 Thread 0x00000201602c0bf0 2530       4       java.awt.Component::checkTreeLock (21 bytes)
Event: 26.497 Thread 0x00000201602c0bf0 nmethod 2530 0x000002014d368290 code [0x000002014d368420, 0x000002014d3684e8]
Event: 27.446 Thread 0x00000201602c0bf0 2531       4       sun.java2d.loops.ProcessPath::ProcessMonotonicCubic (532 bytes)
Event: 27.450 Thread 0x00000201602c0bf0 nmethod 2531 0x000002014d368590 code [0x000002014d368760, 0x000002014d368c28]
Event: 27.617 Thread 0x00000201602c0bf0 2532       4       java.awt.Component::dispatchEventImpl (773 bytes)
Event: 27.684 Thread 0x00000201602c0bf0 nmethod 2532 0x000002014d369010 code [0x000002014d3696a0, 0x000002014d36e610]
Event: 27.685 Thread 0x00000201602c0bf0 2533   !   4       java.awt.KeyboardFocusManager::retargetFocusEvent (244 bytes)
Event: 27.691 Thread 0x00000201602c0bf0 nmethod 2533 0x000002014d371310 code [0x000002014d371540, 0x000002014d372490]
Event: 27.899 Thread 0x00000201602c0bf0 2534   !   4       sun.java2d.d3d.D3DScreenUpdateManager::wakeUpUpdateThread (25 bytes)
Event: 27.899 Thread 0x00000201602c0bf0 nmethod 2534 0x000002014d372b90 code [0x000002014d372d20, 0x000002014d373008]

GC Heap History (20 events):
Event: 6.333 GC heap before
{Heap before GC invocations=4 (full 0):
 garbage-first heap   total 262144K, used 88795K [0x0000000701200000, 0x0000000800000000)
  region size 2048K, 37 young (75776K), 4 survivors (8192K)
 Metaspace       used 8207K, committed 8384K, reserved 1114112K
  class space    used 735K, committed 832K, reserved 1048576K
}
Event: 6.336 GC heap after
{Heap after GC invocations=5 (full 0):
 garbage-first heap   total 262144K, used 22445K [0x0000000701200000, 0x0000000800000000)
  region size 2048K, 3 young (6144K), 3 survivors (6144K)
 Metaspace       used 8207K, committed 8384K, reserved 1114112K
  class space    used 735K, committed 832K, reserved 1048576K
}
Event: 8.507 GC heap before
{Heap before GC invocations=5 (full 0):
 garbage-first heap   total 262144K, used 135085K [0x0000000701200000, 0x0000000800000000)
  region size 2048K, 58 young (118784K), 3 survivors (6144K)
 Metaspace       used 8269K, committed 8512K, reserved 1114112K
  class space    used 736K, committed 832K, reserved 1048576K
}
Event: 8.510 GC heap after
{Heap after GC invocations=6 (full 0):
 garbage-first heap   total 262144K, used 22408K [0x0000000701200000, 0x0000000800000000)
  region size 2048K, 3 young (6144K), 3 survivors (6144K)
 Metaspace       used 8269K, committed 8512K, reserved 1114112K
  class space    used 736K, committed 832K, reserved 1048576K
}
Event: 10.857 GC heap before
{Heap before GC invocations=6 (full 0):
 garbage-first heap   total 262144K, used 171912K [0x0000000701200000, 0x0000000800000000)
  region size 2048K, 76 young (155648K), 3 survivors (6144K)
 Metaspace       used 8269K, committed 8512K, reserved 1114112K
  class space    used 736K, committed 832K, reserved 1048576K
}
Event: 10.860 GC heap after
{Heap after GC invocations=7 (full 0):
 garbage-first heap   total 262144K, used 22879K [0x0000000701200000, 0x0000000800000000)
  region size 2048K, 3 young (6144K), 3 survivors (6144K)
 Metaspace       used 8269K, committed 8512K, reserved 1114112K
  class space    used 736K, committed 832K, reserved 1048576K
}
Event: 12.908 GC heap before
{Heap before GC invocations=7 (full 0):
 garbage-first heap   total 262144K, used 172383K [0x0000000701200000, 0x0000000800000000)
  region size 2048K, 76 young (155648K), 3 survivors (6144K)
 Metaspace       used 8269K, committed 8512K, reserved 1114112K
  class space    used 736K, committed 832K, reserved 1048576K
}
Event: 12.910 GC heap after
{Heap after GC invocations=8 (full 0):
 garbage-first heap   total 262144K, used 22927K [0x0000000701200000, 0x0000000800000000)
  region size 2048K, 3 young (6144K), 3 survivors (6144K)
 Metaspace       used 8269K, committed 8512K, reserved 1114112K
  class space    used 736K, committed 832K, reserved 1048576K
}
Event: 14.998 GC heap before
{Heap before GC invocations=8 (full 0):
 garbage-first heap   total 262144K, used 172431K [0x0000000701200000, 0x0000000800000000)
  region size 2048K, 76 young (155648K), 3 survivors (6144K)
 Metaspace       used 8311K, committed 8512K, reserved 1114112K
  class space    used 739K, committed 832K, reserved 1048576K
}
Event: 14.999 GC heap after
{Heap after GC invocations=9 (full 0):
 garbage-first heap   total 262144K, used 23028K [0x0000000701200000, 0x0000000800000000)
  region size 2048K, 3 young (6144K), 3 survivors (6144K)
 Metaspace       used 8311K, committed 8512K, reserved 1114112K
  class space    used 739K, committed 832K, reserved 1048576K
}
Event: 17.394 GC heap before
{Heap before GC invocations=9 (full 0):
 garbage-first heap   total 262144K, used 172532K [0x0000000701200000, 0x0000000800000000)
  region size 2048K, 76 young (155648K), 3 survivors (6144K)
 Metaspace       used 8343K, committed 8576K, reserved 1114112K
  class space    used 740K, committed 832K, reserved 1048576K
}
Event: 17.396 GC heap after
{Heap after GC invocations=10 (full 0):
 garbage-first heap   total 262144K, used 22799K [0x0000000701200000, 0x0000000800000000)
  region size 2048K, 3 young (6144K), 3 survivors (6144K)
 Metaspace       used 8343K, committed 8576K, reserved 1114112K
  class space    used 740K, committed 832K, reserved 1048576K
}
Event: 20.003 GC heap before
{Heap before GC invocations=10 (full 0):
 garbage-first heap   total 262144K, used 172303K [0x0000000701200000, 0x0000000800000000)
  region size 2048K, 76 young (155648K), 3 survivors (6144K)
 Metaspace       used 8359K, committed 8576K, reserved 1114112K
  class space    used 740K, committed 832K, reserved 1048576K
}
Event: 20.005 GC heap after
{Heap after GC invocations=11 (full 0):
 garbage-first heap   total 262144K, used 23060K [0x0000000701200000, 0x0000000800000000)
  region size 2048K, 3 young (6144K), 3 survivors (6144K)
 Metaspace       used 8359K, committed 8576K, reserved 1114112K
  class space    used 740K, committed 832K, reserved 1048576K
}
Event: 22.605 GC heap before
{Heap before GC invocations=11 (full 0):
 garbage-first heap   total 262144K, used 172564K [0x0000000701200000, 0x0000000800000000)
  region size 2048K, 76 young (155648K), 3 survivors (6144K)
 Metaspace       used 8361K, committed 8576K, reserved 1114112K
  class space    used 740K, committed 832K, reserved 1048576K
}
Event: 22.606 GC heap after
{Heap after GC invocations=12 (full 0):
 garbage-first heap   total 262144K, used 22809K [0x0000000701200000, 0x0000000800000000)
  region size 2048K, 3 young (6144K), 3 survivors (6144K)
 Metaspace       used 8361K, committed 8576K, reserved 1114112K
  class space    used 740K, committed 832K, reserved 1048576K
}
Event: 25.003 GC heap before
{Heap before GC invocations=12 (full 0):
 garbage-first heap   total 262144K, used 172313K [0x0000000701200000, 0x0000000800000000)
  region size 2048K, 76 young (155648K), 3 survivors (6144K)
 Metaspace       used 8363K, committed 8576K, reserved 1114112K
  class space    used 740K, committed 832K, reserved 1048576K
}
Event: 25.005 GC heap after
{Heap after GC invocations=13 (full 0):
 garbage-first heap   total 262144K, used 23065K [0x0000000701200000, 0x0000000800000000)
  region size 2048K, 3 young (6144K), 3 survivors (6144K)
 Metaspace       used 8363K, committed 8576K, reserved 1114112K
  class space    used 740K, committed 832K, reserved 1048576K
}
Event: 27.535 GC heap before
{Heap before GC invocations=13 (full 0):
 garbage-first heap   total 262144K, used 172569K [0x0000000701200000, 0x0000000800000000)
  region size 2048K, 76 young (155648K), 3 survivors (6144K)
 Metaspace       used 8363K, committed 8576K, reserved 1114112K
  class space    used 740K, committed 832K, reserved 1048576K
}
Event: 27.537 GC heap after
{Heap after GC invocations=14 (full 0):
 garbage-first heap   total 262144K, used 23319K [0x0000000701200000, 0x0000000800000000)
  region size 2048K, 3 young (6144K), 3 survivors (6144K)
 Metaspace       used 8363K, committed 8576K, reserved 1114112K
  class space    used 740K, committed 832K, reserved 1048576K
}

Deoptimization events (20 events):
Event: 25.813 Thread 0x000002016519f210 Uncommon trap: trap_request=0xffffffc6 fr.pc=0x000002014d33e750 relative=0x0000000000001ad0
Event: 25.813 Thread 0x000002016519f210 Uncommon trap: reason=bimorphic_or_optimized_type_check action=maybe_recompile pc=0x000002014d33e750 method=java.awt.event.InvocationEvent.dispatch()V @ 47 c2
Event: 25.813 Thread 0x000002016519f210 DEOPT PACKING pc=0x000002014d33e750 sp=0x00000053b77ff110
Event: 25.813 Thread 0x000002016519f210 DEOPT UNPACKING pc=0x00000201457023a3 sp=0x00000053b77fefb8 mode 2
Event: 26.415 Thread 0x000002016519f210 Uncommon trap: trap_request=0xffffffc6 fr.pc=0x000002014d33e750 relative=0x0000000000001ad0
Event: 26.415 Thread 0x000002016519f210 Uncommon trap: reason=bimorphic_or_optimized_type_check action=maybe_recompile pc=0x000002014d33e750 method=java.awt.event.InvocationEvent.dispatch()V @ 47 c2
Event: 26.415 Thread 0x000002016519f210 DEOPT PACKING pc=0x000002014d33e750 sp=0x00000053b77ff110
Event: 26.415 Thread 0x000002016519f210 DEOPT UNPACKING pc=0x00000201457023a3 sp=0x00000053b77fefb8 mode 2
Event: 27.897 Thread 0x00000201602bef40 Uncommon trap: trap_request=0xffffff45 fr.pc=0x000002014d367694 relative=0x0000000000000774
Event: 27.897 Thread 0x00000201602bef40 Uncommon trap: reason=unstable_if action=reinterpret pc=0x000002014d367694 method=sun.awt.windows.WWindowPeer.preprocessPostEvent(Ljava/awt/AWTEvent;)V @ 4 c2
Event: 27.897 Thread 0x00000201602bef40 DEOPT PACKING pc=0x000002014d367694 sp=0x00000053b74fc200
Event: 27.897 Thread 0x00000201602bef40 DEOPT UNPACKING pc=0x00000201457023a3 sp=0x00000053b74fc1a0 mode 2
Event: 27.897 Thread 0x000002016519f210 Uncommon trap: trap_request=0xffffff45 fr.pc=0x000002014d36c6b8 relative=0x0000000000003018
Event: 27.897 Thread 0x000002016519f210 Uncommon trap: reason=unstable_if action=reinterpret pc=0x000002014d36c6b8 method=java.awt.Window.eventEnabled(Ljava/awt/AWTEvent;)Z @ 4 c2
Event: 27.897 Thread 0x000002016519f210 DEOPT PACKING pc=0x000002014d36c6b8 sp=0x00000053b77ff080
Event: 27.898 Thread 0x000002016519f210 DEOPT UNPACKING pc=0x00000201457023a3 sp=0x00000053b77fefd8 mode 2
Event: 27.899 Thread 0x0000020165199b70 Uncommon trap: trap_request=0xffffff45 fr.pc=0x000002014d26d41c relative=0x00000000000003dc
Event: 27.899 Thread 0x0000020165199b70 Uncommon trap: reason=unstable_if action=reinterpret pc=0x000002014d26d41c method=sun.java2d.d3d.D3DScreenUpdateManager.runUpdateNow()V @ 8 c2
Event: 27.899 Thread 0x0000020165199b70 DEOPT PACKING pc=0x000002014d26d41c sp=0x00000053b79ff2d0
Event: 27.899 Thread 0x0000020165199b70 DEOPT UNPACKING pc=0x00000201457023a3 sp=0x00000053b79ff270 mode 2

Classes loaded (20 events):
Event: 4.951 Loading class sun/font/FontDesignMetrics$KeyReference
Event: 4.952 Loading class sun/font/FontDesignMetrics$KeyReference done
Event: 6.558 Loading class sun/awt/windows/WComponentPeer$1
Event: 6.558 Loading class sun/awt/windows/WComponentPeer$1 done
Event: 12.957 Loading class sun/awt/im/CompositionAreaHandler
Event: 12.957 Loading class sun/awt/im/CompositionAreaHandler done
Event: 12.957 Loading class java/text/AttributedString
Event: 12.957 Loading class java/text/AttributedString done
Event: 12.957 Loading class java/text/AttributedString$AttributedStringIterator
Event: 12.957 Loading class java/text/AttributedCharacterIterator
Event: 12.957 Loading class java/text/CharacterIterator
Event: 12.957 Loading class java/text/CharacterIterator done
Event: 12.957 Loading class java/text/AttributedCharacterIterator done
Event: 12.957 Loading class java/text/AttributedString$AttributedStringIterator done
Event: 15.091 Loading class java/security/DomainCombiner
Event: 15.091 Loading class java/security/DomainCombiner done
Event: 27.898 Loading class java/util/WeakHashMap$KeyIterator
Event: 27.898 Loading class java/util/WeakHashMap$HashIterator
Event: 27.898 Loading class java/util/WeakHashMap$HashIterator done
Event: 27.898 Loading class java/util/WeakHashMap$KeyIterator done

Classes unloaded (0 events):
No events

Classes redefined (0 events):
No events

Internal exceptions (20 events):
Event: 0.080 Thread 0x000002013dd70f10 Exception <a 'java/lang/NoSuchMethodError'{0x00000007111b5658}: 'void java.lang.invoke.DirectMethodHandle$Holder.invokeStatic(java.lang.Object, java.lang.Object, java.lang.Object)'> (0x00000007111b5658) 
thrown [s\open\src\hotspot\share\interpreter\linkResolver.cpp, line 759]
Event: 0.084 Thread 0x000002013dd70f10 Exception <a 'java/lang/NoSuchMethodError'{0x00000007111ce370}: 'java.lang.Object java.lang.invoke.Invokers$Holder.invokeExact_MT(java.lang.Object, java.lang.Object, java.lang.Object, java.lang.Object, java.lang.Object)'> (0x00000007111ce370) 
thrown [s\open\src\hotspot\share\interpreter\linkResolver.cpp, line 759]
Event: 0.101 Thread 0x00000201602be5a0 Exception <a 'java/lang/NoSuchMethodError'{0x00000007111f2ee8}: 'void java.lang.invoke.DirectMethodHandle$Holder.invokeStatic(java.lang.Object, java.lang.Object)'> (0x00000007111f2ee8) 
thrown [s\open\src\hotspot\share\interpreter\linkResolver.cpp, line 759]
Event: 0.119 Thread 0x000002013dd70f10 Exception <a 'java/lang/ClassNotFoundException'{0x0000000710e40e50}: sun/awt/resources/spi/awtProvider> (0x0000000710e40e50) 
thrown [s\open\src\hotspot\share\classfile\systemDictionary.cpp, line 255]
Event: 0.137 Thread 0x000002013dd70f10 Exception <a 'java/io/FileNotFoundException'{0x0000000710e92318}> (0x0000000710e92318) 
thrown [s\open\src\hotspot\share\prims\jni.cpp, line 516]
Event: 0.144 Thread 0x000002013dd70f10 Exception <a 'java/io/FileNotFoundException'{0x0000000710ebf5d0}> (0x0000000710ebf5d0) 
thrown [s\open\src\hotspot\share\prims\jni.cpp, line 516]
Event: 0.178 Thread 0x000002013dd70f10 Exception <a 'java/lang/NoSuchMethodError'{0x0000000710efa738}: 'java.lang.Object java.lang.invoke.DirectMethodHandle$Holder.invokeStaticInit(java.lang.Object)'> (0x0000000710efa738) 
thrown [s\open\src\hotspot\share\interpreter\linkResolver.cpp, line 759]
Event: 0.407 Thread 0x00000201602bef40 Exception <a 'java/lang/NoSuchMethodError'{0x0000000710f43398}: 'void java.lang.invoke.DirectMethodHandle$Holder.invokeVirtual(java.lang.Object, java.lang.Object)'> (0x0000000710f43398) 
thrown [s\open\src\hotspot\share\interpreter\linkResolver.cpp, line 759]
Event: 0.421 Thread 0x000002013dd70f10 Exception <a 'java/lang/NoSuchMethodError'{0x0000000710fb5a50}: 'void java.lang.invoke.DirectMethodHandle$Holder.invokeStaticInit(java.lang.Object)'> (0x0000000710fb5a50) 
thrown [s\open\src\hotspot\share\interpreter\linkResolver.cpp, line 759]
Event: 0.513 Thread 0x000002013dd70f10 Exception <a 'java/lang/NoSuchMethodError'{0x0000000710c79f78}: 'java.lang.Object java.lang.invoke.DirectMethodHandle$Holder.invokeStaticInit(java.lang.Object, int, int, int, int)'> (0x0000000710c79f78) 
thrown [s\open\src\hotspot\share\interpreter\linkResolver.cpp, line 759]
Event: 0.587 Thread 0x000002013dd70f10 Exception <a 'java/lang/NoSuchMethodError'{0x0000000710dc0058}: 'java.lang.Object java.lang.invoke.DirectMethodHandle$Holder.invokeStaticInit(java.lang.Object, java.lang.Object, int, int, int, int)'> (0x0000000710dc0058) 
thrown [s\open\src\hotspot\share\interpreter\linkResolver.cpp, line 759]
Event: 2.487 Thread 0x0000020165199b70 Implicit null exception at 0x000002014d1eab0b to 0x000002014d1ec86c
Event: 3.551 Thread 0x00000201602bba50 Implicit null exception at 0x000002014d1f61b5 to 0x000002014d1f63f2
Event: 3.569 Thread 0x00000201602bba50 Exception <a 'java/lang/NoSuchMethodError'{0x000000070ef4ef60}: 'java.lang.Object java.lang.invoke.Invokers$Holder.invokeExact_MT(java.lang.Object, java.lang.Object, java.lang.Object, java.lang.Object, java.lang.Object, java.lang.Object)'> (0x000000070ef4ef60) 
thrown [s\open\src\hotspot\share\interpreter\linkResolver.cpp, line 759]
Event: 4.952 Thread 0x0000020165199b70 Implicit null exception at 0x000002014d2048e0 to 0x000002014d2050c8
Event: 4.952 Thread 0x0000020165199b70 Implicit null exception at 0x000002014d1c5d00 to 0x000002014d1c5da0
Event: 6.566 Thread 0x0000020165199b70 Implicit null exception at 0x000002014d294106 to 0x000002014d2975c0
Event: 12.954 Thread 0x000002016519f210 Implicit null exception at 0x000002014d2e5220 to 0x000002014d2e5310
Event: 21.456 Thread 0x000002016519f210 Implicit null exception at 0x000002014d1e1f4c to 0x000002014d1e2128
Event: 22.608 Thread 0x0000020165199b70 Implicit null exception at 0x000002014d35bb80 to 0x000002014d35d24c

VM Operations (20 events):
Event: 16.000 Executing VM operation: Cleanup
Event: 16.000 Executing VM operation: Cleanup done
Event: 17.394 Executing VM operation: G1CollectForAllocation
Event: 17.396 Executing VM operation: G1CollectForAllocation done
Event: 19.398 Executing VM operation: Cleanup
Event: 19.398 Executing VM operation: Cleanup done
Event: 20.003 Executing VM operation: G1CollectForAllocation
Event: 20.005 Executing VM operation: G1CollectForAllocation done
Event: 22.006 Executing VM operation: Cleanup
Event: 22.006 Executing VM operation: Cleanup done
Event: 22.605 Executing VM operation: G1CollectForAllocation
Event: 22.606 Executing VM operation: G1CollectForAllocation done
Event: 24.606 Executing VM operation: Cleanup
Event: 24.606 Executing VM operation: Cleanup done
Event: 25.003 Executing VM operation: G1CollectForAllocation
Event: 25.005 Executing VM operation: G1CollectForAllocation done
Event: 26.006 Executing VM operation: Cleanup
Event: 26.006 Executing VM operation: Cleanup done
Event: 27.535 Executing VM operation: G1CollectForAllocation
Event: 27.537 Executing VM operation: G1CollectForAllocation done

Events (20 events):
Event: 0.179 Thread 0x00000201602bc8c0 Thread added: 0x00000201602bc8c0
Event: 0.180 Thread 0x00000201602bef40 Thread added: 0x00000201602bef40
Event: 0.409 Thread 0x000002016519f210 Thread added: 0x000002016519f210
Event: 0.426 Loaded shared library C:\Users\stels\.jdks\openjdk-18.0.2.1\bin\freetype.dll
Event: 0.427 Loaded shared library C:\Users\stels\.jdks\openjdk-18.0.2.1\bin\fontmanager.dll
Event: 0.462 Thread 0x000002016519cb90 Thread added: 0x000002016519cb90
Event: 0.490 Thread 0x0000020165199b70 Thread added: 0x0000020165199b70
Event: 0.621 Loaded shared library C:\Users\stels\.jdks\openjdk-18.0.2.1\bin\javajpeg.dll
Event: 3.554 Thread 0x000002016cff67f0 Thread added: 0x000002016cff67f0
Event: 3.784 Thread 0x000002016cff67f0 Thread exited: 0x000002016cff67f0
Event: 4.785 Thread 0x000002013dd70f10 Thread exited: 0x000002013dd70f10
Event: 4.785 Thread 0x000002016519b850 Thread added: 0x000002016519b850
Event: 5.315 Thread 0x000002016d6df120 Thread added: 0x000002016d6df120
Event: 6.049 Thread 0x000002016d6df120 Thread exited: 0x000002016d6df120
Event: 27.898 Thread 0x000002016519e870 Thread added: 0x000002016519e870
Event: 27.898 Thread 0x000002016519da00 Thread added: 0x000002016519da00
Event: 27.898 Thread 0x000002016519ded0 Thread added: 0x000002016519ded0
Event: 27.898 Thread 0x000002016519e870 Thread exited: 0x000002016519e870
Event: 27.899 Thread 0x000002016519da00 Thread exited: 0x000002016519da00
Event: 27.899 Thread 0x000002016519cb90 Thread exited: 0x000002016519cb90


Dynamic libraries:
0x00007ff6d0a20000 - 0x00007ff6d0a2e000 	C:\Users\stels\.jdks\openjdk-18.0.2.1\bin\java.exe
0x00007ffc18350000 - 0x00007ffc18548000 	C:\WINDOWS\SYSTEM32\ntdll.dll
0x00007ffc16f60000 - 0x00007ffc1701f000 	C:\WINDOWS\System32\KERNEL32.DLL
0x00007ffc15bd0000 - 0x00007ffc15ec6000 	C:\WINDOWS\System32\KERNELBASE.dll
0x00007ffc15a30000 - 0x00007ffc15b30000 	C:\WINDOWS\System32\ucrtbase.dll
0x00007ffc12760000 - 0x00007ffc1277a000 	C:\Users\stels\.jdks\openjdk-18.0.2.1\bin\VCRUNTIME140.dll
0x00007ffc12700000 - 0x00007ffc12717000 	C:\Users\stels\.jdks\openjdk-18.0.2.1\bin\jli.dll
0x00007ffc17b10000 - 0x00007ffc17cad000 	C:\WINDOWS\System32\USER32.dll
0x00007ffbfc2f0000 - 0x00007ffbfc58a000 	C:\WINDOWS\WinSxS\amd64_microsoft.windows.common-controls_6595b64144ccf1df_6.0.19041.1110_none_60b5254171f9507e\COMCTL32.dll
0x00007ffc16090000 - 0x00007ffc160b2000 	C:\WINDOWS\System32\win32u.dll
0x00007ffc18270000 - 0x00007ffc1830e000 	C:\WINDOWS\System32\msvcrt.dll
0x00007ffc17f70000 - 0x00007ffc17f9c000 	C:\WINDOWS\System32\GDI32.dll
0x00007ffc16220000 - 0x00007ffc16335000 	C:\WINDOWS\System32\gdi32full.dll
0x00007ffc15b30000 - 0x00007ffc15bcd000 	C:\WINDOWS\System32\msvcp_win.dll
0x00007ffc16f30000 - 0x00007ffc16f60000 	C:\WINDOWS\System32\IMM32.DLL
0x00007ffc12750000 - 0x00007ffc1275c000 	C:\Users\stels\.jdks\openjdk-18.0.2.1\bin\vcruntime140_1.dll
0x00007ffbf29d0000 - 0x00007ffbf2a5d000 	C:\Users\stels\.jdks\openjdk-18.0.2.1\bin\msvcp140.dll
0x00007ffbcefb0000 - 0x00007ffbcfbc1000 	C:\Users\stels\.jdks\openjdk-18.0.2.1\bin\server\jvm.dll
0x00007ffc180d0000 - 0x00007ffc1817f000 	C:\WINDOWS\System32\ADVAPI32.dll
0x00007ffc17cb0000 - 0x00007ffc17d4c000 	C:\WINDOWS\System32\sechost.dll
0x00007ffc17270000 - 0x00007ffc17396000 	C:\WINDOWS\System32\RPCRT4.dll
0x00007ffc17dd0000 - 0x00007ffc17dd8000 	C:\WINDOWS\System32\PSAPI.DLL
0x00007ffc07c50000 - 0x00007ffc07c77000 	C:\WINDOWS\SYSTEM32\WINMM.dll
0x00007ffbfa330000 - 0x00007ffbfa339000 	C:\WINDOWS\SYSTEM32\WSOCK32.dll
0x00007ffc10f20000 - 0x00007ffc10f2a000 	C:\WINDOWS\SYSTEM32\VERSION.dll
0x00007ffc17d60000 - 0x00007ffc17dcb000 	C:\WINDOWS\System32\WS2_32.dll
0x00007ffc138b0000 - 0x00007ffc138c2000 	C:\WINDOWS\SYSTEM32\kernel.appcore.dll
0x00007ffc12730000 - 0x00007ffc1273a000 	C:\Users\stels\.jdks\openjdk-18.0.2.1\bin\jimage.dll
0x00007ffc0eb60000 - 0x00007ffc0ed44000 	C:\WINDOWS\SYSTEM32\DBGHELP.DLL
0x00007ffc0e5f0000 - 0x00007ffc0e624000 	C:\WINDOWS\SYSTEM32\dbgcore.DLL
0x00007ffc15fd0000 - 0x00007ffc16052000 	C:\WINDOWS\System32\bcryptPrimitives.dll
0x00007ffc107f0000 - 0x00007ffc107fe000 	C:\Users\stels\.jdks\openjdk-18.0.2.1\bin\instrument.dll
0x00007ffbf94f0000 - 0x00007ffbf9515000 	C:\Users\stels\.jdks\openjdk-18.0.2.1\bin\java.dll
0x00007ffbea6e0000 - 0x00007ffbea7b6000 	C:\Users\stels\.jdks\openjdk-18.0.2.1\bin\jsvml.dll
0x00007ffc16470000 - 0x00007ffc16bb4000 	C:\WINDOWS\System32\SHELL32.dll
0x00007ffc13ab0000 - 0x00007ffc14243000 	C:\WINDOWS\SYSTEM32\windows.storage.dll
0x00007ffc16bc0000 - 0x00007ffc16f14000 	C:\WINDOWS\System32\combase.dll
0x00007ffc153b0000 - 0x00007ffc153de000 	C:\WINDOWS\SYSTEM32\Wldp.dll
0x00007ffc17020000 - 0x00007ffc170cd000 	C:\WINDOWS\System32\SHCORE.dll
0x00007ffc17ab0000 - 0x00007ffc17b05000 	C:\WINDOWS\System32\shlwapi.dll
0x00007ffc15970000 - 0x00007ffc1598f000 	C:\WINDOWS\SYSTEM32\profapi.dll
0x00007ffc106d0000 - 0x00007ffc106e8000 	C:\Users\stels\.jdks\openjdk-18.0.2.1\bin\zip.dll
0x00007ffc0b5b0000 - 0x00007ffc0b5c3000 	C:\Users\stels\.jdks\openjdk-18.0.2.1\bin\net.dll
0x00007ffc0e4e0000 - 0x00007ffc0e5ea000 	C:\WINDOWS\SYSTEM32\WINHTTP.dll
0x00007ffc15120000 - 0x00007ffc1518a000 	C:\WINDOWS\system32\mswsock.dll
0x00007ffbfa730000 - 0x00007ffbfa746000 	C:\Users\stels\.jdks\openjdk-18.0.2.1\bin\nio.dll
0x00007ffbf3840000 - 0x00007ffbf385a000 	W:\IntelliJ IDEA Community Edition 2023.1.1\bin\breakgen64.dll
0x00007ffbe1e60000 - 0x00007ffbe1fee000 	C:\Users\stels\.jdks\openjdk-18.0.2.1\bin\awt.dll
0x00007ffc173a0000 - 0x00007ffc1746d000 	C:\WINDOWS\System32\OLEAUT32.dll
0x00007ffc13300000 - 0x00007ffc13391000 	C:\WINDOWS\SYSTEM32\apphelp.dll
0x00007ffc136d0000 - 0x00007ffc136ff000 	C:\WINDOWS\system32\DWMAPI.DLL
0x00007ffc134e0000 - 0x00007ffc1357e000 	C:\WINDOWS\system32\uxtheme.dll
0x00007ffbd4a20000 - 0x00007ffbd4b45000 	C:\WINDOWS\system32\opengl32.dll
0x00007ffbd51d0000 - 0x00007ffbd51fc000 	C:\WINDOWS\SYSTEM32\GLU32.dll
0x00007ffc17150000 - 0x00007ffc17264000 	C:\WINDOWS\System32\MSCTF.dll
0x00007ffc17fa0000 - 0x00007ffc180ca000 	C:\WINDOWS\System32\ole32.dll
0x00007ffbe73f0000 - 0x00007ffbe75bd000 	C:\WINDOWS\system32\d3d9.dll
0x00007ffbf1820000 - 0x00007ffbf1937000 	C:\WINDOWS\System32\DriverStore\FileRepository\nv_dispig.inf_amd64_ee20464bb4ac57f4\nvldumdx.dll
0x00007ffc15740000 - 0x00007ffc15752000 	C:\WINDOWS\SYSTEM32\msasn1.dll
0x00007ffc10d00000 - 0x00007ffc10d31000 	C:\WINDOWS\SYSTEM32\cryptnet.dll
0x00007ffc160c0000 - 0x00007ffc1621e000 	C:\WINDOWS\System32\CRYPT32.dll
0x00007ffc10a70000 - 0x00007ffc10bb8000 	C:\WINDOWS\SYSTEM32\drvstore.dll
0x00007ffc157e0000 - 0x00007ffc1580c000 	C:\WINDOWS\SYSTEM32\devobj.dll
0x00007ffc15f80000 - 0x00007ffc15fce000 	C:\WINDOWS\System32\cfgmgr32.dll
0x00007ffc152b0000 - 0x00007ffc152bc000 	C:\WINDOWS\SYSTEM32\cryptbase.dll
0x00007ffc16340000 - 0x00007ffc163a7000 	C:\WINDOWS\System32\WINTRUST.DLL
0x00007ffc17470000 - 0x00007ffc1748d000 	C:\WINDOWS\System32\imagehlp.dll
0x00007ffc15550000 - 0x00007ffc15568000 	C:\WINDOWS\SYSTEM32\CRYPTSP.dll
0x00007ffc149f0000 - 0x00007ffc14a24000 	C:\WINDOWS\system32\rsaenh.dll
0x00007ffc16060000 - 0x00007ffc16087000 	C:\WINDOWS\System32\bcrypt.dll
0x00007ffbc9610000 - 0x00007ffbcae1a000 	C:\WINDOWS\System32\DriverStore\FileRepository\nv_dispig.inf_amd64_ee20464bb4ac57f4\nvd3dumx.dll
0x00007ffbecfb0000 - 0x00007ffbed273000 	C:\WINDOWS\system32\nvspcap64.dll
0x00007ffc14b30000 - 0x00007ffc14b63000 	C:\WINDOWS\SYSTEM32\ntmarta.dll
0x00007ffc14260000 - 0x00007ffc14283000 	C:\WINDOWS\SYSTEM32\gpapi.dll
0x00007ffc0e2e0000 - 0x00007ffc0e31b000 	C:\WINDOWS\SYSTEM32\dxcore.dll
0x00007ffbe1dd0000 - 0x00007ffbe1e56000 	C:\Users\stels\.jdks\openjdk-18.0.2.1\bin\freetype.dll
0x00007ffbaebf0000 - 0x00007ffbaec98000 	C:\Users\stels\.jdks\openjdk-18.0.2.1\bin\fontmanager.dll
0x00007ffbfa7f0000 - 0x00007ffbfa8ea000 	C:\WINDOWS\SYSTEM32\textinputframework.dll
0x00007ffc13180000 - 0x00007ffc13272000 	C:\WINDOWS\System32\CoreMessaging.dll
0x00007ffc12cf0000 - 0x00007ffc1304e000 	C:\WINDOWS\System32\CoreUIComponents.dll
0x00007ffc12b00000 - 0x00007ffc12c54000 	C:\WINDOWS\SYSTEM32\wintypes.dll
0x00007ffc15930000 - 0x00007ffc1595e000 	C:\WINDOWS\SYSTEM32\USERENV.dll
0x00007ffc14dc0000 - 0x00007ffc14dfc000 	C:\WINDOWS\SYSTEM32\IPHLPAPI.DLL
0x00007ffc17d50000 - 0x00007ffc17d58000 	C:\WINDOWS\System32\NSI.dll
0x00007ffc0f0a0000 - 0x00007ffc0f0b7000 	C:\WINDOWS\SYSTEM32\dhcpcsvc6.DLL
0x00007ffc0f030000 - 0x00007ffc0f04d000 	C:\WINDOWS\SYSTEM32\dhcpcsvc.DLL
0x00007ffc14e00000 - 0x00007ffc14ecb000 	C:\WINDOWS\SYSTEM32\DNSAPI.dll
0x00007ffbed790000 - 0x00007ffbed7bd000 	C:\Users\stels\.jdks\openjdk-18.0.2.1\bin\javajpeg.dll

dbghelp: loaded successfully - version: 4.0.5 - missing functions: none
symbol engine: initialized successfully - sym options: 0x614 - pdb path: .;C:\Users\stels\.jdks\openjdk-18.0.2.1\bin;C:\WINDOWS\SYSTEM32;C:\WINDOWS\WinSxS\amd64_microsoft.windows.common-controls_6595b64144ccf1df_6.0.19041.1110_none_60b5254171f9507e;C:\Users\stels\.jdks\openjdk-18.0.2.1\bin\server;W:\IntelliJ IDEA Community Edition 2023.1.1\bin;C:\WINDOWS\System32\DriverStore\FileRepository\nv_dispig.inf_amd64_ee20464bb4ac57f4

VM Arguments:
jvm_args: -javaagent:W:\IntelliJ IDEA Community Edition 2023.1.1\lib\idea_rt.jar=55238:W:\IntelliJ IDEA Community Edition 2023.1.1\bin -Dfile.encoding=UTF-8 -Dsun.stdout.encoding=UTF-8 -Dsun.stderr.encoding=UTF-8 
java_command: org.pixelgame.Game
java_class_path (initial): C:\Users\stels\IdeaProjects\Terarion\out\production\Terarion
Launcher Type: SUN_STANDARD

[Global flags]
     intx CICompilerCount                          = 3                                         {product} {ergonomic}
     uint ConcGCThreads                            = 1                                         {product} {ergonomic}
     uint G1ConcRefinementThreads                  = 4                                         {product} {ergonomic}
   size_t G1HeapRegionSize                         = 2097152                                   {product} {ergonomic}
    uintx GCDrainStackTargetSize                   = 64                                        {product} {ergonomic}
   size_t InitialHeapSize                          = 268435456                                 {product} {ergonomic}
   size_t MarkStackSize                            = 4194304                                   {product} {ergonomic}
   size_t MaxHeapSize                              = 4276092928                                {product} {ergonomic}
   size_t MaxNewSize                               = 2564816896                                {product} {ergonomic}
   size_t MinHeapDeltaBytes                        = 2097152                                   {product} {ergonomic}
   size_t MinHeapSize                              = 8388608                                   {product} {ergonomic}
    uintx NonNMethodCodeHeapSize                   = 5832780                                {pd product} {ergonomic}
    uintx NonProfiledCodeHeapSize                  = 122912730                              {pd product} {ergonomic}
    uintx ProfiledCodeHeapSize                     = 122912730                              {pd product} {ergonomic}
    uintx ReservedCodeCacheSize                    = 251658240                              {pd product} {ergonomic}
     bool SegmentedCodeCache                       = true                                      {product} {ergonomic}
   size_t SoftMaxHeapSize                          = 4276092928                             {manageable} {ergonomic}
     bool UseCompressedClassPointers               = true                           {product lp64_product} {ergonomic}
     bool UseCompressedOops                        = true                           {product lp64_product} {ergonomic}
     bool UseG1GC                                  = true                                      {product} {ergonomic}
     bool UseLargePagesIndividualAllocation        = false                                  {pd product} {ergonomic}

Logging:
Log output configuration:
 #0: stdout all=warning uptime,level,tags foldmultilines=false
 #1: stderr all=off uptime,level,tags foldmultilines=false

Environment Variables:
JAVA_HOME=W:\UnityFolders\2019.3.0f6\Editor\Data\PlaybackEngines\AndroidPlayer\OpenJDK
PATH=C:\Program Files\Microsoft\jdk-11.0.16.101-hotspot\bin;C:\Program Files\Eclipse Foundation\jdk-8.0.302.8-hotspot\bin;C:\Python27\;C:\Python27\Scripts;C:\Inprise\vbroker\bin;C:\Program Files (x86)\Common Files\Oracle\Java\javapath;C:\ProgramData\Oracle\Java\javapath;C:\WINDOWS\system32;C:\WINDOWS;C:\WINDOWS\System32\Wbem;C:\WINDOWS\System32\WindowsPowerShell\v1.0\;C:\Program Files\dotnet\;C:\WINDOWS\System32\OpenSSH\;C:\Program Files (x86)\NVIDIA Corporation\PhysX\Common;C:\Program Files\Microsoft SQL Server\130\Tools\Binn\;C:\Program Files (x86)\QuickTime\QTSystem\;C:\Program Files\NVIDIA Corporation\NVIDIA NvDLISR;W:\nodejs\;C:\ProgramData\chocolatey\bin;C:\Program Files\Microsoft SQL Server\Client SDK\ODBC\170\Tools\Binn\;D:\FlutterSDK\flutter\bin;D:\AndroidSDK\sdk-tools-windows\platform-tools;C:\WINDOWS\system32;C:\WINDOWS;C:\WINDOWS\System32\Wbem;C:\WINDOWS\System32\WindowsPowerShell\v1.0\;C:\WINDOWS\System32\OpenSSH\;C:\Program Files\OpenSSH-Win64;C:\Program Files\Microsoft\Web Platform Installer\;C:\Program Files\Git\cmd;C:\Program Files\Go\bin;C:\Users\stels\source\repos\Informatical\FPC\bin\i386-Win32;C:\MinGW\bin;C:\Program Files\Microsoft SQL Server\150\Tools\Binn\;C:\Program Files\CMake\bin;C:\Program Files (x86)\Microsoft SQL Server\160\DTS\Binn\;C:\Program Files\Azure Data Studio\bin;C:\Program Files (x86)\Microsoft SQL Server\150\DTS\Binn\;C:\Program Files (x86)\Microsoft SQL Server\150\Tools\Binn\;C:\Program Files\Microsoft SQL Server\150\DTS\Binn\;C:\Users\stels\AppData\Local\Programs\Python\Python39\Scripts\;C:\Users\stels\AppData\Local\Programs\Python\Python39\;C:\Users\stels\AppData\Local\GitHubDesktop\bin;W:\IntelliJ IDEA Community Edition 2018.3.4\bin;C:\Users\stels\AppData\Local\Microsoft\WindowsApps;C:\Users\stels\AppData\Roaming\npm;W:\Microsoft VS Code\bin;C:\Users\stels\.dotnet\tools;C:\Users\stels\AppData\Local\Microsoft\WindowsApps;C:\Users\stels\go\bin;%DevEco Studio%;C:\MinGW\bin;C:\Users\stels\.dotnet\tools;C:\Program Files\Azure Data Studio\bin;W:\IntelliJ IDEA Community Edition 2023.1.1\bin;
USERNAME=stels
OS=Windows_NT
PROCESSOR_IDENTIFIER=Intel64 Family 6 Model 158 Stepping 9, GenuineIntel



---------------  S Y S T E M  ---------------

OS:
 Windows 10 , 64 bit Build 19041 (10.0.19041.2913)
OS uptime: 2 days 1:18 hours
Hyper-V role detected

CPU: total 4 (initial active 4) (4 cores per cpu, 1 threads per core) family 6 model 158 stepping 9 microcode 0xb4, cx8, cmov, fxsr, mmx, 3dnowpref, sse, sse2, sse3, ssse3, sse4.1, sse4.2, popcnt, lzcnt, tsc, tscinvbit, avx, avx2, aes, erms, clmul, bmi1, bmi2, rtm, adx, fma, vzeroupper, clflush, clflushopt, hv

Memory: 4k page, system-wide physical 16307M (6001M free)
TotalPageFile size 27701M (AvailPageFile size 7974M)
current process WorkingSet (physical memory assigned to process): 325M, peak: 362M
current process commit charge ("private bytes"): 540M, peak: 577M

vm_info: OpenJDK 64-Bit Server VM (18.0.2.1+1-1) for windows-amd64 JRE (18.0.2.1+1-1), built on Aug 16 2022 01:44:29 by "mach5one" with MS VC++ 16.8 / 16.9 (VS2019)

END.
