#
# A fatal error has been detected by the Java Runtime Environment:
#
#  EXCEPTION_ACCESS_VIOLATION (0xc0000005) at pc=0x00007ffbe740184b, pid=18196, tid=9276
#
# JRE version: OpenJDK Runtime Environment (18.0.2.1+1) (build 18.0.2.1+1-1)
# Java VM: OpenJDK 64-Bit Server VM (18.0.2.1+1-1, mixed mode, sharing, tiered, compressed oops, compressed class ptrs, g1 gc, windows-amd64)
# Problematic frame:
# C  [d3d9.dll+0x1184b]
#
# No core dump will be written. Minidumps are not enabled by default on client versions of Windows
#
# If you would like to submit a bug report, please visit:
#   https://bugreport.java.com/bugreport/crash.jsp
# The crash happened outside the Java Virtual Machine in native code.
# See problematic frame for where to report the bug.
#

---------------  S U M M A R Y ------------

Command Line: -javaagent:W:\IntelliJ IDEA Community Edition 2023.1.1\lib\idea_rt.jar=63713:W:\IntelliJ IDEA Community Edition 2023.1.1\bin -Dfile.encoding=UTF-8 -Dsun.stdout.encoding=UTF-8 -Dsun.stderr.encoding=UTF-8 org.pixelgame.Game

Host: Intel(R) Core(TM) i5-7600 CPU @ 3.50GHz, 4 cores, 15G,  Windows 10 , 64 bit Build 19041 (10.0.19041.2913)
Time: Sun May 14 00:43:01 2023 RTZ 2 (s 10 , 64 bit Build 19041 (10.0.19041.2913) elapsed time: 22.597887 seconds (0d 0h 0m 22s)

---------------  T H R E A D  ---------------

Current thread (0x00000141002e2750):  JavaThread "AWT-Windows" daemon [_thread_in_native, id=9276, stack(0x0000002e3b100000,0x0000002e3b200000)]

Stack: [0x0000002e3b100000,0x0000002e3b200000],  sp=0x0000002e3b1fefe0,  free space=1019k
Native frames: (J=compiled Java code, j=interpreted, Vv=VM code, C=native code)
C  [d3d9.dll+0x1184b]

Java frames: (J=compiled Java code, j=interpreted, Vv=VM code)
j  sun.awt.windows.WToolkit.eventLoop()V+0 java.desktop@18.0.2.1
j  sun.awt.windows.WToolkit.run()V+50 java.desktop@18.0.2.1
j  java.lang.Thread.run()V+11 java.base@18.0.2.1
v  ~StubRoutines::call_stub

siginfo: EXCEPTION_ACCESS_VIOLATION (0xc0000005), reading address 0x00000141009f7420


Register to memory mapping:

RIP=0x00007ffbe740184b d3d9.dll
RAX=0x0000000000000001 is an unknown value
RBX=0x0000014100999be8 points into unknown readable memory: 0x00007ffbe7540600 | 00 06 54 e7 fb 7f 00 00
RCX=0x00000141009f3340 points into unknown readable memory: 0x00007ffbe7541758 | 58 17 54 e7 fb 7f 00 00
RDX=0x0000014100999be0 points into unknown readable memory: 0x00007ffbe7540638 | 38 06 54 e7 fb 7f 00 00
RSP=0x0000002e3b1fefe0 is pointing into the stack for thread: 0x00000141002e2750
RBP=0x00007ffbe141a7e0 awt.dll
RSI=0x0000000000000001 is an unknown value
RDI=0x0 is NULL
R8 =0x0000002e3b1fef78 is pointing into the stack for thread: 0x00000141002e2750
R9 =0x00007ffbe141a7e0 awt.dll
R10=0x0 is NULL
R11=0x0000000000000246 is an unknown value
R12=0x0 is NULL
R13={method} {0x000001417bdc03b0} 'eventLoop' '()V' in 'sun/awt/windows/WToolkit'
R14=0x0000002e3b1ff3a8 is pointing into the stack for thread: 0x00000141002e2750
R15=0x00000141002e2750 is a thread


Registers:
RAX=0x0000000000000001, RBX=0x0000014100999be8, RCX=0x00000141009f3340, RDX=0x0000014100999be0
RSP=0x0000002e3b1fefe0, RBP=0x00007ffbe141a7e0, RSI=0x0000000000000001, RDI=0x0000000000000000
R8 =0x0000002e3b1fef78, R9 =0x00007ffbe141a7e0, R10=0x0000000000000000, R11=0x0000000000000246
R12=0x0000000000000000, R13=0x000001417bdc03a8, R14=0x0000002e3b1ff3a8, R15=0x00000141002e2750
RIP=0x00007ffbe740184b, EFLAGS=0x0000000000010202

Top of Stack: (sp=0x0000002e3b1fefe0)
0x0000002e3b1fefe0:   0000014100999be8 0000000000000001
0x0000002e3b1feff0:   0000000000000000 0000000000000000
0x0000002e3b1ff000:   0000014100999be8 00007ffbe740d53c
0x0000002e3b1ff010:   0000014100999be8 0000000000000001
0x0000002e3b1ff020:   0000000000000000 00007ffc18375ba1
0x0000002e3b1ff030:   0000014100c85458 00007ffbe73fa687
0x0000002e3b1ff040:   0000000000000000 0000014157490000
0x0000002e3b1ff050:   0000014100cd4ed0 00007ffc183747b1
0x0000002e3b1ff060:   0000014100185e80 0000014100000024
0x0000002e3b1ff070:   00007ffb00000040 fffffffffffffffe
0x0000002e3b1ff080:   0000014100c81360 0000000000000001
0x0000002e3b1ff090:   0000014100c81360 00007ffbe7408ba7
0x0000002e3b1ff0a0:   0000014100c81360 0000000000000000
0x0000002e3b1ff0b0:   0000014100c81368 00007ffb00000001
0x0000002e3b1ff0c0:   0000000000000000 0000002e3b1ff3a8
0x0000002e3b1ff0d0:   0000000000000001 00007ffbe7408a5f 

Instructions: (pc=0x00007ffbe740184b)
0x00007ffbe740174b:   41 04 00 48 8b 5c 24 30 48 8b 74 24 38 48 8b 7c
0x00007ffbe740175b:   24 40 48 83 c4 20 41 5e c3 cc cc cc cc cc cc cc
0x00007ffbe740176b:   cc 48 83 b9 30 3f 00 00 00 74 08 8b 81 88 00 00
0x00007ffbe740177b:   00 c3 cc 33 c0 c3 cc cc cc cc cc cc cc 8b 81 28
0x00007ffbe740178b:   40 00 00 83 e8 02 83 f8 02 76 0b 33 c0 83 79 48
0x00007ffbe740179b:   04 0f 9d c0 c3 cc 33 c0 c3 cc cc cc cc cc cc cc
0x00007ffbe74017ab:   cc cc cc cc cc 48 89 5c 24 08 48 89 74 24 10 57
0x00007ffbe74017bb:   48 83 ec 20 33 ff 48 8b d9 48 39 79 20 74 32 f6
0x00007ffbe74017cb:   81 90 00 00 00 03 74 29 48 8b 71 10 40 38 79 74
0x00007ffbe74017db:   76 1f 48 8b 93 80 00 00 00 48 8b ce 8b c7 48 8b
0x00007ffbe74017eb:   14 c2 e8 fa 00 00 00 0f b6 43 74 ff c7 3b f8 72
0x00007ffbe74017fb:   e1 48 8b cb 48 8b 5c 24 30 48 8b 74 24 38 48 83
0x00007ffbe740180b:   c4 20 5f e9 0d 00 00 00 cc cc cc cc cc cc cc cc
0x00007ffbe740181b:   cc cc cc cc cc 40 53 48 83 ec 20 83 79 50 03 48
0x00007ffbe740182b:   8b d9 74 2a 48 83 79 20 00 74 0d 48 8d 51 f8 48
0x00007ffbe740183b:   8b 49 10 e8 25 00 00 00 48 8b 4b 10 48 8b 43 40
0x00007ffbe740184b:   48 39 81 e0 40 00 00 77 05 e8 5b 00 00 00 48 83
0x00007ffbe740185b:   c4 20 5b c3 cc cc cc cc cc cc cc cc cc 48 8b c4
0x00007ffbe740186b:   41 56 48 83 ec 40 48 c7 40 f0 fe ff ff ff 48 89
0x00007ffbe740187b:   58 08 48 89 70 10 48 89 78 18 48 8b f9 83 79 48
0x00007ffbe740188b:   06 0f 8c ce 40 04 00 48 8b 5c 24 50 48 8b 74 24
0x00007ffbe740189b:   58 48 8b 7c 24 60 48 83 c4 40 41 5e c3 cc eb e7
0x00007ffbe74018ab:   cc cc cc cc cc cc cc cc cc 48 83 ec 48 48 c7 44
0x00007ffbe74018bb:   24 30 fe ff ff ff 48 8b 89 e8 40 00 00 48 8b 01
0x00007ffbe74018cb:   45 33 c9 45 33 c0 33 d2 48 8b 40 68 ff 15 4b 65
0x00007ffbe74018db:   14 00 90 48 83 c4 48 c3 cc eb f8 cc cc cc cc cc
0x00007ffbe74018eb:   cc 40 53 48 83 ec 40 48 c7 44 24 30 fe ff ff ff
0x00007ffbe74018fb:   48 8b d9 83 79 48 08 0f 8c e4 40 04 00 48 83 c4
0x00007ffbe740190b:   40 5b c3 cc eb f7 cc cc cc cc cc cc cc 4c 8b dc
0x00007ffbe740191b:   49 89 5b 10 49 89 6b 18 49 89 73 20 57 41 54 41
0x00007ffbe740192b:   55 41 56 41 57 48 81 ec 50 09 00 00 48 8b 05 4a
0x00007ffbe740193b:   1b 1a 00 48 33 c4 48 89 84 24 40 09 00 00 48 8b 


Stack slot to memory mapping:
stack at sp + 0 slots: 0x0000014100999be8 points into unknown readable memory: 0x00007ffbe7540600 | 00 06 54 e7 fb 7f 00 00
stack at sp + 1 slots: 0x0000000000000001 is an unknown value
stack at sp + 2 slots: 0x0 is NULL
stack at sp + 3 slots: 0x0 is NULL
stack at sp + 4 slots: 0x0000014100999be8 points into unknown readable memory: 0x00007ffbe7540600 | 00 06 54 e7 fb 7f 00 00
stack at sp + 5 slots: 0x00007ffbe740d53c d3d9.dll
stack at sp + 6 slots: 0x0000014100999be8 points into unknown readable memory: 0x00007ffbe7540600 | 00 06 54 e7 fb 7f 00 00
stack at sp + 7 slots: 0x0000000000000001 is an unknown value


---------------  P R O C E S S  ---------------

Threads class SMR info:
_java_thread_list=0x00000141084077f0, length=20, elements={
0x000001417ba615e0, 0x000001417ba67260, 0x000001417ba7f980, 0x000001417ba80230,
0x000001417ba80ae0, 0x000001417ba81390, 0x000001417ba81f70, 0x000001417ba86eb0,
0x000001417ba92860, 0x000001410003ef00, 0x0000014100183cb0, 0x0000014100184170,
0x00000141002d6f20, 0x00000141002de330, 0x00000141002e2750, 0x000001410094a510,
0x000001410094a9e0, 0x0000014100947e90, 0x0000014100948d00, 0x0000014100286170
}

Java Threads: ( => current thread )
  0x000001417ba615e0 JavaThread "Reference Handler" daemon [_thread_blocked, id=17640, stack(0x0000002e3a200000,0x0000002e3a300000)]
  0x000001417ba67260 JavaThread "Finalizer" daemon [_thread_blocked, id=15640, stack(0x0000002e3a300000,0x0000002e3a400000)]
  0x000001417ba7f980 JavaThread "Signal Dispatcher" daemon [_thread_blocked, id=16692, stack(0x0000002e3a400000,0x0000002e3a500000)]
  0x000001417ba80230 JavaThread "Attach Listener" daemon [_thread_blocked, id=7688, stack(0x0000002e3a500000,0x0000002e3a600000)]
  0x000001417ba80ae0 JavaThread "Service Thread" daemon [_thread_blocked, id=13692, stack(0x0000002e3a600000,0x0000002e3a700000)]
  0x000001417ba81390 JavaThread "Monitor Deflation Thread" daemon [_thread_blocked, id=18168, stack(0x0000002e3a700000,0x0000002e3a800000)]
  0x000001417ba81f70 JavaThread "C2 CompilerThread0" daemon [_thread_blocked, id=11032, stack(0x0000002e3a800000,0x0000002e3a900000)]
  0x000001417ba86eb0 JavaThread "C1 CompilerThread0" daemon [_thread_blocked, id=17056, stack(0x0000002e3a900000,0x0000002e3aa00000)]
  0x000001417ba92860 JavaThread "Sweeper thread" daemon [_thread_blocked, id=11548, stack(0x0000002e3aa00000,0x0000002e3ab00000)]
  0x000001410003ef00 JavaThread "Common-Cleaner" daemon [_thread_blocked, id=9504, stack(0x0000002e3ab00000,0x0000002e3ac00000)]
  0x0000014100183cb0 JavaThread "Monitor Ctrl-Break" daemon [_thread_in_native, id=9448, stack(0x0000002e3ac00000,0x0000002e3ad00000)]
  0x0000014100184170 JavaThread "Notification Thread" daemon [_thread_blocked, id=11456, stack(0x0000002e3ad00000,0x0000002e3ae00000)]
  0x00000141002d6f20 JavaThread "Java2D Disposer" daemon [_thread_blocked, id=17652, stack(0x0000002e3af00000,0x0000002e3b000000)]
  0x00000141002de330 JavaThread "AWT-Shutdown" [_thread_blocked, id=6116, stack(0x0000002e3b000000,0x0000002e3b100000)]
=>0x00000141002e2750 JavaThread "AWT-Windows" daemon [_thread_in_native, id=9276, stack(0x0000002e3b100000,0x0000002e3b200000)]
  0x000001410094a510 JavaThread "AWT-EventQueue-0" [_thread_blocked, id=220, stack(0x0000002e3b400000,0x0000002e3b500000)]
  0x000001410094a9e0 JavaThread "Rendering Thread" [_thread_in_native, id=17288, stack(0x0000002e3b600000,0x0000002e3b700000)]
  0x0000014100947e90 JavaThread "DestroyJavaVM" [_thread_blocked, id=17100, stack(0x0000002e39b00000,0x0000002e39c00000)]
  0x0000014100948d00 JavaThread "SIGINT handler" daemon [_thread_blocked, id=10896, stack(0x0000002e3ba10000,0x0000002e3bb10000)]
  0x0000014100286170 JavaThread "ToolkitShutdown" daemon [_thread_in_native, id=18160, stack(0x0000002e3bd10000,0x0000002e3be10000)]

Other Threads:
  0x000001415764c0b0 VMThread "VM Thread" [stack: 0x0000002e3a100000,0x0000002e3a200000] [id=8044]
  0x0000014100187ce0 WatcherThread "VM Periodic Task Thread" [stack: 0x0000002e3ae00000,0x0000002e3af00000] [id=17436]
  0x0000014157633180 WorkerThread "GC Thread#0" [stack: 0x0000002e39c00000,0x0000002e39d00000] [id=17232]
  0x0000014100beb8a0 WorkerThread "GC Thread#1" [stack: 0x0000002e3b700000,0x0000002e3b800000] [id=6652]
  0x0000014100bec080 WorkerThread "GC Thread#2" [stack: 0x0000002e3b800000,0x0000002e3b900000] [id=7836]
  0x0000014100bec860 WorkerThread "GC Thread#3" [stack: 0x0000002e3b900000,0x0000002e3ba00000] [id=18156]
  0x0000014157643f80 ConcurrentGCThread "G1 Main Marker" [stack: 0x0000002e39d00000,0x0000002e39e00000] [id=17328]
  0x0000014157645110 WorkerThread "G1 Conc#0" [stack: 0x0000002e39e00000,0x0000002e39f00000] [id=13008]
  0x0000014157685190 ConcurrentGCThread "G1 Refine#0" [stack: 0x0000002e39f00000,0x0000002e3a000000] [id=4364]
  0x0000014157685aa0 ConcurrentGCThread "G1 Service" [stack: 0x0000002e3a000000,0x0000002e3a100000] [id=7032]

Threads with active compile tasks:

VM state: not at safepoint (normal execution)

VM Mutex/Monitor currently owned by a thread: None

Heap address: 0x0000000701200000, size: 4078 MB, Compressed Oops mode: Zero based, Oop shift amount: 3

CDS archive(s) mapped at: [0x0000000800000000-0x0000000800ba0000-0x0000000800ba0000), size 12189696, SharedBaseAddress: 0x0000000800000000, ArchiveRelocationMode: 0.
Compressed class space mapped at: 0x0000000800c00000-0x0000000840c00000, reserved size: 1073741824
Narrow klass base: 0x0000000800000000, Narrow klass shift: 0, Narrow klass range: 0x100000000

GC Precious Log:
 CardTable entry size: 512
 Card Set container configuration: InlinePtr #cards 4 size 8 Array Of Cards #cards 16 size 48 Howl #buckets 8 coarsen threshold 3686 Howl Bitmap #cards 512 size 80 coarsen threshold 460 Card regions per heap region 1 cards per card region 4096
 CPUs: 4 total, 4 available
 Memory: 16307M
 Large Page Support: Disabled
 NUMA Support: Disabled
 Compressed Oops: Enabled (Zero based)
 Heap Region Size: 2M
 Heap Min Capacity: 8M
 Heap Initial Capacity: 256M
 Heap Max Capacity: 4078M
 Pre-touch: Disabled
 Parallel Workers: 4
 Concurrent Workers: 1
 Concurrent Refinement Workers: 4
 Periodic GC: Disabled

Heap:
 garbage-first heap   total 262144K, used 76695K [0x0000000701200000, 0x0000000800000000)
  region size 2048K, 38 young (77824K), 1 survivors (2048K)
 Metaspace       used 7686K, committed 7936K, reserved 1114112K
  class space    used 723K, committed 832K, reserved 1048576K

Heap Regions: E=young(eden), S=young(survivor), O=old, HS=humongous(starts), HC=humongous(continues), CS=collection set, F=free, OA=open archive, CA=closed archive, TAMS=top-at-mark-start (previous, next)
|   0|0x0000000701200000, 0x0000000701400000, 0x0000000701400000|100%| O|  |TAMS 0x0000000701200000, 0x0000000701200000| Untracked 
|   1|0x0000000701400000, 0x00000007014d6800, 0x0000000701600000| 41%| O|  |TAMS 0x0000000701400000, 0x0000000701400000| Untracked 
|   2|0x0000000701600000, 0x0000000701600000, 0x0000000701800000|  0%| F|  |TAMS 0x0000000701600000, 0x0000000701600000| Untracked 
|   3|0x0000000701800000, 0x0000000701800000, 0x0000000701a00000|  0%| F|  |TAMS 0x0000000701800000, 0x0000000701800000| Untracked 
|   4|0x0000000701a00000, 0x0000000701a00000, 0x0000000701c00000|  0%| F|  |TAMS 0x0000000701a00000, 0x0000000701a00000| Untracked 
|   5|0x0000000701c00000, 0x0000000701c00000, 0x0000000701e00000|  0%| F|  |TAMS 0x0000000701c00000, 0x0000000701c00000| Untracked 
|   6|0x0000000701e00000, 0x0000000701e00000, 0x0000000702000000|  0%| F|  |TAMS 0x0000000701e00000, 0x0000000701e00000| Untracked 
|   7|0x0000000702000000, 0x0000000702000000, 0x0000000702200000|  0%| F|  |TAMS 0x0000000702000000, 0x0000000702000000| Untracked 
|   8|0x0000000702200000, 0x0000000702200000, 0x0000000702400000|  0%| F|  |TAMS 0x0000000702200000, 0x0000000702200000| Untracked 
|   9|0x0000000702400000, 0x0000000702400000, 0x0000000702600000|  0%| F|  |TAMS 0x0000000702400000, 0x0000000702400000| Untracked 
|  10|0x0000000702600000, 0x0000000702600000, 0x0000000702800000|  0%| F|  |TAMS 0x0000000702600000, 0x0000000702600000| Untracked 
|  11|0x0000000702800000, 0x0000000702800000, 0x0000000702a00000|  0%| F|  |TAMS 0x0000000702800000, 0x0000000702800000| Untracked 
|  12|0x0000000702a00000, 0x0000000702a00000, 0x0000000702c00000|  0%| F|  |TAMS 0x0000000702a00000, 0x0000000702a00000| Untracked 
|  13|0x0000000702c00000, 0x0000000702c00000, 0x0000000702e00000|  0%| F|  |TAMS 0x0000000702c00000, 0x0000000702c00000| Untracked 
|  14|0x0000000702e00000, 0x0000000702e00000, 0x0000000703000000|  0%| F|  |TAMS 0x0000000702e00000, 0x0000000702e00000| Untracked 
|  15|0x0000000703000000, 0x0000000703000000, 0x0000000703200000|  0%| F|  |TAMS 0x0000000703000000, 0x0000000703000000| Untracked 
|  16|0x0000000703200000, 0x0000000703200000, 0x0000000703400000|  0%| F|  |TAMS 0x0000000703200000, 0x0000000703200000| Untracked 
|  17|0x0000000703400000, 0x0000000703400000, 0x0000000703600000|  0%| F|  |TAMS 0x0000000703400000, 0x0000000703400000| Untracked 
|  18|0x0000000703600000, 0x0000000703600000, 0x0000000703800000|  0%| F|  |TAMS 0x0000000703600000, 0x0000000703600000| Untracked 
|  19|0x0000000703800000, 0x0000000703800000, 0x0000000703a00000|  0%| F|  |TAMS 0x0000000703800000, 0x0000000703800000| Untracked 
|  20|0x0000000703a00000, 0x0000000703a00000, 0x0000000703c00000|  0%| F|  |TAMS 0x0000000703a00000, 0x0000000703a00000| Untracked 
|  21|0x0000000703c00000, 0x0000000703c00000, 0x0000000703e00000|  0%| F|  |TAMS 0x0000000703c00000, 0x0000000703c00000| Untracked 
|  22|0x0000000703e00000, 0x0000000703e00000, 0x0000000704000000|  0%| F|  |TAMS 0x0000000703e00000, 0x0000000703e00000| Untracked 
|  23|0x0000000704000000, 0x0000000704000000, 0x0000000704200000|  0%| F|  |TAMS 0x0000000704000000, 0x0000000704000000| Untracked 
|  24|0x0000000704200000, 0x0000000704200000, 0x0000000704400000|  0%| F|  |TAMS 0x0000000704200000, 0x0000000704200000| Untracked 
|  25|0x0000000704400000, 0x0000000704400000, 0x0000000704600000|  0%| F|  |TAMS 0x0000000704400000, 0x0000000704400000| Untracked 
|  26|0x0000000704600000, 0x0000000704600000, 0x0000000704800000|  0%| F|  |TAMS 0x0000000704600000, 0x0000000704600000| Untracked 
|  27|0x0000000704800000, 0x0000000704800000, 0x0000000704a00000|  0%| F|  |TAMS 0x0000000704800000, 0x0000000704800000| Untracked 
|  28|0x0000000704a00000, 0x0000000704a00000, 0x0000000704c00000|  0%| F|  |TAMS 0x0000000704a00000, 0x0000000704a00000| Untracked 
|  29|0x0000000704c00000, 0x0000000704c00000, 0x0000000704e00000|  0%| F|  |TAMS 0x0000000704c00000, 0x0000000704c00000| Untracked 
|  30|0x0000000704e00000, 0x0000000704e00000, 0x0000000705000000|  0%| F|  |TAMS 0x0000000704e00000, 0x0000000704e00000| Untracked 
|  31|0x0000000705000000, 0x0000000705000000, 0x0000000705200000|  0%| F|  |TAMS 0x0000000705000000, 0x0000000705000000| Untracked 
|  32|0x0000000705200000, 0x0000000705200000, 0x0000000705400000|  0%| F|  |TAMS 0x0000000705200000, 0x0000000705200000| Untracked 
|  33|0x0000000705400000, 0x0000000705400000, 0x0000000705600000|  0%| F|  |TAMS 0x0000000705400000, 0x0000000705400000| Untracked 
|  34|0x0000000705600000, 0x0000000705600000, 0x0000000705800000|  0%| F|  |TAMS 0x0000000705600000, 0x0000000705600000| Untracked 
|  35|0x0000000705800000, 0x0000000705800000, 0x0000000705a00000|  0%| F|  |TAMS 0x0000000705800000, 0x0000000705800000| Untracked 
|  36|0x0000000705a00000, 0x0000000705a00000, 0x0000000705c00000|  0%| F|  |TAMS 0x0000000705a00000, 0x0000000705a00000| Untracked 
|  37|0x0000000705c00000, 0x0000000705c00000, 0x0000000705e00000|  0%| F|  |TAMS 0x0000000705c00000, 0x0000000705c00000| Untracked 
|  38|0x0000000705e00000, 0x0000000705e00000, 0x0000000706000000|  0%| F|  |TAMS 0x0000000705e00000, 0x0000000705e00000| Untracked 
|  39|0x0000000706000000, 0x0000000706000000, 0x0000000706200000|  0%| F|  |TAMS 0x0000000706000000, 0x0000000706000000| Untracked 
|  40|0x0000000706200000, 0x0000000706200000, 0x0000000706400000|  0%| F|  |TAMS 0x0000000706200000, 0x0000000706200000| Untracked 
|  41|0x0000000706400000, 0x0000000706400000, 0x0000000706600000|  0%| F|  |TAMS 0x0000000706400000, 0x0000000706400000| Untracked 
|  42|0x0000000706600000, 0x0000000706600000, 0x0000000706800000|  0%| F|  |TAMS 0x0000000706600000, 0x0000000706600000| Untracked 
|  43|0x0000000706800000, 0x0000000706800000, 0x0000000706a00000|  0%| F|  |TAMS 0x0000000706800000, 0x0000000706800000| Untracked 
|  44|0x0000000706a00000, 0x0000000706a00000, 0x0000000706c00000|  0%| F|  |TAMS 0x0000000706a00000, 0x0000000706a00000| Untracked 
|  45|0x0000000706c00000, 0x0000000706c00000, 0x0000000706e00000|  0%| F|  |TAMS 0x0000000706c00000, 0x0000000706c00000| Untracked 
|  46|0x0000000706e00000, 0x0000000706e00000, 0x0000000707000000|  0%| F|  |TAMS 0x0000000706e00000, 0x0000000706e00000| Untracked 
|  47|0x0000000707000000, 0x0000000707000000, 0x0000000707200000|  0%| F|  |TAMS 0x0000000707000000, 0x0000000707000000| Untracked 
|  48|0x0000000707200000, 0x0000000707200000, 0x0000000707400000|  0%| F|  |TAMS 0x0000000707200000, 0x0000000707200000| Untracked 
|  49|0x0000000707400000, 0x0000000707400000, 0x0000000707600000|  0%| F|  |TAMS 0x0000000707400000, 0x0000000707400000| Untracked 
|  50|0x0000000707600000, 0x0000000707600000, 0x0000000707800000|  0%| F|  |TAMS 0x0000000707600000, 0x0000000707600000| Untracked 
|  51|0x0000000707800000, 0x0000000707800000, 0x0000000707a00000|  0%| F|  |TAMS 0x0000000707800000, 0x0000000707800000| Untracked 
|  52|0x0000000707a00000, 0x0000000707a00000, 0x0000000707c00000|  0%| F|  |TAMS 0x0000000707a00000, 0x0000000707a00000| Untracked 
|  53|0x0000000707c00000, 0x0000000707c00000, 0x0000000707e00000|  0%| F|  |TAMS 0x0000000707c00000, 0x0000000707c00000| Untracked 
|  54|0x0000000707e00000, 0x0000000707e00000, 0x0000000708000000|  0%| F|  |TAMS 0x0000000707e00000, 0x0000000707e00000| Untracked 
|  55|0x0000000708000000, 0x0000000708000000, 0x0000000708200000|  0%| F|  |TAMS 0x0000000708000000, 0x0000000708000000| Untracked 
|  56|0x0000000708200000, 0x0000000708200000, 0x0000000708400000|  0%| F|  |TAMS 0x0000000708200000, 0x0000000708200000| Untracked 
|  57|0x0000000708400000, 0x0000000708400000, 0x0000000708600000|  0%| F|  |TAMS 0x0000000708400000, 0x0000000708400000| Untracked 
|  58|0x0000000708600000, 0x0000000708600000, 0x0000000708800000|  0%| F|  |TAMS 0x0000000708600000, 0x0000000708600000| Untracked 
|  59|0x0000000708800000, 0x0000000708800000, 0x0000000708a00000|  0%| F|  |TAMS 0x0000000708800000, 0x0000000708800000| Untracked 
|  60|0x0000000708a00000, 0x0000000708a00000, 0x0000000708c00000|  0%| F|  |TAMS 0x0000000708a00000, 0x0000000708a00000| Untracked 
|  61|0x0000000708c00000, 0x0000000708c00000, 0x0000000708e00000|  0%| F|  |TAMS 0x0000000708c00000, 0x0000000708c00000| Untracked 
|  62|0x0000000708e00000, 0x0000000708e00000, 0x0000000709000000|  0%| F|  |TAMS 0x0000000708e00000, 0x0000000708e00000| Untracked 
|  63|0x0000000709000000, 0x0000000709000000, 0x0000000709200000|  0%| F|  |TAMS 0x0000000709000000, 0x0000000709000000| Untracked 
|  64|0x0000000709200000, 0x0000000709200000, 0x0000000709400000|  0%| F|  |TAMS 0x0000000709200000, 0x0000000709200000| Untracked 
|  65|0x0000000709400000, 0x0000000709400000, 0x0000000709600000|  0%| F|  |TAMS 0x0000000709400000, 0x0000000709400000| Untracked 
|  66|0x0000000709600000, 0x0000000709600000, 0x0000000709800000|  0%| F|  |TAMS 0x0000000709600000, 0x0000000709600000| Untracked 
|  67|0x0000000709800000, 0x0000000709800000, 0x0000000709a00000|  0%| F|  |TAMS 0x0000000709800000, 0x0000000709800000| Untracked 
|  68|0x0000000709a00000, 0x0000000709a00000, 0x0000000709c00000|  0%| F|  |TAMS 0x0000000709a00000, 0x0000000709a00000| Untracked 
|  69|0x0000000709c00000, 0x0000000709c00000, 0x0000000709e00000|  0%| F|  |TAMS 0x0000000709c00000, 0x0000000709c00000| Untracked 
|  70|0x0000000709e00000, 0x0000000709e00000, 0x000000070a000000|  0%| F|  |TAMS 0x0000000709e00000, 0x0000000709e00000| Untracked 
|  71|0x000000070a000000, 0x000000070a000000, 0x000000070a200000|  0%| F|  |TAMS 0x000000070a000000, 0x000000070a000000| Untracked 
|  72|0x000000070a200000, 0x000000070a200000, 0x000000070a400000|  0%| F|  |TAMS 0x000000070a200000, 0x000000070a200000| Untracked 
|  73|0x000000070a400000, 0x000000070a400000, 0x000000070a600000|  0%| F|  |TAMS 0x000000070a400000, 0x000000070a400000| Untracked 
|  74|0x000000070a600000, 0x000000070a600000, 0x000000070a800000|  0%| F|  |TAMS 0x000000070a600000, 0x000000070a600000| Untracked 
|  75|0x000000070a800000, 0x000000070a800000, 0x000000070aa00000|  0%| F|  |TAMS 0x000000070a800000, 0x000000070a800000| Untracked 
|  76|0x000000070aa00000, 0x000000070aa00000, 0x000000070ac00000|  0%| F|  |TAMS 0x000000070aa00000, 0x000000070aa00000| Untracked 
|  77|0x000000070ac00000, 0x000000070ac00000, 0x000000070ae00000|  0%| F|  |TAMS 0x000000070ac00000, 0x000000070ac00000| Untracked 
|  78|0x000000070ae00000, 0x000000070ae00000, 0x000000070b000000|  0%| F|  |TAMS 0x000000070ae00000, 0x000000070ae00000| Untracked 
|  79|0x000000070b000000, 0x000000070b000000, 0x000000070b200000|  0%| F|  |TAMS 0x000000070b000000, 0x000000070b000000| Untracked 
|  80|0x000000070b200000, 0x000000070b200000, 0x000000070b400000|  0%| F|  |TAMS 0x000000070b200000, 0x000000070b200000| Untracked 
|  81|0x000000070b400000, 0x000000070b400000, 0x000000070b600000|  0%| F|  |TAMS 0x000000070b400000, 0x000000070b400000| Untracked 
|  82|0x000000070b600000, 0x000000070b600000, 0x000000070b800000|  0%| F|  |TAMS 0x000000070b600000, 0x000000070b600000| Untracked 
|  83|0x000000070b800000, 0x000000070b800000, 0x000000070ba00000|  0%| F|  |TAMS 0x000000070b800000, 0x000000070b800000| Untracked 
|  84|0x000000070ba00000, 0x000000070ba00000, 0x000000070bc00000|  0%| F|  |TAMS 0x000000070ba00000, 0x000000070ba00000| Untracked 
|  85|0x000000070bc00000, 0x000000070bc00000, 0x000000070be00000|  0%| F|  |TAMS 0x000000070bc00000, 0x000000070bc00000| Untracked 
|  86|0x000000070be00000, 0x000000070be00000, 0x000000070c000000|  0%| F|  |TAMS 0x000000070be00000, 0x000000070be00000| Untracked 
|  87|0x000000070c000000, 0x000000070c000000, 0x000000070c200000|  0%| F|  |TAMS 0x000000070c000000, 0x000000070c000000| Untracked 
|  88|0x000000070c200000, 0x000000070c200000, 0x000000070c400000|  0%| F|  |TAMS 0x000000070c200000, 0x000000070c200000| Untracked 
|  89|0x000000070c400000, 0x000000070c400000, 0x000000070c600000|  0%| F|  |TAMS 0x000000070c400000, 0x000000070c400000| Untracked 
|  90|0x000000070c600000, 0x000000070c700828, 0x000000070c800000| 50%| E|  |TAMS 0x000000070c600000, 0x000000070c600000| Complete 
|  91|0x000000070c800000, 0x000000070ca00000, 0x000000070ca00000|100%| E|CS|TAMS 0x000000070c800000, 0x000000070c800000| Complete 
|  92|0x000000070ca00000, 0x000000070cc00000, 0x000000070cc00000|100%| E|CS|TAMS 0x000000070ca00000, 0x000000070ca00000| Complete 
|  93|0x000000070cc00000, 0x000000070ce00000, 0x000000070ce00000|100%| E|CS|TAMS 0x000000070cc00000, 0x000000070cc00000| Complete 
|  94|0x000000070ce00000, 0x000000070d000000, 0x000000070d000000|100%| E|CS|TAMS 0x000000070ce00000, 0x000000070ce00000| Complete 
|  95|0x000000070d000000, 0x000000070d200000, 0x000000070d200000|100%| E|CS|TAMS 0x000000070d000000, 0x000000070d000000| Complete 
|  96|0x000000070d200000, 0x000000070d400000, 0x000000070d400000|100%| E|CS|TAMS 0x000000070d200000, 0x000000070d200000| Complete 
|  97|0x000000070d400000, 0x000000070d600000, 0x000000070d600000|100%| E|CS|TAMS 0x000000070d400000, 0x000000070d400000| Complete 
|  98|0x000000070d600000, 0x000000070d800000, 0x000000070d800000|100%| E|CS|TAMS 0x000000070d600000, 0x000000070d600000| Complete 
|  99|0x000000070d800000, 0x000000070da00000, 0x000000070da00000|100%| E|CS|TAMS 0x000000070d800000, 0x000000070d800000| Complete 
| 100|0x000000070da00000, 0x000000070dc00000, 0x000000070dc00000|100%| E|CS|TAMS 0x000000070da00000, 0x000000070da00000| Complete 
| 101|0x000000070dc00000, 0x000000070de00000, 0x000000070de00000|100%| E|CS|TAMS 0x000000070dc00000, 0x000000070dc00000| Complete 
| 102|0x000000070de00000, 0x000000070e000000, 0x000000070e000000|100%| E|CS|TAMS 0x000000070de00000, 0x000000070de00000| Complete 
| 103|0x000000070e000000, 0x000000070e200000, 0x000000070e200000|100%| E|CS|TAMS 0x000000070e000000, 0x000000070e000000| Complete 
| 104|0x000000070e200000, 0x000000070e400000, 0x000000070e400000|100%| E|CS|TAMS 0x000000070e200000, 0x000000070e200000| Complete 
| 105|0x000000070e400000, 0x000000070e600000, 0x000000070e600000|100%| E|CS|TAMS 0x000000070e400000, 0x000000070e400000| Complete 
| 106|0x000000070e600000, 0x000000070e800000, 0x000000070e800000|100%| E|CS|TAMS 0x000000070e600000, 0x000000070e600000| Complete 
| 107|0x000000070e800000, 0x000000070ea00000, 0x000000070ea00000|100%| E|CS|TAMS 0x000000070e800000, 0x000000070e800000| Complete 
| 108|0x000000070ea00000, 0x000000070ea0f7b0, 0x000000070ec00000|  3%| S|CS|TAMS 0x000000070ea00000, 0x000000070ea00000| Complete 
| 109|0x000000070ec00000, 0x000000070ee00000, 0x000000070ee00000|100%| E|CS|TAMS 0x000000070ec00000, 0x000000070ec00000| Complete 
| 110|0x000000070ee00000, 0x000000070f000000, 0x000000070f000000|100%| E|CS|TAMS 0x000000070ee00000, 0x000000070ee00000| Complete 
| 111|0x000000070f000000, 0x000000070f200000, 0x000000070f200000|100%| E|CS|TAMS 0x000000070f000000, 0x000000070f000000| Complete 
| 112|0x000000070f200000, 0x000000070f400000, 0x000000070f400000|100%| E|CS|TAMS 0x000000070f200000, 0x000000070f200000| Complete 
| 113|0x000000070f400000, 0x000000070f600000, 0x000000070f600000|100%| E|CS|TAMS 0x000000070f400000, 0x000000070f400000| Complete 
| 114|0x000000070f600000, 0x000000070f800000, 0x000000070f800000|100%| E|CS|TAMS 0x000000070f600000, 0x000000070f600000| Complete 
| 115|0x000000070f800000, 0x000000070fa00000, 0x000000070fa00000|100%| E|CS|TAMS 0x000000070f800000, 0x000000070f800000| Complete 
| 116|0x000000070fa00000, 0x000000070fc00000, 0x000000070fc00000|100%| E|CS|TAMS 0x000000070fa00000, 0x000000070fa00000| Complete 
| 117|0x000000070fc00000, 0x000000070fe00000, 0x000000070fe00000|100%| E|CS|TAMS 0x000000070fc00000, 0x000000070fc00000| Complete 
| 118|0x000000070fe00000, 0x0000000710000000, 0x0000000710000000|100%| E|CS|TAMS 0x000000070fe00000, 0x000000070fe00000| Complete 
| 119|0x0000000710000000, 0x0000000710200000, 0x0000000710200000|100%| E|CS|TAMS 0x0000000710000000, 0x0000000710000000| Complete 
| 120|0x0000000710200000, 0x0000000710400000, 0x0000000710400000|100%| E|CS|TAMS 0x0000000710200000, 0x0000000710200000| Complete 
| 121|0x0000000710400000, 0x0000000710600000, 0x0000000710600000|100%| E|CS|TAMS 0x0000000710400000, 0x0000000710400000| Complete 
| 122|0x0000000710600000, 0x0000000710800000, 0x0000000710800000|100%| E|CS|TAMS 0x0000000710600000, 0x0000000710600000| Complete 
| 123|0x0000000710800000, 0x0000000710a00000, 0x0000000710a00000|100%| E|CS|TAMS 0x0000000710800000, 0x0000000710800000| Complete 
| 124|0x0000000710a00000, 0x0000000710c00000, 0x0000000710c00000|100%| E|CS|TAMS 0x0000000710a00000, 0x0000000710a00000| Complete 
| 125|0x0000000710c00000, 0x0000000710e00000, 0x0000000710e00000|100%| E|CS|TAMS 0x0000000710c00000, 0x0000000710c00000| Complete 
| 126|0x0000000710e00000, 0x0000000711000000, 0x0000000711000000|100%| E|CS|TAMS 0x0000000710e00000, 0x0000000710e00000| Complete 
| 127|0x0000000711000000, 0x0000000711200000, 0x0000000711200000|100%| E|CS|TAMS 0x0000000711000000, 0x0000000711000000| Complete 

Card table byte_map: [0x0000014170510000,0x0000014170d10000] _byte_map_base: 0x000001416cd07000

Marking Bits (Prev, Next): (CMBitMap*) 0x0000014157633780, (CMBitMap*) 0x00000141576337c0
 Prev Bits: [0x0000014171510000, 0x00000141754c8000)
 Next Bits: [0x00000141754d0000, 0x0000014179488000)

Polling page: 0x0000014157420000

Metaspace:

Usage:
  Non-class:      6.80 MB used.
      Class:    723.53 KB used.
       Both:      7.51 MB used.

Virtual space:
  Non-class space:       64.00 MB reserved,       6.94 MB ( 11%) committed,  1 nodes.
      Class space:        1.00 GB reserved,     832.00 KB ( <1%) committed,  1 nodes.
             Both:        1.06 GB reserved,       7.75 MB ( <1%) committed. 

Chunk freelists:
   Non-Class:  998.00 KB
       Class:  3.24 MB
        Both:  4.22 MB

MaxMetaspaceSize: unlimited
CompressedClassSpaceSize: 1.00 GB
Initial GC threshold: 21.00 MB
Current GC threshold: 21.00 MB
CDS: on
MetaspaceReclaimPolicy: balanced
 - commit_granule_bytes: 65536.
 - commit_granule_words: 8192.
 - virtual_space_node_default_size: 8388608.
 - enlarge_chunks_in_place: 1.
 - new_chunks_are_fully_committed: 0.
 - uncommit_free_chunks: 1.
 - use_allocation_guard: 0.


Internal statistics:

num_allocs_failed_limit: 0.
num_arena_births: 110.
num_arena_deaths: 0.
num_vsnodes_births: 2.
num_vsnodes_deaths: 0.
num_space_committed: 124.
num_space_uncommitted: 0.
num_chunks_returned_to_freelist: 0.
num_chunks_taken_from_freelist: 153.
num_chunk_merges: 0.
num_chunk_splits: 88.
num_chunks_enlarged: 37.
num_inconsistent_stats: 0.

CodeHeap 'non-profiled nmethods': size=120000Kb used=859Kb max_used=859Kb free=119140Kb
 bounds [0x00000141681a0000, 0x0000014168410000, 0x000001416f6d0000]
CodeHeap 'profiled nmethods': size=120000Kb used=2486Kb max_used=2486Kb free=117513Kb
 bounds [0x0000014160c70000, 0x0000014160ee0000, 0x00000141681a0000]
CodeHeap 'non-nmethods': size=5760Kb used=1281Kb max_used=1344Kb free=4478Kb
 bounds [0x00000141606d0000, 0x0000014160940000, 0x0000014160c70000]
 total_blobs=2042 nmethods=1447 adapters=508
 compilation: enabled
              stopped_count=0, restarted_count=0
 full_count=0

Compilation events (20 events):
Event: 16.811 Thread 0x000001417ba81f70 1439       4       java.util.concurrent.locks.ReentrantLock::lock (8 bytes)
Event: 16.812 Thread 0x000001417ba86eb0 1440       3       java.awt.Component::isVisible (5 bytes)
Event: 16.812 Thread 0x000001417ba86eb0 nmethod 1440 0x0000014160ed9a10 code [0x0000014160ed9ba0, 0x0000014160ed9cd8]
Event: 16.814 Thread 0x000001417ba81f70 nmethod 1439 0x0000014168274110 code [0x00000141682742a0, 0x00000141682745c8]
Event: 16.853 Thread 0x000001417ba86eb0 1441       3       org.pixelgame.Engine.graphics.Renderer$2::run (166 bytes)
Event: 16.854 Thread 0x000001417ba86eb0 nmethod 1441 0x0000014160ed9d90 code [0x0000014160eda060, 0x0000014160edade8]
Event: 17.063 Thread 0x000001417ba81f70 1442   !   4       sun.awt.image.VolatileSurfaceManager::validate (213 bytes)
Event: 17.064 Thread 0x000001417ba81f70 nmethod 1442 0x0000014168274710 code [0x00000141682748a0, 0x0000014168274a58]
Event: 20.677 Thread 0x000001417ba86eb0 1443       3       org.pixelgame.Engine.object.ParticleSystem::update (128 bytes)
Event: 20.677 Thread 0x000001417ba86eb0 nmethod 1443 0x0000014160edb310 code [0x0000014160edb5a0, 0x0000014160edc2d8]
Event: 20.678 Thread 0x000001417ba86eb0 1444       3       org.pixelgame.Engine.object.ParticleSystem::render (45 bytes)
Event: 20.678 Thread 0x000001417ba86eb0 nmethod 1444 0x0000014160edc710 code [0x0000014160edc900, 0x0000014160edcf18]
Event: 21.302 Thread 0x000001417ba86eb0 1445       3       jdk.internal.logger.AbstractLoggerWrapper::isLoggable (26 bytes)
Event: 21.302 Thread 0x000001417ba86eb0 nmethod 1445 0x0000014160edd110 code [0x0000014160edd300, 0x0000014160edd898]
Event: 21.927 Thread 0x000001417ba81f70 1446       4       org.pixelgame.Engine.object.ParticleSystem::update (128 bytes)
Event: 21.933 Thread 0x000001417ba81f70 nmethod 1446 0x0000014168274c90 code [0x0000014168274e60, 0x0000014168275470]
Event: 21.933 Thread 0x000001417ba81f70 1447       4       org.pixelgame.Engine.object.ParticleSystem::render (45 bytes)
Event: 21.939 Thread 0x000001417ba81f70 nmethod 1447 0x0000014168275b90 code [0x0000014168275d60, 0x00000141682763b0]
Event: 22.386 Thread 0x000001417ba86eb0 1448       1       sun.util.locale.StringTokenIterator::isDone (5 bytes)
Event: 22.386 Thread 0x000001417ba86eb0 nmethod 1448 0x0000014168276c10 code [0x0000014168276da0, 0x0000014168276e78]

GC Heap History (6 events):
Event: 1.251 GC heap before
{Heap before GC invocations=0 (full 0):
 garbage-first heap   total 262144K, used 12288K [0x0000000701200000, 0x0000000800000000)
  region size 2048K, 6 young (12288K), 0 survivors (0K)
 Metaspace       used 7363K, committed 7616K, reserved 1114112K
  class space    used 717K, committed 832K, reserved 1048576K
}
Event: 1.253 GC heap after
{Heap after GC invocations=1 (full 0):
 garbage-first heap   total 262144K, used 2867K [0x0000000701200000, 0x0000000800000000)
  region size 2048K, 1 young (2048K), 1 survivors (2048K)
 Metaspace       used 7363K, committed 7616K, reserved 1114112K
  class space    used 717K, committed 832K, reserved 1048576K
}
Event: 3.277 GC heap before
{Heap before GC invocations=1 (full 0):
 garbage-first heap   total 262144K, used 13107K [0x0000000701200000, 0x0000000800000000)
  region size 2048K, 6 young (12288K), 1 survivors (2048K)
 Metaspace       used 7521K, committed 7744K, reserved 1114112K
  class space    used 717K, committed 832K, reserved 1048576K
}
Event: 3.278 GC heap after
{Heap after GC invocations=2 (full 0):
 garbage-first heap   total 262144K, used 3230K [0x0000000701200000, 0x0000000800000000)
  region size 2048K, 1 young (2048K), 1 survivors (2048K)
 Metaspace       used 7521K, committed 7744K, reserved 1114112K
  class space    used 717K, committed 832K, reserved 1048576K
}
Event: 10.974 GC heap before
{Heap before GC invocations=2 (full 0):
 garbage-first heap   total 262144K, used 40094K [0x0000000701200000, 0x0000000800000000)
  region size 2048K, 19 young (38912K), 1 survivors (2048K)
 Metaspace       used 7627K, committed 7872K, reserved 1114112K
  class space    used 718K, committed 832K, reserved 1048576K
}
Event: 10.974 GC heap after
{Heap after GC invocations=3 (full 0):
 garbage-first heap   total 262144K, used 2967K [0x0000000701200000, 0x0000000800000000)
  region size 2048K, 1 young (2048K), 1 survivors (2048K)
 Metaspace       used 7627K, committed 7872K, reserved 1114112K
  class space    used 718K, committed 832K, reserved 1048576K
}

Deoptimization events (20 events):
Event: 20.653 Thread 0x000001410094a9e0 Uncommon trap: trap_request=0xffffff45 fr.pc=0x000001416821ffdc relative=0x00000000000003fc
Event: 20.653 Thread 0x000001410094a9e0 Uncommon trap: reason=unstable_if action=reinterpret pc=0x000001416821ffdc method=org.pixelgame.Engine.object.ParticleSystem.render(Ljava/awt/Graphics;)V @ 4 c2
Event: 20.653 Thread 0x000001410094a9e0 DEOPT PACKING pc=0x000001416821ffdc sp=0x0000002e3b6ff290
Event: 20.653 Thread 0x000001410094a9e0 DEOPT UNPACKING pc=0x00000141607223a3 sp=0x0000002e3b6ff290 mode 2
Event: 22.574 Thread 0x000001410094a9e0 Uncommon trap: trap_request=0xffffff45 fr.pc=0x000001416826860c relative=0x000000000000148c
Event: 22.574 Thread 0x000001410094a9e0 Uncommon trap: reason=unstable_if action=reinterpret pc=0x000001416826860c method=sun.java2d.d3d.D3DScreenUpdateManager.createGraphics(Lsun/java2d/SurfaceData;Lsun/awt/windows/WComponentPeer;Ljava/awt/Color;Ljava/awt/Color;Ljava/awt/Font;)Ljava/awt/Graphi
Event: 22.574 Thread 0x000001410094a9e0 DEOPT PACKING pc=0x000001416826860c sp=0x0000002e3b6ff340
Event: 22.574 Thread 0x000001410094a9e0 DEOPT UNPACKING pc=0x00000141607223a3 sp=0x0000002e3b6ff218 mode 2
Event: 22.574 Thread 0x000001410094a9e0 Uncommon trap: trap_request=0xffffff45 fr.pc=0x0000014168223e60 relative=0x0000000000001000
Event: 22.574 Thread 0x000001410094a9e0 Uncommon trap: reason=unstable_if action=reinterpret pc=0x0000014168223e60 method=sun.java2d.d3d.D3DScreenUpdateManager.runUpdateNow()V @ 8 c2
Event: 22.574 Thread 0x000001410094a9e0 DEOPT PACKING pc=0x0000014168223e60 sp=0x0000002e3b6ff0b0
Event: 22.574 Thread 0x000001410094a9e0 DEOPT UNPACKING pc=0x00000141607223a3 sp=0x0000002e3b6fef68 mode 2
Event: 22.574 Thread 0x000001410094a9e0 Uncommon trap: trap_request=0xffffff45 fr.pc=0x00000141682638e4 relative=0x00000000000018c4
Event: 22.574 Thread 0x000001410094a9e0 Uncommon trap: reason=unstable_if action=reinterpret pc=0x00000141682638e4 method=sun.java2d.pipe.BufferedContext.validate(Lsun/java2d/pipe/hw/AccelSurface;Lsun/java2d/pipe/hw/AccelSurface;Lsun/java2d/pipe/Region;Ljava/awt/Composite;Ljava/awt/geom/AffineT
Event: 22.574 Thread 0x000001410094a9e0 DEOPT PACKING pc=0x00000141682638e4 sp=0x0000002e3b6feeb0
Event: 22.574 Thread 0x000001410094a9e0 DEOPT UNPACKING pc=0x00000141607223a3 sp=0x0000002e3b6fee58 mode 2
Event: 22.574 Thread 0x000001410094a9e0 Uncommon trap: trap_request=0xffffff45 fr.pc=0x00000141682749c0 relative=0x0000000000000120
Event: 22.574 Thread 0x000001410094a9e0 Uncommon trap: reason=unstable_if action=reinterpret pc=0x00000141682749c0 method=sun.awt.image.VolatileSurfaceManager.validate(Ljava/awt/GraphicsConfiguration;)I @ 90 c2
Event: 22.574 Thread 0x000001410094a9e0 DEOPT PACKING pc=0x00000141682749c0 sp=0x0000002e3b6ff3a0
Event: 22.574 Thread 0x000001410094a9e0 DEOPT UNPACKING pc=0x00000141607223a3 sp=0x0000002e3b6ff328 mode 2

Classes loaded (20 events):
Event: 2.528 Loading class java/awt/image/BufferedImageOp
Event: 2.528 Loading class java/awt/image/BufferedImageOp done
Event: 9.069 Loading class java/security/DomainCombiner
Event: 9.070 Loading class java/security/DomainCombiner done
Event: 16.816 Loading class sun/awt/im/CompositionAreaHandler
Event: 16.816 Loading class sun/awt/im/CompositionAreaHandler done
Event: 16.816 Loading class java/text/AttributedString
Event: 16.816 Loading class java/text/AttributedString done
Event: 16.816 Loading class java/text/AttributedString$AttributedStringIterator
Event: 16.816 Loading class java/text/AttributedCharacterIterator
Event: 16.816 Loading class java/text/CharacterIterator
Event: 16.816 Loading class java/text/CharacterIterator done
Event: 16.816 Loading class java/text/AttributedCharacterIterator done
Event: 16.816 Loading class java/text/AttributedString$AttributedStringIterator done
Event: 22.570 Loading class jdk/internal/misc/Signal$1
Event: 22.570 Loading class jdk/internal/misc/Signal$1 done
Event: 22.575 Loading class java/util/WeakHashMap$KeyIterator
Event: 22.575 Loading class java/util/WeakHashMap$HashIterator
Event: 22.575 Loading class java/util/WeakHashMap$HashIterator done
Event: 22.575 Loading class java/util/WeakHashMap$KeyIterator done

Classes unloaded (0 events):
No events

Classes redefined (0 events):
No events

Internal exceptions (15 events):
Event: 0.071 Thread 0x00000141575c0580 Exception <a 'java/lang/NoSuchMethodError'{0x00000007111b5658}: 'void java.lang.invoke.DirectMethodHandle$Holder.invokeStatic(java.lang.Object, java.lang.Object, java.lang.Object)'> (0x00000007111b5658) 
thrown [s\open\src\hotspot\share\interpreter\linkResolver.cpp, line 759]
Event: 0.074 Thread 0x00000141575c0580 Exception <a 'java/lang/NoSuchMethodError'{0x00000007111ce370}: 'java.lang.Object java.lang.invoke.Invokers$Holder.invokeExact_MT(java.lang.Object, java.lang.Object, java.lang.Object, java.lang.Object, java.lang.Object)'> (0x00000007111ce370) 
thrown [s\open\src\hotspot\share\interpreter\linkResolver.cpp, line 759]
Event: 0.083 Thread 0x0000014100183cb0 Exception <a 'java/lang/NoSuchMethodError'{0x00000007111f2d58}: 'void java.lang.invoke.DirectMethodHandle$Holder.invokeStatic(java.lang.Object, java.lang.Object)'> (0x00000007111f2d58) 
thrown [s\open\src\hotspot\share\interpreter\linkResolver.cpp, line 759]
Event: 0.095 Thread 0x00000141575c0580 Exception <a 'java/lang/ClassNotFoundException'{0x0000000710e40420}: sun/awt/resources/spi/awtProvider> (0x0000000710e40420) 
thrown [s\open\src\hotspot\share\classfile\systemDictionary.cpp, line 255]
Event: 0.113 Thread 0x00000141575c0580 Exception <a 'java/io/FileNotFoundException'{0x0000000710e918f0}> (0x0000000710e918f0) 
thrown [s\open\src\hotspot\share\prims\jni.cpp, line 516]
Event: 0.117 Thread 0x00000141575c0580 Exception <a 'java/io/FileNotFoundException'{0x0000000710ebeb88}> (0x0000000710ebeb88) 
thrown [s\open\src\hotspot\share\prims\jni.cpp, line 516]
Event: 0.145 Thread 0x00000141575c0580 Exception <a 'java/lang/NoSuchMethodError'{0x0000000710ef9cd8}: 'java.lang.Object java.lang.invoke.DirectMethodHandle$Holder.invokeStaticInit(java.lang.Object)'> (0x0000000710ef9cd8) 
thrown [s\open\src\hotspot\share\interpreter\linkResolver.cpp, line 759]
Event: 0.311 Thread 0x00000141002e2750 Exception <a 'java/lang/NoSuchMethodError'{0x0000000710f43330}: 'void java.lang.invoke.DirectMethodHandle$Holder.invokeVirtual(java.lang.Object, java.lang.Object)'> (0x0000000710f43330) 
thrown [s\open\src\hotspot\share\interpreter\linkResolver.cpp, line 759]
Event: 0.324 Thread 0x00000141575c0580 Exception <a 'java/lang/NoSuchMethodError'{0x0000000710fb12c8}: 'void java.lang.invoke.DirectMethodHandle$Holder.invokeStaticInit(java.lang.Object)'> (0x0000000710fb12c8) 
thrown [s\open\src\hotspot\share\interpreter\linkResolver.cpp, line 759]
Event: 0.393 Thread 0x00000141575c0580 Exception <a 'java/lang/NoSuchMethodError'{0x0000000710ceec10}: 'java.lang.Object java.lang.invoke.DirectMethodHandle$Holder.invokeStaticInit(java.lang.Object, int, int, int, int)'> (0x0000000710ceec10) 
thrown [s\open\src\hotspot\share\interpreter\linkResolver.cpp, line 759]
Event: 0.450 Thread 0x00000141575c0580 Exception <a 'java/lang/NoSuchMethodError'{0x0000000710db8f48}: 'java.lang.Object java.lang.invoke.DirectMethodHandle$Holder.invokeStaticInit(java.lang.Object, java.lang.Object, int, int, int, int)'> (0x0000000710db8f48) 
thrown [s\open\src\hotspot\share\interpreter\linkResolver.cpp, line 759]
Event: 1.122 Thread 0x000001417ba80230 Implicit null exception at 0x00000141681ebe35 to 0x00000141681ec072
Event: 1.138 Thread 0x000001417ba80230 Exception <a 'java/lang/NoSuchMethodError'{0x0000000710772bd8}: 'java.lang.Object java.lang.invoke.Invokers$Holder.invokeExact_MT(java.lang.Object, java.lang.Object, java.lang.Object, java.lang.Object, java.lang.Object, java.lang.Object)'> (0x0000000710772bd8) 
thrown [s\open\src\hotspot\share\interpreter\linkResolver.cpp, line 759]
Event: 7.529 Thread 0x0000014100948830 Implicit null exception at 0x00000141681eb8cc to 0x00000141681ebad4
Event: 16.812 Thread 0x000001410094a510 Implicit null exception at 0x00000141682407f5 to 0x00000141682408bc

VM Operations (20 events):
Event: 3.254 Executing VM operation: Cleanup
Event: 3.255 Executing VM operation: Cleanup done
Event: 3.277 Executing VM operation: G1CollectForAllocation
Event: 3.279 Executing VM operation: G1CollectForAllocation done
Event: 4.279 Executing VM operation: Cleanup
Event: 4.280 Executing VM operation: Cleanup done
Event: 5.280 Executing VM operation: Cleanup
Event: 5.280 Executing VM operation: Cleanup done
Event: 6.281 Executing VM operation: Cleanup
Event: 6.281 Executing VM operation: Cleanup done
Event: 8.283 Executing VM operation: Cleanup
Event: 8.283 Executing VM operation: Cleanup done
Event: 10.283 Executing VM operation: Cleanup
Event: 10.284 Executing VM operation: Cleanup done
Event: 10.974 Executing VM operation: G1CollectForAllocation
Event: 10.974 Executing VM operation: G1CollectForAllocation done
Event: 16.977 Executing VM operation: Cleanup
Event: 16.978 Executing VM operation: Cleanup done
Event: 21.979 Executing VM operation: Cleanup
Event: 21.980 Executing VM operation: Cleanup done

Events (20 events):
Event: 0.091 Loaded shared library C:\Users\stels\.jdks\openjdk-18.0.2.1\bin\jimage.dll
Event: 0.104 Loaded shared library C:\Users\stels\.jdks\openjdk-18.0.2.1\bin\awt.dll
Event: 0.146 Thread 0x00000141002d6f20 Thread added: 0x00000141002d6f20
Event: 0.147 Thread 0x00000141002de330 Thread added: 0x00000141002de330
Event: 0.147 Thread 0x00000141002e2750 Thread added: 0x00000141002e2750
Event: 0.313 Thread 0x000001410094a510 Thread added: 0x000001410094a510
Event: 0.328 Loaded shared library C:\Users\stels\.jdks\openjdk-18.0.2.1\bin\freetype.dll
Event: 0.328 Loaded shared library C:\Users\stels\.jdks\openjdk-18.0.2.1\bin\fontmanager.dll
Event: 0.360 Thread 0x0000014100948830 Thread added: 0x0000014100948830
Event: 0.371 Thread 0x000001410094a9e0 Thread added: 0x000001410094a9e0
Event: 0.463 Loaded shared library C:\Users\stels\.jdks\openjdk-18.0.2.1\bin\javajpeg.dll
Event: 0.651 Thread 0x00000141575c0580 Thread exited: 0x00000141575c0580
Event: 0.651 Thread 0x0000014100947e90 Thread added: 0x0000014100947e90
Event: 22.570 Thread 0x0000014100948d00 Thread added: 0x0000014100948d00
Event: 22.570 Thread 0x0000014100949b70 Thread added: 0x0000014100949b70
Event: 22.570 Thread 0x000001410094a040 Thread added: 0x000001410094a040
Event: 22.570 Thread 0x0000014100286170 Thread added: 0x0000014100286170
Event: 22.574 Thread 0x000001410094a040 Thread exited: 0x000001410094a040
Event: 22.574 Thread 0x0000014100948830 Thread exited: 0x0000014100948830
Event: 22.575 Thread 0x0000014100949b70 Thread exited: 0x0000014100949b70


Dynamic libraries:
0x00007ff6d0a20000 - 0x00007ff6d0a2e000 	C:\Users\stels\.jdks\openjdk-18.0.2.1\bin\java.exe
0x00007ffc18350000 - 0x00007ffc18548000 	C:\WINDOWS\SYSTEM32\ntdll.dll
0x00007ffc16f60000 - 0x00007ffc1701f000 	C:\WINDOWS\System32\KERNEL32.DLL
0x00007ffc15bd0000 - 0x00007ffc15ec6000 	C:\WINDOWS\System32\KERNELBASE.dll
0x00007ffc15a30000 - 0x00007ffc15b30000 	C:\WINDOWS\System32\ucrtbase.dll
0x00007ffc12700000 - 0x00007ffc12717000 	C:\Users\stels\.jdks\openjdk-18.0.2.1\bin\jli.dll
0x00007ffc12760000 - 0x00007ffc1277a000 	C:\Users\stels\.jdks\openjdk-18.0.2.1\bin\VCRUNTIME140.dll
0x00007ffc17b10000 - 0x00007ffc17cad000 	C:\WINDOWS\System32\USER32.dll
0x00007ffc16090000 - 0x00007ffc160b2000 	C:\WINDOWS\System32\win32u.dll
0x00007ffc17f70000 - 0x00007ffc17f9c000 	C:\WINDOWS\System32\GDI32.dll
0x00007ffc16220000 - 0x00007ffc16335000 	C:\WINDOWS\System32\gdi32full.dll
0x00007ffc15b30000 - 0x00007ffc15bcd000 	C:\WINDOWS\System32\msvcp_win.dll
0x00007ffbfc2f0000 - 0x00007ffbfc58a000 	C:\WINDOWS\WinSxS\amd64_microsoft.windows.common-controls_6595b64144ccf1df_6.0.19041.1110_none_60b5254171f9507e\COMCTL32.dll
0x00007ffc18270000 - 0x00007ffc1830e000 	C:\WINDOWS\System32\msvcrt.dll
0x00007ffc16f30000 - 0x00007ffc16f60000 	C:\WINDOWS\System32\IMM32.DLL
0x00007ffc12750000 - 0x00007ffc1275c000 	C:\Users\stels\.jdks\openjdk-18.0.2.1\bin\vcruntime140_1.dll
0x00007ffbf29d0000 - 0x00007ffbf2a5d000 	C:\Users\stels\.jdks\openjdk-18.0.2.1\bin\msvcp140.dll
0x00007ffbcefb0000 - 0x00007ffbcfbc1000 	C:\Users\stels\.jdks\openjdk-18.0.2.1\bin\server\jvm.dll
0x00007ffc180d0000 - 0x00007ffc1817f000 	C:\WINDOWS\System32\ADVAPI32.dll
0x00007ffc17cb0000 - 0x00007ffc17d4c000 	C:\WINDOWS\System32\sechost.dll
0x00007ffc17270000 - 0x00007ffc17396000 	C:\WINDOWS\System32\RPCRT4.dll
0x00007ffc17dd0000 - 0x00007ffc17dd8000 	C:\WINDOWS\System32\PSAPI.DLL
0x00007ffc07c50000 - 0x00007ffc07c77000 	C:\WINDOWS\SYSTEM32\WINMM.dll
0x00007ffbfa330000 - 0x00007ffbfa339000 	C:\WINDOWS\SYSTEM32\WSOCK32.dll
0x00007ffc10f20000 - 0x00007ffc10f2a000 	C:\WINDOWS\SYSTEM32\VERSION.dll
0x00007ffc17d60000 - 0x00007ffc17dcb000 	C:\WINDOWS\System32\WS2_32.dll
0x00007ffc138b0000 - 0x00007ffc138c2000 	C:\WINDOWS\SYSTEM32\kernel.appcore.dll
0x00007ffc12730000 - 0x00007ffc1273a000 	C:\Users\stels\.jdks\openjdk-18.0.2.1\bin\jimage.dll
0x00007ffc0eb60000 - 0x00007ffc0ed44000 	C:\WINDOWS\SYSTEM32\DBGHELP.DLL
0x00007ffc0e5f0000 - 0x00007ffc0e624000 	C:\WINDOWS\SYSTEM32\dbgcore.DLL
0x00007ffc15fd0000 - 0x00007ffc16052000 	C:\WINDOWS\System32\bcryptPrimitives.dll
0x00007ffc10800000 - 0x00007ffc1080e000 	C:\Users\stels\.jdks\openjdk-18.0.2.1\bin\instrument.dll
0x00007ffbf94f0000 - 0x00007ffbf9515000 	C:\Users\stels\.jdks\openjdk-18.0.2.1\bin\java.dll
0x00007ffbea6e0000 - 0x00007ffbea7b6000 	C:\Users\stels\.jdks\openjdk-18.0.2.1\bin\jsvml.dll
0x00007ffc16470000 - 0x00007ffc16bb4000 	C:\WINDOWS\System32\SHELL32.dll
0x00007ffc13ab0000 - 0x00007ffc14243000 	C:\WINDOWS\SYSTEM32\windows.storage.dll
0x00007ffc16bc0000 - 0x00007ffc16f14000 	C:\WINDOWS\System32\combase.dll
0x00007ffc153b0000 - 0x00007ffc153de000 	C:\WINDOWS\SYSTEM32\Wldp.dll
0x00007ffc17020000 - 0x00007ffc170cd000 	C:\WINDOWS\System32\SHCORE.dll
0x00007ffc17ab0000 - 0x00007ffc17b05000 	C:\WINDOWS\System32\shlwapi.dll
0x00007ffc15970000 - 0x00007ffc1598f000 	C:\WINDOWS\SYSTEM32\profapi.dll
0x00007ffc106d0000 - 0x00007ffc106e8000 	C:\Users\stels\.jdks\openjdk-18.0.2.1\bin\zip.dll
0x00007ffc0b5b0000 - 0x00007ffc0b5c3000 	C:\Users\stels\.jdks\openjdk-18.0.2.1\bin\net.dll
0x00007ffc0e4e0000 - 0x00007ffc0e5ea000 	C:\WINDOWS\SYSTEM32\WINHTTP.dll
0x00007ffc15120000 - 0x00007ffc1518a000 	C:\WINDOWS\system32\mswsock.dll
0x00007ffbfa730000 - 0x00007ffbfa746000 	C:\Users\stels\.jdks\openjdk-18.0.2.1\bin\nio.dll
0x00007ffbf94d0000 - 0x00007ffbf94ea000 	W:\IntelliJ IDEA Community Edition 2023.1.1\bin\breakgen64.dll
0x00007ffbe12e0000 - 0x00007ffbe146e000 	C:\Users\stels\.jdks\openjdk-18.0.2.1\bin\awt.dll
0x00007ffc173a0000 - 0x00007ffc1746d000 	C:\WINDOWS\System32\OLEAUT32.dll
0x00007ffc13300000 - 0x00007ffc13391000 	C:\WINDOWS\SYSTEM32\apphelp.dll
0x00007ffc136d0000 - 0x00007ffc136ff000 	C:\WINDOWS\system32\DWMAPI.DLL
0x00007ffc134e0000 - 0x00007ffc1357e000 	C:\WINDOWS\system32\uxtheme.dll
0x00007ffbd4a20000 - 0x00007ffbd4b45000 	C:\WINDOWS\system32\opengl32.dll
0x00007ffbd51d0000 - 0x00007ffbd51fc000 	C:\WINDOWS\SYSTEM32\GLU32.dll
0x00007ffc17150000 - 0x00007ffc17264000 	C:\WINDOWS\System32\MSCTF.dll
0x00007ffc17fa0000 - 0x00007ffc180ca000 	C:\WINDOWS\System32\ole32.dll
0x00007ffbe73f0000 - 0x00007ffbe75bd000 	C:\WINDOWS\system32\d3d9.dll
0x00007ffbf1820000 - 0x00007ffbf1937000 	C:\WINDOWS\System32\DriverStore\FileRepository\nv_dispig.inf_amd64_ee20464bb4ac57f4\nvldumdx.dll
0x00007ffc15740000 - 0x00007ffc15752000 	C:\WINDOWS\SYSTEM32\msasn1.dll
0x00007ffc10d00000 - 0x00007ffc10d31000 	C:\WINDOWS\SYSTEM32\cryptnet.dll
0x00007ffc160c0000 - 0x00007ffc1621e000 	C:\WINDOWS\System32\CRYPT32.dll
0x00007ffc10a70000 - 0x00007ffc10bb8000 	C:\WINDOWS\SYSTEM32\drvstore.dll
0x00007ffc157e0000 - 0x00007ffc1580c000 	C:\WINDOWS\SYSTEM32\devobj.dll
0x00007ffc15f80000 - 0x00007ffc15fce000 	C:\WINDOWS\System32\cfgmgr32.dll
0x00007ffc152b0000 - 0x00007ffc152bc000 	C:\WINDOWS\SYSTEM32\cryptbase.dll
0x00007ffc16340000 - 0x00007ffc163a7000 	C:\WINDOWS\System32\WINTRUST.DLL
0x00007ffc17470000 - 0x00007ffc1748d000 	C:\WINDOWS\System32\imagehlp.dll
0x00007ffc15550000 - 0x00007ffc15568000 	C:\WINDOWS\SYSTEM32\CRYPTSP.dll
0x00007ffc149f0000 - 0x00007ffc14a24000 	C:\WINDOWS\system32\rsaenh.dll
0x00007ffc16060000 - 0x00007ffc16087000 	C:\WINDOWS\System32\bcrypt.dll
0x00007ffbc9610000 - 0x00007ffbcae1a000 	C:\WINDOWS\System32\DriverStore\FileRepository\nv_dispig.inf_amd64_ee20464bb4ac57f4\nvd3dumx.dll
0x00007ffbecfb0000 - 0x00007ffbed273000 	C:\WINDOWS\system32\nvspcap64.dll
0x00007ffc14b30000 - 0x00007ffc14b63000 	C:\WINDOWS\SYSTEM32\ntmarta.dll
0x00007ffc14260000 - 0x00007ffc14283000 	C:\WINDOWS\SYSTEM32\gpapi.dll
0x00007ffc0e2e0000 - 0x00007ffc0e31b000 	C:\WINDOWS\SYSTEM32\dxcore.dll
0x00007ffbea330000 - 0x00007ffbea3b6000 	C:\Users\stels\.jdks\openjdk-18.0.2.1\bin\freetype.dll
0x00007ffbea280000 - 0x00007ffbea328000 	C:\Users\stels\.jdks\openjdk-18.0.2.1\bin\fontmanager.dll
0x00007ffbfa7f0000 - 0x00007ffbfa8ea000 	C:\WINDOWS\SYSTEM32\textinputframework.dll
0x00007ffc13180000 - 0x00007ffc13272000 	C:\WINDOWS\System32\CoreMessaging.dll
0x00007ffc12cf0000 - 0x00007ffc1304e000 	C:\WINDOWS\System32\CoreUIComponents.dll
0x00007ffc12b00000 - 0x00007ffc12c54000 	C:\WINDOWS\SYSTEM32\wintypes.dll
0x00007ffc15930000 - 0x00007ffc1595e000 	C:\WINDOWS\SYSTEM32\USERENV.dll
0x00007ffc14dc0000 - 0x00007ffc14dfc000 	C:\WINDOWS\SYSTEM32\IPHLPAPI.DLL
0x00007ffc17d50000 - 0x00007ffc17d58000 	C:\WINDOWS\System32\NSI.dll
0x00007ffc0f0a0000 - 0x00007ffc0f0b7000 	C:\WINDOWS\SYSTEM32\dhcpcsvc6.DLL
0x00007ffc0f030000 - 0x00007ffc0f04d000 	C:\WINDOWS\SYSTEM32\dhcpcsvc.DLL
0x00007ffc14e00000 - 0x00007ffc14ecb000 	C:\WINDOWS\SYSTEM32\DNSAPI.dll
0x00007ffbf9410000 - 0x00007ffbf943d000 	C:\Users\stels\.jdks\openjdk-18.0.2.1\bin\javajpeg.dll

dbghelp: loaded successfully - version: 4.0.5 - missing functions: none
symbol engine: initialized successfully - sym options: 0x614 - pdb path: .;C:\Users\stels\.jdks\openjdk-18.0.2.1\bin;C:\WINDOWS\SYSTEM32;C:\WINDOWS\WinSxS\amd64_microsoft.windows.common-controls_6595b64144ccf1df_6.0.19041.1110_none_60b5254171f9507e;C:\Users\stels\.jdks\openjdk-18.0.2.1\bin\server;W:\IntelliJ IDEA Community Edition 2023.1.1\bin;C:\WINDOWS\System32\DriverStore\FileRepository\nv_dispig.inf_amd64_ee20464bb4ac57f4

VM Arguments:
jvm_args: -javaagent:W:\IntelliJ IDEA Community Edition 2023.1.1\lib\idea_rt.jar=63713:W:\IntelliJ IDEA Community Edition 2023.1.1\bin -Dfile.encoding=UTF-8 -Dsun.stdout.encoding=UTF-8 -Dsun.stderr.encoding=UTF-8 
java_command: org.pixelgame.Game
java_class_path (initial): C:\Users\stels\IdeaProjects\Terarion\out\production\Terarion
Launcher Type: SUN_STANDARD

[Global flags]
     intx CICompilerCount                          = 3                                         {product} {ergonomic}
     uint ConcGCThreads                            = 1                                         {product} {ergonomic}
     uint G1ConcRefinementThreads                  = 4                                         {product} {ergonomic}
   size_t G1HeapRegionSize                         = 2097152                                   {product} {ergonomic}
    uintx GCDrainStackTargetSize                   = 64                                        {product} {ergonomic}
   size_t InitialHeapSize                          = 268435456                                 {product} {ergonomic}
   size_t MarkStackSize                            = 4194304                                   {product} {ergonomic}
   size_t MaxHeapSize                              = 4276092928                                {product} {ergonomic}
   size_t MaxNewSize                               = 2564816896                                {product} {ergonomic}
   size_t MinHeapDeltaBytes                        = 2097152                                   {product} {ergonomic}
   size_t MinHeapSize                              = 8388608                                   {product} {ergonomic}
    uintx NonNMethodCodeHeapSize                   = 5832780                                {pd product} {ergonomic}
    uintx NonProfiledCodeHeapSize                  = 122912730                              {pd product} {ergonomic}
    uintx ProfiledCodeHeapSize                     = 122912730                              {pd product} {ergonomic}
    uintx ReservedCodeCacheSize                    = 251658240                              {pd product} {ergonomic}
     bool SegmentedCodeCache                       = true                                      {product} {ergonomic}
   size_t SoftMaxHeapSize                          = 4276092928                             {manageable} {ergonomic}
     bool UseCompressedClassPointers               = true                           {product lp64_product} {ergonomic}
     bool UseCompressedOops                        = true                           {product lp64_product} {ergonomic}
     bool UseG1GC                                  = true                                      {product} {ergonomic}
     bool UseLargePagesIndividualAllocation        = false                                  {pd product} {ergonomic}

Logging:
Log output configuration:
 #0: stdout all=warning uptime,level,tags foldmultilines=false
 #1: stderr all=off uptime,level,tags foldmultilines=false

Environment Variables:
JAVA_HOME=W:\UnityFolders\2019.3.0f6\Editor\Data\PlaybackEngines\AndroidPlayer\OpenJDK
PATH=C:\Program Files\Microsoft\jdk-11.0.16.101-hotspot\bin;C:\Program Files\Eclipse Foundation\jdk-8.0.302.8-hotspot\bin;C:\Python27\;C:\Python27\Scripts;C:\Inprise\vbroker\bin;C:\Program Files (x86)\Common Files\Oracle\Java\javapath;C:\ProgramData\Oracle\Java\javapath;C:\WINDOWS\system32;C:\WINDOWS;C:\WINDOWS\System32\Wbem;C:\WINDOWS\System32\WindowsPowerShell\v1.0\;C:\Program Files\dotnet\;C:\WINDOWS\System32\OpenSSH\;C:\Program Files (x86)\NVIDIA Corporation\PhysX\Common;C:\Program Files\Microsoft SQL Server\130\Tools\Binn\;C:\Program Files (x86)\QuickTime\QTSystem\;C:\Program Files\NVIDIA Corporation\NVIDIA NvDLISR;W:\nodejs\;C:\ProgramData\chocolatey\bin;C:\Program Files\Microsoft SQL Server\Client SDK\ODBC\170\Tools\Binn\;D:\FlutterSDK\flutter\bin;D:\AndroidSDK\sdk-tools-windows\platform-tools;C:\WINDOWS\system32;C:\WINDOWS;C:\WINDOWS\System32\Wbem;C:\WINDOWS\System32\WindowsPowerShell\v1.0\;C:\WINDOWS\System32\OpenSSH\;C:\Program Files\OpenSSH-Win64;C:\Program Files\Microsoft\Web Platform Installer\;C:\Program Files\Git\cmd;C:\Program Files\Go\bin;C:\Users\stels\source\repos\Informatical\FPC\bin\i386-Win32;C:\MinGW\bin;C:\Program Files\Microsoft SQL Server\150\Tools\Binn\;C:\Program Files\CMake\bin;C:\Program Files (x86)\Microsoft SQL Server\160\DTS\Binn\;C:\Program Files\Azure Data Studio\bin;C:\Program Files (x86)\Microsoft SQL Server\150\DTS\Binn\;C:\Program Files (x86)\Microsoft SQL Server\150\Tools\Binn\;C:\Program Files\Microsoft SQL Server\150\DTS\Binn\;C:\Users\stels\AppData\Local\Programs\Python\Python39\Scripts\;C:\Users\stels\AppData\Local\Programs\Python\Python39\;C:\Users\stels\AppData\Local\GitHubDesktop\bin;W:\IntelliJ IDEA Community Edition 2018.3.4\bin;C:\Users\stels\AppData\Local\Microsoft\WindowsApps;C:\Users\stels\AppData\Roaming\npm;W:\Microsoft VS Code\bin;C:\Users\stels\.dotnet\tools;C:\Users\stels\AppData\Local\Microsoft\WindowsApps;C:\Users\stels\go\bin;%DevEco Studio%;C:\MinGW\bin;C:\Users\stels\.dotnet\tools;C:\Program Files\Azure Data Studio\bin;W:\IntelliJ IDEA Community Edition 2023.1.1\bin;
USERNAME=stels
OS=Windows_NT
PROCESSOR_IDENTIFIER=Intel64 Family 6 Model 158 Stepping 9, GenuineIntel



---------------  S Y S T E M  ---------------

OS:
 Windows 10 , 64 bit Build 19041 (10.0.19041.2913)
OS uptime: 1 days 6:16 hours
Hyper-V role detected

CPU: total 4 (initial active 4) (4 cores per cpu, 1 threads per core) family 6 model 158 stepping 9 microcode 0xb4, cx8, cmov, fxsr, mmx, 3dnowpref, sse, sse2, sse3, ssse3, sse4.1, sse4.2, popcnt, lzcnt, tsc, tscinvbit, avx, avx2, aes, erms, clmul, bmi1, bmi2, rtm, adx, fma, vzeroupper, clflush, clflushopt, hv

Memory: 4k page, system-wide physical 16307M (7095M free)
TotalPageFile size 27701M (AvailPageFile size 9994M)
current process WorkingSet (physical memory assigned to process): 149M, peak: 152M
current process commit charge ("private bytes"): 436M, peak: 450M

vm_info: OpenJDK 64-Bit Server VM (18.0.2.1+1-1) for windows-amd64 JRE (18.0.2.1+1-1), built on Aug 16 2022 01:44:29 by "mach5one" with MS VC++ 16.8 / 16.9 (VS2019)

END.
