#
# A fatal error has been detected by the Java Runtime Environment:
#
#  EXCEPTION_ACCESS_VIOLATION (0xc0000005) at pc=0x0000000000000000, pid=24828, tid=16652
#
# JRE version: OpenJDK Runtime Environment (13.0.2+8) (build 13.0.2+8)
# Java VM: OpenJDK 64-Bit Server VM (13.0.2+8, mixed mode, sharing, tiered, compressed oops, g1 gc, windows-amd64)
# Problematic frame:
# C  0x0000000000000000
#
# No core dump will be written. Minidumps are not enabled by default on client versions of Windows
#
# If you would like to submit a bug report, please visit:
#   http://bugreport.java.com/bugreport/crash.jsp
# The crash happened outside the Java Virtual Machine in native code.
# See problematic frame for where to report the bug.
#

---------------  S U M M A R Y ------------

Command Line: -Didea.launcher.port=63405 -Didea.launcher.bin.path=W:\IntelliJ IDEA Community Edition 2018.3.4\bin -Dfile.encoding=UTF-8 com.intellij.rt.execution.application.AppMainV2 org.pixelgame.Game

Host: Intel(R) Core(TM) i5-7600 CPU @ 3.50GHz, 4 cores, 15G,  Windows 10 , 64 bit Build 19041 (10.0.19041.1348)
Time: Sun Nov 28 16:01:22 2021 RTZ 2 (зима) elapsed time: 19 seconds (0d 0h 0m 19s)

---------------  T H R E A D  ---------------

Current thread (0x000001b880c5f800):  JavaThread "AWT-Windows" daemon [_thread_in_native, id=16652, stack(0x0000007c59b00000,0x0000007c59c00000)]

Stack: [0x0000007c59b00000,0x0000007c59c00000],  sp=0x0000007c59bfed98,  free space=1019k
Native frames: (J=compiled Java code, j=interpreted, Vv=VM code, C=native code)

Java frames: (J=compiled Java code, j=interpreted, Vv=VM code)
j  sun.awt.windows.WToolkit.eventLoop()V+0 java.desktop@13.0.2
j  sun.awt.windows.WToolkit.run()V+50 java.desktop@13.0.2
j  java.lang.Thread.run()V+11 java.base@13.0.2
v  ~StubRoutines::call_stub

siginfo: EXCEPTION_ACCESS_VIOLATION (0xc0000005), data execution prevention violation at address 0x0000000000000000


Register to memory mapping:

RIP=0x0 is NULL
RAX=0x0 is NULL
RBX=0x000001b8810cd670 points into unknown readable memory: f0 e5 38 81 b8 01 00 00
RCX=0x0 is NULL
RDX=0x000001b88138e5f0 points into unknown readable memory: 43 52 65 73 00 00 00 00
RSP=0x0000007c59bfed98 is pointing into the stack for thread: 0x000001b880c5f800
RBP=0x00007ffe8b1537e0 awt.dll
RSI=0x0 is NULL
RDI=0x000001b880d0a320 points into unknown readable memory: d0 5a b5 89 b8 01 00 00
R8 =0x000001b8810cd670 points into unknown readable memory: f0 e5 38 81 b8 01 00 00
R9 =0x0000000000000001 is an unknown value
R10=0x0000000000008000 is an unknown value
R11=0x0000007c59bfef50 is pointing into the stack for thread: 0x000001b880c5f800
R12=0x0 is NULL
R13={method} {0x000001b8801bf9a8} 'eventLoop' '()V' in 'sun/awt/windows/WToolkit'
R14=0x0000007c59bff298 is pointing into the stack for thread: 0x000001b880c5f800
R15=0x000001b880c5f800 is a thread


Registers:
RAX=0x0000000000000000, RBX=0x000001b8810cd670, RCX=0x0000000000000000, RDX=0x000001b88138e5f0
RSP=0x0000007c59bfed98, RBP=0x00007ffe8b1537e0, RSI=0x0000000000000000, RDI=0x000001b880d0a320
R8 =0x000001b8810cd670, R9 =0x0000000000000001, R10=0x0000000000008000, R11=0x0000007c59bfef50
R12=0x0000000000000000, R13=0x000001b8801bf9a0, R14=0x0000007c59bff298, R15=0x000001b880c5f800
RIP=0x0000000000000000, EFLAGS=0x0000000000010206

Top of Stack: (sp=0x0000007c59bfed98)
0x0000007c59bfed98:   00007ffeb0b30158 000001b8811d6660
0x0000007c59bfeda8:   00007ffe0000001d 0000000000000000
0x0000007c59bfedb8:   000001b881239f40 000001b880d0a320
0x0000007c59bfedc8:   00007ffeb0b30087 000001b8810cd670
0x0000007c59bfedd8:   000001b8da9b0000 000001b8810ce120
0x0000007c59bfede8:   00007ffebac0708f 000001b881182060
0x0000007c59bfedf8:   00007ffeb0b0e22e 000001b880f95fe0
0x0000007c59bfee08:   0000007c59bff298 000001b8801bf9a0
0x0000007c59bfee18:   00007ffebcf55ba1 000001b880d0a320
0x0000007c59bfee28:   000001b8810cd670 0000000000000000
0x0000007c59bfee38:   000001b849090040 00007ffe8b1537e0
0x0000007c59bfee48:   00007ffeb0b0e14b 000001b881360550
0x0000007c59bfee58:   00007ffe00000011 fffffffffffffffe
0x0000007c59bfee68:   fffffffffffffffe 0000007c59bff298
0x0000007c59bfee78:   00007ffeb0b0e0b0 0000000000000001
0x0000007c59bfee88:   0000000000000001 000001b880f95fe0 

Instructions: (pc=0x0000000000000000)
0xffffffffffffff00:   


Stack slot to memory mapping:
stack at sp + 0 slots: 0x00007ffeb0b30158 d3d9.dll
stack at sp + 1 slots: 0x000001b8811d6660 points into unknown readable memory: 40 29 95 da b8 01 00 00
stack at sp + 2 slots: 0x00007ffe0000001d is an unknown value
stack at sp + 3 slots: 0x0 is NULL
stack at sp + 4 slots: 0x000001b881239f40 points into unknown readable memory: 60 66 1d 81 b8 01 00 00
stack at sp + 5 slots: 0x000001b880d0a320 points into unknown readable memory: d0 5a b5 89 b8 01 00 00
stack at sp + 6 slots: 0x00007ffeb0b30087 d3d9.dll
stack at sp + 7 slots: 0x000001b8810cd670 points into unknown readable memory: f0 e5 38 81 b8 01 00 00


---------------  P R O C E S S  ---------------

Threads class SMR info:
_java_thread_list=0x000001b888bfa700, length=17, elements={
0x000001b8ffe7e800, 0x000001b8ffe82000, 0x000001b8ffea0000, 0x000001b8ffea2000,
0x000001b8ffea4000, 0x000001b8ffeae800, 0x000001b8808d1000, 0x000001b880999800,
0x000001b88099f800, 0x000001b8809b9000, 0x000001b880bf9000, 0x000001b880c57800,
0x000001b880c5f800, 0x000001b88137c000, 0x000001b888bd9000, 0x000001b8dcb5a800,
0x000001b889600800
}

Java Threads: ( => current thread )
  0x000001b8ffe7e800 JavaThread "Reference Handler" daemon [_thread_blocked, id=6880, stack(0x0000007c58e00000,0x0000007c58f00000)]
  0x000001b8ffe82000 JavaThread "Finalizer" daemon [_thread_blocked, id=29368, stack(0x0000007c58f00000,0x0000007c59000000)]
  0x000001b8ffea0000 JavaThread "Signal Dispatcher" daemon [_thread_blocked, id=23096, stack(0x0000007c59000000,0x0000007c59100000)]
  0x000001b8ffea2000 JavaThread "Attach Listener" daemon [_thread_blocked, id=8780, stack(0x0000007c59100000,0x0000007c59200000)]
  0x000001b8ffea4000 JavaThread "C2 CompilerThread0" daemon [_thread_blocked, id=33228, stack(0x0000007c59200000,0x0000007c59300000)]
  0x000001b8ffeae800 JavaThread "C1 CompilerThread0" daemon [_thread_blocked, id=25100, stack(0x0000007c59300000,0x0000007c59400000)]
  0x000001b8808d1000 JavaThread "Sweeper thread" daemon [_thread_blocked, id=33688, stack(0x0000007c59400000,0x0000007c59500000)]
  0x000001b880999800 JavaThread "Service Thread" daemon [_thread_blocked, id=32992, stack(0x0000007c59500000,0x0000007c59600000)]
  0x000001b88099f800 JavaThread "Common-Cleaner" daemon [_thread_blocked, id=8348, stack(0x0000007c59700000,0x0000007c59800000)]
  0x000001b8809b9000 JavaThread "Monitor Ctrl-Break" daemon [_thread_in_native, id=33344, stack(0x0000007c59800000,0x0000007c59900000)]
  0x000001b880bf9000 JavaThread "Java2D Disposer" daemon [_thread_blocked, id=4836, stack(0x0000007c59900000,0x0000007c59a00000)]
  0x000001b880c57800 JavaThread "AWT-Shutdown" [_thread_blocked, id=33192, stack(0x0000007c59a00000,0x0000007c59b00000)]
=>0x000001b880c5f800 JavaThread "AWT-Windows" daemon [_thread_in_native, id=16652, stack(0x0000007c59b00000,0x0000007c59c00000)]
  0x000001b88137c000 JavaThread "AWT-EventQueue-0" [_thread_blocked, id=15136, stack(0x0000007c59e00000,0x0000007c59f00000)]
  0x000001b888bd9000 JavaThread "Rendering Thread" [_thread_in_native, id=3752, stack(0x0000007c5a000000,0x0000007c5a100000)]
  0x000001b8dcb5a800 JavaThread "DestroyJavaVM" [_thread_blocked, id=10288, stack(0x0000007c58700000,0x0000007c58800000)]
  0x000001b889600800 JavaThread "ToolkitShutdown" daemon [_thread_in_native, id=21860, stack(0x0000007c5a6a0000,0x0000007c5a7a0000)]

Other Threads:
  0x000001b8ffe7d000 VMThread "VM Thread" [stack: 0x0000007c58d00000,0x0000007c58e00000] [id=1060]
  0x000001b88099a800 WatcherThread [stack: 0x0000007c59600000,0x0000007c59700000] [id=19692]
  0x000001b8dcbc5800 GCTaskThread "GC Thread#0" [stack: 0x0000007c58800000,0x0000007c58900000] [id=31156]
  0x000001b8892d2000 GCTaskThread "GC Thread#1" [stack: 0x0000007c5a140000,0x0000007c5a240000] [id=15600]
  0x000001b8892d3000 GCTaskThread "GC Thread#2" [stack: 0x0000007c5a240000,0x0000007c5a340000] [id=20148]
  0x000001b8892d3800 GCTaskThread "GC Thread#3" [stack: 0x0000007c5a340000,0x0000007c5a440000] [id=30828]
  0x000001b8dcbe8000 ConcurrentGCThread "G1 Main Marker" [stack: 0x0000007c58900000,0x0000007c58a00000] [id=25212]
  0x000001b8dcbea000 ConcurrentGCThread "G1 Conc#0" [stack: 0x0000007c58a00000,0x0000007c58b00000] [id=9172]
  0x000001b8ffd79800 ConcurrentGCThread "G1 Refine#0" [stack: 0x0000007c58b00000,0x0000007c58c00000] [id=6280]
  0x000001b8ffd7c800 ConcurrentGCThread "G1 Young RemSet Sampling" [stack: 0x0000007c58c00000,0x0000007c58d00000] [id=31204]

Threads with active compile tasks:

VM state:not at safepoint (normal execution)

VM Mutex/Monitor currently owned by a thread: None

Heap address: 0x0000000701200000, size: 4078 MB, Compressed Oops mode: Zero based, Oop shift amount: 3
Narrow klass base: 0x0000000800000000, Narrow klass shift: 3
Compressed class space size: 1073741824 Address: 0x0000000800b40000

Heap:
 garbage-first heap   total 262144K, used 52961K [0x0000000701200000, 0x0000000800000000)
  region size 1024K, 53 young (54272K), 3 survivors (3072K)
 Metaspace       used 7758K, capacity 7880K, committed 7936K, reserved 1056768K
  class space    used 717K, capacity 761K, committed 768K, reserved 1048576K
Heap Regions: E=young(eden), S=young(survivor), O=old, HS=humongous(starts), HC=humongous(continues), CS=collection set, F=free, A=archive, TAMS=top-at-mark-start (previous, next)
|   0|0x0000000701200000, 0x0000000701200000, 0x0000000701300000|  0%| F|  |TAMS 0x0000000701200000, 0x0000000701200000| Untracked 
|   1|0x0000000701300000, 0x0000000701300000, 0x0000000701400000|  0%| F|  |TAMS 0x0000000701300000, 0x0000000701300000| Untracked 
|   2|0x0000000701400000, 0x0000000701400000, 0x0000000701500000|  0%| F|  |TAMS 0x0000000701400000, 0x0000000701400000| Untracked 
|   3|0x0000000701500000, 0x0000000701500000, 0x0000000701600000|  0%| F|  |TAMS 0x0000000701500000, 0x0000000701500000| Untracked 
|   4|0x0000000701600000, 0x0000000701600000, 0x0000000701700000|  0%| F|  |TAMS 0x0000000701600000, 0x0000000701600000| Untracked 
|   5|0x0000000701700000, 0x0000000701700000, 0x0000000701800000|  0%| F|  |TAMS 0x0000000701700000, 0x0000000701700000| Untracked 
|   6|0x0000000701800000, 0x0000000701800000, 0x0000000701900000|  0%| F|  |TAMS 0x0000000701800000, 0x0000000701800000| Untracked 
|   7|0x0000000701900000, 0x0000000701900000, 0x0000000701a00000|  0%| F|  |TAMS 0x0000000701900000, 0x0000000701900000| Untracked 
|   8|0x0000000701a00000, 0x0000000701a00000, 0x0000000701b00000|  0%| F|  |TAMS 0x0000000701a00000, 0x0000000701a00000| Untracked 
|   9|0x0000000701b00000, 0x0000000701b00000, 0x0000000701c00000|  0%| F|  |TAMS 0x0000000701b00000, 0x0000000701b00000| Untracked 
|  10|0x0000000701c00000, 0x0000000701c00000, 0x0000000701d00000|  0%| F|  |TAMS 0x0000000701c00000, 0x0000000701c00000| Untracked 
|  11|0x0000000701d00000, 0x0000000701d00000, 0x0000000701e00000|  0%| F|  |TAMS 0x0000000701d00000, 0x0000000701d00000| Untracked 
|  12|0x0000000701e00000, 0x0000000701e00000, 0x0000000701f00000|  0%| F|  |TAMS 0x0000000701e00000, 0x0000000701e00000| Untracked 
|  13|0x0000000701f00000, 0x0000000701f00000, 0x0000000702000000|  0%| F|  |TAMS 0x0000000701f00000, 0x0000000701f00000| Untracked 
|  14|0x0000000702000000, 0x0000000702000000, 0x0000000702100000|  0%| F|  |TAMS 0x0000000702000000, 0x0000000702000000| Untracked 
|  15|0x0000000702100000, 0x0000000702100000, 0x0000000702200000|  0%| F|  |TAMS 0x0000000702100000, 0x0000000702100000| Untracked 
|  16|0x0000000702200000, 0x0000000702200000, 0x0000000702300000|  0%| F|  |TAMS 0x0000000702200000, 0x0000000702200000| Untracked 
|  17|0x0000000702300000, 0x0000000702300000, 0x0000000702400000|  0%| F|  |TAMS 0x0000000702300000, 0x0000000702300000| Untracked 
|  18|0x0000000702400000, 0x0000000702400000, 0x0000000702500000|  0%| F|  |TAMS 0x0000000702400000, 0x0000000702400000| Untracked 
|  19|0x0000000702500000, 0x0000000702500000, 0x0000000702600000|  0%| F|  |TAMS 0x0000000702500000, 0x0000000702500000| Untracked 
|  20|0x0000000702600000, 0x0000000702600000, 0x0000000702700000|  0%| F|  |TAMS 0x0000000702600000, 0x0000000702600000| Untracked 
|  21|0x0000000702700000, 0x0000000702700000, 0x0000000702800000|  0%| F|  |TAMS 0x0000000702700000, 0x0000000702700000| Untracked 
|  22|0x0000000702800000, 0x0000000702800000, 0x0000000702900000|  0%| F|  |TAMS 0x0000000702800000, 0x0000000702800000| Untracked 
|  23|0x0000000702900000, 0x0000000702900000, 0x0000000702a00000|  0%| F|  |TAMS 0x0000000702900000, 0x0000000702900000| Untracked 
|  24|0x0000000702a00000, 0x0000000702a00000, 0x0000000702b00000|  0%| F|  |TAMS 0x0000000702a00000, 0x0000000702a00000| Untracked 
|  25|0x0000000702b00000, 0x0000000702b00000, 0x0000000702c00000|  0%| F|  |TAMS 0x0000000702b00000, 0x0000000702b00000| Untracked 
|  26|0x0000000702c00000, 0x0000000702c00000, 0x0000000702d00000|  0%| F|  |TAMS 0x0000000702c00000, 0x0000000702c00000| Untracked 
|  27|0x0000000702d00000, 0x0000000702d00000, 0x0000000702e00000|  0%| F|  |TAMS 0x0000000702d00000, 0x0000000702d00000| Untracked 
|  28|0x0000000702e00000, 0x0000000702e00000, 0x0000000702f00000|  0%| F|  |TAMS 0x0000000702e00000, 0x0000000702e00000| Untracked 
|  29|0x0000000702f00000, 0x0000000702f00000, 0x0000000703000000|  0%| F|  |TAMS 0x0000000702f00000, 0x0000000702f00000| Untracked 
|  30|0x0000000703000000, 0x0000000703000000, 0x0000000703100000|  0%| F|  |TAMS 0x0000000703000000, 0x0000000703000000| Untracked 
|  31|0x0000000703100000, 0x0000000703100000, 0x0000000703200000|  0%| F|  |TAMS 0x0000000703100000, 0x0000000703100000| Untracked 
|  32|0x0000000703200000, 0x0000000703200000, 0x0000000703300000|  0%| F|  |TAMS 0x0000000703200000, 0x0000000703200000| Untracked 
|  33|0x0000000703300000, 0x0000000703300000, 0x0000000703400000|  0%| F|  |TAMS 0x0000000703300000, 0x0000000703300000| Untracked 
|  34|0x0000000703400000, 0x0000000703400000, 0x0000000703500000|  0%| F|  |TAMS 0x0000000703400000, 0x0000000703400000| Untracked 
|  35|0x0000000703500000, 0x0000000703500000, 0x0000000703600000|  0%| F|  |TAMS 0x0000000703500000, 0x0000000703500000| Untracked 
|  36|0x0000000703600000, 0x0000000703600000, 0x0000000703700000|  0%| F|  |TAMS 0x0000000703600000, 0x0000000703600000| Untracked 
|  37|0x0000000703700000, 0x0000000703700000, 0x0000000703800000|  0%| F|  |TAMS 0x0000000703700000, 0x0000000703700000| Untracked 
|  38|0x0000000703800000, 0x0000000703800000, 0x0000000703900000|  0%| F|  |TAMS 0x0000000703800000, 0x0000000703800000| Untracked 
|  39|0x0000000703900000, 0x0000000703900000, 0x0000000703a00000|  0%| F|  |TAMS 0x0000000703900000, 0x0000000703900000| Untracked 
|  40|0x0000000703a00000, 0x0000000703a00000, 0x0000000703b00000|  0%| F|  |TAMS 0x0000000703a00000, 0x0000000703a00000| Untracked 
|  41|0x0000000703b00000, 0x0000000703b00000, 0x0000000703c00000|  0%| F|  |TAMS 0x0000000703b00000, 0x0000000703b00000| Untracked 
|  42|0x0000000703c00000, 0x0000000703c00000, 0x0000000703d00000|  0%| F|  |TAMS 0x0000000703c00000, 0x0000000703c00000| Untracked 
|  43|0x0000000703d00000, 0x0000000703d00000, 0x0000000703e00000|  0%| F|  |TAMS 0x0000000703d00000, 0x0000000703d00000| Untracked 
|  44|0x0000000703e00000, 0x0000000703e00000, 0x0000000703f00000|  0%| F|  |TAMS 0x0000000703e00000, 0x0000000703e00000| Untracked 
|  45|0x0000000703f00000, 0x0000000703f00000, 0x0000000704000000|  0%| F|  |TAMS 0x0000000703f00000, 0x0000000703f00000| Untracked 
|  46|0x0000000704000000, 0x0000000704000000, 0x0000000704100000|  0%| F|  |TAMS 0x0000000704000000, 0x0000000704000000| Untracked 
|  47|0x0000000704100000, 0x0000000704100000, 0x0000000704200000|  0%| F|  |TAMS 0x0000000704100000, 0x0000000704100000| Untracked 
|  48|0x0000000704200000, 0x0000000704200000, 0x0000000704300000|  0%| F|  |TAMS 0x0000000704200000, 0x0000000704200000| Untracked 
|  49|0x0000000704300000, 0x0000000704300000, 0x0000000704400000|  0%| F|  |TAMS 0x0000000704300000, 0x0000000704300000| Untracked 
|  50|0x0000000704400000, 0x0000000704400000, 0x0000000704500000|  0%| F|  |TAMS 0x0000000704400000, 0x0000000704400000| Untracked 
|  51|0x0000000704500000, 0x0000000704500000, 0x0000000704600000|  0%| F|  |TAMS 0x0000000704500000, 0x0000000704500000| Untracked 
|  52|0x0000000704600000, 0x0000000704600000, 0x0000000704700000|  0%| F|  |TAMS 0x0000000704600000, 0x0000000704600000| Untracked 
|  53|0x0000000704700000, 0x0000000704700000, 0x0000000704800000|  0%| F|  |TAMS 0x0000000704700000, 0x0000000704700000| Untracked 
|  54|0x0000000704800000, 0x0000000704800000, 0x0000000704900000|  0%| F|  |TAMS 0x0000000704800000, 0x0000000704800000| Untracked 
|  55|0x0000000704900000, 0x0000000704900000, 0x0000000704a00000|  0%| F|  |TAMS 0x0000000704900000, 0x0000000704900000| Untracked 
|  56|0x0000000704a00000, 0x0000000704a00000, 0x0000000704b00000|  0%| F|  |TAMS 0x0000000704a00000, 0x0000000704a00000| Untracked 
|  57|0x0000000704b00000, 0x0000000704b00000, 0x0000000704c00000|  0%| F|  |TAMS 0x0000000704b00000, 0x0000000704b00000| Untracked 
|  58|0x0000000704c00000, 0x0000000704c00000, 0x0000000704d00000|  0%| F|  |TAMS 0x0000000704c00000, 0x0000000704c00000| Untracked 
|  59|0x0000000704d00000, 0x0000000704d00000, 0x0000000704e00000|  0%| F|  |TAMS 0x0000000704d00000, 0x0000000704d00000| Untracked 
|  60|0x0000000704e00000, 0x0000000704e00000, 0x0000000704f00000|  0%| F|  |TAMS 0x0000000704e00000, 0x0000000704e00000| Untracked 
|  61|0x0000000704f00000, 0x0000000704f00000, 0x0000000705000000|  0%| F|  |TAMS 0x0000000704f00000, 0x0000000704f00000| Untracked 
|  62|0x0000000705000000, 0x0000000705000000, 0x0000000705100000|  0%| F|  |TAMS 0x0000000705000000, 0x0000000705000000| Untracked 
|  63|0x0000000705100000, 0x0000000705100000, 0x0000000705200000|  0%| F|  |TAMS 0x0000000705100000, 0x0000000705100000| Untracked 
|  64|0x0000000705200000, 0x0000000705200000, 0x0000000705300000|  0%| F|  |TAMS 0x0000000705200000, 0x0000000705200000| Untracked 
|  65|0x0000000705300000, 0x0000000705300000, 0x0000000705400000|  0%| F|  |TAMS 0x0000000705300000, 0x0000000705300000| Untracked 
|  66|0x0000000705400000, 0x0000000705400000, 0x0000000705500000|  0%| F|  |TAMS 0x0000000705400000, 0x0000000705400000| Untracked 
|  67|0x0000000705500000, 0x0000000705500000, 0x0000000705600000|  0%| F|  |TAMS 0x0000000705500000, 0x0000000705500000| Untracked 
|  68|0x0000000705600000, 0x0000000705600000, 0x0000000705700000|  0%| F|  |TAMS 0x0000000705600000, 0x0000000705600000| Untracked 
|  69|0x0000000705700000, 0x0000000705700000, 0x0000000705800000|  0%| F|  |TAMS 0x0000000705700000, 0x0000000705700000| Untracked 
|  70|0x0000000705800000, 0x0000000705800000, 0x0000000705900000|  0%| F|  |TAMS 0x0000000705800000, 0x0000000705800000| Untracked 
|  71|0x0000000705900000, 0x0000000705900000, 0x0000000705a00000|  0%| F|  |TAMS 0x0000000705900000, 0x0000000705900000| Untracked 
|  72|0x0000000705a00000, 0x0000000705a00000, 0x0000000705b00000|  0%| F|  |TAMS 0x0000000705a00000, 0x0000000705a00000| Untracked 
|  73|0x0000000705b00000, 0x0000000705b00000, 0x0000000705c00000|  0%| F|  |TAMS 0x0000000705b00000, 0x0000000705b00000| Untracked 
|  74|0x0000000705c00000, 0x0000000705c00000, 0x0000000705d00000|  0%| F|  |TAMS 0x0000000705c00000, 0x0000000705c00000| Untracked 
|  75|0x0000000705d00000, 0x0000000705d00000, 0x0000000705e00000|  0%| F|  |TAMS 0x0000000705d00000, 0x0000000705d00000| Untracked 
|  76|0x0000000705e00000, 0x0000000705e00000, 0x0000000705f00000|  0%| F|  |TAMS 0x0000000705e00000, 0x0000000705e00000| Untracked 
|  77|0x0000000705f00000, 0x0000000705f00000, 0x0000000706000000|  0%| F|  |TAMS 0x0000000705f00000, 0x0000000705f00000| Untracked 
|  78|0x0000000706000000, 0x0000000706000000, 0x0000000706100000|  0%| F|  |TAMS 0x0000000706000000, 0x0000000706000000| Untracked 
|  79|0x0000000706100000, 0x0000000706100000, 0x0000000706200000|  0%| F|  |TAMS 0x0000000706100000, 0x0000000706100000| Untracked 
|  80|0x0000000706200000, 0x0000000706200000, 0x0000000706300000|  0%| F|  |TAMS 0x0000000706200000, 0x0000000706200000| Untracked 
|  81|0x0000000706300000, 0x0000000706300000, 0x0000000706400000|  0%| F|  |TAMS 0x0000000706300000, 0x0000000706300000| Untracked 
|  82|0x0000000706400000, 0x0000000706400000, 0x0000000706500000|  0%| F|  |TAMS 0x0000000706400000, 0x0000000706400000| Untracked 
|  83|0x0000000706500000, 0x0000000706500000, 0x0000000706600000|  0%| F|  |TAMS 0x0000000706500000, 0x0000000706500000| Untracked 
|  84|0x0000000706600000, 0x0000000706600000, 0x0000000706700000|  0%| F|  |TAMS 0x0000000706600000, 0x0000000706600000| Untracked 
|  85|0x0000000706700000, 0x0000000706700000, 0x0000000706800000|  0%| F|  |TAMS 0x0000000706700000, 0x0000000706700000| Untracked 
|  86|0x0000000706800000, 0x0000000706800000, 0x0000000706900000|  0%| F|  |TAMS 0x0000000706800000, 0x0000000706800000| Untracked 
|  87|0x0000000706900000, 0x0000000706900000, 0x0000000706a00000|  0%| F|  |TAMS 0x0000000706900000, 0x0000000706900000| Untracked 
|  88|0x0000000706a00000, 0x0000000706a00000, 0x0000000706b00000|  0%| F|  |TAMS 0x0000000706a00000, 0x0000000706a00000| Untracked 
|  89|0x0000000706b00000, 0x0000000706b00000, 0x0000000706c00000|  0%| F|  |TAMS 0x0000000706b00000, 0x0000000706b00000| Untracked 
|  90|0x0000000706c00000, 0x0000000706c00000, 0x0000000706d00000|  0%| F|  |TAMS 0x0000000706c00000, 0x0000000706c00000| Untracked 
|  91|0x0000000706d00000, 0x0000000706d00000, 0x0000000706e00000|  0%| F|  |TAMS 0x0000000706d00000, 0x0000000706d00000| Untracked 
|  92|0x0000000706e00000, 0x0000000706e00000, 0x0000000706f00000|  0%| F|  |TAMS 0x0000000706e00000, 0x0000000706e00000| Untracked 
|  93|0x0000000706f00000, 0x0000000706f00000, 0x0000000707000000|  0%| F|  |TAMS 0x0000000706f00000, 0x0000000706f00000| Untracked 
|  94|0x0000000707000000, 0x0000000707000000, 0x0000000707100000|  0%| F|  |TAMS 0x0000000707000000, 0x0000000707000000| Untracked 
|  95|0x0000000707100000, 0x0000000707100000, 0x0000000707200000|  0%| F|  |TAMS 0x0000000707100000, 0x0000000707100000| Untracked 
|  96|0x0000000707200000, 0x0000000707200000, 0x0000000707300000|  0%| F|  |TAMS 0x0000000707200000, 0x0000000707200000| Untracked 
|  97|0x0000000707300000, 0x0000000707300000, 0x0000000707400000|  0%| F|  |TAMS 0x0000000707300000, 0x0000000707300000| Untracked 
|  98|0x0000000707400000, 0x0000000707400000, 0x0000000707500000|  0%| F|  |TAMS 0x0000000707400000, 0x0000000707400000| Untracked 
|  99|0x0000000707500000, 0x0000000707500000, 0x0000000707600000|  0%| F|  |TAMS 0x0000000707500000, 0x0000000707500000| Untracked 
| 100|0x0000000707600000, 0x0000000707600000, 0x0000000707700000|  0%| F|  |TAMS 0x0000000707600000, 0x0000000707600000| Untracked 
| 101|0x0000000707700000, 0x0000000707700000, 0x0000000707800000|  0%| F|  |TAMS 0x0000000707700000, 0x0000000707700000| Untracked 
| 102|0x0000000707800000, 0x0000000707800000, 0x0000000707900000|  0%| F|  |TAMS 0x0000000707800000, 0x0000000707800000| Untracked 
| 103|0x0000000707900000, 0x00000007079b86b0, 0x0000000707a00000| 72%| S|CS|TAMS 0x0000000707900000, 0x0000000707900000| Complete 
| 104|0x0000000707a00000, 0x0000000707b00000, 0x0000000707b00000|100%| S|CS|TAMS 0x0000000707a00000, 0x0000000707a00000| Complete 
| 105|0x0000000707b00000, 0x0000000707c00000, 0x0000000707c00000|100%| S|CS|TAMS 0x0000000707b00000, 0x0000000707b00000| Complete 
| 106|0x0000000707c00000, 0x0000000707c00000, 0x0000000707d00000|  0%| F|  |TAMS 0x0000000707c00000, 0x0000000707c00000| Untracked 
| 107|0x0000000707d00000, 0x0000000707d00000, 0x0000000707e00000|  0%| F|  |TAMS 0x0000000707d00000, 0x0000000707d00000| Untracked 
| 108|0x0000000707e00000, 0x0000000707e00000, 0x0000000707f00000|  0%| F|  |TAMS 0x0000000707e00000, 0x0000000707e00000| Untracked 
| 109|0x0000000707f00000, 0x0000000707f00000, 0x0000000708000000|  0%| F|  |TAMS 0x0000000707f00000, 0x0000000707f00000| Untracked 
| 110|0x0000000708000000, 0x0000000708000000, 0x0000000708100000|  0%| F|  |TAMS 0x0000000708000000, 0x0000000708000000| Untracked 
| 111|0x0000000708100000, 0x0000000708100000, 0x0000000708200000|  0%| F|  |TAMS 0x0000000708100000, 0x0000000708100000| Untracked 
| 112|0x0000000708200000, 0x0000000708200000, 0x0000000708300000|  0%| F|  |TAMS 0x0000000708200000, 0x0000000708200000| Untracked 
| 113|0x0000000708300000, 0x0000000708300000, 0x0000000708400000|  0%| F|  |TAMS 0x0000000708300000, 0x0000000708300000| Untracked 
| 114|0x0000000708400000, 0x0000000708400000, 0x0000000708500000|  0%| F|  |TAMS 0x0000000708400000, 0x0000000708400000| Untracked 
| 115|0x0000000708500000, 0x0000000708500000, 0x0000000708600000|  0%| F|  |TAMS 0x0000000708500000, 0x0000000708500000| Untracked 
| 116|0x0000000708600000, 0x0000000708600000, 0x0000000708700000|  0%| F|  |TAMS 0x0000000708600000, 0x0000000708600000| Untracked 
| 117|0x0000000708700000, 0x0000000708700000, 0x0000000708800000|  0%| F|  |TAMS 0x0000000708700000, 0x0000000708700000| Untracked 
| 118|0x0000000708800000, 0x0000000708800000, 0x0000000708900000|  0%| F|  |TAMS 0x0000000708800000, 0x0000000708800000| Untracked 
| 119|0x0000000708900000, 0x0000000708900000, 0x0000000708a00000|  0%| F|  |TAMS 0x0000000708900000, 0x0000000708900000| Untracked 
| 120|0x0000000708a00000, 0x0000000708a00000, 0x0000000708b00000|  0%| F|  |TAMS 0x0000000708a00000, 0x0000000708a00000| Untracked 
| 121|0x0000000708b00000, 0x0000000708b00000, 0x0000000708c00000|  0%| F|  |TAMS 0x0000000708b00000, 0x0000000708b00000| Untracked 
| 122|0x0000000708c00000, 0x0000000708c00000, 0x0000000708d00000|  0%| F|  |TAMS 0x0000000708c00000, 0x0000000708c00000| Untracked 
| 123|0x0000000708d00000, 0x0000000708d00000, 0x0000000708e00000|  0%| F|  |TAMS 0x0000000708d00000, 0x0000000708d00000| Untracked 
| 124|0x0000000708e00000, 0x0000000708e00000, 0x0000000708f00000|  0%| F|  |TAMS 0x0000000708e00000, 0x0000000708e00000| Untracked 
| 125|0x0000000708f00000, 0x0000000708f00000, 0x0000000709000000|  0%| F|  |TAMS 0x0000000708f00000, 0x0000000708f00000| Untracked 
| 126|0x0000000709000000, 0x0000000709000000, 0x0000000709100000|  0%| F|  |TAMS 0x0000000709000000, 0x0000000709000000| Untracked 
| 127|0x0000000709100000, 0x0000000709100000, 0x0000000709200000|  0%| F|  |TAMS 0x0000000709100000, 0x0000000709100000| Untracked 
| 128|0x0000000709200000, 0x0000000709200000, 0x0000000709300000|  0%| F|  |TAMS 0x0000000709200000, 0x0000000709200000| Untracked 
| 129|0x0000000709300000, 0x0000000709300000, 0x0000000709400000|  0%| F|  |TAMS 0x0000000709300000, 0x0000000709300000| Untracked 
| 130|0x0000000709400000, 0x0000000709400000, 0x0000000709500000|  0%| F|  |TAMS 0x0000000709400000, 0x0000000709400000| Untracked 
| 131|0x0000000709500000, 0x0000000709500000, 0x0000000709600000|  0%| F|  |TAMS 0x0000000709500000, 0x0000000709500000| Untracked 
| 132|0x0000000709600000, 0x0000000709600000, 0x0000000709700000|  0%| F|  |TAMS 0x0000000709600000, 0x0000000709600000| Untracked 
| 133|0x0000000709700000, 0x0000000709700000, 0x0000000709800000|  0%| F|  |TAMS 0x0000000709700000, 0x0000000709700000| Untracked 
| 134|0x0000000709800000, 0x0000000709800000, 0x0000000709900000|  0%| F|  |TAMS 0x0000000709800000, 0x0000000709800000| Untracked 
| 135|0x0000000709900000, 0x0000000709900000, 0x0000000709a00000|  0%| F|  |TAMS 0x0000000709900000, 0x0000000709900000| Untracked 
| 136|0x0000000709a00000, 0x0000000709a00000, 0x0000000709b00000|  0%| F|  |TAMS 0x0000000709a00000, 0x0000000709a00000| Untracked 
| 137|0x0000000709b00000, 0x0000000709b00000, 0x0000000709c00000|  0%| F|  |TAMS 0x0000000709b00000, 0x0000000709b00000| Untracked 
| 138|0x0000000709c00000, 0x0000000709c00000, 0x0000000709d00000|  0%| F|  |TAMS 0x0000000709c00000, 0x0000000709c00000| Untracked 
| 139|0x0000000709d00000, 0x0000000709d00000, 0x0000000709e00000|  0%| F|  |TAMS 0x0000000709d00000, 0x0000000709d00000| Untracked 
| 140|0x0000000709e00000, 0x0000000709e00000, 0x0000000709f00000|  0%| F|  |TAMS 0x0000000709e00000, 0x0000000709e00000| Untracked 
| 141|0x0000000709f00000, 0x0000000709f00000, 0x000000070a000000|  0%| F|  |TAMS 0x0000000709f00000, 0x0000000709f00000| Untracked 
| 142|0x000000070a000000, 0x000000070a000000, 0x000000070a100000|  0%| F|  |TAMS 0x000000070a000000, 0x000000070a000000| Untracked 
| 143|0x000000070a100000, 0x000000070a100000, 0x000000070a200000|  0%| F|  |TAMS 0x000000070a100000, 0x000000070a100000| Untracked 
| 144|0x000000070a200000, 0x000000070a200000, 0x000000070a300000|  0%| F|  |TAMS 0x000000070a200000, 0x000000070a200000| Untracked 
| 145|0x000000070a300000, 0x000000070a300000, 0x000000070a400000|  0%| F|  |TAMS 0x000000070a300000, 0x000000070a300000| Untracked 
| 146|0x000000070a400000, 0x000000070a400000, 0x000000070a500000|  0%| F|  |TAMS 0x000000070a400000, 0x000000070a400000| Untracked 
| 147|0x000000070a500000, 0x000000070a500000, 0x000000070a600000|  0%| F|  |TAMS 0x000000070a500000, 0x000000070a500000| Untracked 
| 148|0x000000070a600000, 0x000000070a600000, 0x000000070a700000|  0%| F|  |TAMS 0x000000070a600000, 0x000000070a600000| Untracked 
| 149|0x000000070a700000, 0x000000070a700000, 0x000000070a800000|  0%| F|  |TAMS 0x000000070a700000, 0x000000070a700000| Untracked 
| 150|0x000000070a800000, 0x000000070a800000, 0x000000070a900000|  0%| F|  |TAMS 0x000000070a800000, 0x000000070a800000| Untracked 
| 151|0x000000070a900000, 0x000000070a900000, 0x000000070aa00000|  0%| F|  |TAMS 0x000000070a900000, 0x000000070a900000| Untracked 
| 152|0x000000070aa00000, 0x000000070aa00000, 0x000000070ab00000|  0%| F|  |TAMS 0x000000070aa00000, 0x000000070aa00000| Untracked 
| 153|0x000000070ab00000, 0x000000070ab00000, 0x000000070ac00000|  0%| F|  |TAMS 0x000000070ab00000, 0x000000070ab00000| Untracked 
| 154|0x000000070ac00000, 0x000000070ac00000, 0x000000070ad00000|  0%| F|  |TAMS 0x000000070ac00000, 0x000000070ac00000| Untracked 
| 155|0x000000070ad00000, 0x000000070ad00000, 0x000000070ae00000|  0%| F|  |TAMS 0x000000070ad00000, 0x000000070ad00000| Untracked 
| 156|0x000000070ae00000, 0x000000070ae00000, 0x000000070af00000|  0%| F|  |TAMS 0x000000070ae00000, 0x000000070ae00000| Untracked 
| 157|0x000000070af00000, 0x000000070af00000, 0x000000070b000000|  0%| F|  |TAMS 0x000000070af00000, 0x000000070af00000| Untracked 
| 158|0x000000070b000000, 0x000000070b000000, 0x000000070b100000|  0%| F|  |TAMS 0x000000070b000000, 0x000000070b000000| Untracked 
| 159|0x000000070b100000, 0x000000070b100000, 0x000000070b200000|  0%| F|  |TAMS 0x000000070b100000, 0x000000070b100000| Untracked 
| 160|0x000000070b200000, 0x000000070b200000, 0x000000070b300000|  0%| F|  |TAMS 0x000000070b200000, 0x000000070b200000| Untracked 
| 161|0x000000070b300000, 0x000000070b300000, 0x000000070b400000|  0%| F|  |TAMS 0x000000070b300000, 0x000000070b300000| Untracked 
| 162|0x000000070b400000, 0x000000070b400000, 0x000000070b500000|  0%| F|  |TAMS 0x000000070b400000, 0x000000070b400000| Untracked 
| 163|0x000000070b500000, 0x000000070b500000, 0x000000070b600000|  0%| F|  |TAMS 0x000000070b500000, 0x000000070b500000| Untracked 
| 164|0x000000070b600000, 0x000000070b600000, 0x000000070b700000|  0%| F|  |TAMS 0x000000070b600000, 0x000000070b600000| Untracked 
| 165|0x000000070b700000, 0x000000070b700000, 0x000000070b800000|  0%| F|  |TAMS 0x000000070b700000, 0x000000070b700000| Untracked 
| 166|0x000000070b800000, 0x000000070b800000, 0x000000070b900000|  0%| F|  |TAMS 0x000000070b800000, 0x000000070b800000| Untracked 
| 167|0x000000070b900000, 0x000000070b900000, 0x000000070ba00000|  0%| F|  |TAMS 0x000000070b900000, 0x000000070b900000| Untracked 
| 168|0x000000070ba00000, 0x000000070ba00000, 0x000000070bb00000|  0%| F|  |TAMS 0x000000070ba00000, 0x000000070ba00000| Untracked 
| 169|0x000000070bb00000, 0x000000070bb00000, 0x000000070bc00000|  0%| F|  |TAMS 0x000000070bb00000, 0x000000070bb00000| Untracked 
| 170|0x000000070bc00000, 0x000000070bc00000, 0x000000070bd00000|  0%| F|  |TAMS 0x000000070bc00000, 0x000000070bc00000| Untracked 
| 171|0x000000070bd00000, 0x000000070bd00000, 0x000000070be00000|  0%| F|  |TAMS 0x000000070bd00000, 0x000000070bd00000| Untracked 
| 172|0x000000070be00000, 0x000000070be00000, 0x000000070bf00000|  0%| F|  |TAMS 0x000000070be00000, 0x000000070be00000| Untracked 
| 173|0x000000070bf00000, 0x000000070bf00000, 0x000000070c000000|  0%| F|  |TAMS 0x000000070bf00000, 0x000000070bf00000| Untracked 
| 174|0x000000070c000000, 0x000000070c000000, 0x000000070c100000|  0%| F|  |TAMS 0x000000070c000000, 0x000000070c000000| Untracked 
| 175|0x000000070c100000, 0x000000070c100000, 0x000000070c200000|  0%| F|  |TAMS 0x000000070c100000, 0x000000070c100000| Untracked 
| 176|0x000000070c200000, 0x000000070c200000, 0x000000070c300000|  0%| F|  |TAMS 0x000000070c200000, 0x000000070c200000| Untracked 
| 177|0x000000070c300000, 0x000000070c300000, 0x000000070c400000|  0%| F|  |TAMS 0x000000070c300000, 0x000000070c300000| Untracked 
| 178|0x000000070c400000, 0x000000070c400000, 0x000000070c500000|  0%| F|  |TAMS 0x000000070c400000, 0x000000070c400000| Untracked 
| 179|0x000000070c500000, 0x000000070c500000, 0x000000070c600000|  0%| F|  |TAMS 0x000000070c500000, 0x000000070c500000| Untracked 
| 180|0x000000070c600000, 0x000000070c600000, 0x000000070c700000|  0%| F|  |TAMS 0x000000070c600000, 0x000000070c600000| Untracked 
| 181|0x000000070c700000, 0x000000070c700000, 0x000000070c800000|  0%| F|  |TAMS 0x000000070c700000, 0x000000070c700000| Untracked 
| 182|0x000000070c800000, 0x000000070c800000, 0x000000070c900000|  0%| F|  |TAMS 0x000000070c800000, 0x000000070c800000| Untracked 
| 183|0x000000070c900000, 0x000000070c900000, 0x000000070ca00000|  0%| F|  |TAMS 0x000000070c900000, 0x000000070c900000| Untracked 
| 184|0x000000070ca00000, 0x000000070ca00000, 0x000000070cb00000|  0%| F|  |TAMS 0x000000070ca00000, 0x000000070ca00000| Untracked 
| 185|0x000000070cb00000, 0x000000070cb00000, 0x000000070cc00000|  0%| F|  |TAMS 0x000000070cb00000, 0x000000070cb00000| Untracked 
| 186|0x000000070cc00000, 0x000000070cc00000, 0x000000070cd00000|  0%| F|  |TAMS 0x000000070cc00000, 0x000000070cc00000| Untracked 
| 187|0x000000070cd00000, 0x000000070cd00000, 0x000000070ce00000|  0%| F|  |TAMS 0x000000070cd00000, 0x000000070cd00000| Untracked 
| 188|0x000000070ce00000, 0x000000070ce00000, 0x000000070cf00000|  0%| F|  |TAMS 0x000000070ce00000, 0x000000070ce00000| Untracked 
| 189|0x000000070cf00000, 0x000000070cf00000, 0x000000070d000000|  0%| F|  |TAMS 0x000000070cf00000, 0x000000070cf00000| Untracked 
| 190|0x000000070d000000, 0x000000070d000000, 0x000000070d100000|  0%| F|  |TAMS 0x000000070d000000, 0x000000070d000000| Untracked 
| 191|0x000000070d100000, 0x000000070d100000, 0x000000070d200000|  0%| F|  |TAMS 0x000000070d100000, 0x000000070d100000| Untracked 
| 192|0x000000070d200000, 0x000000070d200000, 0x000000070d300000|  0%| F|  |TAMS 0x000000070d200000, 0x000000070d200000| Untracked 
| 193|0x000000070d300000, 0x000000070d300000, 0x000000070d400000|  0%| F|  |TAMS 0x000000070d300000, 0x000000070d300000| Untracked 
| 194|0x000000070d400000, 0x000000070d400000, 0x000000070d500000|  0%| F|  |TAMS 0x000000070d400000, 0x000000070d400000| Untracked 
| 195|0x000000070d500000, 0x000000070d500000, 0x000000070d600000|  0%| F|  |TAMS 0x000000070d500000, 0x000000070d500000| Untracked 
| 196|0x000000070d600000, 0x000000070d600000, 0x000000070d700000|  0%| F|  |TAMS 0x000000070d600000, 0x000000070d600000| Untracked 
| 197|0x000000070d700000, 0x000000070d700000, 0x000000070d800000|  0%| F|  |TAMS 0x000000070d700000, 0x000000070d700000| Untracked 
| 198|0x000000070d800000, 0x000000070d800000, 0x000000070d900000|  0%| F|  |TAMS 0x000000070d800000, 0x000000070d800000| Untracked 
| 199|0x000000070d900000, 0x000000070d900000, 0x000000070da00000|  0%| F|  |TAMS 0x000000070d900000, 0x000000070d900000| Untracked 
| 200|0x000000070da00000, 0x000000070da00000, 0x000000070db00000|  0%| F|  |TAMS 0x000000070da00000, 0x000000070da00000| Untracked 
| 201|0x000000070db00000, 0x000000070db00000, 0x000000070dc00000|  0%| F|  |TAMS 0x000000070db00000, 0x000000070db00000| Untracked 
| 202|0x000000070dc00000, 0x000000070dc00000, 0x000000070dd00000|  0%| F|  |TAMS 0x000000070dc00000, 0x000000070dc00000| Untracked 
| 203|0x000000070dd00000, 0x000000070dd00000, 0x000000070de00000|  0%| F|  |TAMS 0x000000070dd00000, 0x000000070dd00000| Untracked 
| 204|0x000000070de00000, 0x000000070de00000, 0x000000070df00000|  0%| F|  |TAMS 0x000000070de00000, 0x000000070de00000| Untracked 
| 205|0x000000070df00000, 0x000000070df00000, 0x000000070e000000|  0%| F|  |TAMS 0x000000070df00000, 0x000000070df00000| Untracked 
| 206|0x000000070e000000, 0x000000070e100000, 0x000000070e100000|100%| E|  |TAMS 0x000000070e000000, 0x000000070e000000| Complete 
| 207|0x000000070e100000, 0x000000070e200000, 0x000000070e200000|100%| E|CS|TAMS 0x000000070e100000, 0x000000070e100000| Complete 
| 208|0x000000070e200000, 0x000000070e300000, 0x000000070e300000|100%| E|CS|TAMS 0x000000070e200000, 0x000000070e200000| Complete 
| 209|0x000000070e300000, 0x000000070e400000, 0x000000070e400000|100%| E|CS|TAMS 0x000000070e300000, 0x000000070e300000| Complete 
| 210|0x000000070e400000, 0x000000070e500000, 0x000000070e500000|100%| E|CS|TAMS 0x000000070e400000, 0x000000070e400000| Complete 
| 211|0x000000070e500000, 0x000000070e600000, 0x000000070e600000|100%| E|CS|TAMS 0x000000070e500000, 0x000000070e500000| Complete 
| 212|0x000000070e600000, 0x000000070e700000, 0x000000070e700000|100%| E|CS|TAMS 0x000000070e600000, 0x000000070e600000| Complete 
| 213|0x000000070e700000, 0x000000070e800000, 0x000000070e800000|100%| E|CS|TAMS 0x000000070e700000, 0x000000070e700000| Complete 
| 214|0x000000070e800000, 0x000000070e900000, 0x000000070e900000|100%| E|CS|TAMS 0x000000070e800000, 0x000000070e800000| Complete 
| 215|0x000000070e900000, 0x000000070ea00000, 0x000000070ea00000|100%| E|CS|TAMS 0x000000070e900000, 0x000000070e900000| Complete 
| 216|0x000000070ea00000, 0x000000070eb00000, 0x000000070eb00000|100%| E|CS|TAMS 0x000000070ea00000, 0x000000070ea00000| Complete 
| 217|0x000000070eb00000, 0x000000070ec00000, 0x000000070ec00000|100%| E|CS|TAMS 0x000000070eb00000, 0x000000070eb00000| Complete 
| 218|0x000000070ec00000, 0x000000070ed00000, 0x000000070ed00000|100%| E|CS|TAMS 0x000000070ec00000, 0x000000070ec00000| Complete 
| 219|0x000000070ed00000, 0x000000070ee00000, 0x000000070ee00000|100%| E|CS|TAMS 0x000000070ed00000, 0x000000070ed00000| Complete 
| 220|0x000000070ee00000, 0x000000070ef00000, 0x000000070ef00000|100%| E|CS|TAMS 0x000000070ee00000, 0x000000070ee00000| Complete 
| 221|0x000000070ef00000, 0x000000070f000000, 0x000000070f000000|100%| E|CS|TAMS 0x000000070ef00000, 0x000000070ef00000| Complete 
| 222|0x000000070f000000, 0x000000070f100000, 0x000000070f100000|100%| E|CS|TAMS 0x000000070f000000, 0x000000070f000000| Complete 
| 223|0x000000070f100000, 0x000000070f200000, 0x000000070f200000|100%| E|CS|TAMS 0x000000070f100000, 0x000000070f100000| Complete 
| 224|0x000000070f200000, 0x000000070f300000, 0x000000070f300000|100%| E|CS|TAMS 0x000000070f200000, 0x000000070f200000| Complete 
| 225|0x000000070f300000, 0x000000070f400000, 0x000000070f400000|100%| E|CS|TAMS 0x000000070f300000, 0x000000070f300000| Complete 
| 226|0x000000070f400000, 0x000000070f500000, 0x000000070f500000|100%| E|CS|TAMS 0x000000070f400000, 0x000000070f400000| Complete 
| 227|0x000000070f500000, 0x000000070f600000, 0x000000070f600000|100%| E|CS|TAMS 0x000000070f500000, 0x000000070f500000| Complete 
| 228|0x000000070f600000, 0x000000070f700000, 0x000000070f700000|100%| E|CS|TAMS 0x000000070f600000, 0x000000070f600000| Complete 
| 229|0x000000070f700000, 0x000000070f800000, 0x000000070f800000|100%| E|CS|TAMS 0x000000070f700000, 0x000000070f700000| Complete 
| 230|0x000000070f800000, 0x000000070f900000, 0x000000070f900000|100%| E|CS|TAMS 0x000000070f800000, 0x000000070f800000| Complete 
| 231|0x000000070f900000, 0x000000070fa00000, 0x000000070fa00000|100%| E|CS|TAMS 0x000000070f900000, 0x000000070f900000| Complete 
| 232|0x000000070fa00000, 0x000000070fb00000, 0x000000070fb00000|100%| E|CS|TAMS 0x000000070fa00000, 0x000000070fa00000| Complete 
| 233|0x000000070fb00000, 0x000000070fc00000, 0x000000070fc00000|100%| E|CS|TAMS 0x000000070fb00000, 0x000000070fb00000| Complete 
| 234|0x000000070fc00000, 0x000000070fd00000, 0x000000070fd00000|100%| E|CS|TAMS 0x000000070fc00000, 0x000000070fc00000| Complete 
| 235|0x000000070fd00000, 0x000000070fe00000, 0x000000070fe00000|100%| E|CS|TAMS 0x000000070fd00000, 0x000000070fd00000| Complete 
| 236|0x000000070fe00000, 0x000000070ff00000, 0x000000070ff00000|100%| E|CS|TAMS 0x000000070fe00000, 0x000000070fe00000| Complete 
| 237|0x000000070ff00000, 0x0000000710000000, 0x0000000710000000|100%| E|CS|TAMS 0x000000070ff00000, 0x000000070ff00000| Complete 
| 238|0x0000000710000000, 0x0000000710100000, 0x0000000710100000|100%| E|CS|TAMS 0x0000000710000000, 0x0000000710000000| Complete 
| 239|0x0000000710100000, 0x0000000710200000, 0x0000000710200000|100%| E|CS|TAMS 0x0000000710100000, 0x0000000710100000| Complete 
| 240|0x0000000710200000, 0x0000000710300000, 0x0000000710300000|100%| E|CS|TAMS 0x0000000710200000, 0x0000000710200000| Complete 
| 241|0x0000000710300000, 0x0000000710400000, 0x0000000710400000|100%| E|CS|TAMS 0x0000000710300000, 0x0000000710300000| Complete 
| 242|0x0000000710400000, 0x0000000710500000, 0x0000000710500000|100%| E|CS|TAMS 0x0000000710400000, 0x0000000710400000| Complete 
| 243|0x0000000710500000, 0x0000000710600000, 0x0000000710600000|100%| E|CS|TAMS 0x0000000710500000, 0x0000000710500000| Complete 
| 244|0x0000000710600000, 0x0000000710700000, 0x0000000710700000|100%| E|CS|TAMS 0x0000000710600000, 0x0000000710600000| Complete 
| 245|0x0000000710700000, 0x0000000710800000, 0x0000000710800000|100%| E|CS|TAMS 0x0000000710700000, 0x0000000710700000| Complete 
| 246|0x0000000710800000, 0x0000000710900000, 0x0000000710900000|100%| E|CS|TAMS 0x0000000710800000, 0x0000000710800000| Complete 
| 247|0x0000000710900000, 0x0000000710a00000, 0x0000000710a00000|100%| E|CS|TAMS 0x0000000710900000, 0x0000000710900000| Complete 
| 248|0x0000000710a00000, 0x0000000710b00000, 0x0000000710b00000|100%| E|CS|TAMS 0x0000000710a00000, 0x0000000710a00000| Complete 
| 249|0x0000000710b00000, 0x0000000710c00000, 0x0000000710c00000|100%| E|CS|TAMS 0x0000000710b00000, 0x0000000710b00000| Complete 
| 250|0x0000000710c00000, 0x0000000710d00000, 0x0000000710d00000|100%| E|CS|TAMS 0x0000000710c00000, 0x0000000710c00000| Complete 
| 251|0x0000000710d00000, 0x0000000710e00000, 0x0000000710e00000|100%| E|CS|TAMS 0x0000000710d00000, 0x0000000710d00000| Complete 
| 252|0x0000000710e00000, 0x0000000710f00000, 0x0000000710f00000|100%| E|CS|TAMS 0x0000000710e00000, 0x0000000710e00000| Complete 
| 253|0x0000000710f00000, 0x0000000711000000, 0x0000000711000000|100%| E|CS|TAMS 0x0000000710f00000, 0x0000000710f00000| Complete 
| 254|0x0000000711000000, 0x0000000711100000, 0x0000000711100000|100%| E|CS|TAMS 0x0000000711000000, 0x0000000711000000| Complete 
| 255|0x0000000711100000, 0x0000000711200000, 0x0000000711200000|100%| E|CS|TAMS 0x0000000711100000, 0x0000000711100000| Complete 

Card table byte_map: [0x000001b8f4870000,0x000001b8f5070000] _byte_map_base: 0x000001b8f1067000

Marking Bits (Prev, Next): (CMBitMap*) 0x000001b8dcbc6568, (CMBitMap*) 0x000001b8dcbc65a8
 Prev Bits: [0x000001b8f5870000, 0x000001b8f9828000)
 Next Bits: [0x000001b8f9830000, 0x000001b8fd7e8000)

Polling page: 0x000001b8dc340000

Metaspace:

Usage:
  Non-class:      6.95 MB capacity,     6.88 MB ( 99%) used,    67.23 KB ( <1%) free+waste,    10.69 KB ( <1%) overhead. 
      Class:    761.00 KB capacity,   717.04 KB ( 94%) used,    38.34 KB (  5%) free+waste,     5.63 KB ( <1%) overhead. 
       Both:      7.70 MB capacity,     7.58 MB ( 98%) used,   105.56 KB (  1%) free+waste,    16.31 KB ( <1%) overhead. 

Virtual space:
  Non-class space:        8.00 MB reserved,       7.00 MB ( 88%) committed 
      Class space:        1.00 GB reserved,     768.00 KB ( <1%) committed 
             Both:        1.01 GB reserved,       7.75 MB ( <1%) committed 

Chunk freelists:
   Non-Class:  49.00 KB
       Class:  7.00 KB
        Both:  56.00 KB

MaxMetaspaceSize: 17179869184.00 GB
CompressedClassSpaceSize: 1.00 GB

CodeHeap 'non-profiled nmethods': size=120000Kb used=1058Kb max_used=1058Kb free=118941Kb
 bounds [0x000001b8ecb40000, 0x000001b8ecdb0000, 0x000001b8f4070000]
CodeHeap 'profiled nmethods': size=120000Kb used=3192Kb max_used=3258Kb free=116807Kb
 bounds [0x000001b8e5610000, 0x000001b8e5960000, 0x000001b8ecb40000]
CodeHeap 'non-nmethods': size=5760Kb used=1280Kb max_used=1322Kb free=4479Kb
 bounds [0x000001b8e5070000, 0x000001b8e52e0000, 0x000001b8e5610000]
 total_blobs=3177 nmethods=1604 adapters=472
 compilation: enabled
              stopped_count=0, restarted_count=0
 full_count=0

Compilation events (20 events):
Event: 15.989 Thread 0x000001b8ffea4000 1774 % !   4       sun.java2d.d3d.D3DScreenUpdateManager::run @ 105 (267 bytes)
Event: 16.024 Thread 0x000001b8ffea4000 nmethod 1774% 0x000001b8ecc3d090 code [0x000001b8ecc3d3e0, 0x000001b8ecc3f7d0]
Event: 16.441 Thread 0x000001b8ffea4000 1775       4       java.util.HashMap::getNode (148 bytes)
Event: 16.443 Thread 0x000001b8ffea4000 nmethod 1775 0x000001b8ecc40b90 code [0x000001b8ecc40d40, 0x000001b8ecc40f98]
Event: 16.509 Thread 0x000001b8ffea4000 1776       4       sun.awt.SunToolkit::getSystemEventQueueImpl (4 bytes)
Event: 16.510 Thread 0x000001b8ffea4000 nmethod 1776 0x000001b8ecc41190 code [0x000001b8ecc41340, 0x000001b8ecc41468]
Event: 16.520 Thread 0x000001b8ffea4000 1777       4       java.awt.Component::dispatchEventImpl (777 bytes)
Event: 16.572 Thread 0x000001b8ffea4000 nmethod 1777 0x000001b8ecc41610 code [0x000001b8ecc41ba0, 0x000001b8ecc44e28]
Event: 16.573 Thread 0x000001b8ffea4000 1779       4       java.awt.EventQueue$4::run (5 bytes)
Event: 16.573 Thread 0x000001b8ffea4000 nmethod 1779 0x000001b8ecc47090 code [0x000001b8ecc47220, 0x000001b8ecc47308]
Event: 16.573 Thread 0x000001b8ffea4000 1778   !   4       java.awt.KeyboardFocusManager::retargetFocusEvent (244 bytes)
Event: 16.577 Thread 0x000001b8ffea4000 nmethod 1778 0x000001b8ecc47410 code [0x000001b8ecc47620, 0x000001b8ecc47da0]
Event: 18.272 Thread 0x000001b8ffea4000 1780       4       java.util.HashMap::get (23 bytes)
Event: 18.275 Thread 0x000001b8ffea4000 nmethod 1780 0x000001b8ecc48210 code [0x000001b8ecc483c0, 0x000001b8ecc486d8]
Event: 19.629 Thread 0x000001b8ffeae800 1781       3       sun.java2d.SunGraphics2D::drawImage (15 bytes)
Event: 19.629 Thread 0x000001b8ffeae800 nmethod 1781 0x000001b8e5611090 code [0x000001b8e5611240, 0x000001b8e5611410]
Event: 19.629 Thread 0x000001b8ffeae800 1782       3       sun.java2d.d3d.D3DSurfaceData::setSurfaceLost (29 bytes)
Event: 19.629 Thread 0x000001b8ffeae800 nmethod 1782 0x000001b8e587a510 code [0x000001b8e587a6e0, 0x000001b8e587aae0]
Event: 19.629 Thread 0x000001b8ffeae800 1783       3       sun.java2d.SurfaceData::setSurfaceLost (13 bytes)
Event: 19.629 Thread 0x000001b8ffeae800 nmethod 1783 0x000001b8e5632c90 code [0x000001b8e5632e40, 0x000001b8e5633058]

GC Heap History (10 events):
Event: 1.953 GC heap before
{Heap before GC invocations=0 (full 0):
 garbage-first heap   total 262144K, used 14336K [0x0000000701200000, 0x0000000800000000)
  region size 1024K, 14 young (14336K), 0 survivors (0K)
 Metaspace       used 7221K, capacity 7413K, committed 7680K, reserved 1056768K
  class space    used 693K, capacity 756K, committed 768K, reserved 1048576K
}
Event: 1.960 GC heap after
{Heap after GC invocations=1 (full 0):
 garbage-first heap   total 262144K, used 1684K [0x0000000701200000, 0x0000000800000000)
  region size 1024K, 2 young (2048K), 2 survivors (2048K)
 Metaspace       used 7221K, capacity 7413K, committed 7680K, reserved 1056768K
  class space    used 693K, capacity 756K, committed 768K, reserved 1048576K
}
Event: 5.929 GC heap before
{Heap before GC invocations=1 (full 0):
 garbage-first heap   total 262144K, used 156308K [0x0000000701200000, 0x0000000800000000)
  region size 1024K, 153 young (156672K), 2 survivors (2048K)
 Metaspace       used 7728K, capacity 7880K, committed 7936K, reserved 1056768K
  class space    used 714K, capacity 761K, committed 768K, reserved 1048576K
}
Event: 5.931 GC heap after
{Heap after GC invocations=2 (full 0):
 garbage-first heap   total 262144K, used 2738K [0x0000000701200000, 0x0000000800000000)
  region size 1024K, 3 young (3072K), 3 survivors (3072K)
 Metaspace       used 7728K, capacity 7880K, committed 7936K, reserved 1056768K
  class space    used 714K, capacity 761K, committed 768K, reserved 1048576K
}
Event: 9.842 GC heap before
{Heap before GC invocations=2 (full 0):
 garbage-first heap   total 262144K, used 156338K [0x0000000701200000, 0x0000000800000000)
  region size 1024K, 153 young (156672K), 3 survivors (3072K)
 Metaspace       used 7746K, capacity 7880K, committed 7936K, reserved 1056768K
  class space    used 714K, capacity 761K, committed 768K, reserved 1048576K
}
Event: 9.844 GC heap after
{Heap after GC invocations=3 (full 0):
 garbage-first heap   total 262144K, used 2826K [0x0000000701200000, 0x0000000800000000)
  region size 1024K, 3 young (3072K), 3 survivors (3072K)
 Metaspace       used 7746K, capacity 7880K, committed 7936K, reserved 1056768K
  class space    used 714K, capacity 761K, committed 768K, reserved 1048576K
}
Event: 15.030 GC heap before
{Heap before GC invocations=3 (full 0):
 garbage-first heap   total 262144K, used 156426K [0x0000000701200000, 0x0000000800000000)
  region size 1024K, 153 young (156672K), 3 survivors (3072K)
 Metaspace       used 7748K, capacity 7880K, committed 7936K, reserved 1056768K
  class space    used 715K, capacity 761K, committed 768K, reserved 1048576K
}
Event: 15.032 GC heap after
{Heap after GC invocations=4 (full 0):
 garbage-first heap   total 262144K, used 2650K [0x0000000701200000, 0x0000000800000000)
  region size 1024K, 3 young (3072K), 3 survivors (3072K)
 Metaspace       used 7748K, capacity 7880K, committed 7936K, reserved 1056768K
  class space    used 715K, capacity 761K, committed 768K, reserved 1048576K
}
Event: 18.591 GC heap before
{Heap before GC invocations=4 (full 0):
 garbage-first heap   total 262144K, used 156250K [0x0000000701200000, 0x0000000800000000)
  region size 1024K, 153 young (156672K), 3 survivors (3072K)
 Metaspace       used 7748K, capacity 7880K, committed 7936K, reserved 1056768K
  class space    used 715K, capacity 761K, committed 768K, reserved 1048576K
}
Event: 18.593 GC heap after
{Heap after GC invocations=5 (full 0):
 garbage-first heap   total 262144K, used 2785K [0x0000000701200000, 0x0000000800000000)
  region size 1024K, 3 young (3072K), 3 survivors (3072K)
 Metaspace       used 7748K, capacity 7880K, committed 7936K, reserved 1056768K
  class space    used 715K, capacity 761K, committed 768K, reserved 1048576K
}

Deoptimization events (20 events):
Event: 19.627 Thread 0x000001b88137c000 Uncommon trap: trap_request=0xffffff45 fr.pc=0x000001b8ecc439f0 relative=0x0000000000001e50
Event: 19.627 Thread 0x000001b88137c000 Uncommon trap: reason=unstable_if action=reinterpret pc=0x000001b8ecc439f0 method=java.awt.Window.eventEnabled(Ljava/awt/AWTEvent;)Z @ 4 c2
Event: 19.627 Thread 0x000001b88137c000 DEOPT PACKING pc=0x000001b8ecc439f0 sp=0x0000007c59efec50
Event: 19.627 Thread 0x000001b88137c000 DEOPT UNPACKING pc=0x000001b8e50b912f sp=0x0000007c59efeba8 mode 2
Event: 19.628 Thread 0x000001b88138e000 Uncommon trap: trap_request=0xffffff45 fr.pc=0x000001b8ecc3ecf4 relative=0x0000000000001914
Event: 19.628 Thread 0x000001b88138e000 Uncommon trap: reason=unstable_if action=reinterpret pc=0x000001b8ecc3ecf4 method=sun.java2d.d3d.D3DScreenUpdateManager.run()V @ 4 c2
Event: 19.628 Thread 0x000001b88138e000 DEOPT PACKING pc=0x000001b8ecc3ecf4 sp=0x0000007c59ffef90
Event: 19.628 Thread 0x000001b88138e000 DEOPT UNPACKING pc=0x000001b8e50b912f sp=0x0000007c59ffef88 mode 2
Event: 19.628 Thread 0x000001b888bd9000 Uncommon trap: trap_request=0xffffff45 fr.pc=0x000001b8ecbfe958 relative=0x00000000000037f8
Event: 19.628 Thread 0x000001b888bd9000 Uncommon trap: reason=unstable_if action=reinterpret pc=0x000001b8ecbfe958 method=sun.java2d.d3d.D3DScreenUpdateManager.createGraphics(Lsun/java2d/SurfaceData;Lsun/awt/windows/WComponentPeer;Ljava/awt/Color;Ljava/awt/Color;Ljava/awt/Font;)Ljava/awt/Graphi
Event: 19.628 Thread 0x000001b888bd9000 DEOPT PACKING pc=0x000001b8ecbfe958 sp=0x0000007c5a0ff2d0
Event: 19.629 Thread 0x000001b888bd9000 DEOPT UNPACKING pc=0x000001b8e50b912f sp=0x0000007c5a0ff210 mode 2
Event: 19.629 Thread 0x000001b888bd9000 Uncommon trap: trap_request=0xffffff45 fr.pc=0x000001b8ecbd5784 relative=0x0000000000002a44
Event: 19.629 Thread 0x000001b888bd9000 Uncommon trap: reason=unstable_if action=reinterpret pc=0x000001b8ecbd5784 method=sun.java2d.pipe.DrawImage.scaleImage(Lsun/java2d/SunGraphics2D;Ljava/awt/Image;IIIILjava/awt/Color;)Z @ 92 c2
Event: 19.629 Thread 0x000001b888bd9000 DEOPT PACKING pc=0x000001b8ecbd5784 sp=0x0000007c5a0ff210
Event: 19.629 Thread 0x000001b888bd9000 DEOPT UNPACKING pc=0x000001b8e50b912f sp=0x0000007c5a0feff8 mode 2
Event: 19.629 Thread 0x000001b888bd9000 Uncommon trap: trap_request=0xffffff45 fr.pc=0x000001b8ecbe2124 relative=0x00000000000010a4
Event: 19.629 Thread 0x000001b888bd9000 Uncommon trap: reason=unstable_if action=reinterpret pc=0x000001b8ecbe2124 method=sun.java2d.pipe.RenderQueue.ensureCapacity(I)V @ 8 c2
Event: 19.629 Thread 0x000001b888bd9000 DEOPT PACKING pc=0x000001b8ecbe2124 sp=0x0000007c5a0ff040
Event: 19.629 Thread 0x000001b888bd9000 DEOPT UNPACKING pc=0x000001b8e50b912f sp=0x0000007c5a0fedc0 mode 2

Classes unloaded (0 events):
No events

Classes redefined (0 events):
No events

Internal exceptions (13 events):
Event: 0.081 Thread 0x000001b8dcb5a800 Exception <a 'java/lang/ClassNotFoundException'{0x0000000711064368}: sun/awt/resources/spi/awtProvider> (0x0000000711064368) 
thrown [t:/workspace/open/src/hotspot/share/classfile/systemDictionary.cpp, line 232]
Event: 0.099 Thread 0x000001b8dcb5a800 Exception <a 'java/io/FileNotFoundException'{0x00000007110b4838}> (0x00000007110b4838) 
thrown [t:/workspace/open/src/hotspot/share/prims/jni.cpp, line 598]
Event: 0.105 Thread 0x000001b8dcb5a800 Exception <a 'java/io/FileNotFoundException'{0x00000007110db4d0}> (0x00000007110db4d0) 
thrown [t:/workspace/open/src/hotspot/share/prims/jni.cpp, line 598]
Event: 0.140 Thread 0x000001b880c5f800 Exception <a 'java/lang/NoSuchMethodError'{0x0000000710f4d1f8}: 'void java.lang.invoke.DirectMethodHandle$Holder.invokeSpecial(java.lang.Object, java.lang.Object)'> (0x0000000710f4d1f8) 
thrown [t:/workspace/open/src/hotspot/share/interpreter/linkResolver.cpp, line 767]
Event: 0.329 Thread 0x000001b8dcb5a800 Exception <a 'java/lang/NoSuchMethodError'{0x0000000710f95390}: 'void java.lang.invoke.DirectMethodHandle$Holder.invokeStaticInit(java.lang.Object)'> (0x0000000710f95390) 
thrown [t:/workspace/open/src/hotspot/share/interpreter/linkResolver.cpp, line 767]
Event: 0.350 Thread 0x000001b8dcb5a800 Exception <a 'java/lang/NoSuchMethodError'{0x0000000710e17c40}: 'java.lang.Object java.lang.invoke.Invokers$Holder.linkToTargetMethod(java.lang.Object, int, java.lang.Object)'> (0x0000000710e17c40) 
thrown [t:/workspace/open/src/hotspot/share/interpreter/linkResolver.cpp, line 767]
Event: 0.427 Thread 0x000001b8dcb5a800 Exception <a 'java/lang/NoSuchMethodError'{0x0000000710d051e8}: 'java.lang.Object java.lang.invoke.DirectMethodHandle$Holder.invokeStaticInit(java.lang.Object, int, int, int, int)'> (0x0000000710d051e8) 
thrown [t:/workspace/open/src/hotspot/share/interpreter/linkResolver.cpp, line 767]
Event: 1.424 Thread 0x000001b8dcb5a800 Exception <a 'java/lang/NoSuchMethodError'{0x000000071095e0e0}: 'java.lang.Object java.lang.invoke.DirectMethodHandle$Holder.invokeStaticInit(java.lang.Object, java.lang.Object, int, int, int, int)'> (0x000000071095e0e0) 
thrown [t:/workspace/open/src/hotspot/share/interpreter/linkResolver.cpp, line 767]
Event: 1.858 Thread 0x000001b880c5f800 Exception <a 'java/lang/NoSuchMethodError'{0x0000000710f778a8}: 'void java.lang.invoke.DirectMethodHandle$Holder.invokeVirtual(java.lang.Object, java.lang.Object)'> (0x0000000710f778a8) 
thrown [t:/workspace/open/src/hotspot/share/interpreter/linkResolver.cpp, line 767]
Event: 1.893 Thread 0x000001b88137c000 Implicit null exception at 0x000001b8ecb7db5c to 0x000001b8ecb7dd66
Event: 2.686 Thread 0x000001b8dcb5a800 Implicit null exception at 0x000001b8ecbca9bb to 0x000001b8ecbcb5e6
Event: 2.766 Thread 0x000001b8ffea2000 Implicit null exception at 0x000001b8ecb7d2e5 to 0x000001b8ecb7d504
Event: 5.796 Thread 0x000001b88137c000 Implicit null exception at 0x000001b8ecbf3979 to 0x000001b8ecbf3a46

Events (20 events):
Event: 14.188 Executing VM operation: RevokeBias
Event: 14.188 Executing VM operation: RevokeBias done
Event: 15.030 Executing VM operation: G1CollectForAllocation
Event: 15.032 Executing VM operation: G1CollectForAllocation done
Event: 18.591 Executing VM operation: G1CollectForAllocation
Event: 18.593 Executing VM operation: G1CollectForAllocation done
Event: 19.627 Executing VM operation: RevokeBias
Event: 19.627 Executing VM operation: RevokeBias done
Event: 19.627 Thread 0x000001b880a81800 Thread added: 0x000001b880a81800
Event: 19.627 Thread 0x000001b889764800 Thread added: 0x000001b889764800
Event: 19.627 Thread 0x000001b889600800 Thread added: 0x000001b889600800
Event: 19.628 loading class java/util/WeakHashMap$KeyIterator
Event: 19.628 loading class java/util/WeakHashMap$HashIterator
Event: 19.628 loading class java/util/WeakHashMap$HashIterator done
Event: 19.628 loading class java/util/WeakHashMap$KeyIterator done
Event: 19.628 Thread 0x000001b889764800 Thread exited: 0x000001b889764800
Event: 19.628 Thread 0x000001b880a81800 Thread exited: 0x000001b880a81800
Event: 19.628 Executing VM operation: RevokeBias
Event: 19.628 Executing VM operation: RevokeBias done
Event: 19.628 Thread 0x000001b88138e000 Thread exited: 0x000001b88138e000


Dynamic libraries:
0x00007ff6d7a00000 - 0x00007ff6d7a0d000 	D:\AndroidSDK\jdk-13.0.2\bin\java.exe
0x00007ffebcf30000 - 0x00007ffebd125000 	C:\WINDOWS\SYSTEM32\ntdll.dll
0x00007ffebcba0000 - 0x00007ffebcc5e000 	C:\WINDOWS\System32\KERNEL32.DLL
0x00007ffebabe0000 - 0x00007ffebaea8000 	C:\WINDOWS\System32\KERNELBASE.dll
0x00007ffeba840000 - 0x00007ffeba940000 	C:\WINDOWS\System32\ucrtbase.dll
0x00007ffe972c0000 - 0x00007ffe972d5000 	D:\AndroidSDK\jdk-13.0.2\bin\VCRUNTIME140.dll
0x00007ffe9acb0000 - 0x00007ffe9acc8000 	D:\AndroidSDK\jdk-13.0.2\bin\jli.dll
0x00007ffebaf80000 - 0x00007ffebb121000 	C:\WINDOWS\System32\USER32.dll
0x00007ffeba810000 - 0x00007ffeba832000 	C:\WINDOWS\System32\win32u.dll
0x00007ffebc410000 - 0x00007ffebc43b000 	C:\WINDOWS\System32\GDI32.dll
0x00007ffea5ba0000 - 0x00007ffea5e3a000 	C:\WINDOWS\WinSxS\amd64_microsoft.windows.common-controls_6595b64144ccf1df_6.0.19041.1110_none_60b5254171f9507e\COMCTL32.dll
0x00007ffeba940000 - 0x00007ffebaa4b000 	C:\WINDOWS\System32\gdi32full.dll
0x00007ffebaeb0000 - 0x00007ffebaf4d000 	C:\WINDOWS\System32\msvcp_win.dll
0x00007ffebb3a0000 - 0x00007ffebb43e000 	C:\WINDOWS\System32\msvcrt.dll
0x00007ffebc470000 - 0x00007ffebc4a0000 	C:\WINDOWS\System32\IMM32.DLL
0x00007ffe8c8d0000 - 0x00007ffe8c96b000 	D:\AndroidSDK\jdk-13.0.2\bin\msvcp140.dll
0x00007ffe66c60000 - 0x00007ffe677bd000 	D:\AndroidSDK\jdk-13.0.2\bin\server\jvm.dll
0x00007ffebbde0000 - 0x00007ffebbe8c000 	C:\WINDOWS\System32\ADVAPI32.dll
0x00007ffebc680000 - 0x00007ffebc71b000 	C:\WINDOWS\System32\sechost.dll
0x00007ffebbb90000 - 0x00007ffebbcba000 	C:\WINDOWS\System32\RPCRT4.dll
0x00007ffebb440000 - 0x00007ffebb448000 	C:\WINDOWS\System32\PSAPI.DLL
0x00007ffea17b0000 - 0x00007ffea17b9000 	C:\WINDOWS\SYSTEM32\WSOCK32.dll
0x00007ffebbcc0000 - 0x00007ffebbd2b000 	C:\WINDOWS\System32\WS2_32.dll
0x00007ffea91d0000 - 0x00007ffea91f7000 	C:\WINDOWS\SYSTEM32\WINMM.dll
0x00007ffeb4710000 - 0x00007ffeb471a000 	C:\WINDOWS\SYSTEM32\VERSION.dll
0x00007ffeb8440000 - 0x00007ffeb8452000 	C:\WINDOWS\SYSTEM32\kernel.appcore.dll
0x00007ffea9af0000 - 0x00007ffea9b00000 	D:\AndroidSDK\jdk-13.0.2\bin\verify.dll
0x00007ffea17c0000 - 0x00007ffea19a4000 	C:\WINDOWS\SYSTEM32\DBGHELP.DLL
0x00007ffea0370000 - 0x00007ffea039c000 	C:\WINDOWS\SYSTEM32\dbgcore.DLL
0x00007ffebab50000 - 0x00007ffebabd3000 	C:\WINDOWS\System32\bcryptPrimitives.dll
0x00007ffe97290000 - 0x00007ffe972b6000 	D:\AndroidSDK\jdk-13.0.2\bin\java.dll
0x00007ffe96f80000 - 0x00007ffe96f97000 	D:\AndroidSDK\jdk-13.0.2\bin\zip.dll
0x00007ffea7ec0000 - 0x00007ffea7eca000 	D:\AndroidSDK\jdk-13.0.2\bin\jimage.dll
0x00007ffebb450000 - 0x00007ffebbb8f000 	C:\WINDOWS\System32\SHELL32.dll
0x00007ffeb8750000 - 0x00007ffeb8ee0000 	C:\WINDOWS\SYSTEM32\windows.storage.dll
0x00007ffebc050000 - 0x00007ffebc3a5000 	C:\WINDOWS\System32\combase.dll
0x00007ffeb9fd0000 - 0x00007ffeb9ffe000 	C:\WINDOWS\SYSTEM32\Wldp.dll
0x00007ffebbd30000 - 0x00007ffebbddd000 	C:\WINDOWS\System32\SHCORE.dll
0x00007ffebc4a0000 - 0x00007ffebc4f5000 	C:\WINDOWS\System32\shlwapi.dll
0x00007ffeba590000 - 0x00007ffeba5af000 	C:\WINDOWS\SYSTEM32\profapi.dll
0x00007ffe96e30000 - 0x00007ffe96e49000 	D:\AndroidSDK\jdk-13.0.2\bin\net.dll
0x00007ffeb2e70000 - 0x00007ffeb2f7c000 	C:\WINDOWS\SYSTEM32\WINHTTP.dll
0x00007ffeb9d30000 - 0x00007ffeb9d9a000 	C:\WINDOWS\system32\mswsock.dll
0x00007ffe95970000 - 0x00007ffe95983000 	D:\AndroidSDK\jdk-13.0.2\bin\nio.dll
0x00007ffe9b3c0000 - 0x00007ffe9b3da000 	W:\IntelliJ IDEA Community Edition 2018.3.4\bin\breakgen64.dll
0x00007ffe8b010000 - 0x00007ffe8b1a8000 	D:\AndroidSDK\jdk-13.0.2\bin\awt.dll
0x00007ffebcc60000 - 0x00007ffebcd2d000 	C:\WINDOWS\System32\OLEAUT32.dll
0x00007ffeb7ea0000 - 0x00007ffeb7f30000 	C:\WINDOWS\SYSTEM32\apphelp.dll
0x00007ffeb8460000 - 0x00007ffeb848f000 	C:\WINDOWS\system32\DWMAPI.DLL
0x00007ffeb8090000 - 0x00007ffeb812e000 	C:\WINDOWS\system32\uxtheme.dll
0x00007ffea9560000 - 0x00007ffea9685000 	C:\WINDOWS\system32\opengl32.dll
0x00007ffeabe10000 - 0x00007ffeabe3c000 	C:\WINDOWS\SYSTEM32\GLU32.dll
0x00007ffeabec0000 - 0x00007ffeabfce000 	C:\Program Files (x86)\Razer\Razer Cortex\x64\k_fps64.dll
0x00007ffeabe40000 - 0x00007ffeabebf000 	C:\Program Files (x86)\Razer\Razer Cortex\x64\d3dx10_43.dll
0x00007ffea96f0000 - 0x00007ffea995f000 	C:\Program Files (x86)\Razer\Razer Cortex\x64\D3DCOMPILER_43.dll
0x00007ffebbe90000 - 0x00007ffebbfba000 	C:\WINDOWS\System32\ole32.dll
0x00007ffea9690000 - 0x00007ffea96e7000 	C:\Program Files (x86)\Razer\Razer Cortex\x64\EasyHook64.dll
0x00007ffe8d550000 - 0x00007ffe8d7b3000 	C:\Program Files (x86)\Razer\Razer Cortex\x64\d3dx9_43.dll
0x00007ffebc500000 - 0x00007ffebc615000 	C:\WINDOWS\System32\MSCTF.dll
0x00007ffeb0b00000 - 0x00007ffeb0cce000 	C:\WINDOWS\system32\d3d9.dll
0x00007ffeaf4d0000 - 0x00007ffeaf5d5000 	C:\WINDOWS\System32\DriverStore\FileRepository\nv_dispi.inf_amd64_b2801df14ec7de03\nvldumdx.dll
0x00007ffeba160000 - 0x00007ffeba172000 	C:\WINDOWS\SYSTEM32\msasn1.dll
0x00007ffeb36c0000 - 0x00007ffeb36f1000 	C:\WINDOWS\SYSTEM32\cryptnet.dll
0x00007ffeba6b0000 - 0x00007ffeba806000 	C:\WINDOWS\System32\CRYPT32.dll
0x00007ffeb9f40000 - 0x00007ffeb9f4c000 	C:\WINDOWS\SYSTEM32\cryptbase.dll
0x00007ffeba650000 - 0x00007ffeba6b0000 	C:\WINDOWS\System32\WINTRUST.DLL
0x00007ffebc440000 - 0x00007ffebc45d000 	C:\WINDOWS\System32\imagehlp.dll
0x00007ffeb9f20000 - 0x00007ffeb9f38000 	C:\WINDOWS\SYSTEM32\CRYPTSP.dll
0x00007ffeb96b0000 - 0x00007ffeb96e4000 	C:\WINDOWS\system32\rsaenh.dll
0x00007ffebaf50000 - 0x00007ffebaf77000 	C:\WINDOWS\System32\bcrypt.dll
0x00007ffe6dbd0000 - 0x00007ffe6f388000 	C:\WINDOWS\System32\DriverStore\FileRepository\nv_dispi.inf_amd64_b2801df14ec7de03\nvd3dumx.dll
0x00007ffe940d0000 - 0x00007ffe9438e000 	C:\WINDOWS\system32\nvspcap64.dll
0x00007ffeb9320000 - 0x00007ffeb9353000 	C:\WINDOWS\SYSTEM32\ntmarta.dll
0x00007ffeb8ef0000 - 0x00007ffeb8f13000 	C:\WINDOWS\SYSTEM32\gpapi.dll
0x00007ffeb5160000 - 0x00007ffeb519b000 	C:\WINDOWS\SYSTEM32\dxcore.dll
0x00007ffebaa50000 - 0x00007ffebaa9e000 	C:\WINDOWS\System32\cfgmgr32.dll
0x00007ffe90c70000 - 0x00007ffe90cf2000 	D:\AndroidSDK\jdk-13.0.2\bin\freetype.dll
0x00007ffe8af60000 - 0x00007ffe8b006000 	D:\AndroidSDK\jdk-13.0.2\bin\fontmanager.dll
0x00007ffeb2530000 - 0x00007ffeb2629000 	C:\WINDOWS\SYSTEM32\textinputframework.dll
0x00007ffeb7ab0000 - 0x00007ffeb7ba2000 	C:\WINDOWS\System32\CoreMessaging.dll
0x00007ffeb7630000 - 0x00007ffeb798e000 	C:\WINDOWS\System32\CoreUIComponents.dll
0x00007ffeb74b0000 - 0x00007ffeb7604000 	C:\WINDOWS\SYSTEM32\wintypes.dll
0x00007ffeba550000 - 0x00007ffeba57e000 	C:\WINDOWS\SYSTEM32\USERENV.dll
0x00007ffeb9a20000 - 0x00007ffeb9a5b000 	C:\WINDOWS\SYSTEM32\IPHLPAPI.DLL
0x00007ffebcee0000 - 0x00007ffebcee8000 	C:\WINDOWS\System32\NSI.dll
0x00007ffeb46f0000 - 0x00007ffeb4707000 	C:\WINDOWS\SYSTEM32\dhcpcsvc6.DLL
0x00007ffeb46d0000 - 0x00007ffeb46ed000 	C:\WINDOWS\SYSTEM32\dhcpcsvc.DLL
0x00007ffeb9a60000 - 0x00007ffeb9b2b000 	C:\WINDOWS\SYSTEM32\DNSAPI.dll

dbghelp: loaded successfully - version: 4.0.5 - missing functions: none
symbol engine: initialized successfully - sym options: 0x614 - pdb path: .;D:\AndroidSDK\jdk-13.0.2\bin;C:\WINDOWS\SYSTEM32;C:\WINDOWS\WinSxS\amd64_microsoft.windows.common-controls_6595b64144ccf1df_6.0.19041.1110_none_60b5254171f9507e;D:\AndroidSDK\jdk-13.0.2\bin\server;W:\IntelliJ IDEA Community Edition 2018.3.4\bin;C:\Program Files (x86)\Razer\Razer Cortex\x64;C:\WINDOWS\System32\DriverStore\FileRepository\nv_dispi.inf_amd64_b2801df14ec7de03

VM Arguments:
jvm_args: -Didea.launcher.port=63405 -Didea.launcher.bin.path=W:\IntelliJ IDEA Community Edition 2018.3.4\bin -Dfile.encoding=UTF-8 
java_command: com.intellij.rt.execution.application.AppMainV2 org.pixelgame.Game
java_class_path (initial): C:\Users\stels\IdeaProjects\Terarion\out\production\Terarion;W:\IntelliJ IDEA Community Edition 2018.3.4\lib\idea_rt.jar
Launcher Type: SUN_STANDARD

[Global flags]
     intx CICompilerCount                          = 3                                         {product} {ergonomic}
     uint ConcGCThreads                            = 1                                         {product} {ergonomic}
     uint G1ConcRefinementThreads                  = 4                                         {product} {ergonomic}
   size_t G1HeapRegionSize                         = 1048576                                   {product} {ergonomic}
    uintx GCDrainStackTargetSize                   = 64                                        {product} {ergonomic}
   size_t InitialHeapSize                          = 268435456                                 {product} {ergonomic}
   size_t MarkStackSize                            = 4194304                                   {product} {ergonomic}
   size_t MaxHeapSize                              = 4276092928                                {product} {ergonomic}
   size_t MaxNewSize                               = 2564816896                                {product} {ergonomic}
   size_t MinHeapDeltaBytes                        = 1048576                                   {product} {ergonomic}
   size_t MinHeapSize                              = 8388608                                   {product} {ergonomic}
    uintx NonNMethodCodeHeapSize                   = 5832780                                {pd product} {ergonomic}
    uintx NonProfiledCodeHeapSize                  = 122912730                              {pd product} {ergonomic}
    uintx ProfiledCodeHeapSize                     = 122912730                              {pd product} {ergonomic}
    uintx ReservedCodeCacheSize                    = 251658240                              {pd product} {ergonomic}
     bool SegmentedCodeCache                       = true                                      {product} {ergonomic}
   size_t SoftMaxHeapSize                          = 4276092928                             {manageable} {ergonomic}
     bool UseCompressedClassPointers               = true                                 {lp64_product} {ergonomic}
     bool UseCompressedOops                        = true                                 {lp64_product} {ergonomic}
     bool UseG1GC                                  = true                                      {product} {ergonomic}
     bool UseLargePagesIndividualAllocation        = false                                  {pd product} {ergonomic}

Logging:
Log output configuration:
 #0: stdout all=warning uptime,level,tags
 #1: stderr all=off uptime,level,tags

Environment Variables:
JAVA_HOME=W:\UnityFolders\2019.3.0f6\Editor\Data\PlaybackEngines\AndroidPlayer\OpenJDK
PATH=C:\Python27\;C:\Python27\Scripts;C:\Inprise\vbroker\bin;W:\borland\delphi7\Bin;W:\borland\delphi7\Projects\Bpl\;C:\Program Files (x86)\Common Files\Oracle\Java\javapath;C:\ProgramData\Oracle\Java\javapath;C:\WINDOWS\system32;C:\WINDOWS;C:\WINDOWS\System32\Wbem;C:\WINDOWS\System32\WindowsPowerShell\v1.0\;C:\Program Files\dotnet\;C:\WINDOWS\System32\OpenSSH\;C:\Program Files (x86)\NVIDIA Corporation\PhysX\Common;C:\Program Files\Microsoft SQL Server\130\Tools\Binn\;C:\Program Files (x86)\QuickTime\QTSystem\;C:\Program Files\NVIDIA Corporation\NVIDIA NvDLISR;W:\nodejs\;C:\ProgramData\chocolatey\bin;C:\Program Files\Microsoft SQL Server\Client SDK\ODBC\170\Tools\Binn\;D:\FlutterSDK\flutter\bin;D:\AndroidSDK\sdk-tools-windows\platform-tools;C:\WINDOWS\system32;C:\WINDOWS;C:\WINDOWS\System32\Wbem;C:\WINDOWS\System32\WindowsPowerShell\v1.0\;C:\WINDOWS\System32\OpenSSH\;C:\Program Files\OpenSSH-Win64;C:\Program Files\Microsoft\Web Platform Installer\;C:\Program Files\Git\cmd;C:\Program Files\Go\bin;C:\Users\stels\source\repos\Informatical\FPC\bin\i386-Win32;C:\MinGW\bin;C:\Users\stels\AppData\Local\Programs\Python\Python39\Scripts\;C:\Users\stels\AppData\Local\Programs\Python\Python39\;C:\Users\stels\AppData\Local\GitHubDesktop\bin;W:\IntelliJ IDEA Community Edition 2018.3.4\bin;C:\Users\stels\AppData\Local\Microsoft\WindowsApps;C:\Users\stels\AppData\Roaming\npm;W:\Microsoft VS Code\bin;C:\Users\stels\.dotnet\tools;C:\Users\stels\AppData\Local\Microsoft\WindowsApps;C:\Users\stels\go\bin;C:\Users\stels\.dotnet\tools;W:\DevEco Studio 2.1.0.501\bin;;C:\MinGW\bin;
USERNAME=stels
OS=Windows_NT
PROCESSOR_IDENTIFIER=Intel64 Family 6 Model 158 Stepping 9, GenuineIntel



---------------  S Y S T E M  ---------------

OS: Windows 10 , 64 bit Build 19041 (10.0.19041.1348)

CPU:total 4 (initial active 4) (4 cores per cpu, 1 threads per core) family 6 model 158 stepping 9, cmov, cx8, fxsr, mmx, sse, sse2, sse3, ssse3, sse4.1, sse4.2, popcnt, avx, avx2, aes, clmul, erms, rtm, 3dnowpref, lzcnt, tsc, tscinvbit, bmi1, bmi2, adx, fma

Memory: 4k page, system-wide physical 16307M (2629M free)
TotalPageFile size 35997M (AvailPageFile size 10793M)
current process WorkingSet (physical memory assigned to process): 252M, peak: 275M
current process commit charge ("private bytes"): 441M, peak: 470M

vm_info: OpenJDK 64-Bit Server VM (13.0.2+8) for windows-amd64 JRE (13.0.2+8), built on Dec 11 2019 09:20:05 by "mach5one" with unknown MS VC++:1916

END.
