#
# A fatal error has been detected by the Java Runtime Environment:
#
#  EXCEPTION_ACCESS_VIOLATION (0xc0000005) at pc=0x0000000000000000, pid=18296, tid=13624
#
# JRE version: OpenJDK Runtime Environment (18.0.2.1+1) (build 18.0.2.1+1-1)
# Java VM: OpenJDK 64-Bit Server VM (18.0.2.1+1-1, mixed mode, sharing, tiered, compressed oops, compressed class ptrs, g1 gc, windows-amd64)
# Problematic frame:
# C  0x0000000000000000
#
# No core dump will be written. Minidumps are not enabled by default on client versions of Windows
#
# If you would like to submit a bug report, please visit:
#   https://bugreport.java.com/bugreport/crash.jsp
# The crash happened outside the Java Virtual Machine in native code.
# See problematic frame for where to report the bug.
#

---------------  S U M M A R Y ------------

Command Line: -javaagent:W:\IntelliJ IDEA Community Edition 2023.1.1\lib\idea_rt.jar=63215:W:\IntelliJ IDEA Community Edition 2023.1.1\bin -Dfile.encoding=UTF-8 -Dsun.stdout.encoding=UTF-8 -Dsun.stderr.encoding=UTF-8 org.pixelgame.Game

Host: Intel(R) Core(TM) i5-7600 CPU @ 3.50GHz, 4 cores, 15G,  Windows 10 , 64 bit Build 19041 (10.0.19041.2913)
Time: Sun May 14 00:34:53 2023 RTZ 2 (s 10 , 64 bit Build 19041 (10.0.19041.2913) elapsed time: 34.631750 seconds (0d 0h 0m 34s)

---------------  T H R E A D  ---------------

Current thread (0x000002b225be2ac0):  JavaThread "AWT-Windows" daemon [_thread_in_native, id=13624, stack(0x000000d8fed00000,0x000000d8fee00000)]

Stack: [0x000000d8fed00000,0x000000d8fee00000],  sp=0x000000d8fedfefc8,  free space=1019k
Native frames: (J=compiled Java code, j=interpreted, Vv=VM code, C=native code)

Java frames: (J=compiled Java code, j=interpreted, Vv=VM code)
j  sun.awt.windows.WToolkit.eventLoop()V+0 java.desktop@18.0.2.1
j  sun.awt.windows.WToolkit.run()V+50 java.desktop@18.0.2.1
j  java.lang.Thread.run()V+11 java.base@18.0.2.1
v  ~StubRoutines::call_stub

siginfo: EXCEPTION_ACCESS_VIOLATION (0xc0000005), data execution prevention violation at address 0x0000000000000000


Register to memory mapping:

RIP=0x0 is NULL
RAX=0x0 is NULL
RBX=0x000002b2264b9d00 points into unknown readable memory: 0x000002b2268837f0 | f0 37 88 26 b2 02 00 00
RCX=0x0 is NULL
RDX=0x000002b2268837f0 points into unknown readable memory: 0x5541544173655243 | 43 52 65 73 41 54 41 55
RSP=0x000000d8fedfefc8 is pointing into the stack for thread: 0x000002b225be2ac0
RBP=0x00007ffbe1f9a7e0 awt.dll
RSI=0x0 is NULL
RDI=0x000002b225c34290 points into unknown readable memory: 0x000002b22646d9c0 | c0 d9 46 26 b2 02 00 00
R8 =0x000002b2264b9d00 points into unknown readable memory: 0x000002b2268837f0 | f0 37 88 26 b2 02 00 00
R9 =0x0000000000000001 is an unknown value
R10=0x0000000000008000 is an unknown value
R11=0x000000d8fedff190 is pointing into the stack for thread: 0x000002b225be2ac0
R12=0x0 is NULL
R13={method} {0x000002b2219bf010} 'eventLoop' '()V' in 'sun/awt/windows/WToolkit'
R14=0x000000d8fedff478 is pointing into the stack for thread: 0x000002b225be2ac0
R15=0x000002b225be2ac0 is a thread


Registers:
RAX=0x0000000000000000, RBX=0x000002b2264b9d00, RCX=0x0000000000000000, RDX=0x000002b2268837f0
RSP=0x000000d8fedfefc8, RBP=0x00007ffbe1f9a7e0, RSI=0x0000000000000000, RDI=0x000002b225c34290
R8 =0x000002b2264b9d00, R9 =0x0000000000000001, R10=0x0000000000008000, R11=0x000000d8fedff190
R12=0x0000000000000000, R13=0x000002b2219bf008, R14=0x000000d8fedff478, R15=0x000002b225be2ac0
RIP=0x0000000000000000, EFLAGS=0x0000000000010206

Top of Stack: (sp=0x000000d8fedfefc8)
0x000000d8fedfefc8:   00007ffbe7422b18 000002b225be2ac0
0x000000d8fedfefd8:   0000000000000000 000002b2219bf008
0x000000d8fedfefe8:   0000000000000000 000002b225c34290
0x000000d8fedfeff8:   00007ffbe7422a47 000002b2264b9d00
0x000000d8fedff008:   000002b2268e6500 00007ffbe1f9a7e0
0x000000d8fedff018:   0000000000000000 000002b22691d7e0
0x000000d8fedff028:   00007ffbe740041e 000002b22657c880
0x000000d8fedff038:   00007ffc15c0955f 000002b2264ba600
0x000000d8fedff048:   0000000000000000 000002b225c34290
0x000000d8fedff058:   000002b2264b9d00 000002b2219bf008
0x000000d8fedff068:   00007ffc18375ba1 000002b226782790
0x000000d8fedff078:   00007ffbe740033b 0000000000000000
0x000000d8fedff088:   000002b27cf70000 fffffffffffffffe
0x000000d8fedff098:   fffffffffffffffe 000000d8fedff478
0x000000d8fedff0a8:   00007ffbe74002a0 0000000000000001
0x000000d8fedff0b8:   0000000000000001 000002b22657c880 

Instructions: (pc=0x0000000000000000)
0xffffffffffffff00:   


Stack slot to memory mapping:
stack at sp + 0 slots: 0x00007ffbe7422b18 d3d9.dll
stack at sp + 1 slots: 0x000002b225be2ac0 is a thread
stack at sp + 2 slots: 0x0 is NULL
stack at sp + 3 slots: {method} {0x000002b2219bf010} 'eventLoop' '()V' in 'sun/awt/windows/WToolkit'
stack at sp + 4 slots: 0x0 is NULL
stack at sp + 5 slots: 0x000002b225c34290 points into unknown readable memory: 0x000002b22646d9c0 | c0 d9 46 26 b2 02 00 00
stack at sp + 6 slots: 0x00007ffbe7422a47 d3d9.dll
stack at sp + 7 slots: 0x000002b2264b9d00 points into unknown readable memory: 0x000002b2268837f0 | f0 37 88 26 b2 02 00 00


---------------  P R O C E S S  ---------------

Threads class SMR info:
_java_thread_list=0x000002b226af1040, length=19, elements={
0x000002b27fdd2ae0, 0x000002b27fdd7750, 0x000002b27fdedf40, 0x000002b27fdee8e0,
0x000002b27fdef280, 0x000002b27fdefc20, 0x000002b27fdf1900, 0x000002b27fdf8ac0,
0x000002b27fe014c0, 0x000002b27fe8e750, 0x000002b225af5db0, 0x000002b225af6270,
0x000002b225bdbeb0, 0x000002b225bdf2b0, 0x000002b225be2ac0, 0x000002b225ac46e0,
0x000002b225ac4bb0, 0x000002b225ac6890, 0x000002b22e1434e0
}

Java Threads: ( => current thread )
  0x000002b27fdd2ae0 JavaThread "Reference Handler" daemon [_thread_blocked, id=940, stack(0x000000d8fde00000,0x000000d8fdf00000)]
  0x000002b27fdd7750 JavaThread "Finalizer" daemon [_thread_blocked, id=12060, stack(0x000000d8fdf00000,0x000000d8fe000000)]
  0x000002b27fdedf40 JavaThread "Signal Dispatcher" daemon [_thread_blocked, id=9724, stack(0x000000d8fe000000,0x000000d8fe100000)]
  0x000002b27fdee8e0 JavaThread "Attach Listener" daemon [_thread_blocked, id=16472, stack(0x000000d8fe100000,0x000000d8fe200000)]
  0x000002b27fdef280 JavaThread "Service Thread" daemon [_thread_blocked, id=15676, stack(0x000000d8fe200000,0x000000d8fe300000)]
  0x000002b27fdefc20 JavaThread "Monitor Deflation Thread" daemon [_thread_blocked, id=9000, stack(0x000000d8fe300000,0x000000d8fe400000)]
  0x000002b27fdf1900 JavaThread "C2 CompilerThread0" daemon [_thread_blocked, id=17816, stack(0x000000d8fe400000,0x000000d8fe500000)]
  0x000002b27fdf8ac0 JavaThread "C1 CompilerThread0" daemon [_thread_blocked, id=14764, stack(0x000000d8fe500000,0x000000d8fe600000)]
  0x000002b27fe014c0 JavaThread "Sweeper thread" daemon [_thread_blocked, id=10608, stack(0x000000d8fe600000,0x000000d8fe700000)]
  0x000002b27fe8e750 JavaThread "Common-Cleaner" daemon [_thread_blocked, id=12028, stack(0x000000d8fe700000,0x000000d8fe800000)]
  0x000002b225af5db0 JavaThread "Monitor Ctrl-Break" daemon [_thread_in_native, id=8584, stack(0x000000d8fe800000,0x000000d8fe900000)]
  0x000002b225af6270 JavaThread "Notification Thread" daemon [_thread_blocked, id=17072, stack(0x000000d8fe900000,0x000000d8fea00000)]
  0x000002b225bdbeb0 JavaThread "Java2D Disposer" daemon [_thread_blocked, id=2060, stack(0x000000d8feb00000,0x000000d8fec00000)]
  0x000002b225bdf2b0 JavaThread "AWT-Shutdown" [_thread_blocked, id=10744, stack(0x000000d8fec00000,0x000000d8fed00000)]
=>0x000002b225be2ac0 JavaThread "AWT-Windows" daemon [_thread_in_native, id=13624, stack(0x000000d8fed00000,0x000000d8fee00000)]
  0x000002b225ac46e0 JavaThread "AWT-EventQueue-0" [_thread_blocked, id=5052, stack(0x000000d8ff000000,0x000000d8ff100000)]
  0x000002b225ac4bb0 JavaThread "Rendering Thread" [_thread_in_native, id=9228, stack(0x000000d8ff100000,0x000000d8ff200000)]
  0x000002b225ac6890 JavaThread "DestroyJavaVM" [_thread_blocked, id=256, stack(0x000000d8fd700000,0x000000d8fd800000)]
  0x000002b22e1434e0 JavaThread "ToolkitShutdown" daemon [_thread_in_native, id=8692, stack(0x000000d8ff900000,0x000000d8ffa00000)]

Other Threads:
  0x000002b27f11c4d0 VMThread "VM Thread" [stack: 0x000000d8fdd00000,0x000000d8fde00000] [id=10368]
  0x000002b27f092a10 WatcherThread "VM Periodic Task Thread" [stack: 0x000000d8fea00000,0x000000d8feb00000] [id=17404]
  0x000002b27f1035a0 WorkerThread "GC Thread#0" [stack: 0x000000d8fd800000,0x000000d8fd900000] [id=17448]
  0x000002b22dfdc5f0 WorkerThread "GC Thread#1" [stack: 0x000000d8ff300000,0x000000d8ff400000] [id=428]
  0x000002b22dfddaf0 WorkerThread "GC Thread#2" [stack: 0x000000d8ff400000,0x000000d8ff500000] [id=16240]
  0x000002b22dfdc0b0 WorkerThread "GC Thread#3" [stack: 0x000000d8ff500000,0x000000d8ff600000] [id=9480]
  0x000002b27f1143a0 ConcurrentGCThread "G1 Main Marker" [stack: 0x000000d8fd900000,0x000000d8fda00000] [id=15372]
  0x000002b27f115530 WorkerThread "G1 Conc#0" [stack: 0x000000d8fda00000,0x000000d8fdb00000] [id=16740]
  0x000002b27f1566b0 ConcurrentGCThread "G1 Refine#0" [stack: 0x000000d8fdb00000,0x000000d8fdc00000] [id=16816]
  0x000002b27f15afd0 ConcurrentGCThread "G1 Service" [stack: 0x000000d8fdc00000,0x000000d8fdd00000] [id=10512]

Threads with active compile tasks:

VM state: not at safepoint (normal execution)

VM Mutex/Monitor currently owned by a thread: None

Heap address: 0x0000000701200000, size: 4078 MB, Compressed Oops mode: Zero based, Oop shift amount: 3

CDS archive(s) mapped at: [0x0000000800000000-0x0000000800ba0000-0x0000000800ba0000), size 12189696, SharedBaseAddress: 0x0000000800000000, ArchiveRelocationMode: 0.
Compressed class space mapped at: 0x0000000800c00000-0x0000000840c00000, reserved size: 1073741824
Narrow klass base: 0x0000000800000000, Narrow klass shift: 0, Narrow klass range: 0x100000000

GC Precious Log:
 CardTable entry size: 512
 Card Set container configuration: InlinePtr #cards 4 size 8 Array Of Cards #cards 16 size 48 Howl #buckets 8 coarsen threshold 3686 Howl Bitmap #cards 512 size 80 coarsen threshold 460 Card regions per heap region 1 cards per card region 4096
 CPUs: 4 total, 4 available
 Memory: 16307M
 Large Page Support: Disabled
 NUMA Support: Disabled
 Compressed Oops: Enabled (Zero based)
 Heap Region Size: 2M
 Heap Min Capacity: 8M
 Heap Initial Capacity: 256M
 Heap Max Capacity: 4078M
 Pre-touch: Disabled
 Parallel Workers: 4
 Concurrent Workers: 1
 Concurrent Refinement Workers: 4
 Periodic GC: Disabled

Heap:
 garbage-first heap   total 262144K, used 107458K [0x0000000701200000, 0x0000000800000000)
  region size 2048K, 53 young (108544K), 1 survivors (2048K)
 Metaspace       used 7637K, committed 7872K, reserved 1114112K
  class space    used 720K, committed 832K, reserved 1048576K

Heap Regions: E=young(eden), S=young(survivor), O=old, HS=humongous(starts), HC=humongous(continues), CS=collection set, F=free, OA=open archive, CA=closed archive, TAMS=top-at-mark-start (previous, next)
|   0|0x0000000701200000, 0x0000000701400000, 0x0000000701400000|100%| O|  |TAMS 0x0000000701200000, 0x0000000701200000| Untracked 
|   1|0x0000000701400000, 0x00000007014dc200, 0x0000000701600000| 42%| O|  |TAMS 0x0000000701400000, 0x0000000701400000| Untracked 
|   2|0x0000000701600000, 0x0000000701600000, 0x0000000701800000|  0%| F|  |TAMS 0x0000000701600000, 0x0000000701600000| Untracked 
|   3|0x0000000701800000, 0x0000000701800000, 0x0000000701a00000|  0%| F|  |TAMS 0x0000000701800000, 0x0000000701800000| Untracked 
|   4|0x0000000701a00000, 0x0000000701a00000, 0x0000000701c00000|  0%| F|  |TAMS 0x0000000701a00000, 0x0000000701a00000| Untracked 
|   5|0x0000000701c00000, 0x0000000701c00000, 0x0000000701e00000|  0%| F|  |TAMS 0x0000000701c00000, 0x0000000701c00000| Untracked 
|   6|0x0000000701e00000, 0x0000000701e00000, 0x0000000702000000|  0%| F|  |TAMS 0x0000000701e00000, 0x0000000701e00000| Untracked 
|   7|0x0000000702000000, 0x0000000702000000, 0x0000000702200000|  0%| F|  |TAMS 0x0000000702000000, 0x0000000702000000| Untracked 
|   8|0x0000000702200000, 0x0000000702200000, 0x0000000702400000|  0%| F|  |TAMS 0x0000000702200000, 0x0000000702200000| Untracked 
|   9|0x0000000702400000, 0x0000000702400000, 0x0000000702600000|  0%| F|  |TAMS 0x0000000702400000, 0x0000000702400000| Untracked 
|  10|0x0000000702600000, 0x0000000702600000, 0x0000000702800000|  0%| F|  |TAMS 0x0000000702600000, 0x0000000702600000| Untracked 
|  11|0x0000000702800000, 0x0000000702800000, 0x0000000702a00000|  0%| F|  |TAMS 0x0000000702800000, 0x0000000702800000| Untracked 
|  12|0x0000000702a00000, 0x0000000702a00000, 0x0000000702c00000|  0%| F|  |TAMS 0x0000000702a00000, 0x0000000702a00000| Untracked 
|  13|0x0000000702c00000, 0x0000000702c00000, 0x0000000702e00000|  0%| F|  |TAMS 0x0000000702c00000, 0x0000000702c00000| Untracked 
|  14|0x0000000702e00000, 0x0000000702e00000, 0x0000000703000000|  0%| F|  |TAMS 0x0000000702e00000, 0x0000000702e00000| Untracked 
|  15|0x0000000703000000, 0x0000000703000000, 0x0000000703200000|  0%| F|  |TAMS 0x0000000703000000, 0x0000000703000000| Untracked 
|  16|0x0000000703200000, 0x0000000703200000, 0x0000000703400000|  0%| F|  |TAMS 0x0000000703200000, 0x0000000703200000| Untracked 
|  17|0x0000000703400000, 0x0000000703400000, 0x0000000703600000|  0%| F|  |TAMS 0x0000000703400000, 0x0000000703400000| Untracked 
|  18|0x0000000703600000, 0x0000000703600000, 0x0000000703800000|  0%| F|  |TAMS 0x0000000703600000, 0x0000000703600000| Untracked 
|  19|0x0000000703800000, 0x0000000703800000, 0x0000000703a00000|  0%| F|  |TAMS 0x0000000703800000, 0x0000000703800000| Untracked 
|  20|0x0000000703a00000, 0x0000000703a00000, 0x0000000703c00000|  0%| F|  |TAMS 0x0000000703a00000, 0x0000000703a00000| Untracked 
|  21|0x0000000703c00000, 0x0000000703c00000, 0x0000000703e00000|  0%| F|  |TAMS 0x0000000703c00000, 0x0000000703c00000| Untracked 
|  22|0x0000000703e00000, 0x0000000703e00000, 0x0000000704000000|  0%| F|  |TAMS 0x0000000703e00000, 0x0000000703e00000| Untracked 
|  23|0x0000000704000000, 0x0000000704000000, 0x0000000704200000|  0%| F|  |TAMS 0x0000000704000000, 0x0000000704000000| Untracked 
|  24|0x0000000704200000, 0x0000000704200000, 0x0000000704400000|  0%| F|  |TAMS 0x0000000704200000, 0x0000000704200000| Untracked 
|  25|0x0000000704400000, 0x0000000704400000, 0x0000000704600000|  0%| F|  |TAMS 0x0000000704400000, 0x0000000704400000| Untracked 
|  26|0x0000000704600000, 0x0000000704600000, 0x0000000704800000|  0%| F|  |TAMS 0x0000000704600000, 0x0000000704600000| Untracked 
|  27|0x0000000704800000, 0x0000000704800000, 0x0000000704a00000|  0%| F|  |TAMS 0x0000000704800000, 0x0000000704800000| Untracked 
|  28|0x0000000704a00000, 0x0000000704a00000, 0x0000000704c00000|  0%| F|  |TAMS 0x0000000704a00000, 0x0000000704a00000| Untracked 
|  29|0x0000000704c00000, 0x0000000704c00000, 0x0000000704e00000|  0%| F|  |TAMS 0x0000000704c00000, 0x0000000704c00000| Untracked 
|  30|0x0000000704e00000, 0x0000000704e00000, 0x0000000705000000|  0%| F|  |TAMS 0x0000000704e00000, 0x0000000704e00000| Untracked 
|  31|0x0000000705000000, 0x0000000705000000, 0x0000000705200000|  0%| F|  |TAMS 0x0000000705000000, 0x0000000705000000| Untracked 
|  32|0x0000000705200000, 0x0000000705200000, 0x0000000705400000|  0%| F|  |TAMS 0x0000000705200000, 0x0000000705200000| Untracked 
|  33|0x0000000705400000, 0x0000000705400000, 0x0000000705600000|  0%| F|  |TAMS 0x0000000705400000, 0x0000000705400000| Untracked 
|  34|0x0000000705600000, 0x0000000705600000, 0x0000000705800000|  0%| F|  |TAMS 0x0000000705600000, 0x0000000705600000| Untracked 
|  35|0x0000000705800000, 0x0000000705800000, 0x0000000705a00000|  0%| F|  |TAMS 0x0000000705800000, 0x0000000705800000| Untracked 
|  36|0x0000000705a00000, 0x0000000705a00000, 0x0000000705c00000|  0%| F|  |TAMS 0x0000000705a00000, 0x0000000705a00000| Untracked 
|  37|0x0000000705c00000, 0x0000000705c00000, 0x0000000705e00000|  0%| F|  |TAMS 0x0000000705c00000, 0x0000000705c00000| Untracked 
|  38|0x0000000705e00000, 0x0000000705e00000, 0x0000000706000000|  0%| F|  |TAMS 0x0000000705e00000, 0x0000000705e00000| Untracked 
|  39|0x0000000706000000, 0x0000000706000000, 0x0000000706200000|  0%| F|  |TAMS 0x0000000706000000, 0x0000000706000000| Untracked 
|  40|0x0000000706200000, 0x0000000706200000, 0x0000000706400000|  0%| F|  |TAMS 0x0000000706200000, 0x0000000706200000| Untracked 
|  41|0x0000000706400000, 0x0000000706400000, 0x0000000706600000|  0%| F|  |TAMS 0x0000000706400000, 0x0000000706400000| Untracked 
|  42|0x0000000706600000, 0x0000000706600000, 0x0000000706800000|  0%| F|  |TAMS 0x0000000706600000, 0x0000000706600000| Untracked 
|  43|0x0000000706800000, 0x0000000706800000, 0x0000000706a00000|  0%| F|  |TAMS 0x0000000706800000, 0x0000000706800000| Untracked 
|  44|0x0000000706a00000, 0x0000000706a00000, 0x0000000706c00000|  0%| F|  |TAMS 0x0000000706a00000, 0x0000000706a00000| Untracked 
|  45|0x0000000706c00000, 0x0000000706c00000, 0x0000000706e00000|  0%| F|  |TAMS 0x0000000706c00000, 0x0000000706c00000| Untracked 
|  46|0x0000000706e00000, 0x0000000706e00000, 0x0000000707000000|  0%| F|  |TAMS 0x0000000706e00000, 0x0000000706e00000| Untracked 
|  47|0x0000000707000000, 0x0000000707000000, 0x0000000707200000|  0%| F|  |TAMS 0x0000000707000000, 0x0000000707000000| Untracked 
|  48|0x0000000707200000, 0x0000000707200000, 0x0000000707400000|  0%| F|  |TAMS 0x0000000707200000, 0x0000000707200000| Untracked 
|  49|0x0000000707400000, 0x0000000707400000, 0x0000000707600000|  0%| F|  |TAMS 0x0000000707400000, 0x0000000707400000| Untracked 
|  50|0x0000000707600000, 0x0000000707600000, 0x0000000707800000|  0%| F|  |TAMS 0x0000000707600000, 0x0000000707600000| Untracked 
|  51|0x0000000707800000, 0x0000000707800000, 0x0000000707a00000|  0%| F|  |TAMS 0x0000000707800000, 0x0000000707800000| Untracked 
|  52|0x0000000707a00000, 0x0000000707a00000, 0x0000000707c00000|  0%| F|  |TAMS 0x0000000707a00000, 0x0000000707a00000| Untracked 
|  53|0x0000000707c00000, 0x0000000707c00000, 0x0000000707e00000|  0%| F|  |TAMS 0x0000000707c00000, 0x0000000707c00000| Untracked 
|  54|0x0000000707e00000, 0x0000000707e00000, 0x0000000708000000|  0%| F|  |TAMS 0x0000000707e00000, 0x0000000707e00000| Untracked 
|  55|0x0000000708000000, 0x0000000708000000, 0x0000000708200000|  0%| F|  |TAMS 0x0000000708000000, 0x0000000708000000| Untracked 
|  56|0x0000000708200000, 0x0000000708200000, 0x0000000708400000|  0%| F|  |TAMS 0x0000000708200000, 0x0000000708200000| Untracked 
|  57|0x0000000708400000, 0x0000000708400000, 0x0000000708600000|  0%| F|  |TAMS 0x0000000708400000, 0x0000000708400000| Untracked 
|  58|0x0000000708600000, 0x0000000708600000, 0x0000000708800000|  0%| F|  |TAMS 0x0000000708600000, 0x0000000708600000| Untracked 
|  59|0x0000000708800000, 0x0000000708800000, 0x0000000708a00000|  0%| F|  |TAMS 0x0000000708800000, 0x0000000708800000| Untracked 
|  60|0x0000000708a00000, 0x0000000708a00000, 0x0000000708c00000|  0%| F|  |TAMS 0x0000000708a00000, 0x0000000708a00000| Untracked 
|  61|0x0000000708c00000, 0x0000000708c00000, 0x0000000708e00000|  0%| F|  |TAMS 0x0000000708c00000, 0x0000000708c00000| Untracked 
|  62|0x0000000708e00000, 0x0000000708e00000, 0x0000000709000000|  0%| F|  |TAMS 0x0000000708e00000, 0x0000000708e00000| Untracked 
|  63|0x0000000709000000, 0x0000000709000000, 0x0000000709200000|  0%| F|  |TAMS 0x0000000709000000, 0x0000000709000000| Untracked 
|  64|0x0000000709200000, 0x0000000709200000, 0x0000000709400000|  0%| F|  |TAMS 0x0000000709200000, 0x0000000709200000| Untracked 
|  65|0x0000000709400000, 0x0000000709400000, 0x0000000709600000|  0%| F|  |TAMS 0x0000000709400000, 0x0000000709400000| Untracked 
|  66|0x0000000709600000, 0x0000000709600000, 0x0000000709800000|  0%| F|  |TAMS 0x0000000709600000, 0x0000000709600000| Untracked 
|  67|0x0000000709800000, 0x0000000709800000, 0x0000000709a00000|  0%| F|  |TAMS 0x0000000709800000, 0x0000000709800000| Untracked 
|  68|0x0000000709a00000, 0x0000000709a00000, 0x0000000709c00000|  0%| F|  |TAMS 0x0000000709a00000, 0x0000000709a00000| Untracked 
|  69|0x0000000709c00000, 0x0000000709c00000, 0x0000000709e00000|  0%| F|  |TAMS 0x0000000709c00000, 0x0000000709c00000| Untracked 
|  70|0x0000000709e00000, 0x0000000709e00000, 0x000000070a000000|  0%| F|  |TAMS 0x0000000709e00000, 0x0000000709e00000| Untracked 
|  71|0x000000070a000000, 0x000000070a000000, 0x000000070a200000|  0%| F|  |TAMS 0x000000070a000000, 0x000000070a000000| Untracked 
|  72|0x000000070a200000, 0x000000070a200000, 0x000000070a400000|  0%| F|  |TAMS 0x000000070a200000, 0x000000070a200000| Untracked 
|  73|0x000000070a400000, 0x000000070a400000, 0x000000070a600000|  0%| F|  |TAMS 0x000000070a400000, 0x000000070a400000| Untracked 
|  74|0x000000070a600000, 0x000000070a600000, 0x000000070a800000|  0%| F|  |TAMS 0x000000070a600000, 0x000000070a600000| Untracked 
|  75|0x000000070a800000, 0x000000070aa00000, 0x000000070aa00000|100%| E|  |TAMS 0x000000070a800000, 0x000000070a800000| Complete 
|  76|0x000000070aa00000, 0x000000070ac00000, 0x000000070ac00000|100%| E|CS|TAMS 0x000000070aa00000, 0x000000070aa00000| Complete 
|  77|0x000000070ac00000, 0x000000070ae00000, 0x000000070ae00000|100%| E|CS|TAMS 0x000000070ac00000, 0x000000070ac00000| Complete 
|  78|0x000000070ae00000, 0x000000070b000000, 0x000000070b000000|100%| E|CS|TAMS 0x000000070ae00000, 0x000000070ae00000| Complete 
|  79|0x000000070b000000, 0x000000070b200000, 0x000000070b200000|100%| E|CS|TAMS 0x000000070b000000, 0x000000070b000000| Complete 
|  80|0x000000070b200000, 0x000000070b400000, 0x000000070b400000|100%| E|CS|TAMS 0x000000070b200000, 0x000000070b200000| Complete 
|  81|0x000000070b400000, 0x000000070b600000, 0x000000070b600000|100%| E|CS|TAMS 0x000000070b400000, 0x000000070b400000| Complete 
|  82|0x000000070b600000, 0x000000070b800000, 0x000000070b800000|100%| E|CS|TAMS 0x000000070b600000, 0x000000070b600000| Complete 
|  83|0x000000070b800000, 0x000000070ba00000, 0x000000070ba00000|100%| E|CS|TAMS 0x000000070b800000, 0x000000070b800000| Complete 
|  84|0x000000070ba00000, 0x000000070bc00000, 0x000000070bc00000|100%| E|CS|TAMS 0x000000070ba00000, 0x000000070ba00000| Complete 
|  85|0x000000070bc00000, 0x000000070be00000, 0x000000070be00000|100%| E|CS|TAMS 0x000000070bc00000, 0x000000070bc00000| Complete 
|  86|0x000000070be00000, 0x000000070c000000, 0x000000070c000000|100%| E|CS|TAMS 0x000000070be00000, 0x000000070be00000| Complete 
|  87|0x000000070c000000, 0x000000070c200000, 0x000000070c200000|100%| E|CS|TAMS 0x000000070c000000, 0x000000070c000000| Complete 
|  88|0x000000070c200000, 0x000000070c400000, 0x000000070c400000|100%| E|CS|TAMS 0x000000070c200000, 0x000000070c200000| Complete 
|  89|0x000000070c400000, 0x000000070c600000, 0x000000070c600000|100%| E|CS|TAMS 0x000000070c400000, 0x000000070c400000| Complete 
|  90|0x000000070c600000, 0x000000070c800000, 0x000000070c800000|100%| E|CS|TAMS 0x000000070c600000, 0x000000070c600000| Complete 
|  91|0x000000070c800000, 0x000000070ca00000, 0x000000070ca00000|100%| E|CS|TAMS 0x000000070c800000, 0x000000070c800000| Complete 
|  92|0x000000070ca00000, 0x000000070cc00000, 0x000000070cc00000|100%| E|CS|TAMS 0x000000070ca00000, 0x000000070ca00000| Complete 
|  93|0x000000070cc00000, 0x000000070ce00000, 0x000000070ce00000|100%| E|CS|TAMS 0x000000070cc00000, 0x000000070cc00000| Complete 
|  94|0x000000070ce00000, 0x000000070d000000, 0x000000070d000000|100%| E|CS|TAMS 0x000000070ce00000, 0x000000070ce00000| Complete 
|  95|0x000000070d000000, 0x000000070d200000, 0x000000070d200000|100%| E|CS|TAMS 0x000000070d000000, 0x000000070d000000| Complete 
|  96|0x000000070d200000, 0x000000070d400000, 0x000000070d400000|100%| E|CS|TAMS 0x000000070d200000, 0x000000070d200000| Complete 
|  97|0x000000070d400000, 0x000000070d600000, 0x000000070d600000|100%| E|CS|TAMS 0x000000070d400000, 0x000000070d400000| Complete 
|  98|0x000000070d600000, 0x000000070d800000, 0x000000070d800000|100%| E|CS|TAMS 0x000000070d600000, 0x000000070d600000| Complete 
|  99|0x000000070d800000, 0x000000070da00000, 0x000000070da00000|100%| E|CS|TAMS 0x000000070d800000, 0x000000070d800000| Complete 
| 100|0x000000070da00000, 0x000000070dc00000, 0x000000070dc00000|100%| E|CS|TAMS 0x000000070da00000, 0x000000070da00000| Complete 
| 101|0x000000070dc00000, 0x000000070de00000, 0x000000070de00000|100%| E|CS|TAMS 0x000000070dc00000, 0x000000070dc00000| Complete 
| 102|0x000000070de00000, 0x000000070e000000, 0x000000070e000000|100%| E|CS|TAMS 0x000000070de00000, 0x000000070de00000| Complete 
| 103|0x000000070e000000, 0x000000070e200000, 0x000000070e200000|100%| E|CS|TAMS 0x000000070e000000, 0x000000070e000000| Complete 
| 104|0x000000070e200000, 0x000000070e400000, 0x000000070e400000|100%| E|CS|TAMS 0x000000070e200000, 0x000000070e200000| Complete 
| 105|0x000000070e400000, 0x000000070e600000, 0x000000070e600000|100%| E|CS|TAMS 0x000000070e400000, 0x000000070e400000| Complete 
| 106|0x000000070e600000, 0x000000070e800000, 0x000000070e800000|100%| E|CS|TAMS 0x000000070e600000, 0x000000070e600000| Complete 
| 107|0x000000070e800000, 0x000000070ea00000, 0x000000070ea00000|100%| E|CS|TAMS 0x000000070e800000, 0x000000070e800000| Complete 
| 108|0x000000070ea00000, 0x000000070ea147a0, 0x000000070ec00000|  3%| S|CS|TAMS 0x000000070ea00000, 0x000000070ea00000| Complete 
| 109|0x000000070ec00000, 0x000000070ee00000, 0x000000070ee00000|100%| E|CS|TAMS 0x000000070ec00000, 0x000000070ec00000| Complete 
| 110|0x000000070ee00000, 0x000000070f000000, 0x000000070f000000|100%| E|CS|TAMS 0x000000070ee00000, 0x000000070ee00000| Complete 
| 111|0x000000070f000000, 0x000000070f200000, 0x000000070f200000|100%| E|CS|TAMS 0x000000070f000000, 0x000000070f000000| Complete 
| 112|0x000000070f200000, 0x000000070f400000, 0x000000070f400000|100%| E|CS|TAMS 0x000000070f200000, 0x000000070f200000| Complete 
| 113|0x000000070f400000, 0x000000070f600000, 0x000000070f600000|100%| E|CS|TAMS 0x000000070f400000, 0x000000070f400000| Complete 
| 114|0x000000070f600000, 0x000000070f800000, 0x000000070f800000|100%| E|CS|TAMS 0x000000070f600000, 0x000000070f600000| Complete 
| 115|0x000000070f800000, 0x000000070fa00000, 0x000000070fa00000|100%| E|CS|TAMS 0x000000070f800000, 0x000000070f800000| Complete 
| 116|0x000000070fa00000, 0x000000070fc00000, 0x000000070fc00000|100%| E|CS|TAMS 0x000000070fa00000, 0x000000070fa00000| Complete 
| 117|0x000000070fc00000, 0x000000070fe00000, 0x000000070fe00000|100%| E|CS|TAMS 0x000000070fc00000, 0x000000070fc00000| Complete 
| 118|0x000000070fe00000, 0x0000000710000000, 0x0000000710000000|100%| E|CS|TAMS 0x000000070fe00000, 0x000000070fe00000| Complete 
| 119|0x0000000710000000, 0x0000000710200000, 0x0000000710200000|100%| E|CS|TAMS 0x0000000710000000, 0x0000000710000000| Complete 
| 120|0x0000000710200000, 0x0000000710400000, 0x0000000710400000|100%| E|CS|TAMS 0x0000000710200000, 0x0000000710200000| Complete 
| 121|0x0000000710400000, 0x0000000710600000, 0x0000000710600000|100%| E|CS|TAMS 0x0000000710400000, 0x0000000710400000| Complete 
| 122|0x0000000710600000, 0x0000000710800000, 0x0000000710800000|100%| E|CS|TAMS 0x0000000710600000, 0x0000000710600000| Complete 
| 123|0x0000000710800000, 0x0000000710a00000, 0x0000000710a00000|100%| E|CS|TAMS 0x0000000710800000, 0x0000000710800000| Complete 
| 124|0x0000000710a00000, 0x0000000710c00000, 0x0000000710c00000|100%| E|CS|TAMS 0x0000000710a00000, 0x0000000710a00000| Complete 
| 125|0x0000000710c00000, 0x0000000710e00000, 0x0000000710e00000|100%| E|CS|TAMS 0x0000000710c00000, 0x0000000710c00000| Complete 
| 126|0x0000000710e00000, 0x0000000711000000, 0x0000000711000000|100%| E|CS|TAMS 0x0000000710e00000, 0x0000000710e00000| Complete 
| 127|0x0000000711000000, 0x0000000711200000, 0x0000000711200000|100%| E|CS|TAMS 0x0000000711000000, 0x0000000711000000| Complete 

Card table byte_map: [0x000002b216870000,0x000002b217070000] _byte_map_base: 0x000002b213067000

Marking Bits (Prev, Next): (CMBitMap*) 0x000002b27f103ba0, (CMBitMap*) 0x000002b27f103be0
 Prev Bits: [0x000002b217870000, 0x000002b21b828000)
 Next Bits: [0x000002b21b830000, 0x000002b21f7e8000)

Polling page: 0x000002b27d080000

Metaspace:

Usage:
  Non-class:      6.76 MB used.
      Class:    720.01 KB used.
       Both:      7.46 MB used.

Virtual space:
  Non-class space:       64.00 MB reserved,       6.88 MB ( 11%) committed,  1 nodes.
      Class space:        1.00 GB reserved,     832.00 KB ( <1%) committed,  1 nodes.
             Both:        1.06 GB reserved,       7.69 MB ( <1%) committed. 

Chunk freelists:
   Non-Class:  1006.00 KB
       Class:  3.23 MB
        Both:  4.22 MB

MaxMetaspaceSize: unlimited
CompressedClassSpaceSize: 1.00 GB
Initial GC threshold: 21.00 MB
Current GC threshold: 21.00 MB
CDS: on
MetaspaceReclaimPolicy: balanced
 - commit_granule_bytes: 65536.
 - commit_granule_words: 8192.
 - virtual_space_node_default_size: 8388608.
 - enlarge_chunks_in_place: 1.
 - new_chunks_are_fully_committed: 0.
 - uncommit_free_chunks: 1.
 - use_allocation_guard: 0.


Internal statistics:

num_allocs_failed_limit: 0.
num_arena_births: 110.
num_arena_deaths: 0.
num_vsnodes_births: 2.
num_vsnodes_deaths: 0.
num_space_committed: 123.
num_space_uncommitted: 0.
num_chunks_returned_to_freelist: 0.
num_chunks_taken_from_freelist: 152.
num_chunk_merges: 0.
num_chunk_splits: 87.
num_chunks_enlarged: 37.
num_inconsistent_stats: 0.

CodeHeap 'non-profiled nmethods': size=120000Kb used=937Kb max_used=937Kb free=119062Kb
 bounds [0x000002b20f340000, 0x000002b20f5b0000, 0x000002b216870000]
CodeHeap 'profiled nmethods': size=120000Kb used=2534Kb max_used=2534Kb free=117465Kb
 bounds [0x000002b207e10000, 0x000002b208090000, 0x000002b20f340000]
CodeHeap 'non-nmethods': size=5760Kb used=1280Kb max_used=1343Kb free=4479Kb
 bounds [0x000002b207870000, 0x000002b207ae0000, 0x000002b207e10000]
 total_blobs=2037 nmethods=1442 adapters=508
 compilation: enabled
              stopped_count=0, restarted_count=0
 full_count=0

Compilation events (20 events):
Event: 33.708 Thread 0x000002b27fdf1900 1433       4       sun.awt.windows.WComponentPeer::postEvent (17 bytes)
Event: 33.710 Thread 0x000002b27fdf1900 nmethod 1433 0x000002b20f422a10 code [0x000002b20f422bc0, 0x000002b20f423048]
Event: 33.832 Thread 0x000002b27fdf1900 1434       4       java.util.HashMap::getNode (150 bytes)
Event: 33.836 Thread 0x000002b27fdf1900 nmethod 1434 0x000002b20f423310 code [0x000002b20f4234c0, 0x000002b20f423838]
Event: 33.937 Thread 0x000002b27fdf1900 1435   !   4       java.awt.EventQueue::getNextEvent (84 bytes)
Event: 33.987 Thread 0x000002b27fdf1900 nmethod 1435 0x000002b20f423b10 code [0x000002b20f423e40, 0x000002b20f426518]
Event: 33.987 Thread 0x000002b27fdf1900 1436   !   4       java.awt.EventDispatchThread::filterAndCheckEvent (108 bytes)
Event: 33.990 Thread 0x000002b27fdf1900 nmethod 1436 0x000002b20f427c10 code [0x000002b20f427da0, 0x000002b20f428138]
Event: 33.990 Thread 0x000002b27fdf1900 1437   !   4       java.awt.EventDispatchThread::pumpOneEventForFilters (113 bytes)
Event: 33.995 Thread 0x000002b27fdf1900 nmethod 1437 0x000002b20f428410 code [0x000002b20f428600, 0x000002b20f428d88]
Event: 34.031 Thread 0x000002b27fdf1900 1438   !   4       java.awt.DefaultKeyboardFocusManager::dispatchEvent (1621 bytes)
Event: 34.033 Thread 0x000002b27fdf1900 nmethod 1438 0x000002b20f429510 code [0x000002b20f4296a0, 0x000002b20f4298d8]
Event: 34.044 Thread 0x000002b27fdf1900 1439       4       java.awt.Component::eventTypeEnabled (487 bytes)
Event: 34.045 Thread 0x000002b27fdf1900 nmethod 1439 0x000002b20f429b90 code [0x000002b20f429d20, 0x000002b20f42a038]
Event: 34.612 Thread 0x000002b27fdf1900 1440       4       sun.java2d.SurfaceData::getTransparency (8 bytes)
Event: 34.613 Thread 0x000002b27fdf8ac0 1442   !   3       sun.java2d.d3d.D3DBlitLoops::IsoBlit (202 bytes)
Event: 34.613 Thread 0x000002b27fdf1900 nmethod 1440 0x000002b20f42a190 code [0x000002b20f42a320, 0x000002b20f42a3d8]
Event: 34.613 Thread 0x000002b27fdf1900 1441       4       sun.awt.windows.WComponentPeer::getTarget (5 bytes)
Event: 34.613 Thread 0x000002b27fdf1900 nmethod 1441 0x000002b20f42a490 code [0x000002b20f42a600, 0x000002b20f42a678]
Event: 34.614 Thread 0x000002b27fdf8ac0 nmethod 1442 0x000002b208086810 code [0x000002b208086c00, 0x000002b208088bf8]

GC Heap History (6 events):
Event: 1.394 GC heap before
{Heap before GC invocations=0 (full 0):
 garbage-first heap   total 262144K, used 12288K [0x0000000701200000, 0x0000000800000000)
  region size 2048K, 6 young (12288K), 0 survivors (0K)
 Metaspace       used 7528K, committed 7744K, reserved 1114112K
  class space    used 717K, committed 832K, reserved 1048576K
}
Event: 1.398 GC heap after
{Heap after GC invocations=1 (full 0):
 garbage-first heap   total 262144K, used 2867K [0x0000000701200000, 0x0000000800000000)
  region size 2048K, 1 young (2048K), 1 survivors (2048K)
 Metaspace       used 7528K, committed 7744K, reserved 1114112K
  class space    used 717K, committed 832K, reserved 1048576K
}
Event: 4.474 GC heap before
{Heap before GC invocations=1 (full 0):
 garbage-first heap   total 262144K, used 15155K [0x0000000701200000, 0x0000000800000000)
  region size 2048K, 7 young (14336K), 1 survivors (2048K)
 Metaspace       used 7602K, committed 7872K, reserved 1114112K
  class space    used 717K, committed 832K, reserved 1048576K
}
Event: 4.476 GC heap after
{Heap after GC invocations=2 (full 0):
 garbage-first heap   total 262144K, used 3246K [0x0000000701200000, 0x0000000800000000)
  region size 2048K, 1 young (2048K), 1 survivors (2048K)
 Metaspace       used 7602K, committed 7872K, reserved 1114112K
  class space    used 717K, committed 832K, reserved 1048576K
}
Event: 12.120 GC heap before
{Heap before GC invocations=2 (full 0):
 garbage-first heap   total 262144K, used 40110K [0x0000000701200000, 0x0000000800000000)
  region size 2048K, 19 young (38912K), 1 survivors (2048K)
 Metaspace       used 7622K, committed 7872K, reserved 1114112K
  class space    used 718K, committed 832K, reserved 1048576K
}
Event: 12.120 GC heap after
{Heap after GC invocations=3 (full 0):
 garbage-first heap   total 262144K, used 3010K [0x0000000701200000, 0x0000000800000000)
  region size 2048K, 1 young (2048K), 1 survivors (2048K)
 Metaspace       used 7622K, committed 7872K, reserved 1114112K
  class space    used 718K, committed 832K, reserved 1048576K
}

Deoptimization events (20 events):
Event: 34.612 Thread 0x000002b225ac4bb0 Uncommon trap: trap_request=0xffffff45 fr.pc=0x000002b20f3c40e0 relative=0x0000000000002f20
Event: 34.612 Thread 0x000002b225ac4bb0 Uncommon trap: reason=unstable_if action=reinterpret pc=0x000002b20f3c40e0 method=sun.java2d.d3d.D3DScreenUpdateManager.createGraphics(Lsun/java2d/SurfaceData;Lsun/awt/windows/WComponentPeer;Ljava/awt/Color;Ljava/awt/Color;Ljava/awt/Font;)Ljava/awt/Graphi
Event: 34.612 Thread 0x000002b225ac4bb0 DEOPT PACKING pc=0x000002b20f3c40e0 sp=0x000000d8ff1ff3b0
Event: 34.612 Thread 0x000002b225ac4bb0 DEOPT UNPACKING pc=0x000002b2078c23a3 sp=0x000000d8ff1ff2a8 mode 2
Event: 34.612 Thread 0x000002b225ac4bb0 Uncommon trap: trap_request=0xffffff45 fr.pc=0x000002b20f3dbdcc relative=0x0000000000000f6c
Event: 34.612 Thread 0x000002b225ac4bb0 Uncommon trap: reason=unstable_if action=reinterpret pc=0x000002b20f3dbdcc method=sun.java2d.d3d.D3DScreenUpdateManager.runUpdateNow()V @ 8 c2
Event: 34.612 Thread 0x000002b225ac4bb0 DEOPT PACKING pc=0x000002b20f3dbdcc sp=0x000000d8ff1ff240
Event: 34.612 Thread 0x000002b225ac4bb0 DEOPT UNPACKING pc=0x000002b2078c23a3 sp=0x000000d8ff1ff0d8 mode 2
Event: 34.612 Thread 0x000002b225ac4bb0 Uncommon trap: trap_request=0xffffff45 fr.pc=0x000002b20f3cad38 relative=0x0000000000001e58
Event: 34.612 Thread 0x000002b225ac4bb0 Uncommon trap: reason=unstable_if action=reinterpret pc=0x000002b20f3cad38 method=sun.java2d.d3d.D3DScreenUpdateManager.createGraphics(Lsun/java2d/SurfaceData;Lsun/awt/windows/WComponentPeer;Ljava/awt/Color;Ljava/awt/Color;Ljava/awt/Font;)Ljava/awt/Graphi
Event: 34.612 Thread 0x000002b225ac4bb0 DEOPT PACKING pc=0x000002b20f3cad38 sp=0x000000d8ff1ff340
Event: 34.612 Thread 0x000002b225ac4bb0 DEOPT UNPACKING pc=0x000002b2078c23a3 sp=0x000000d8ff1ff298 mode 2
Event: 34.613 Thread 0x000002b225ac4bb0 Uncommon trap: trap_request=0xffffff45 fr.pc=0x000002b20f40b478 relative=0x00000000000019b8
Event: 34.613 Thread 0x000002b225ac4bb0 Uncommon trap: reason=unstable_if action=reinterpret pc=0x000002b20f40b478 method=sun.java2d.pipe.BufferedContext.validate(Lsun/java2d/pipe/hw/AccelSurface;Lsun/java2d/pipe/hw/AccelSurface;Lsun/java2d/pipe/Region;Ljava/awt/Composite;Ljava/awt/geom/AffineT
Event: 34.613 Thread 0x000002b225ac4bb0 DEOPT PACKING pc=0x000002b20f40b478 sp=0x000000d8ff1ff020
Event: 34.613 Thread 0x000002b225ac4bb0 DEOPT UNPACKING pc=0x000002b2078c23a3 sp=0x000000d8ff1fefc8 mode 2
Event: 34.613 Thread 0x000002b225ac4bb0 Uncommon trap: trap_request=0xffffff45 fr.pc=0x000002b20f40f514 relative=0x0000000000002234
Event: 34.613 Thread 0x000002b225ac4bb0 Uncommon trap: reason=unstable_if action=reinterpret pc=0x000002b20f40f514 method=sun.awt.image.VolatileSurfaceManager.validate(Ljava/awt/GraphicsConfiguration;)I @ 90 c2
Event: 34.613 Thread 0x000002b225ac4bb0 DEOPT PACKING pc=0x000002b20f40f514 sp=0x000000d8ff1ff470
Event: 34.613 Thread 0x000002b225ac4bb0 DEOPT UNPACKING pc=0x000002b2078c23a3 sp=0x000000d8ff1ff3b0 mode 2

Classes loaded (20 events):
Event: 1.352 Loading class java/time/zone/Ser
Event: 1.352 Loading class java/io/Externalizable
Event: 1.352 Loading class java/io/Externalizable done
Event: 1.352 Loading class java/time/zone/Ser done
Event: 1.353 Loading class java/time/zone/ZoneOffsetTransition
Event: 1.353 Loading class java/time/zone/ZoneOffsetTransition done
Event: 1.355 Loading class sun/util/cldr/CLDRBaseLocaleDataMetaInfo$TZCanonicalIDMapHolder
Event: 1.355 Loading class sun/util/cldr/CLDRBaseLocaleDataMetaInfo$TZCanonicalIDMapHolder done
Event: 1.356 Loading class sun/util/resources/TimeZoneNames
Event: 1.356 Loading class sun/util/resources/TimeZoneNames done
Event: 1.357 Loading class sun/util/resources/TimeZoneNames_en
Event: 1.357 Loading class sun/util/resources/TimeZoneNames_en done
Event: 3.516 Loading class java/awt/image/BufferedImageOp
Event: 3.516 Loading class java/awt/image/BufferedImageOp done
Event: 5.205 Loading class java/security/DomainCombiner
Event: 5.205 Loading class java/security/DomainCombiner done
Event: 34.612 Loading class java/util/WeakHashMap$KeyIterator
Event: 34.612 Loading class java/util/WeakHashMap$HashIterator
Event: 34.612 Loading class java/util/WeakHashMap$HashIterator done
Event: 34.612 Loading class java/util/WeakHashMap$KeyIterator done

Classes unloaded (0 events):
No events

Classes redefined (0 events):
No events

Internal exceptions (15 events):
Event: 0.072 Thread 0x000002b27f090a60 Exception <a 'java/lang/NoSuchMethodError'{0x00000007111b5658}: 'void java.lang.invoke.DirectMethodHandle$Holder.invokeStatic(java.lang.Object, java.lang.Object, java.lang.Object)'> (0x00000007111b5658) 
thrown [s\open\src\hotspot\share\interpreter\linkResolver.cpp, line 759]
Event: 0.075 Thread 0x000002b27f090a60 Exception <a 'java/lang/NoSuchMethodError'{0x00000007111ce370}: 'java.lang.Object java.lang.invoke.Invokers$Holder.invokeExact_MT(java.lang.Object, java.lang.Object, java.lang.Object, java.lang.Object, java.lang.Object)'> (0x00000007111ce370) 
thrown [s\open\src\hotspot\share\interpreter\linkResolver.cpp, line 759]
Event: 0.084 Thread 0x000002b225af5db0 Exception <a 'java/lang/NoSuchMethodError'{0x00000007111f2d58}: 'void java.lang.invoke.DirectMethodHandle$Holder.invokeStatic(java.lang.Object, java.lang.Object)'> (0x00000007111f2d58) 
thrown [s\open\src\hotspot\share\interpreter\linkResolver.cpp, line 759]
Event: 0.089 Thread 0x000002b27f090a60 Exception <a 'java/lang/ClassNotFoundException'{0x0000000710e032b0}: sun/awt/resources/spi/awtProvider> (0x0000000710e032b0) 
thrown [s\open\src\hotspot\share\classfile\systemDictionary.cpp, line 255]
Event: 0.103 Thread 0x000002b27f090a60 Exception <a 'java/io/FileNotFoundException'{0x0000000710e93da0}> (0x0000000710e93da0) 
thrown [s\open\src\hotspot\share\prims\jni.cpp, line 516]
Event: 0.108 Thread 0x000002b27f090a60 Exception <a 'java/io/FileNotFoundException'{0x0000000710ec1088}> (0x0000000710ec1088) 
thrown [s\open\src\hotspot\share\prims\jni.cpp, line 516]
Event: 0.137 Thread 0x000002b27f090a60 Exception <a 'java/lang/NoSuchMethodError'{0x0000000710efc1c8}: 'java.lang.Object java.lang.invoke.DirectMethodHandle$Holder.invokeStaticInit(java.lang.Object)'> (0x0000000710efc1c8) 
thrown [s\open\src\hotspot\share\interpreter\linkResolver.cpp, line 759]
Event: 0.303 Thread 0x000002b225be2ac0 Exception <a 'java/lang/NoSuchMethodError'{0x0000000710f45748}: 'void java.lang.invoke.DirectMethodHandle$Holder.invokeVirtual(java.lang.Object, java.lang.Object)'> (0x0000000710f45748) 
thrown [s\open\src\hotspot\share\interpreter\linkResolver.cpp, line 759]
Event: 0.315 Thread 0x000002b27f090a60 Exception <a 'java/lang/NoSuchMethodError'{0x0000000710fb36e0}: 'void java.lang.invoke.DirectMethodHandle$Holder.invokeStaticInit(java.lang.Object)'> (0x0000000710fb36e0) 
thrown [s\open\src\hotspot\share\interpreter\linkResolver.cpp, line 759]
Event: 0.400 Thread 0x000002b27f090a60 Exception <a 'java/lang/NoSuchMethodError'{0x0000000710cf0e98}: 'java.lang.Object java.lang.invoke.DirectMethodHandle$Holder.invokeStaticInit(java.lang.Object, int, int, int, int)'> (0x0000000710cf0e98) 
thrown [s\open\src\hotspot\share\interpreter\linkResolver.cpp, line 759]
Event: 0.487 Thread 0x000002b27f090a60 Exception <a 'java/lang/NoSuchMethodError'{0x0000000710dbbf98}: 'java.lang.Object java.lang.invoke.DirectMethodHandle$Holder.invokeStaticInit(java.lang.Object, java.lang.Object, int, int, int, int)'> (0x0000000710dbbf98) 
thrown [s\open\src\hotspot\share\interpreter\linkResolver.cpp, line 759]
Event: 1.340 Thread 0x000002b27fdee8e0 Implicit null exception at 0x000002b20f38ba35 to 0x000002b20f38bc72
Event: 1.358 Thread 0x000002b27fdee8e0 Exception <a 'java/lang/NoSuchMethodError'{0x00000007107b0448}: 'java.lang.Object java.lang.invoke.Invokers$Holder.invokeExact_MT(java.lang.Object, java.lang.Object, java.lang.Object, java.lang.Object, java.lang.Object, java.lang.Object)'> (0x00000007107b0448) 
thrown [s\open\src\hotspot\share\interpreter\linkResolver.cpp, line 759]
Event: 2.561 Thread 0x000002b225ac5080 Implicit null exception at 0x000002b20f38dfcc to 0x000002b20f38e1d4
Event: 4.477 Thread 0x000002b225ac4bb0 Implicit null exception at 0x000002b20f3d6ac0 to 0x000002b20f3d8750

VM Operations (20 events):
Event: 4.474 Executing VM operation: G1CollectForAllocation
Event: 4.476 Executing VM operation: G1CollectForAllocation done
Event: 5.477 Executing VM operation: Cleanup
Event: 5.477 Executing VM operation: Cleanup done
Event: 7.477 Executing VM operation: Cleanup
Event: 7.477 Executing VM operation: Cleanup done
Event: 12.120 Executing VM operation: G1CollectForAllocation
Event: 12.120 Executing VM operation: G1CollectForAllocation done
Event: 16.122 Executing VM operation: Cleanup
Event: 16.122 Executing VM operation: Cleanup done
Event: 17.123 Executing VM operation: Cleanup
Event: 17.123 Executing VM operation: Cleanup done
Event: 19.124 Executing VM operation: Cleanup
Event: 19.124 Executing VM operation: Cleanup done
Event: 32.132 Executing VM operation: Cleanup
Event: 32.132 Executing VM operation: Cleanup done
Event: 33.133 Executing VM operation: Cleanup
Event: 33.133 Executing VM operation: Cleanup done
Event: 34.134 Executing VM operation: Cleanup
Event: 34.134 Executing VM operation: Cleanup done

Events (20 events):
Event: 0.078 Thread 0x000002b225af6270 Thread added: 0x000002b225af6270
Event: 0.085 Loaded shared library C:\Users\stels\.jdks\openjdk-18.0.2.1\bin\jimage.dll
Event: 0.095 Loaded shared library C:\Users\stels\.jdks\openjdk-18.0.2.1\bin\awt.dll
Event: 0.138 Thread 0x000002b225bdbeb0 Thread added: 0x000002b225bdbeb0
Event: 0.138 Thread 0x000002b225bdf2b0 Thread added: 0x000002b225bdf2b0
Event: 0.139 Thread 0x000002b225be2ac0 Thread added: 0x000002b225be2ac0
Event: 0.304 Thread 0x000002b225ac46e0 Thread added: 0x000002b225ac46e0
Event: 0.319 Loaded shared library C:\Users\stels\.jdks\openjdk-18.0.2.1\bin\freetype.dll
Event: 0.320 Loaded shared library C:\Users\stels\.jdks\openjdk-18.0.2.1\bin\fontmanager.dll
Event: 0.360 Thread 0x000002b225ac4bb0 Thread added: 0x000002b225ac4bb0
Event: 0.360 Thread 0x000002b225ac5080 Thread added: 0x000002b225ac5080
Event: 0.493 Loaded shared library C:\Users\stels\.jdks\openjdk-18.0.2.1\bin\javajpeg.dll
Event: 0.638 Thread 0x000002b27f090a60 Thread exited: 0x000002b27f090a60
Event: 0.638 Thread 0x000002b225ac6890 Thread added: 0x000002b225ac6890
Event: 34.610 Thread 0x000002b22e1404c0 Thread added: 0x000002b22e1404c0
Event: 34.610 Thread 0x000002b22e143010 Thread added: 0x000002b22e143010
Event: 34.610 Thread 0x000002b22e1434e0 Thread added: 0x000002b22e1434e0
Event: 34.612 Thread 0x000002b22e1404c0 Thread exited: 0x000002b22e1404c0
Event: 34.612 Thread 0x000002b22e143010 Thread exited: 0x000002b22e143010
Event: 34.612 Thread 0x000002b225ac5080 Thread exited: 0x000002b225ac5080


Dynamic libraries:
0x00007ff6d0a20000 - 0x00007ff6d0a2e000 	C:\Users\stels\.jdks\openjdk-18.0.2.1\bin\java.exe
0x00007ffc18350000 - 0x00007ffc18548000 	C:\WINDOWS\SYSTEM32\ntdll.dll
0x00007ffc16f60000 - 0x00007ffc1701f000 	C:\WINDOWS\System32\KERNEL32.DLL
0x00007ffc15bd0000 - 0x00007ffc15ec6000 	C:\WINDOWS\System32\KERNELBASE.dll
0x00007ffc15a30000 - 0x00007ffc15b30000 	C:\WINDOWS\System32\ucrtbase.dll
0x00007ffc12760000 - 0x00007ffc1277a000 	C:\Users\stels\.jdks\openjdk-18.0.2.1\bin\VCRUNTIME140.dll
0x00007ffc12700000 - 0x00007ffc12717000 	C:\Users\stels\.jdks\openjdk-18.0.2.1\bin\jli.dll
0x00007ffc17b10000 - 0x00007ffc17cad000 	C:\WINDOWS\System32\USER32.dll
0x00007ffc16090000 - 0x00007ffc160b2000 	C:\WINDOWS\System32\win32u.dll
0x00007ffbfc2f0000 - 0x00007ffbfc58a000 	C:\WINDOWS\WinSxS\amd64_microsoft.windows.common-controls_6595b64144ccf1df_6.0.19041.1110_none_60b5254171f9507e\COMCTL32.dll
0x00007ffc17f70000 - 0x00007ffc17f9c000 	C:\WINDOWS\System32\GDI32.dll
0x00007ffc18270000 - 0x00007ffc1830e000 	C:\WINDOWS\System32\msvcrt.dll
0x00007ffc16220000 - 0x00007ffc16335000 	C:\WINDOWS\System32\gdi32full.dll
0x00007ffc15b30000 - 0x00007ffc15bcd000 	C:\WINDOWS\System32\msvcp_win.dll
0x00007ffc16f30000 - 0x00007ffc16f60000 	C:\WINDOWS\System32\IMM32.DLL
0x00007ffc12750000 - 0x00007ffc1275c000 	C:\Users\stels\.jdks\openjdk-18.0.2.1\bin\vcruntime140_1.dll
0x00007ffbf29d0000 - 0x00007ffbf2a5d000 	C:\Users\stels\.jdks\openjdk-18.0.2.1\bin\msvcp140.dll
0x00007ffbcefb0000 - 0x00007ffbcfbc1000 	C:\Users\stels\.jdks\openjdk-18.0.2.1\bin\server\jvm.dll
0x00007ffc180d0000 - 0x00007ffc1817f000 	C:\WINDOWS\System32\ADVAPI32.dll
0x00007ffc17cb0000 - 0x00007ffc17d4c000 	C:\WINDOWS\System32\sechost.dll
0x00007ffc17270000 - 0x00007ffc17396000 	C:\WINDOWS\System32\RPCRT4.dll
0x00007ffc17dd0000 - 0x00007ffc17dd8000 	C:\WINDOWS\System32\PSAPI.DLL
0x00007ffbfa330000 - 0x00007ffbfa339000 	C:\WINDOWS\SYSTEM32\WSOCK32.dll
0x00007ffc17d60000 - 0x00007ffc17dcb000 	C:\WINDOWS\System32\WS2_32.dll
0x00007ffc10f20000 - 0x00007ffc10f2a000 	C:\WINDOWS\SYSTEM32\VERSION.dll
0x00007ffc07c50000 - 0x00007ffc07c77000 	C:\WINDOWS\SYSTEM32\WINMM.dll
0x00007ffc138b0000 - 0x00007ffc138c2000 	C:\WINDOWS\SYSTEM32\kernel.appcore.dll
0x00007ffc12730000 - 0x00007ffc1273a000 	C:\Users\stels\.jdks\openjdk-18.0.2.1\bin\jimage.dll
0x00007ffc0eb60000 - 0x00007ffc0ed44000 	C:\WINDOWS\SYSTEM32\DBGHELP.DLL
0x00007ffc0e5f0000 - 0x00007ffc0e624000 	C:\WINDOWS\SYSTEM32\dbgcore.DLL
0x00007ffc15fd0000 - 0x00007ffc16052000 	C:\WINDOWS\System32\bcryptPrimitives.dll
0x00007ffc10810000 - 0x00007ffc1081e000 	C:\Users\stels\.jdks\openjdk-18.0.2.1\bin\instrument.dll
0x00007ffbf94f0000 - 0x00007ffbf9515000 	C:\Users\stels\.jdks\openjdk-18.0.2.1\bin\java.dll
0x00007ffbea6e0000 - 0x00007ffbea7b6000 	C:\Users\stels\.jdks\openjdk-18.0.2.1\bin\jsvml.dll
0x00007ffc16470000 - 0x00007ffc16bb4000 	C:\WINDOWS\System32\SHELL32.dll
0x00007ffc13ab0000 - 0x00007ffc14243000 	C:\WINDOWS\SYSTEM32\windows.storage.dll
0x00007ffc16bc0000 - 0x00007ffc16f14000 	C:\WINDOWS\System32\combase.dll
0x00007ffc153b0000 - 0x00007ffc153de000 	C:\WINDOWS\SYSTEM32\Wldp.dll
0x00007ffc17020000 - 0x00007ffc170cd000 	C:\WINDOWS\System32\SHCORE.dll
0x00007ffc17ab0000 - 0x00007ffc17b05000 	C:\WINDOWS\System32\shlwapi.dll
0x00007ffc15970000 - 0x00007ffc1598f000 	C:\WINDOWS\SYSTEM32\profapi.dll
0x00007ffc106d0000 - 0x00007ffc106e8000 	C:\Users\stels\.jdks\openjdk-18.0.2.1\bin\zip.dll
0x00007ffc0b5b0000 - 0x00007ffc0b5c3000 	C:\Users\stels\.jdks\openjdk-18.0.2.1\bin\net.dll
0x00007ffc0e4e0000 - 0x00007ffc0e5ea000 	C:\WINDOWS\SYSTEM32\WINHTTP.dll
0x00007ffc15120000 - 0x00007ffc1518a000 	C:\WINDOWS\system32\mswsock.dll
0x00007ffbfa730000 - 0x00007ffbfa746000 	C:\Users\stels\.jdks\openjdk-18.0.2.1\bin\nio.dll
0x00007ffbf9770000 - 0x00007ffbf978a000 	W:\IntelliJ IDEA Community Edition 2023.1.1\bin\breakgen64.dll
0x00007ffbe1e60000 - 0x00007ffbe1fee000 	C:\Users\stels\.jdks\openjdk-18.0.2.1\bin\awt.dll
0x00007ffc173a0000 - 0x00007ffc1746d000 	C:\WINDOWS\System32\OLEAUT32.dll
0x00007ffc13300000 - 0x00007ffc13391000 	C:\WINDOWS\SYSTEM32\apphelp.dll
0x00007ffc136d0000 - 0x00007ffc136ff000 	C:\WINDOWS\system32\DWMAPI.DLL
0x00007ffc134e0000 - 0x00007ffc1357e000 	C:\WINDOWS\system32\uxtheme.dll
0x00007ffbd4a20000 - 0x00007ffbd4b45000 	C:\WINDOWS\system32\opengl32.dll
0x00007ffbd51d0000 - 0x00007ffbd51fc000 	C:\WINDOWS\SYSTEM32\GLU32.dll
0x00007ffc17150000 - 0x00007ffc17264000 	C:\WINDOWS\System32\MSCTF.dll
0x00007ffc17fa0000 - 0x00007ffc180ca000 	C:\WINDOWS\System32\ole32.dll
0x00007ffbe73f0000 - 0x00007ffbe75bd000 	C:\WINDOWS\system32\d3d9.dll
0x00007ffbf1820000 - 0x00007ffbf1937000 	C:\WINDOWS\System32\DriverStore\FileRepository\nv_dispig.inf_amd64_ee20464bb4ac57f4\nvldumdx.dll
0x00007ffc15740000 - 0x00007ffc15752000 	C:\WINDOWS\SYSTEM32\msasn1.dll
0x00007ffc10d00000 - 0x00007ffc10d31000 	C:\WINDOWS\SYSTEM32\cryptnet.dll
0x00007ffc160c0000 - 0x00007ffc1621e000 	C:\WINDOWS\System32\CRYPT32.dll
0x00007ffc10a70000 - 0x00007ffc10bb8000 	C:\WINDOWS\SYSTEM32\drvstore.dll
0x00007ffc157e0000 - 0x00007ffc1580c000 	C:\WINDOWS\SYSTEM32\devobj.dll
0x00007ffc15f80000 - 0x00007ffc15fce000 	C:\WINDOWS\System32\cfgmgr32.dll
0x00007ffc152b0000 - 0x00007ffc152bc000 	C:\WINDOWS\SYSTEM32\cryptbase.dll
0x00007ffc16340000 - 0x00007ffc163a7000 	C:\WINDOWS\System32\WINTRUST.DLL
0x00007ffc17470000 - 0x00007ffc1748d000 	C:\WINDOWS\System32\imagehlp.dll
0x00007ffc15550000 - 0x00007ffc15568000 	C:\WINDOWS\SYSTEM32\CRYPTSP.dll
0x00007ffc149f0000 - 0x00007ffc14a24000 	C:\WINDOWS\system32\rsaenh.dll
0x00007ffc16060000 - 0x00007ffc16087000 	C:\WINDOWS\System32\bcrypt.dll
0x00007ffbc9610000 - 0x00007ffbcae1a000 	C:\WINDOWS\System32\DriverStore\FileRepository\nv_dispig.inf_amd64_ee20464bb4ac57f4\nvd3dumx.dll
0x00007ffbecfb0000 - 0x00007ffbed273000 	C:\WINDOWS\system32\nvspcap64.dll
0x00007ffc14b30000 - 0x00007ffc14b63000 	C:\WINDOWS\SYSTEM32\ntmarta.dll
0x00007ffc14260000 - 0x00007ffc14283000 	C:\WINDOWS\SYSTEM32\gpapi.dll
0x00007ffc0e2e0000 - 0x00007ffc0e31b000 	C:\WINDOWS\SYSTEM32\dxcore.dll
0x00007ffbea330000 - 0x00007ffbea3b6000 	C:\Users\stels\.jdks\openjdk-18.0.2.1\bin\freetype.dll
0x00007ffbea280000 - 0x00007ffbea328000 	C:\Users\stels\.jdks\openjdk-18.0.2.1\bin\fontmanager.dll
0x00007ffbfa7f0000 - 0x00007ffbfa8ea000 	C:\WINDOWS\SYSTEM32\textinputframework.dll
0x00007ffc13180000 - 0x00007ffc13272000 	C:\WINDOWS\System32\CoreMessaging.dll
0x00007ffc12cf0000 - 0x00007ffc1304e000 	C:\WINDOWS\System32\CoreUIComponents.dll
0x00007ffc12b00000 - 0x00007ffc12c54000 	C:\WINDOWS\SYSTEM32\wintypes.dll
0x00007ffc15930000 - 0x00007ffc1595e000 	C:\WINDOWS\SYSTEM32\USERENV.dll
0x00007ffc14dc0000 - 0x00007ffc14dfc000 	C:\WINDOWS\SYSTEM32\IPHLPAPI.DLL
0x00007ffc17d50000 - 0x00007ffc17d58000 	C:\WINDOWS\System32\NSI.dll
0x00007ffc0f0a0000 - 0x00007ffc0f0b7000 	C:\WINDOWS\SYSTEM32\dhcpcsvc6.DLL
0x00007ffc0f030000 - 0x00007ffc0f04d000 	C:\WINDOWS\SYSTEM32\dhcpcsvc.DLL
0x00007ffc14e00000 - 0x00007ffc14ecb000 	C:\WINDOWS\SYSTEM32\DNSAPI.dll
0x00007ffbf9410000 - 0x00007ffbf943d000 	C:\Users\stels\.jdks\openjdk-18.0.2.1\bin\javajpeg.dll

dbghelp: loaded successfully - version: 4.0.5 - missing functions: none
symbol engine: initialized successfully - sym options: 0x614 - pdb path: .;C:\Users\stels\.jdks\openjdk-18.0.2.1\bin;C:\WINDOWS\SYSTEM32;C:\WINDOWS\WinSxS\amd64_microsoft.windows.common-controls_6595b64144ccf1df_6.0.19041.1110_none_60b5254171f9507e;C:\Users\stels\.jdks\openjdk-18.0.2.1\bin\server;W:\IntelliJ IDEA Community Edition 2023.1.1\bin;C:\WINDOWS\System32\DriverStore\FileRepository\nv_dispig.inf_amd64_ee20464bb4ac57f4

VM Arguments:
jvm_args: -javaagent:W:\IntelliJ IDEA Community Edition 2023.1.1\lib\idea_rt.jar=63215:W:\IntelliJ IDEA Community Edition 2023.1.1\bin -Dfile.encoding=UTF-8 -Dsun.stdout.encoding=UTF-8 -Dsun.stderr.encoding=UTF-8 
java_command: org.pixelgame.Game
java_class_path (initial): C:\Users\stels\IdeaProjects\Terarion\out\production\Terarion
Launcher Type: SUN_STANDARD

[Global flags]
     intx CICompilerCount                          = 3                                         {product} {ergonomic}
     uint ConcGCThreads                            = 1                                         {product} {ergonomic}
     uint G1ConcRefinementThreads                  = 4                                         {product} {ergonomic}
   size_t G1HeapRegionSize                         = 2097152                                   {product} {ergonomic}
    uintx GCDrainStackTargetSize                   = 64                                        {product} {ergonomic}
   size_t InitialHeapSize                          = 268435456                                 {product} {ergonomic}
   size_t MarkStackSize                            = 4194304                                   {product} {ergonomic}
   size_t MaxHeapSize                              = 4276092928                                {product} {ergonomic}
   size_t MaxNewSize                               = 2564816896                                {product} {ergonomic}
   size_t MinHeapDeltaBytes                        = 2097152                                   {product} {ergonomic}
   size_t MinHeapSize                              = 8388608                                   {product} {ergonomic}
    uintx NonNMethodCodeHeapSize                   = 5832780                                {pd product} {ergonomic}
    uintx NonProfiledCodeHeapSize                  = 122912730                              {pd product} {ergonomic}
    uintx ProfiledCodeHeapSize                     = 122912730                              {pd product} {ergonomic}
    uintx ReservedCodeCacheSize                    = 251658240                              {pd product} {ergonomic}
     bool SegmentedCodeCache                       = true                                      {product} {ergonomic}
   size_t SoftMaxHeapSize                          = 4276092928                             {manageable} {ergonomic}
     bool UseCompressedClassPointers               = true                           {product lp64_product} {ergonomic}
     bool UseCompressedOops                        = true                           {product lp64_product} {ergonomic}
     bool UseG1GC                                  = true                                      {product} {ergonomic}
     bool UseLargePagesIndividualAllocation        = false                                  {pd product} {ergonomic}

Logging:
Log output configuration:
 #0: stdout all=warning uptime,level,tags foldmultilines=false
 #1: stderr all=off uptime,level,tags foldmultilines=false

Environment Variables:
JAVA_HOME=W:\UnityFolders\2019.3.0f6\Editor\Data\PlaybackEngines\AndroidPlayer\OpenJDK
PATH=C:\Program Files\Microsoft\jdk-11.0.16.101-hotspot\bin;C:\Program Files\Eclipse Foundation\jdk-8.0.302.8-hotspot\bin;C:\Python27\;C:\Python27\Scripts;C:\Inprise\vbroker\bin;C:\Program Files (x86)\Common Files\Oracle\Java\javapath;C:\ProgramData\Oracle\Java\javapath;C:\WINDOWS\system32;C:\WINDOWS;C:\WINDOWS\System32\Wbem;C:\WINDOWS\System32\WindowsPowerShell\v1.0\;C:\Program Files\dotnet\;C:\WINDOWS\System32\OpenSSH\;C:\Program Files (x86)\NVIDIA Corporation\PhysX\Common;C:\Program Files\Microsoft SQL Server\130\Tools\Binn\;C:\Program Files (x86)\QuickTime\QTSystem\;C:\Program Files\NVIDIA Corporation\NVIDIA NvDLISR;W:\nodejs\;C:\ProgramData\chocolatey\bin;C:\Program Files\Microsoft SQL Server\Client SDK\ODBC\170\Tools\Binn\;D:\FlutterSDK\flutter\bin;D:\AndroidSDK\sdk-tools-windows\platform-tools;C:\WINDOWS\system32;C:\WINDOWS;C:\WINDOWS\System32\Wbem;C:\WINDOWS\System32\WindowsPowerShell\v1.0\;C:\WINDOWS\System32\OpenSSH\;C:\Program Files\OpenSSH-Win64;C:\Program Files\Microsoft\Web Platform Installer\;C:\Program Files\Git\cmd;C:\Program Files\Go\bin;C:\Users\stels\source\repos\Informatical\FPC\bin\i386-Win32;C:\MinGW\bin;C:\Program Files\Microsoft SQL Server\150\Tools\Binn\;C:\Program Files\CMake\bin;C:\Program Files (x86)\Microsoft SQL Server\160\DTS\Binn\;C:\Program Files\Azure Data Studio\bin;C:\Program Files (x86)\Microsoft SQL Server\150\DTS\Binn\;C:\Program Files (x86)\Microsoft SQL Server\150\Tools\Binn\;C:\Program Files\Microsoft SQL Server\150\DTS\Binn\;C:\Users\stels\AppData\Local\Programs\Python\Python39\Scripts\;C:\Users\stels\AppData\Local\Programs\Python\Python39\;C:\Users\stels\AppData\Local\GitHubDesktop\bin;W:\IntelliJ IDEA Community Edition 2018.3.4\bin;C:\Users\stels\AppData\Local\Microsoft\WindowsApps;C:\Users\stels\AppData\Roaming\npm;W:\Microsoft VS Code\bin;C:\Users\stels\.dotnet\tools;C:\Users\stels\AppData\Local\Microsoft\WindowsApps;C:\Users\stels\go\bin;%DevEco Studio%;C:\MinGW\bin;C:\Users\stels\.dotnet\tools;C:\Program Files\Azure Data Studio\bin;W:\IntelliJ IDEA Community Edition 2023.1.1\bin;
USERNAME=stels
OS=Windows_NT
PROCESSOR_IDENTIFIER=Intel64 Family 6 Model 158 Stepping 9, GenuineIntel



---------------  S Y S T E M  ---------------

OS:
 Windows 10 , 64 bit Build 19041 (10.0.19041.2913)
OS uptime: 1 days 6:08 hours
Hyper-V role detected

CPU: total 4 (initial active 4) (4 cores per cpu, 1 threads per core) family 6 model 158 stepping 9 microcode 0xb4, cx8, cmov, fxsr, mmx, 3dnowpref, sse, sse2, sse3, ssse3, sse4.1, sse4.2, popcnt, lzcnt, tsc, tscinvbit, avx, avx2, aes, erms, clmul, bmi1, bmi2, rtm, adx, fma, vzeroupper, clflush, clflushopt, hv

Memory: 4k page, system-wide physical 16307M (7149M free)
TotalPageFile size 27701M (AvailPageFile size 10028M)
current process WorkingSet (physical memory assigned to process): 184M, peak: 186M
current process commit charge ("private bytes"): 447M, peak: 451M

vm_info: OpenJDK 64-Bit Server VM (18.0.2.1+1-1) for windows-amd64 JRE (18.0.2.1+1-1), built on Aug 16 2022 01:44:29 by "mach5one" with MS VC++ 16.8 / 16.9 (VS2019)

END.
