#
# A fatal error has been detected by the Java Runtime Environment:
#
#  EXCEPTION_ACCESS_VIOLATION (0xc0000005) at pc=0x0000000000000000, pid=16468, tid=3796
#
# JRE version: OpenJDK Runtime Environment (18.0.2.1+1) (build 18.0.2.1+1-1)
# Java VM: OpenJDK 64-Bit Server VM (18.0.2.1+1-1, mixed mode, sharing, tiered, compressed oops, compressed class ptrs, g1 gc, windows-amd64)
# Problematic frame:
# C  0x0000000000000000
#
# No core dump will be written. Minidumps are not enabled by default on client versions of Windows
#
# If you would like to submit a bug report, please visit:
#   https://bugreport.java.com/bugreport/crash.jsp
# The crash happened outside the Java Virtual Machine in native code.
# See problematic frame for where to report the bug.
#

---------------  S U M M A R Y ------------

Command Line: -javaagent:W:\IntelliJ IDEA Community Edition 2023.1.1\lib\idea_rt.jar=49500:W:\IntelliJ IDEA Community Edition 2023.1.1\bin -Dfile.encoding=UTF-8 -Dsun.stdout.encoding=UTF-8 -Dsun.stderr.encoding=UTF-8 org.pixelgame.Game

Host: Intel(R) Core(TM) i5-7600 CPU @ 3.50GHz, 4 cores, 15G,  Windows 10 , 64 bit Build 19041 (10.0.19041.2913)
Time: Sat May 13 21:52:15 2023 RTZ 2 (s 10 , 64 bit Build 19041 (10.0.19041.2913) elapsed time: 6.555865 seconds (0d 0h 0m 6s)

---------------  T H R E A D  ---------------

Current thread (0x000001a935ae7350):  JavaThread "AWT-Windows" daemon [_thread_in_native, id=3796, stack(0x000000456eb00000,0x000000456ec00000)]

Stack: [0x000000456eb00000,0x000000456ec00000],  sp=0x000000456ebfee98,  free space=1019k
Native frames: (J=compiled Java code, j=interpreted, Vv=VM code, C=native code)

Java frames: (J=compiled Java code, j=interpreted, Vv=VM code)
j  sun.awt.windows.WToolkit.eventLoop()V+0 java.desktop@18.0.2.1
j  sun.awt.windows.WToolkit.run()V+50 java.desktop@18.0.2.1
j  java.lang.Thread.run()V+11 java.base@18.0.2.1
v  ~StubRoutines::call_stub

siginfo: EXCEPTION_ACCESS_VIOLATION (0xc0000005), data execution prevention violation at address 0x0000000000000000


Register to memory mapping:

RIP=0x0 is NULL
RAX=0x0 is NULL
RBX=0x000001a936599680 points into unknown readable memory: 0x000001a9365ccd40 | 40 cd 5c 36 a9 01 00 00
RCX=0x0 is NULL
RDX=0x000001a9365ccd40 points into unknown readable memory: 0x0063002d73655243 | 43 52 65 73 2d 00 63 00
RSP=0x000000456ebfee98 is pointing into the stack for thread: 0x000001a935ae7350
RBP=0x00007ffbe0e9a7e0 awt.dll
RSI=0x0 is NULL
RDI=0x000001a935b36160 points into unknown readable memory: 0x000001a9367941b0 | b0 41 79 36 a9 01 00 00
R8 =0x000001a936599680 points into unknown readable memory: 0x000001a9365ccd40 | 40 cd 5c 36 a9 01 00 00
R9 =0x0000000000000001 is an unknown value
R10=0x0000000000008000 is an unknown value
R11=0x000000456ebff060 is pointing into the stack for thread: 0x000001a935ae7350
R12=0x0 is NULL
R13={method} {0x000001a9319c2330} 'eventLoop' '()V' in 'sun/awt/windows/WToolkit'
R14=0x000000456ebff348 is pointing into the stack for thread: 0x000001a935ae7350
R15=0x000001a935ae7350 is a thread


Registers:
RAX=0x0000000000000000, RBX=0x000001a936599680, RCX=0x0000000000000000, RDX=0x000001a9365ccd40
RSP=0x000000456ebfee98, RBP=0x00007ffbe0e9a7e0, RSI=0x0000000000000000, RDI=0x000001a935b36160
R8 =0x000001a936599680, R9 =0x0000000000000001, R10=0x0000000000008000, R11=0x000000456ebff060
R12=0x0000000000000000, R13=0x000001a9319c2328, R14=0x000000456ebff348, R15=0x000001a935ae7350
RIP=0x0000000000000000, EFLAGS=0x0000000000010202

Top of Stack: (sp=0x000000456ebfee98)
0x000000456ebfee98:   00007ffbe7422b18 000001a935ae7350
0x000000456ebfeea8:   0000000000000000 000001a9319c2328
0x000000456ebfeeb8:   0000000000000000 000001a935b36160
0x000000456ebfeec8:   00007ffbe7422a47 000001a936599680
0x000000456ebfeed8:   000001a936626ce0 00007ffbe0e9a7e0
0x000000456ebfeee8:   0000000000000000 000001a9362fece0
0x000000456ebfeef8:   00007ffbe740041e 000001a9362c4720
0x000000456ebfef08:   00007ffc15c0955f 000001a936598cc0
0x000000456ebfef18:   0000000000000000 000001a935b36160
0x000000456ebfef28:   000001a936599680 000001a9319c2328
0x000000456ebfef38:   00007ffc18375ba1 000001a9364bc640
0x000000456ebfef48:   00007ffbe740033b 0000000000000000
0x000000456ebfef58:   000001a90cd90000 fffffffffffffffe
0x000000456ebfef68:   fffffffffffffffe 000000456ebff348
0x000000456ebfef78:   00007ffbe74002a0 0000000000000001
0x000000456ebfef88:   0000000000000001 000001a9362c4720 

Instructions: (pc=0x0000000000000000)
0xffffffffffffff00:   


Stack slot to memory mapping:
stack at sp + 0 slots: 0x00007ffbe7422b18 d3d9.dll
stack at sp + 1 slots: 0x000001a935ae7350 is a thread
stack at sp + 2 slots: 0x0 is NULL
stack at sp + 3 slots: {method} {0x000001a9319c2330} 'eventLoop' '()V' in 'sun/awt/windows/WToolkit'
stack at sp + 4 slots: 0x0 is NULL
stack at sp + 5 slots: 0x000001a935b36160 points into unknown readable memory: 0x000001a9367941b0 | b0 41 79 36 a9 01 00 00
stack at sp + 6 slots: 0x00007ffbe7422a47 d3d9.dll
stack at sp + 7 slots: 0x000001a936599680 points into unknown readable memory: 0x000001a9365ccd40 | 40 cd 5c 36 a9 01 00 00


---------------  P R O C E S S  ---------------

Threads class SMR info:
_java_thread_list=0x000001a93dbe1490, length=19, elements={
0x000001a9314d15c0, 0x000001a9314d94d0, 0x000001a9314ef030, 0x000001a9314ef8e0,
0x000001a9314f0280, 0x000001a9314f0c20, 0x000001a9314f1e40, 0x000001a9314f3970,
0x000001a9315000c0, 0x000001a93586fb20, 0x000001a93596d8b0, 0x000001a93596dd70,
0x000001a935ae0340, 0x000001a935ae3740, 0x000001a935ae7350, 0x000001a936279e60,
0x000001a93627a330, 0x000001a93627d820, 0x000001a93627c010
}

Java Threads: ( => current thread )
  0x000001a9314d15c0 JavaThread "Reference Handler" daemon [_thread_blocked, id=17384, stack(0x000000456dc00000,0x000000456dd00000)]
  0x000001a9314d94d0 JavaThread "Finalizer" daemon [_thread_blocked, id=12880, stack(0x000000456dd00000,0x000000456de00000)]
  0x000001a9314ef030 JavaThread "Signal Dispatcher" daemon [_thread_blocked, id=18364, stack(0x000000456de00000,0x000000456df00000)]
  0x000001a9314ef8e0 JavaThread "Attach Listener" daemon [_thread_blocked, id=10744, stack(0x000000456df00000,0x000000456e000000)]
  0x000001a9314f0280 JavaThread "Service Thread" daemon [_thread_blocked, id=13912, stack(0x000000456e000000,0x000000456e100000)]
  0x000001a9314f0c20 JavaThread "Monitor Deflation Thread" daemon [_thread_blocked, id=18192, stack(0x000000456e100000,0x000000456e200000)]
  0x000001a9314f1e40 JavaThread "C2 CompilerThread0" daemon [_thread_blocked, id=4196, stack(0x000000456e200000,0x000000456e300000)]
  0x000001a9314f3970 JavaThread "C1 CompilerThread0" daemon [_thread_blocked, id=3068, stack(0x000000456e300000,0x000000456e400000)]
  0x000001a9315000c0 JavaThread "Sweeper thread" daemon [_thread_blocked, id=11064, stack(0x000000456e400000,0x000000456e500000)]
  0x000001a93586fb20 JavaThread "Common-Cleaner" daemon [_thread_blocked, id=5192, stack(0x000000456e500000,0x000000456e600000)]
  0x000001a93596d8b0 JavaThread "Monitor Ctrl-Break" daemon [_thread_in_native, id=7752, stack(0x000000456e600000,0x000000456e700000)]
  0x000001a93596dd70 JavaThread "Notification Thread" daemon [_thread_blocked, id=18400, stack(0x000000456e700000,0x000000456e800000)]
  0x000001a935ae0340 JavaThread "Java2D Disposer" daemon [_thread_blocked, id=15660, stack(0x000000456e900000,0x000000456ea00000)]
  0x000001a935ae3740 JavaThread "AWT-Shutdown" [_thread_blocked, id=1784, stack(0x000000456ea00000,0x000000456eb00000)]
=>0x000001a935ae7350 JavaThread "AWT-Windows" daemon [_thread_in_native, id=3796, stack(0x000000456eb00000,0x000000456ec00000)]
  0x000001a936279e60 JavaThread "AWT-EventQueue-0" [_thread_blocked, id=9404, stack(0x000000456ee20000,0x000000456ef20000)]
  0x000001a93627a330 JavaThread "Rendering Thread" [_thread_in_native, id=12764, stack(0x000000456f020000,0x000000456f120000)]
  0x000001a93627d820 JavaThread "DestroyJavaVM" [_thread_blocked, id=13876, stack(0x000000456d500000,0x000000456d600000)]
  0x000001a93627c010 JavaThread "ToolkitShutdown" daemon [_thread_in_native, id=10576, stack(0x000000456f4c0000,0x000000456f5c0000)]

Other Threads:
  0x000001a90f02b700 VMThread "VM Thread" [stack: 0x000000456db00000,0x000000456dc00000] [id=17636]
  0x000001a93596f4e0 WatcherThread "VM Periodic Task Thread" [stack: 0x000000456e800000,0x000000456e900000] [id=18140]
  0x000001a90f013210 WorkerThread "GC Thread#0" [stack: 0x000000456d600000,0x000000456d700000] [id=14912]
  0x000001a936512310 WorkerThread "GC Thread#1" [stack: 0x000000456f1c0000,0x000000456f2c0000] [id=17916]
  0x000001a9365125b0 WorkerThread "GC Thread#2" [stack: 0x000000456f2c0000,0x000000456f3c0000] [id=9984]
  0x000001a936510e10 WorkerThread "GC Thread#3" [stack: 0x000000456f3c0000,0x000000456f4c0000] [id=16848]
  0x000001a90f024010 ConcurrentGCThread "G1 Main Marker" [stack: 0x000000456d700000,0x000000456d800000] [id=15488]
  0x000001a90f0251a0 WorkerThread "G1 Conc#0" [stack: 0x000000456d800000,0x000000456d900000] [id=13700]
  0x000001a90f065220 ConcurrentGCThread "G1 Refine#0" [stack: 0x000000456d900000,0x000000456da00000] [id=5492]
  0x000001a90f065b30 ConcurrentGCThread "G1 Service" [stack: 0x000000456da00000,0x000000456db00000] [id=17828]

Threads with active compile tasks:

VM state: not at safepoint (normal execution)

VM Mutex/Monitor currently owned by a thread: None

Heap address: 0x0000000701200000, size: 4078 MB, Compressed Oops mode: Zero based, Oop shift amount: 3

CDS archive(s) mapped at: [0x0000000800000000-0x0000000800ba0000-0x0000000800ba0000), size 12189696, SharedBaseAddress: 0x0000000800000000, ArchiveRelocationMode: 0.
Compressed class space mapped at: 0x0000000800c00000-0x0000000840c00000, reserved size: 1073741824
Narrow klass base: 0x0000000800000000, Narrow klass shift: 0, Narrow klass range: 0x100000000

GC Precious Log:
 CardTable entry size: 512
 Card Set container configuration: InlinePtr #cards 4 size 8 Array Of Cards #cards 16 size 48 Howl #buckets 8 coarsen threshold 3686 Howl Bitmap #cards 512 size 80 coarsen threshold 460 Card regions per heap region 1 cards per card region 4096
 CPUs: 4 total, 4 available
 Memory: 16307M
 Large Page Support: Disabled
 NUMA Support: Disabled
 Compressed Oops: Enabled (Zero based)
 Heap Region Size: 2M
 Heap Min Capacity: 8M
 Heap Initial Capacity: 256M
 Heap Max Capacity: 4078M
 Pre-touch: Disabled
 Parallel Workers: 4
 Concurrent Workers: 1
 Concurrent Refinement Workers: 4
 Periodic GC: Disabled

Heap:
 garbage-first heap   total 262144K, used 4648K [0x0000000701200000, 0x0000000800000000)
  region size 2048K, 3 young (6144K), 1 survivors (2048K)
 Metaspace       used 6306K, committed 6528K, reserved 1114112K
  class space    used 596K, committed 704K, reserved 1048576K

Heap Regions: E=young(eden), S=young(survivor), O=old, HS=humongous(starts), HC=humongous(continues), CS=collection set, F=free, OA=open archive, CA=closed archive, TAMS=top-at-mark-start (previous, next)
|   0|0x0000000701200000, 0x0000000701400000, 0x0000000701400000|100%| O|  |TAMS 0x0000000701200000, 0x0000000701200000| Untracked 
|   1|0x0000000701400000, 0x0000000701426200, 0x0000000701600000|  7%| O|  |TAMS 0x0000000701400000, 0x0000000701400000| Untracked 
|   2|0x0000000701600000, 0x0000000701600000, 0x0000000701800000|  0%| F|  |TAMS 0x0000000701600000, 0x0000000701600000| Untracked 
|   3|0x0000000701800000, 0x0000000701800000, 0x0000000701a00000|  0%| F|  |TAMS 0x0000000701800000, 0x0000000701800000| Untracked 
|   4|0x0000000701a00000, 0x0000000701a00000, 0x0000000701c00000|  0%| F|  |TAMS 0x0000000701a00000, 0x0000000701a00000| Untracked 
|   5|0x0000000701c00000, 0x0000000701c00000, 0x0000000701e00000|  0%| F|  |TAMS 0x0000000701c00000, 0x0000000701c00000| Untracked 
|   6|0x0000000701e00000, 0x0000000701e00000, 0x0000000702000000|  0%| F|  |TAMS 0x0000000701e00000, 0x0000000701e00000| Untracked 
|   7|0x0000000702000000, 0x0000000702000000, 0x0000000702200000|  0%| F|  |TAMS 0x0000000702000000, 0x0000000702000000| Untracked 
|   8|0x0000000702200000, 0x0000000702200000, 0x0000000702400000|  0%| F|  |TAMS 0x0000000702200000, 0x0000000702200000| Untracked 
|   9|0x0000000702400000, 0x0000000702400000, 0x0000000702600000|  0%| F|  |TAMS 0x0000000702400000, 0x0000000702400000| Untracked 
|  10|0x0000000702600000, 0x0000000702600000, 0x0000000702800000|  0%| F|  |TAMS 0x0000000702600000, 0x0000000702600000| Untracked 
|  11|0x0000000702800000, 0x0000000702800000, 0x0000000702a00000|  0%| F|  |TAMS 0x0000000702800000, 0x0000000702800000| Untracked 
|  12|0x0000000702a00000, 0x0000000702a00000, 0x0000000702c00000|  0%| F|  |TAMS 0x0000000702a00000, 0x0000000702a00000| Untracked 
|  13|0x0000000702c00000, 0x0000000702c00000, 0x0000000702e00000|  0%| F|  |TAMS 0x0000000702c00000, 0x0000000702c00000| Untracked 
|  14|0x0000000702e00000, 0x0000000702e00000, 0x0000000703000000|  0%| F|  |TAMS 0x0000000702e00000, 0x0000000702e00000| Untracked 
|  15|0x0000000703000000, 0x0000000703000000, 0x0000000703200000|  0%| F|  |TAMS 0x0000000703000000, 0x0000000703000000| Untracked 
|  16|0x0000000703200000, 0x0000000703200000, 0x0000000703400000|  0%| F|  |TAMS 0x0000000703200000, 0x0000000703200000| Untracked 
|  17|0x0000000703400000, 0x0000000703400000, 0x0000000703600000|  0%| F|  |TAMS 0x0000000703400000, 0x0000000703400000| Untracked 
|  18|0x0000000703600000, 0x0000000703600000, 0x0000000703800000|  0%| F|  |TAMS 0x0000000703600000, 0x0000000703600000| Untracked 
|  19|0x0000000703800000, 0x0000000703800000, 0x0000000703a00000|  0%| F|  |TAMS 0x0000000703800000, 0x0000000703800000| Untracked 
|  20|0x0000000703a00000, 0x0000000703a00000, 0x0000000703c00000|  0%| F|  |TAMS 0x0000000703a00000, 0x0000000703a00000| Untracked 
|  21|0x0000000703c00000, 0x0000000703c00000, 0x0000000703e00000|  0%| F|  |TAMS 0x0000000703c00000, 0x0000000703c00000| Untracked 
|  22|0x0000000703e00000, 0x0000000703e00000, 0x0000000704000000|  0%| F|  |TAMS 0x0000000703e00000, 0x0000000703e00000| Untracked 
|  23|0x0000000704000000, 0x0000000704000000, 0x0000000704200000|  0%| F|  |TAMS 0x0000000704000000, 0x0000000704000000| Untracked 
|  24|0x0000000704200000, 0x0000000704200000, 0x0000000704400000|  0%| F|  |TAMS 0x0000000704200000, 0x0000000704200000| Untracked 
|  25|0x0000000704400000, 0x0000000704400000, 0x0000000704600000|  0%| F|  |TAMS 0x0000000704400000, 0x0000000704400000| Untracked 
|  26|0x0000000704600000, 0x0000000704600000, 0x0000000704800000|  0%| F|  |TAMS 0x0000000704600000, 0x0000000704600000| Untracked 
|  27|0x0000000704800000, 0x0000000704800000, 0x0000000704a00000|  0%| F|  |TAMS 0x0000000704800000, 0x0000000704800000| Untracked 
|  28|0x0000000704a00000, 0x0000000704a00000, 0x0000000704c00000|  0%| F|  |TAMS 0x0000000704a00000, 0x0000000704a00000| Untracked 
|  29|0x0000000704c00000, 0x0000000704c00000, 0x0000000704e00000|  0%| F|  |TAMS 0x0000000704c00000, 0x0000000704c00000| Untracked 
|  30|0x0000000704e00000, 0x0000000704e00000, 0x0000000705000000|  0%| F|  |TAMS 0x0000000704e00000, 0x0000000704e00000| Untracked 
|  31|0x0000000705000000, 0x0000000705000000, 0x0000000705200000|  0%| F|  |TAMS 0x0000000705000000, 0x0000000705000000| Untracked 
|  32|0x0000000705200000, 0x0000000705200000, 0x0000000705400000|  0%| F|  |TAMS 0x0000000705200000, 0x0000000705200000| Untracked 
|  33|0x0000000705400000, 0x0000000705400000, 0x0000000705600000|  0%| F|  |TAMS 0x0000000705400000, 0x0000000705400000| Untracked 
|  34|0x0000000705600000, 0x0000000705600000, 0x0000000705800000|  0%| F|  |TAMS 0x0000000705600000, 0x0000000705600000| Untracked 
|  35|0x0000000705800000, 0x0000000705800000, 0x0000000705a00000|  0%| F|  |TAMS 0x0000000705800000, 0x0000000705800000| Untracked 
|  36|0x0000000705a00000, 0x0000000705a00000, 0x0000000705c00000|  0%| F|  |TAMS 0x0000000705a00000, 0x0000000705a00000| Untracked 
|  37|0x0000000705c00000, 0x0000000705c00000, 0x0000000705e00000|  0%| F|  |TAMS 0x0000000705c00000, 0x0000000705c00000| Untracked 
|  38|0x0000000705e00000, 0x0000000705e00000, 0x0000000706000000|  0%| F|  |TAMS 0x0000000705e00000, 0x0000000705e00000| Untracked 
|  39|0x0000000706000000, 0x0000000706000000, 0x0000000706200000|  0%| F|  |TAMS 0x0000000706000000, 0x0000000706000000| Untracked 
|  40|0x0000000706200000, 0x0000000706200000, 0x0000000706400000|  0%| F|  |TAMS 0x0000000706200000, 0x0000000706200000| Untracked 
|  41|0x0000000706400000, 0x0000000706400000, 0x0000000706600000|  0%| F|  |TAMS 0x0000000706400000, 0x0000000706400000| Untracked 
|  42|0x0000000706600000, 0x0000000706600000, 0x0000000706800000|  0%| F|  |TAMS 0x0000000706600000, 0x0000000706600000| Untracked 
|  43|0x0000000706800000, 0x0000000706800000, 0x0000000706a00000|  0%| F|  |TAMS 0x0000000706800000, 0x0000000706800000| Untracked 
|  44|0x0000000706a00000, 0x0000000706a00000, 0x0000000706c00000|  0%| F|  |TAMS 0x0000000706a00000, 0x0000000706a00000| Untracked 
|  45|0x0000000706c00000, 0x0000000706c00000, 0x0000000706e00000|  0%| F|  |TAMS 0x0000000706c00000, 0x0000000706c00000| Untracked 
|  46|0x0000000706e00000, 0x0000000706e00000, 0x0000000707000000|  0%| F|  |TAMS 0x0000000706e00000, 0x0000000706e00000| Untracked 
|  47|0x0000000707000000, 0x0000000707000000, 0x0000000707200000|  0%| F|  |TAMS 0x0000000707000000, 0x0000000707000000| Untracked 
|  48|0x0000000707200000, 0x0000000707200000, 0x0000000707400000|  0%| F|  |TAMS 0x0000000707200000, 0x0000000707200000| Untracked 
|  49|0x0000000707400000, 0x0000000707400000, 0x0000000707600000|  0%| F|  |TAMS 0x0000000707400000, 0x0000000707400000| Untracked 
|  50|0x0000000707600000, 0x0000000707600000, 0x0000000707800000|  0%| F|  |TAMS 0x0000000707600000, 0x0000000707600000| Untracked 
|  51|0x0000000707800000, 0x0000000707800000, 0x0000000707a00000|  0%| F|  |TAMS 0x0000000707800000, 0x0000000707800000| Untracked 
|  52|0x0000000707a00000, 0x0000000707a00000, 0x0000000707c00000|  0%| F|  |TAMS 0x0000000707a00000, 0x0000000707a00000| Untracked 
|  53|0x0000000707c00000, 0x0000000707c00000, 0x0000000707e00000|  0%| F|  |TAMS 0x0000000707c00000, 0x0000000707c00000| Untracked 
|  54|0x0000000707e00000, 0x0000000707e00000, 0x0000000708000000|  0%| F|  |TAMS 0x0000000707e00000, 0x0000000707e00000| Untracked 
|  55|0x0000000708000000, 0x0000000708000000, 0x0000000708200000|  0%| F|  |TAMS 0x0000000708000000, 0x0000000708000000| Untracked 
|  56|0x0000000708200000, 0x0000000708200000, 0x0000000708400000|  0%| F|  |TAMS 0x0000000708200000, 0x0000000708200000| Untracked 
|  57|0x0000000708400000, 0x0000000708400000, 0x0000000708600000|  0%| F|  |TAMS 0x0000000708400000, 0x0000000708400000| Untracked 
|  58|0x0000000708600000, 0x0000000708600000, 0x0000000708800000|  0%| F|  |TAMS 0x0000000708600000, 0x0000000708600000| Untracked 
|  59|0x0000000708800000, 0x0000000708800000, 0x0000000708a00000|  0%| F|  |TAMS 0x0000000708800000, 0x0000000708800000| Untracked 
|  60|0x0000000708a00000, 0x0000000708a00000, 0x0000000708c00000|  0%| F|  |TAMS 0x0000000708a00000, 0x0000000708a00000| Untracked 
|  61|0x0000000708c00000, 0x0000000708c00000, 0x0000000708e00000|  0%| F|  |TAMS 0x0000000708c00000, 0x0000000708c00000| Untracked 
|  62|0x0000000708e00000, 0x0000000708e00000, 0x0000000709000000|  0%| F|  |TAMS 0x0000000708e00000, 0x0000000708e00000| Untracked 
|  63|0x0000000709000000, 0x0000000709000000, 0x0000000709200000|  0%| F|  |TAMS 0x0000000709000000, 0x0000000709000000| Untracked 
|  64|0x0000000709200000, 0x0000000709200000, 0x0000000709400000|  0%| F|  |TAMS 0x0000000709200000, 0x0000000709200000| Untracked 
|  65|0x0000000709400000, 0x0000000709400000, 0x0000000709600000|  0%| F|  |TAMS 0x0000000709400000, 0x0000000709400000| Untracked 
|  66|0x0000000709600000, 0x0000000709600000, 0x0000000709800000|  0%| F|  |TAMS 0x0000000709600000, 0x0000000709600000| Untracked 
|  67|0x0000000709800000, 0x0000000709800000, 0x0000000709a00000|  0%| F|  |TAMS 0x0000000709800000, 0x0000000709800000| Untracked 
|  68|0x0000000709a00000, 0x0000000709a00000, 0x0000000709c00000|  0%| F|  |TAMS 0x0000000709a00000, 0x0000000709a00000| Untracked 
|  69|0x0000000709c00000, 0x0000000709c00000, 0x0000000709e00000|  0%| F|  |TAMS 0x0000000709c00000, 0x0000000709c00000| Untracked 
|  70|0x0000000709e00000, 0x0000000709e00000, 0x000000070a000000|  0%| F|  |TAMS 0x0000000709e00000, 0x0000000709e00000| Untracked 
|  71|0x000000070a000000, 0x000000070a000000, 0x000000070a200000|  0%| F|  |TAMS 0x000000070a000000, 0x000000070a000000| Untracked 
|  72|0x000000070a200000, 0x000000070a200000, 0x000000070a400000|  0%| F|  |TAMS 0x000000070a200000, 0x000000070a200000| Untracked 
|  73|0x000000070a400000, 0x000000070a400000, 0x000000070a600000|  0%| F|  |TAMS 0x000000070a400000, 0x000000070a400000| Untracked 
|  74|0x000000070a600000, 0x000000070a600000, 0x000000070a800000|  0%| F|  |TAMS 0x000000070a600000, 0x000000070a600000| Untracked 
|  75|0x000000070a800000, 0x000000070a800000, 0x000000070aa00000|  0%| F|  |TAMS 0x000000070a800000, 0x000000070a800000| Untracked 
|  76|0x000000070aa00000, 0x000000070aa00000, 0x000000070ac00000|  0%| F|  |TAMS 0x000000070aa00000, 0x000000070aa00000| Untracked 
|  77|0x000000070ac00000, 0x000000070ac00000, 0x000000070ae00000|  0%| F|  |TAMS 0x000000070ac00000, 0x000000070ac00000| Untracked 
|  78|0x000000070ae00000, 0x000000070ae00000, 0x000000070b000000|  0%| F|  |TAMS 0x000000070ae00000, 0x000000070ae00000| Untracked 
|  79|0x000000070b000000, 0x000000070b000000, 0x000000070b200000|  0%| F|  |TAMS 0x000000070b000000, 0x000000070b000000| Untracked 
|  80|0x000000070b200000, 0x000000070b200000, 0x000000070b400000|  0%| F|  |TAMS 0x000000070b200000, 0x000000070b200000| Untracked 
|  81|0x000000070b400000, 0x000000070b400000, 0x000000070b600000|  0%| F|  |TAMS 0x000000070b400000, 0x000000070b400000| Untracked 
|  82|0x000000070b600000, 0x000000070b600000, 0x000000070b800000|  0%| F|  |TAMS 0x000000070b600000, 0x000000070b600000| Untracked 
|  83|0x000000070b800000, 0x000000070b800000, 0x000000070ba00000|  0%| F|  |TAMS 0x000000070b800000, 0x000000070b800000| Untracked 
|  84|0x000000070ba00000, 0x000000070ba00000, 0x000000070bc00000|  0%| F|  |TAMS 0x000000070ba00000, 0x000000070ba00000| Untracked 
|  85|0x000000070bc00000, 0x000000070bc00000, 0x000000070be00000|  0%| F|  |TAMS 0x000000070bc00000, 0x000000070bc00000| Untracked 
|  86|0x000000070be00000, 0x000000070be00000, 0x000000070c000000|  0%| F|  |TAMS 0x000000070be00000, 0x000000070be00000| Untracked 
|  87|0x000000070c000000, 0x000000070c000000, 0x000000070c200000|  0%| F|  |TAMS 0x000000070c000000, 0x000000070c000000| Untracked 
|  88|0x000000070c200000, 0x000000070c200000, 0x000000070c400000|  0%| F|  |TAMS 0x000000070c200000, 0x000000070c200000| Untracked 
|  89|0x000000070c400000, 0x000000070c400000, 0x000000070c600000|  0%| F|  |TAMS 0x000000070c400000, 0x000000070c400000| Untracked 
|  90|0x000000070c600000, 0x000000070c600000, 0x000000070c800000|  0%| F|  |TAMS 0x000000070c600000, 0x000000070c600000| Untracked 
|  91|0x000000070c800000, 0x000000070c800000, 0x000000070ca00000|  0%| F|  |TAMS 0x000000070c800000, 0x000000070c800000| Untracked 
|  92|0x000000070ca00000, 0x000000070ca00000, 0x000000070cc00000|  0%| F|  |TAMS 0x000000070ca00000, 0x000000070ca00000| Untracked 
|  93|0x000000070cc00000, 0x000000070cc00000, 0x000000070ce00000|  0%| F|  |TAMS 0x000000070cc00000, 0x000000070cc00000| Untracked 
|  94|0x000000070ce00000, 0x000000070ce00000, 0x000000070d000000|  0%| F|  |TAMS 0x000000070ce00000, 0x000000070ce00000| Untracked 
|  95|0x000000070d000000, 0x000000070d000000, 0x000000070d200000|  0%| F|  |TAMS 0x000000070d000000, 0x000000070d000000| Untracked 
|  96|0x000000070d200000, 0x000000070d200000, 0x000000070d400000|  0%| F|  |TAMS 0x000000070d200000, 0x000000070d200000| Untracked 
|  97|0x000000070d400000, 0x000000070d400000, 0x000000070d600000|  0%| F|  |TAMS 0x000000070d400000, 0x000000070d400000| Untracked 
|  98|0x000000070d600000, 0x000000070d600000, 0x000000070d800000|  0%| F|  |TAMS 0x000000070d600000, 0x000000070d600000| Untracked 
|  99|0x000000070d800000, 0x000000070d800000, 0x000000070da00000|  0%| F|  |TAMS 0x000000070d800000, 0x000000070d800000| Untracked 
| 100|0x000000070da00000, 0x000000070da00000, 0x000000070dc00000|  0%| F|  |TAMS 0x000000070da00000, 0x000000070da00000| Untracked 
| 101|0x000000070dc00000, 0x000000070dc00000, 0x000000070de00000|  0%| F|  |TAMS 0x000000070dc00000, 0x000000070dc00000| Untracked 
| 102|0x000000070de00000, 0x000000070de00000, 0x000000070e000000|  0%| F|  |TAMS 0x000000070de00000, 0x000000070de00000| Untracked 
| 103|0x000000070e000000, 0x000000070e000000, 0x000000070e200000|  0%| F|  |TAMS 0x000000070e000000, 0x000000070e000000| Untracked 
| 104|0x000000070e200000, 0x000000070e200000, 0x000000070e400000|  0%| F|  |TAMS 0x000000070e200000, 0x000000070e200000| Untracked 
| 105|0x000000070e400000, 0x000000070e400000, 0x000000070e600000|  0%| F|  |TAMS 0x000000070e400000, 0x000000070e400000| Untracked 
| 106|0x000000070e600000, 0x000000070e600000, 0x000000070e800000|  0%| F|  |TAMS 0x000000070e600000, 0x000000070e600000| Untracked 
| 107|0x000000070e800000, 0x000000070e800000, 0x000000070ea00000|  0%| F|  |TAMS 0x000000070e800000, 0x000000070e800000| Untracked 
| 108|0x000000070ea00000, 0x000000070ea00000, 0x000000070ec00000|  0%| F|  |TAMS 0x000000070ea00000, 0x000000070ea00000| Untracked 
| 109|0x000000070ec00000, 0x000000070ec00000, 0x000000070ee00000|  0%| F|  |TAMS 0x000000070ec00000, 0x000000070ec00000| Untracked 
| 110|0x000000070ee00000, 0x000000070ee00000, 0x000000070f000000|  0%| F|  |TAMS 0x000000070ee00000, 0x000000070ee00000| Untracked 
| 111|0x000000070f000000, 0x000000070f000000, 0x000000070f200000|  0%| F|  |TAMS 0x000000070f000000, 0x000000070f000000| Untracked 
| 112|0x000000070f200000, 0x000000070f200000, 0x000000070f400000|  0%| F|  |TAMS 0x000000070f200000, 0x000000070f200000| Untracked 
| 113|0x000000070f400000, 0x000000070f400000, 0x000000070f600000|  0%| F|  |TAMS 0x000000070f400000, 0x000000070f400000| Untracked 
| 114|0x000000070f600000, 0x000000070f600000, 0x000000070f800000|  0%| F|  |TAMS 0x000000070f600000, 0x000000070f600000| Untracked 
| 115|0x000000070f800000, 0x000000070f800000, 0x000000070fa00000|  0%| F|  |TAMS 0x000000070f800000, 0x000000070f800000| Untracked 
| 116|0x000000070fa00000, 0x000000070fa00000, 0x000000070fc00000|  0%| F|  |TAMS 0x000000070fa00000, 0x000000070fa00000| Untracked 
| 117|0x000000070fc00000, 0x000000070fc00000, 0x000000070fe00000|  0%| F|  |TAMS 0x000000070fc00000, 0x000000070fc00000| Untracked 
| 118|0x000000070fe00000, 0x000000070fe00000, 0x0000000710000000|  0%| F|  |TAMS 0x000000070fe00000, 0x000000070fe00000| Untracked 
| 119|0x0000000710000000, 0x0000000710000000, 0x0000000710200000|  0%| F|  |TAMS 0x0000000710000000, 0x0000000710000000| Untracked 
| 120|0x0000000710200000, 0x00000007102640c0, 0x0000000710400000| 19%| S|CS|TAMS 0x0000000710200000, 0x0000000710200000| Complete 
| 121|0x0000000710400000, 0x0000000710400000, 0x0000000710600000|  0%| F|  |TAMS 0x0000000710400000, 0x0000000710400000| Untracked 
| 122|0x0000000710600000, 0x0000000710600000, 0x0000000710800000|  0%| F|  |TAMS 0x0000000710600000, 0x0000000710600000| Untracked 
| 123|0x0000000710800000, 0x0000000710800000, 0x0000000710a00000|  0%| F|  |TAMS 0x0000000710800000, 0x0000000710800000| Untracked 
| 124|0x0000000710a00000, 0x0000000710a00000, 0x0000000710c00000|  0%| F|  |TAMS 0x0000000710a00000, 0x0000000710a00000| Untracked 
| 125|0x0000000710c00000, 0x0000000710c00000, 0x0000000710e00000|  0%| F|  |TAMS 0x0000000710c00000, 0x0000000710c00000| Untracked 
| 126|0x0000000710e00000, 0x0000000710fa5ba0, 0x0000000711000000| 82%| E|  |TAMS 0x0000000710e00000, 0x0000000710e00000| Complete 
| 127|0x0000000711000000, 0x0000000711200000, 0x0000000711200000|100%| E|CS|TAMS 0x0000000711000000, 0x0000000711000000| Complete 

Card table byte_map: [0x000001a9260e0000,0x000001a9268e0000] _byte_map_base: 0x000001a9228d7000

Marking Bits (Prev, Next): (CMBitMap*) 0x000001a90f013810, (CMBitMap*) 0x000001a90f013850
 Prev Bits: [0x000001a9270e0000, 0x000001a92b098000)
 Next Bits: [0x000001a92b0a0000, 0x000001a92f058000)

Polling page: 0x000001a90cee0000

Metaspace:

Usage:
  Non-class:      5.58 MB used.
      Class:    596.41 KB used.
       Both:      6.16 MB used.

Virtual space:
  Non-class space:       64.00 MB reserved,       5.69 MB (  9%) committed,  1 nodes.
      Class space:        1.00 GB reserved,     704.00 KB ( <1%) committed,  1 nodes.
             Both:        1.06 GB reserved,       6.38 MB ( <1%) committed. 

Chunk freelists:
   Non-Class:  2.35 MB
       Class:  3.23 MB
        Both:  5.58 MB

MaxMetaspaceSize: unlimited
CompressedClassSpaceSize: 1.00 GB
Initial GC threshold: 21.00 MB
Current GC threshold: 21.00 MB
CDS: on
MetaspaceReclaimPolicy: balanced
 - commit_granule_bytes: 65536.
 - commit_granule_words: 8192.
 - virtual_space_node_default_size: 8388608.
 - enlarge_chunks_in_place: 1.
 - new_chunks_are_fully_committed: 0.
 - uncommit_free_chunks: 1.
 - use_allocation_guard: 0.


Internal statistics:

num_allocs_failed_limit: 0.
num_arena_births: 100.
num_arena_deaths: 0.
num_vsnodes_births: 2.
num_vsnodes_deaths: 0.
num_space_committed: 102.
num_space_uncommitted: 0.
num_chunks_returned_to_freelist: 0.
num_chunks_taken_from_freelist: 136.
num_chunk_merges: 0.
num_chunk_splits: 80.
num_chunks_enlarged: 33.
num_inconsistent_stats: 0.

CodeHeap 'non-profiled nmethods': size=120000Kb used=734Kb max_used=734Kb free=119265Kb
 bounds [0x000001a91e3b0000, 0x000001a91e620000, 0x000001a9258e0000]
CodeHeap 'profiled nmethods': size=120000Kb used=2041Kb max_used=2041Kb free=117958Kb
 bounds [0x000001a916e80000, 0x000001a9170f0000, 0x000001a91e3b0000]
CodeHeap 'non-nmethods': size=5760Kb used=1253Kb max_used=1316Kb free=4506Kb
 bounds [0x000001a9168e0000, 0x000001a916b50000, 0x000001a916e80000]
 total_blobs=1765 nmethods=1205 adapters=473
 compilation: enabled
              stopped_count=0, restarted_count=0
 full_count=0

Compilation events (20 events):
Event: 4.723 Thread 0x000001a9314f1e40 1196       4       java.util.concurrent.locks.LockSupport::setBlocker (12 bytes)
Event: 4.724 Thread 0x000001a9314f1e40 nmethod 1196 0x000001a91e45fa10 code [0x000001a91e45fb80, 0x000001a91e45fcd8]
Event: 4.740 Thread 0x000001a9314f1e40 1197       4       java.awt.EventQueue::getNextEventPrivate (76 bytes)
Event: 4.746 Thread 0x000001a9314f1e40 nmethod 1197 0x000001a91e45fd90 code [0x000001a91e45ff20, 0x000001a91e4603f8]
Event: 4.783 Thread 0x000001a9314f1e40 1198       4       sun.java2d.pipe.BufferedContext::validate (575 bytes)
Event: 4.815 Thread 0x000001a9314f1e40 nmethod 1198 0x000001a91e460690 code [0x000001a91e460940, 0x000001a91e462c78]
Event: 4.836 Thread 0x000001a9314f1e40 1199  s    4       java.awt.Toolkit::getDefaultToolkit (53 bytes)
Event: 4.837 Thread 0x000001a9314f1e40 nmethod 1199 0x000001a91e463e10 code [0x000001a91e463fa0, 0x000001a91e464178]
Event: 4.837 Thread 0x000001a9314f1e40 1200       4       java.security.AccessController::checkContext (49 bytes)
Event: 4.837 Thread 0x000001a9314f1e40 nmethod 1200 0x000001a91e464210 code [0x000001a91e464380, 0x000001a91e4643d8]
Event: 4.839 Thread 0x000001a9314f1e40 1201       4       java.security.ProtectionDomain$JavaSecurityAccessImpl::doIntersectionPrivilege (22 bytes)
Event: 4.843 Thread 0x000001a9314f1e40 nmethod 1201 0x000001a91e464510 code [0x000001a91e4646e0, 0x000001a91e464ba0]
Event: 5.073 Thread 0x000001a9314f1e40 1202       4       sun.awt.AWTAutoShutdown::notifyToolkitThreadBusy (8 bytes)
Event: 5.075 Thread 0x000001a9314f1e40 nmethod 1202 0x000001a91e465090 code [0x000001a91e465220, 0x000001a91e465678]
Event: 5.075 Thread 0x000001a9314f1e40 1203       4       sun.awt.AWTAutoShutdown::notifyToolkitThreadFree (8 bytes)
Event: 5.076 Thread 0x000001a9314f1e40 nmethod 1203 0x000001a91e465910 code [0x000001a91e465aa0, 0x000001a91e465eb8]
Event: 5.182 Thread 0x000001a9314f1e40 1204   !   4       java.util.concurrent.locks.AbstractQueuedSynchronizer::acquire (407 bytes)
Event: 5.202 Thread 0x000001a9314f1e40 nmethod 1204 0x000001a91e466110 code [0x000001a91e4662c0, 0x000001a91e467408]
Event: 6.513 Thread 0x000001a9314f3970 1205       3       java.awt.Component::getGraphics (124 bytes)
Event: 6.514 Thread 0x000001a9314f3970 nmethod 1205 0x000001a91707d410 code [0x000001a91707d680, 0x000001a91707e288]

GC Heap History (4 events):
Event: 2.801 GC heap before
{Heap before GC invocations=0 (full 0):
 garbage-first heap   total 262144K, used 12288K [0x0000000701200000, 0x0000000800000000)
  region size 2048K, 6 young (12288K), 0 survivors (0K)
 Metaspace       used 6276K, committed 6528K, reserved 1114112K
  class space    used 595K, committed 704K, reserved 1048576K
}
Event: 2.804 GC heap after
{Heap after GC invocations=1 (full 0):
 garbage-first heap   total 262144K, used 2187K [0x0000000701200000, 0x0000000800000000)
  region size 2048K, 1 young (2048K), 1 survivors (2048K)
 Metaspace       used 6276K, committed 6528K, reserved 1114112K
  class space    used 595K, committed 704K, reserved 1048576K
}
Event: 5.913 GC heap before
{Heap before GC invocations=1 (full 0):
 garbage-first heap   total 262144K, used 14475K [0x0000000701200000, 0x0000000800000000)
  region size 2048K, 7 young (14336K), 1 survivors (2048K)
 Metaspace       used 6305K, committed 6528K, reserved 1114112K
  class space    used 596K, committed 704K, reserved 1048576K
}
Event: 5.915 GC heap after
{Heap after GC invocations=2 (full 0):
 garbage-first heap   total 262144K, used 2600K [0x0000000701200000, 0x0000000800000000)
  region size 2048K, 1 young (2048K), 1 survivors (2048K)
 Metaspace       used 6305K, committed 6528K, reserved 1114112K
  class space    used 596K, committed 704K, reserved 1048576K
}

Deoptimization events (20 events):
Event: 6.513 Thread 0x000001a93627a330 Uncommon trap: trap_request=0xffffff45 fr.pc=0x000001a91e41f250 relative=0x0000000000002c10
Event: 6.513 Thread 0x000001a93627a330 Uncommon trap: reason=unstable_if action=reinterpret pc=0x000001a91e41f250 method=sun.java2d.d3d.D3DScreenUpdateManager.createGraphics(Lsun/java2d/SurfaceData;Lsun/awt/windows/WComponentPeer;Ljava/awt/Color;Ljava/awt/Color;Ljava/awt/Font;)Ljava/awt/Graphi
Event: 6.513 Thread 0x000001a93627a330 DEOPT PACKING pc=0x000001a91e41f250 sp=0x000000456f11f000
Event: 6.513 Thread 0x000001a93627a330 DEOPT UNPACKING pc=0x000001a9169323a3 sp=0x000000456f11eef0 mode 2
Event: 6.513 Thread 0x000001a93627a330 Uncommon trap: trap_request=0xffffff45 fr.pc=0x000001a91e451494 relative=0x0000000000000fb4
Event: 6.513 Thread 0x000001a93627a330 Uncommon trap: reason=unstable_if action=reinterpret pc=0x000001a91e451494 method=sun.java2d.d3d.D3DScreenUpdateManager.runUpdateNow()V @ 8 c2
Event: 6.513 Thread 0x000001a93627a330 DEOPT PACKING pc=0x000001a91e451494 sp=0x000000456f11eea0
Event: 6.513 Thread 0x000001a93627a330 DEOPT UNPACKING pc=0x000001a9169323a3 sp=0x000000456f11ed38 mode 2
Event: 6.513 Thread 0x000001a93627a330 Uncommon trap: trap_request=0xffffff45 fr.pc=0x000001a91e45381c relative=0x00000000000003dc
Event: 6.513 Thread 0x000001a93627a330 Uncommon trap: reason=unstable_if action=reinterpret pc=0x000001a91e45381c method=sun.java2d.d3d.D3DScreenUpdateManager.runUpdateNow()V @ 8 c2
Event: 6.513 Thread 0x000001a93627a330 DEOPT PACKING pc=0x000001a91e45381c sp=0x000000456f11ed80
Event: 6.513 Thread 0x000001a93627a330 DEOPT UNPACKING pc=0x000001a9169323a3 sp=0x000000456f11ed28 mode 2
Event: 6.513 Thread 0x000001a93627a330 Uncommon trap: trap_request=0xffffff45 fr.pc=0x000001a91e4622f0 relative=0x00000000000019b0
Event: 6.513 Thread 0x000001a93627a330 Uncommon trap: reason=unstable_if action=reinterpret pc=0x000001a91e4622f0 method=sun.java2d.pipe.BufferedContext.validate(Lsun/java2d/pipe/hw/AccelSurface;Lsun/java2d/pipe/hw/AccelSurface;Lsun/java2d/pipe/Region;Ljava/awt/Composite;Ljava/awt/geom/AffineT
Event: 6.513 Thread 0x000001a93627a330 DEOPT PACKING pc=0x000001a91e4622f0 sp=0x000000456f11ec80
Event: 6.513 Thread 0x000001a93627a330 DEOPT UNPACKING pc=0x000001a9169323a3 sp=0x000000456f11ec28 mode 2
Event: 6.513 Thread 0x000001a93627a330 Uncommon trap: trap_request=0xffffff45 fr.pc=0x000001a91e44a7c0 relative=0x0000000000000120
Event: 6.513 Thread 0x000001a93627a330 Uncommon trap: reason=unstable_if action=reinterpret pc=0x000001a91e44a7c0 method=sun.awt.image.VolatileSurfaceManager.validate(Ljava/awt/GraphicsConfiguration;)I @ 90 c2
Event: 6.513 Thread 0x000001a93627a330 DEOPT PACKING pc=0x000001a91e44a7c0 sp=0x000000456f11f060
Event: 6.513 Thread 0x000001a93627a330 DEOPT UNPACKING pc=0x000001a9169323a3 sp=0x000000456f11ef90 mode 2

Classes loaded (20 events):
Event: 1.573 Loading class java/time/zone/ZoneRulesProvider
Event: 1.574 Loading class java/time/zone/ZoneRulesProvider done
Event: 1.574 Loading class java/time/zone/ZoneRulesProvider$1
Event: 1.574 Loading class java/time/zone/ZoneRulesProvider$1 done
Event: 1.574 Loading class java/time/zone/TzdbZoneRulesProvider
Event: 1.574 Loading class java/time/zone/TzdbZoneRulesProvider done
Event: 1.576 Loading class java/time/zone/Ser
Event: 1.576 Loading class java/io/Externalizable
Event: 1.576 Loading class java/io/Externalizable done
Event: 1.576 Loading class java/time/zone/Ser done
Event: 1.576 Loading class java/time/zone/ZoneOffsetTransition
Event: 1.576 Loading class java/time/zone/ZoneOffsetTransition done
Event: 1.577 Loading class sun/util/cldr/CLDRBaseLocaleDataMetaInfo$TZCanonicalIDMapHolder
Event: 1.578 Loading class sun/util/cldr/CLDRBaseLocaleDataMetaInfo$TZCanonicalIDMapHolder done
Event: 1.579 Loading class sun/util/resources/TimeZoneNames
Event: 1.579 Loading class sun/util/resources/TimeZoneNames done
Event: 1.579 Loading class sun/util/resources/TimeZoneNames_en
Event: 1.579 Loading class sun/util/resources/TimeZoneNames_en done
Event: 4.367 Loading class java/awt/image/BufferedImageOp
Event: 4.367 Loading class java/awt/image/BufferedImageOp done

Classes unloaded (0 events):
No events

Classes redefined (0 events):
No events

Internal exceptions (11 events):
Event: 0.113 Thread 0x000001a90efa0610 Exception <a 'java/lang/NoSuchMethodError'{0x00000007111b5670}: 'void java.lang.invoke.DirectMethodHandle$Holder.invokeStatic(java.lang.Object, java.lang.Object, java.lang.Object)'> (0x00000007111b5670) 
thrown [s\open\src\hotspot\share\interpreter\linkResolver.cpp, line 759]
Event: 0.121 Thread 0x000001a90efa0610 Exception <a 'java/lang/NoSuchMethodError'{0x00000007111ce388}: 'java.lang.Object java.lang.invoke.Invokers$Holder.invokeExact_MT(java.lang.Object, java.lang.Object, java.lang.Object, java.lang.Object, java.lang.Object)'> (0x00000007111ce388) 
thrown [s\open\src\hotspot\share\interpreter\linkResolver.cpp, line 759]
Event: 0.133 Thread 0x000001a93596d8b0 Exception <a 'java/lang/NoSuchMethodError'{0x00000007111f2d00}: 'void java.lang.invoke.DirectMethodHandle$Holder.invokeStatic(java.lang.Object, java.lang.Object)'> (0x00000007111f2d00) 
thrown [s\open\src\hotspot\share\interpreter\linkResolver.cpp, line 759]
Event: 0.140 Thread 0x000001a90efa0610 Exception <a 'java/lang/ClassNotFoundException'{0x0000000710e429c8}: sun/awt/resources/spi/awtProvider> (0x0000000710e429c8) 
thrown [s\open\src\hotspot\share\classfile\systemDictionary.cpp, line 255]
Event: 0.156 Thread 0x000001a90efa0610 Exception <a 'java/io/FileNotFoundException'{0x0000000710e93d38}> (0x0000000710e93d38) 
thrown [s\open\src\hotspot\share\prims\jni.cpp, line 516]
Event: 0.161 Thread 0x000001a90efa0610 Exception <a 'java/io/FileNotFoundException'{0x0000000710ec1090}> (0x0000000710ec1090) 
thrown [s\open\src\hotspot\share\prims\jni.cpp, line 516]
Event: 0.189 Thread 0x000001a90efa0610 Exception <a 'java/lang/NoSuchMethodError'{0x0000000710efc1d0}: 'java.lang.Object java.lang.invoke.DirectMethodHandle$Holder.invokeStaticInit(java.lang.Object)'> (0x0000000710efc1d0) 
thrown [s\open\src\hotspot\share\interpreter\linkResolver.cpp, line 759]
Event: 0.371 Thread 0x000001a935ae7350 Exception <a 'java/lang/NoSuchMethodError'{0x0000000710f45750}: 'void java.lang.invoke.DirectMethodHandle$Holder.invokeVirtual(java.lang.Object, java.lang.Object)'> (0x0000000710f45750) 
thrown [s\open\src\hotspot\share\interpreter\linkResolver.cpp, line 759]
Event: 0.383 Thread 0x000001a90efa0610 Exception <a 'java/lang/NoSuchMethodError'{0x0000000710fb36e8}: 'void java.lang.invoke.DirectMethodHandle$Holder.invokeStaticInit(java.lang.Object)'> (0x0000000710fb36e8) 
thrown [s\open\src\hotspot\share\interpreter\linkResolver.cpp, line 759]
Event: 1.581 Thread 0x000001a9314ef8e0 Exception <a 'java/lang/NoSuchMethodError'{0x0000000710bb02a8}: 'java.lang.Object java.lang.invoke.Invokers$Holder.invokeExact_MT(java.lang.Object, java.lang.Object, java.lang.Object, java.lang.Object, java.lang.Object, java.lang.Object)'> (0x0000000710bb02a8) 
thrown [s\open\src\hotspot\share\interpreter\linkResolver.cpp, line 759]
Event: 2.521 Thread 0x000001a93627c9b0 Implicit null exception at 0x000001a91e3f524c to 0x000001a91e3f5454

VM Operations (18 events):
Event: 0.079 Executing VM operation: HandshakeAllThreads
Event: 0.079 Executing VM operation: HandshakeAllThreads done
Event: 0.128 Executing VM operation: HandshakeAllThreads
Event: 0.128 Executing VM operation: HandshakeAllThreads done
Event: 0.376 Executing VM operation: HandshakeAllThreads
Event: 0.376 Executing VM operation: HandshakeAllThreads done
Event: 0.749 Executing VM operation: HandshakeAllThreads
Event: 0.749 Executing VM operation: HandshakeAllThreads done
Event: 1.749 Executing VM operation: Cleanup
Event: 1.749 Executing VM operation: Cleanup done
Event: 2.750 Executing VM operation: Cleanup
Event: 2.750 Executing VM operation: Cleanup done
Event: 2.801 Executing VM operation: G1CollectForAllocation
Event: 2.804 Executing VM operation: G1CollectForAllocation done
Event: 4.804 Executing VM operation: Cleanup
Event: 4.804 Executing VM operation: Cleanup done
Event: 5.913 Executing VM operation: G1CollectForAllocation
Event: 5.915 Executing VM operation: G1CollectForAllocation done

Events (20 events):
Event: 0.112 Loaded shared library C:\Users\stels\.jdks\openjdk-18.0.2.1\bin\zip.dll
Event: 0.124 Loaded shared library W:\IntelliJ IDEA Community Edition 2023.1.1\bin\breakgen64.dll
Event: 0.124 Thread 0x000001a93596d8b0 Thread added: 0x000001a93596d8b0
Event: 0.124 Thread 0x000001a93596dd70 Thread added: 0x000001a93596dd70
Event: 0.135 Loaded shared library C:\Users\stels\.jdks\openjdk-18.0.2.1\bin\jimage.dll
Event: 0.148 Loaded shared library C:\Users\stels\.jdks\openjdk-18.0.2.1\bin\awt.dll
Event: 0.190 Thread 0x000001a935ae0340 Thread added: 0x000001a935ae0340
Event: 0.191 Thread 0x000001a935ae3740 Thread added: 0x000001a935ae3740
Event: 0.192 Thread 0x000001a935ae7350 Thread added: 0x000001a935ae7350
Event: 0.372 Thread 0x000001a936279e60 Thread added: 0x000001a936279e60
Event: 0.387 Loaded shared library C:\Users\stels\.jdks\openjdk-18.0.2.1\bin\freetype.dll
Event: 0.388 Loaded shared library C:\Users\stels\.jdks\openjdk-18.0.2.1\bin\fontmanager.dll
Event: 0.416 Thread 0x000001a93627c9b0 Thread added: 0x000001a93627c9b0
Event: 0.428 Thread 0x000001a93627a330 Thread added: 0x000001a93627a330
Event: 0.441 Thread 0x000001a90efa0610 Thread exited: 0x000001a90efa0610
Event: 0.441 Thread 0x000001a93627d820 Thread added: 0x000001a93627d820
Event: 6.512 Thread 0x000001a93627c010 Thread added: 0x000001a93627c010
Event: 6.512 Thread 0x000001a93627bb40 Thread added: 0x000001a93627bb40
Event: 6.513 Thread 0x000001a93627bb40 Thread exited: 0x000001a93627bb40
Event: 6.513 Thread 0x000001a93627c9b0 Thread exited: 0x000001a93627c9b0


Dynamic libraries:
0x00007ff6d0a20000 - 0x00007ff6d0a2e000 	C:\Users\stels\.jdks\openjdk-18.0.2.1\bin\java.exe
0x00007ffc18350000 - 0x00007ffc18548000 	C:\WINDOWS\SYSTEM32\ntdll.dll
0x00007ffc16f60000 - 0x00007ffc1701f000 	C:\WINDOWS\System32\KERNEL32.DLL
0x00007ffc15bd0000 - 0x00007ffc15ec6000 	C:\WINDOWS\System32\KERNELBASE.dll
0x00007ffc15a30000 - 0x00007ffc15b30000 	C:\WINDOWS\System32\ucrtbase.dll
0x00007ffc12760000 - 0x00007ffc1277a000 	C:\Users\stels\.jdks\openjdk-18.0.2.1\bin\VCRUNTIME140.dll
0x00007ffc10800000 - 0x00007ffc10817000 	C:\Users\stels\.jdks\openjdk-18.0.2.1\bin\jli.dll
0x00007ffc17b10000 - 0x00007ffc17cad000 	C:\WINDOWS\System32\USER32.dll
0x00007ffc16090000 - 0x00007ffc160b2000 	C:\WINDOWS\System32\win32u.dll
0x00007ffc17f70000 - 0x00007ffc17f9c000 	C:\WINDOWS\System32\GDI32.dll
0x00007ffc16220000 - 0x00007ffc16335000 	C:\WINDOWS\System32\gdi32full.dll
0x00007ffbfc2f0000 - 0x00007ffbfc58a000 	C:\WINDOWS\WinSxS\amd64_microsoft.windows.common-controls_6595b64144ccf1df_6.0.19041.1110_none_60b5254171f9507e\COMCTL32.dll
0x00007ffc15b30000 - 0x00007ffc15bcd000 	C:\WINDOWS\System32\msvcp_win.dll
0x00007ffc18270000 - 0x00007ffc1830e000 	C:\WINDOWS\System32\msvcrt.dll
0x00007ffc16f30000 - 0x00007ffc16f60000 	C:\WINDOWS\System32\IMM32.DLL
0x00007ffc106e0000 - 0x00007ffc106ec000 	C:\Users\stels\.jdks\openjdk-18.0.2.1\bin\vcruntime140_1.dll
0x00007ffbed8a0000 - 0x00007ffbed92d000 	C:\Users\stels\.jdks\openjdk-18.0.2.1\bin\msvcp140.dll
0x00007ffbaa950000 - 0x00007ffbab561000 	C:\Users\stels\.jdks\openjdk-18.0.2.1\bin\server\jvm.dll
0x00007ffc180d0000 - 0x00007ffc1817f000 	C:\WINDOWS\System32\ADVAPI32.dll
0x00007ffc17cb0000 - 0x00007ffc17d4c000 	C:\WINDOWS\System32\sechost.dll
0x00007ffc17270000 - 0x00007ffc17396000 	C:\WINDOWS\System32\RPCRT4.dll
0x00007ffc17dd0000 - 0x00007ffc17dd8000 	C:\WINDOWS\System32\PSAPI.DLL
0x00007ffc07c50000 - 0x00007ffc07c77000 	C:\WINDOWS\SYSTEM32\WINMM.dll
0x00007ffc10f20000 - 0x00007ffc10f2a000 	C:\WINDOWS\SYSTEM32\VERSION.dll
0x00007ffbfa330000 - 0x00007ffbfa339000 	C:\WINDOWS\SYSTEM32\WSOCK32.dll
0x00007ffc17d60000 - 0x00007ffc17dcb000 	C:\WINDOWS\System32\WS2_32.dll
0x00007ffc138b0000 - 0x00007ffc138c2000 	C:\WINDOWS\SYSTEM32\kernel.appcore.dll
0x00007ffc106d0000 - 0x00007ffc106da000 	C:\Users\stels\.jdks\openjdk-18.0.2.1\bin\jimage.dll
0x00007ffc0eb60000 - 0x00007ffc0ed44000 	C:\WINDOWS\SYSTEM32\DBGHELP.DLL
0x00007ffc0e5f0000 - 0x00007ffc0e624000 	C:\WINDOWS\SYSTEM32\dbgcore.DLL
0x00007ffc15fd0000 - 0x00007ffc16052000 	C:\WINDOWS\System32\bcryptPrimitives.dll
0x00007ffbf9530000 - 0x00007ffbf953e000 	C:\Users\stels\.jdks\openjdk-18.0.2.1\bin\instrument.dll
0x00007ffbf9410000 - 0x00007ffbf9435000 	C:\Users\stels\.jdks\openjdk-18.0.2.1\bin\java.dll
0x00007ffbea2e0000 - 0x00007ffbea3b6000 	C:\Users\stels\.jdks\openjdk-18.0.2.1\bin\jsvml.dll
0x00007ffc16470000 - 0x00007ffc16bb4000 	C:\WINDOWS\System32\SHELL32.dll
0x00007ffc13ab0000 - 0x00007ffc14243000 	C:\WINDOWS\SYSTEM32\windows.storage.dll
0x00007ffc16bc0000 - 0x00007ffc16f14000 	C:\WINDOWS\System32\combase.dll
0x00007ffc153b0000 - 0x00007ffc153de000 	C:\WINDOWS\SYSTEM32\Wldp.dll
0x00007ffc17020000 - 0x00007ffc170cd000 	C:\WINDOWS\System32\SHCORE.dll
0x00007ffc17ab0000 - 0x00007ffc17b05000 	C:\WINDOWS\System32\shlwapi.dll
0x00007ffc15970000 - 0x00007ffc1598f000 	C:\WINDOWS\SYSTEM32\profapi.dll
0x00007ffbf94e0000 - 0x00007ffbf94f8000 	C:\Users\stels\.jdks\openjdk-18.0.2.1\bin\zip.dll
0x00007ffbf2ba0000 - 0x00007ffbf2bb3000 	C:\Users\stels\.jdks\openjdk-18.0.2.1\bin\net.dll
0x00007ffc0e4e0000 - 0x00007ffc0e5ea000 	C:\WINDOWS\SYSTEM32\WINHTTP.dll
0x00007ffc15120000 - 0x00007ffc1518a000 	C:\WINDOWS\system32\mswsock.dll
0x00007ffbf2a80000 - 0x00007ffbf2a96000 	C:\Users\stels\.jdks\openjdk-18.0.2.1\bin\nio.dll
0x00007ffbed880000 - 0x00007ffbed89a000 	W:\IntelliJ IDEA Community Edition 2023.1.1\bin\breakgen64.dll
0x00007ffbe0d60000 - 0x00007ffbe0eee000 	C:\Users\stels\.jdks\openjdk-18.0.2.1\bin\awt.dll
0x00007ffc173a0000 - 0x00007ffc1746d000 	C:\WINDOWS\System32\OLEAUT32.dll
0x00007ffc13300000 - 0x00007ffc13391000 	C:\WINDOWS\SYSTEM32\apphelp.dll
0x00007ffc136d0000 - 0x00007ffc136ff000 	C:\WINDOWS\system32\DWMAPI.DLL
0x00007ffc134e0000 - 0x00007ffc1357e000 	C:\WINDOWS\system32\uxtheme.dll
0x00007ffbd4a20000 - 0x00007ffbd4b45000 	C:\WINDOWS\system32\opengl32.dll
0x00007ffbd51d0000 - 0x00007ffbd51fc000 	C:\WINDOWS\SYSTEM32\GLU32.dll
0x00007ffc17150000 - 0x00007ffc17264000 	C:\WINDOWS\System32\MSCTF.dll
0x00007ffc17fa0000 - 0x00007ffc180ca000 	C:\WINDOWS\System32\ole32.dll
0x00007ffbe73f0000 - 0x00007ffbe75bd000 	C:\WINDOWS\system32\d3d9.dll
0x00007ffbf1820000 - 0x00007ffbf1937000 	C:\WINDOWS\System32\DriverStore\FileRepository\nv_dispig.inf_amd64_ee20464bb4ac57f4\nvldumdx.dll
0x00007ffc15740000 - 0x00007ffc15752000 	C:\WINDOWS\SYSTEM32\msasn1.dll
0x00007ffc10d00000 - 0x00007ffc10d31000 	C:\WINDOWS\SYSTEM32\cryptnet.dll
0x00007ffc160c0000 - 0x00007ffc1621e000 	C:\WINDOWS\System32\CRYPT32.dll
0x00007ffc10a70000 - 0x00007ffc10bb8000 	C:\WINDOWS\SYSTEM32\drvstore.dll
0x00007ffc157e0000 - 0x00007ffc1580c000 	C:\WINDOWS\SYSTEM32\devobj.dll
0x00007ffc15f80000 - 0x00007ffc15fce000 	C:\WINDOWS\System32\cfgmgr32.dll
0x00007ffc152b0000 - 0x00007ffc152bc000 	C:\WINDOWS\SYSTEM32\cryptbase.dll
0x00007ffc16340000 - 0x00007ffc163a7000 	C:\WINDOWS\System32\WINTRUST.DLL
0x00007ffc17470000 - 0x00007ffc1748d000 	C:\WINDOWS\System32\imagehlp.dll
0x00007ffc15550000 - 0x00007ffc15568000 	C:\WINDOWS\SYSTEM32\CRYPTSP.dll
0x00007ffc149f0000 - 0x00007ffc14a24000 	C:\WINDOWS\system32\rsaenh.dll
0x00007ffc16060000 - 0x00007ffc16087000 	C:\WINDOWS\System32\bcrypt.dll
0x00007ffbc9610000 - 0x00007ffbcae1a000 	C:\WINDOWS\System32\DriverStore\FileRepository\nv_dispig.inf_amd64_ee20464bb4ac57f4\nvd3dumx.dll
0x00007ffbecfb0000 - 0x00007ffbed273000 	C:\WINDOWS\system32\nvspcap64.dll
0x00007ffc14b30000 - 0x00007ffc14b63000 	C:\WINDOWS\SYSTEM32\ntmarta.dll
0x00007ffc14260000 - 0x00007ffc14283000 	C:\WINDOWS\SYSTEM32\gpapi.dll
0x00007ffc0e2e0000 - 0x00007ffc0e31b000 	C:\WINDOWS\SYSTEM32\dxcore.dll
0x00007ffbea250000 - 0x00007ffbea2d6000 	C:\Users\stels\.jdks\openjdk-18.0.2.1\bin\freetype.dll
0x00007ffbe6970000 - 0x00007ffbe6a18000 	C:\Users\stels\.jdks\openjdk-18.0.2.1\bin\fontmanager.dll
0x00007ffbfa7f0000 - 0x00007ffbfa8ea000 	C:\WINDOWS\SYSTEM32\textinputframework.dll
0x00007ffc12cf0000 - 0x00007ffc1304e000 	C:\WINDOWS\System32\CoreUIComponents.dll
0x00007ffc13180000 - 0x00007ffc13272000 	C:\WINDOWS\System32\CoreMessaging.dll
0x00007ffc12b00000 - 0x00007ffc12c54000 	C:\WINDOWS\SYSTEM32\wintypes.dll

dbghelp: loaded successfully - version: 4.0.5 - missing functions: none
symbol engine: initialized successfully - sym options: 0x614 - pdb path: .;C:\Users\stels\.jdks\openjdk-18.0.2.1\bin;C:\WINDOWS\SYSTEM32;C:\WINDOWS\WinSxS\amd64_microsoft.windows.common-controls_6595b64144ccf1df_6.0.19041.1110_none_60b5254171f9507e;C:\Users\stels\.jdks\openjdk-18.0.2.1\bin\server;W:\IntelliJ IDEA Community Edition 2023.1.1\bin;C:\WINDOWS\System32\DriverStore\FileRepository\nv_dispig.inf_amd64_ee20464bb4ac57f4

VM Arguments:
jvm_args: -javaagent:W:\IntelliJ IDEA Community Edition 2023.1.1\lib\idea_rt.jar=49500:W:\IntelliJ IDEA Community Edition 2023.1.1\bin -Dfile.encoding=UTF-8 -Dsun.stdout.encoding=UTF-8 -Dsun.stderr.encoding=UTF-8 
java_command: org.pixelgame.Game
java_class_path (initial): C:\Users\stels\IdeaProjects\Terarion\out\production\Terarion
Launcher Type: SUN_STANDARD

[Global flags]
     intx CICompilerCount                          = 3                                         {product} {ergonomic}
     uint ConcGCThreads                            = 1                                         {product} {ergonomic}
     uint G1ConcRefinementThreads                  = 4                                         {product} {ergonomic}
   size_t G1HeapRegionSize                         = 2097152                                   {product} {ergonomic}
    uintx GCDrainStackTargetSize                   = 64                                        {product} {ergonomic}
   size_t InitialHeapSize                          = 268435456                                 {product} {ergonomic}
   size_t MarkStackSize                            = 4194304                                   {product} {ergonomic}
   size_t MaxHeapSize                              = 4276092928                                {product} {ergonomic}
   size_t MaxNewSize                               = 2564816896                                {product} {ergonomic}
   size_t MinHeapDeltaBytes                        = 2097152                                   {product} {ergonomic}
   size_t MinHeapSize                              = 8388608                                   {product} {ergonomic}
    uintx NonNMethodCodeHeapSize                   = 5832780                                {pd product} {ergonomic}
    uintx NonProfiledCodeHeapSize                  = 122912730                              {pd product} {ergonomic}
    uintx ProfiledCodeHeapSize                     = 122912730                              {pd product} {ergonomic}
    uintx ReservedCodeCacheSize                    = 251658240                              {pd product} {ergonomic}
     bool SegmentedCodeCache                       = true                                      {product} {ergonomic}
   size_t SoftMaxHeapSize                          = 4276092928                             {manageable} {ergonomic}
     bool UseCompressedClassPointers               = true                           {product lp64_product} {ergonomic}
     bool UseCompressedOops                        = true                           {product lp64_product} {ergonomic}
     bool UseG1GC                                  = true                                      {product} {ergonomic}
     bool UseLargePagesIndividualAllocation        = false                                  {pd product} {ergonomic}

Logging:
Log output configuration:
 #0: stdout all=warning uptime,level,tags foldmultilines=false
 #1: stderr all=off uptime,level,tags foldmultilines=false

Environment Variables:
JAVA_HOME=W:\UnityFolders\2019.3.0f6\Editor\Data\PlaybackEngines\AndroidPlayer\OpenJDK
PATH=C:\Program Files\Microsoft\jdk-11.0.16.101-hotspot\bin;C:\Program Files\Eclipse Foundation\jdk-8.0.302.8-hotspot\bin;C:\Python27\;C:\Python27\Scripts;C:\Inprise\vbroker\bin;C:\Program Files (x86)\Common Files\Oracle\Java\javapath;C:\ProgramData\Oracle\Java\javapath;C:\WINDOWS\system32;C:\WINDOWS;C:\WINDOWS\System32\Wbem;C:\WINDOWS\System32\WindowsPowerShell\v1.0\;C:\Program Files\dotnet\;C:\WINDOWS\System32\OpenSSH\;C:\Program Files (x86)\NVIDIA Corporation\PhysX\Common;C:\Program Files\Microsoft SQL Server\130\Tools\Binn\;C:\Program Files (x86)\QuickTime\QTSystem\;C:\Program Files\NVIDIA Corporation\NVIDIA NvDLISR;W:\nodejs\;C:\ProgramData\chocolatey\bin;C:\Program Files\Microsoft SQL Server\Client SDK\ODBC\170\Tools\Binn\;D:\FlutterSDK\flutter\bin;D:\AndroidSDK\sdk-tools-windows\platform-tools;C:\WINDOWS\system32;C:\WINDOWS;C:\WINDOWS\System32\Wbem;C:\WINDOWS\System32\WindowsPowerShell\v1.0\;C:\WINDOWS\System32\OpenSSH\;C:\Program Files\OpenSSH-Win64;C:\Program Files\Microsoft\Web Platform Installer\;C:\Program Files\Git\cmd;C:\Program Files\Go\bin;C:\Users\stels\source\repos\Informatical\FPC\bin\i386-Win32;C:\MinGW\bin;C:\Program Files\Microsoft SQL Server\150\Tools\Binn\;C:\Program Files\CMake\bin;C:\Program Files (x86)\Microsoft SQL Server\160\DTS\Binn\;C:\Program Files\Azure Data Studio\bin;C:\Program Files (x86)\Microsoft SQL Server\150\DTS\Binn\;C:\Program Files (x86)\Microsoft SQL Server\150\Tools\Binn\;C:\Program Files\Microsoft SQL Server\150\DTS\Binn\;C:\Users\stels\AppData\Local\Programs\Python\Python39\Scripts\;C:\Users\stels\AppData\Local\Programs\Python\Python39\;C:\Users\stels\AppData\Local\GitHubDesktop\bin;W:\IntelliJ IDEA Community Edition 2018.3.4\bin;C:\Users\stels\AppData\Local\Microsoft\WindowsApps;C:\Users\stels\AppData\Roaming\npm;W:\Microsoft VS Code\bin;C:\Users\stels\.dotnet\tools;C:\Users\stels\AppData\Local\Microsoft\WindowsApps;C:\Users\stels\go\bin;%DevEco Studio%;C:\MinGW\bin;C:\Users\stels\.dotnet\tools;C:\Program Files\Azure Data Studio\bin;W:\IntelliJ IDEA Community Edition 2023.1.1\bin;
USERNAME=stels
OS=Windows_NT
PROCESSOR_IDENTIFIER=Intel64 Family 6 Model 158 Stepping 9, GenuineIntel



---------------  S Y S T E M  ---------------

OS:
 Windows 10 , 64 bit Build 19041 (10.0.19041.2913)
OS uptime: 1 days 3:26 hours
Hyper-V role detected

CPU: total 4 (initial active 4) (4 cores per cpu, 1 threads per core) family 6 model 158 stepping 9 microcode 0xb4, cx8, cmov, fxsr, mmx, 3dnowpref, sse, sse2, sse3, ssse3, sse4.1, sse4.2, popcnt, lzcnt, tsc, tscinvbit, avx, avx2, aes, erms, clmul, bmi1, bmi2, rtm, adx, fma, vzeroupper, clflush, clflushopt, hv

Memory: 4k page, system-wide physical 16307M (5034M free)
TotalPageFile size 26035M (AvailPageFile size 8329M)
current process WorkingSet (physical memory assigned to process): 87M, peak: 98M
current process commit charge ("private bytes"): 433M, peak: 448M

vm_info: OpenJDK 64-Bit Server VM (18.0.2.1+1-1) for windows-amd64 JRE (18.0.2.1+1-1), built on Aug 16 2022 01:44:29 by "mach5one" with MS VC++ 16.8 / 16.9 (VS2019)

END.
